---------------------------------------------------------------
[ 2019-06-16T23:19:34+08:00 ] 127.0.0.1 GET no1_qiye1.top/category/5.html
[运行时间：0.207200s] [吞吐率：4.83req/s] [内存消耗：2,615.48kb] [文件加载：68]
[ info ] [ CACHE ] INIT File
[ info ] [ BEHAVIOR ] Run Closure @app_init [ RunTime:0.008887s ]
[ info ] [ ROUTE ] array (
  'type' => 'module',
  'module' => 
  array (
    0 => 'index',
    1 => 'index',
    2 => 'category',
  ),
  'convert' => false,
)
[ info ] [ HEADER ] array (
  'cache-control' => 'max-age=0',
  'upgrade-insecure-requests' => '1',
  'cookie' => 'think_var=zh-hk',
  'connection' => 'close',
  'accept-encoding' => 'gzip, deflate',
  'accept-language' => 'zh-CN,zh;q=0.8,zh-TW;q=0.7,zh-HK;q=0.5,en-US;q=0.3,en;q=0.2',
  'accept' => 'text/html,application/xhtml+xml,application/xml;q=0.9,*/*;q=0.8',
  'user-agent' => 'Mozilla/5.0 (Windows NT 10.0; WOW64; rv:67.0) Gecko/20100101 Firefox/67.0',
  'host' => 'no1_qiye1.top',
)
[ info ] [ PARAM ] array (
  '/category/5_html' => '',
  'id' => '5',
)
[ info ] [ LANG ] F:\WWW\qiye1/./application/index\lang\zh-hk.php
[ info ] [ DB ] INIT mysql
[ info ] [ LANG ] F:\WWW\qiye1/./application/index\lang\zh-hk.php
[ info ] [ BEHAVIOR ] Run Closure @action_begin [ RunTime:0.000593s ]
[ info ] [ RUN ] app\index\controller\Index->category[ F:\WWW\qiye1\application\index\controller\Index.php ]
[ info ] [ VIEW ] F:\WWW\qiye1/./application/index\view\index\category.html [ array (
  0 => 'cate_list',
  1 => 'sys_cate_list',
  2 => 'config',
  3 => 'category_art',
  4 => 'top_new',
  5 => 'info',
  6 => 'pinfo',
  7 => 'current',
  8 => 'top_cates',
  9 => 'son_cates',
  10 => 'articles',
) ]
[ info ] [ LOG ] INIT File
[ sql ] [ DB ] CONNECT:[ UseTime:0.005595s ] mysql:host=127.0.0.1;dbname=qiye1;charset=utf8
[ sql ] [ SQL ] SHOW COLUMNS FROM `tp_cate` [ RunTime:0.013510s ]
[ sql ] [ SQL ] SELECT * FROM `tp_cate` WHERE  `pid` = 0  AND `status` = 1 [ RunTime:0.003041s ]
[ sql ] [ SQL ] SELECT * FROM `tp_cate` WHERE  `pid` = 75  AND `status` = 1 [ RunTime:0.000877s ]
[ sql ] [ SQL ] SHOW COLUMNS FROM `tp_system` [ RunTime:0.011165s ]
[ sql ] [ SQL ] SELECT * FROM `tp_system` [ RunTime:0.001129s ]
[ sql ] [ SQL ] SHOW COLUMNS FROM `tp_visit_log` [ RunTime:0.010630s ]
[ sql ] [ SQL ] SELECT * FROM `tp_visit_log` WHERE  `ip` = '127.0.0.1'  AND `type` = 'pc'  AND `client` = 'Firefox'  AND `time` > 1560697474 LIMIT 1 [ RunTime:0.001781s ]
[ sql ] [ SQL ] INSERT INTO `tp_visit_log` (`ip` , `time` , `client` , `type`) VALUES ('127.0.0.1' , 1560698374 , 'Firefox' , 'pc') [ RunTime:0.001662s ]
[ sql ] [ SQL ] SHOW COLUMNS FROM `tp_visit_count` [ RunTime:0.014445s ]
[ sql ] [ SQL ] SELECT * FROM `tp_visit_count` WHERE  `time` >= 1560614400 LIMIT 1 [ RunTime:0.000918s ]
[ sql ] [ SQL ] INSERT INTO `tp_visit_count` (`time`) VALUES (1560698374) [ RunTime:0.000440s ]
[ sql ] [ SQL ] UPDATE `tp_visit_count`  SET `count`=1,`pc`=1,`mobile`=0  WHERE  `time` >= 1560614400 [ RunTime:0.001915s ]
[ sql ] [ SQL ] SELECT * FROM `tp_system` [ RunTime:0.000495s ]
[ sql ] [ SQL ] SELECT * FROM `tp_visit_log` WHERE  `ip` = '127.0.0.1'  AND `type` = 'pc'  AND `client` = 'Firefox'  AND `time` > 1560697474 LIMIT 1 [ RunTime:0.001207s ]
[ sql ] [ SQL ] SELECT `thumb`,`sort_name`,`id`,`cate_name` FROM `tp_cate` WHERE  `pid` = 0 [ RunTime:0.000537s ]
[ sql ] [ SQL ] SELECT `id`,`cate_name` FROM `tp_cate` WHERE  `pid` = 1 [ RunTime:0.000436s ]
[ sql ] [ SQL ] SHOW COLUMNS FROM `tp_article` [ RunTime:0.010658s ]
[ sql ] [ SQL ] SELECT `id`,`sort_title` FROM `tp_article` WHERE  `cate_id` = 5 [ RunTime:0.001368s ]
[ sql ] [ SQL ] SELECT `id`,`sort_title` FROM `tp_article` WHERE  `cate_id` = 7 [ RunTime:0.000600s ]
[ sql ] [ SQL ] SELECT `id`,`sort_title` FROM `tp_article` WHERE  `cate_id` = 8 [ RunTime:0.000456s ]
[ sql ] [ SQL ] SELECT `id`,`sort_title` FROM `tp_article` WHERE  `cate_id` = 9 [ RunTime:0.000443s ]
[ sql ] [ SQL ] SELECT `id`,`cate_name` FROM `tp_cate` WHERE  `pid` = 2 [ RunTime:0.000491s ]
[ sql ] [ SQL ] SELECT `id`,`sort_title` FROM `tp_article` WHERE  `cate_id` = 10 [ RunTime:0.000439s ]
[ sql ] [ SQL ] SELECT `id`,`sort_title` FROM `tp_article` WHERE  `cate_id` = 11 [ RunTime:0.000439s ]
[ sql ] [ SQL ] SELECT `id`,`sort_title` FROM `tp_article` WHERE  `cate_id` = 12 [ RunTime:0.000450s ]
[ sql ] [ SQL ] SELECT `id`,`cate_name` FROM `tp_cate` WHERE  `pid` = 3 [ RunTime:0.000446s ]
[ sql ] [ SQL ] SELECT `id`,`sort_title` FROM `tp_article` WHERE  `cate_id` = 13 [ RunTime:0.000436s ]
[ sql ] [ SQL ] SELECT `id`,`sort_title` FROM `tp_article` WHERE  `cate_id` = 14 [ RunTime:0.000437s ]
[ sql ] [ SQL ] SELECT `id`,`cate_name` FROM `tp_cate` WHERE  `pid` = 4 [ RunTime:0.000599s ]
[ sql ] [ SQL ] SELECT `id`,`sort_title` FROM `tp_article` WHERE  `cate_id` = 15 [ RunTime:0.000793s ]
[ sql ] [ SQL ] SELECT `id`,`sort_title` FROM `tp_article` WHERE  `cate_id` = 16 [ RunTime:0.000532s ]
[ sql ] [ SQL ] SELECT `id`,`sort_title` FROM `tp_article` WHERE  `cate_id` = 17 [ RunTime:0.000431s ]
[ sql ] [ SQL ] SELECT `id`,`sort_title` FROM `tp_article` WHERE  `cate_id` = 18 [ RunTime:0.000429s ]
[ sql ] [ SQL ] SELECT `id`,`sort_title` FROM `tp_article` WHERE  `cate_id` = 19 [ RunTime:0.000454s ]
[ sql ] [ SQL ] SELECT * FROM `tp_article` WHERE  `cate_id` = 8  AND `status` = 1 LIMIT 5 [ RunTime:0.000543s ]
[ sql ] [ SQL ] SELECT * FROM `tp_cate` WHERE  `id` = 5  AND `status` = 1 LIMIT 1 [ RunTime:0.000698s ]
[ sql ] [ SQL ] SELECT * FROM `tp_cate` WHERE  `id` = 1  AND `status` = 1 LIMIT 1 [ RunTime:0.000614s ]
[ sql ] [ SQL ] SELECT * FROM `tp_cate` WHERE  `id` = 5  AND `status` = 1 LIMIT 1 [ RunTime:0.000643s ]
[ sql ] [ SQL ] SELECT `id`,`cate_name` FROM `tp_cate` WHERE  `pid` = 0 [ RunTime:0.000496s ]
[ sql ] [ SQL ] SELECT `id`,`cate_name` FROM `tp_cate` WHERE  `pid` = 1 [ RunTime:0.000400s ]
[ sql ] [ SQL ] SELECT COUNT(*) AS tp_count FROM `tp_article` WHERE  `cate_id` IN (5) LIMIT 1 [ RunTime:0.000732s ]
[ sql ] [ SQL ] SELECT `thumb`,`sort_title`,`id` FROM `tp_article` WHERE  `cate_id` IN (5) LIMIT 0,9 [ RunTime:0.000360s ]
---------------------------------------------------------------
[ 2019-06-16T23:19:34+08:00 ] 127.0.0.1 GET no1_qiye1.top/category//public/static/index/js/jquery-1.10.2.js
[运行时间：0.122820s] [吞吐率：8.14req/s] [内存消耗：2,433.72kb] [文件加载：66]
[ info ] [ CACHE ] INIT File
[ info ] [ BEHAVIOR ] Run Closure @app_init [ RunTime:0.005165s ]
[ info ] [ ROUTE ] array (
  'type' => 'module',
  'module' => 
  array (
    0 => 'index',
    1 => 'index',
    2 => 'category',
  ),
  'convert' => false,
)
[ info ] [ HEADER ] array (
  'cache-control' => 'max-age=0',
  'cookie' => 'think_var=zh-hk',
  'connection' => 'close',
  'referer' => 'http://no1_qiye1.top/category/5.html',
  'accept-encoding' => 'gzip, deflate',
  'accept-language' => 'zh-CN,zh;q=0.8,zh-TW;q=0.7,zh-HK;q=0.5,en-US;q=0.3,en;q=0.2',
  'accept' => '*/*',
  'user-agent' => 'Mozilla/5.0 (Windows NT 10.0; WOW64; rv:67.0) Gecko/20100101 Firefox/67.0',
  'host' => 'no1_qiye1.top',
)
[ info ] [ PARAM ] array (
  '/category/public/static/index/js/jquery-1_10_2_js' => '',
  'id' => '',
  'public' => 'static',
  'index' => 'js',
)
[ info ] [ LANG ] F:\WWW\qiye1/./application/index\lang\zh-hk.php
[ info ] [ DB ] INIT mysql
[ info ] [ LANG ] F:\WWW\qiye1/./application/index\lang\zh-hk.php
[ info ] [ BEHAVIOR ] Run Closure @action_begin [ RunTime:0.000582s ]
[ info ] [ RUN ] app\index\controller\Index->category[ F:\WWW\qiye1\application\index\controller\Index.php ]
[ info ] [ VIEW ] F:\WWW\qiye1/./application/index\view\index\category.html [ array (
  0 => 'cate_list',
  1 => 'sys_cate_list',
  2 => 'config',
  3 => 'category_art',
  4 => 'top_new',
  5 => 'info',
  6 => 'pinfo',
  7 => 'current',
  8 => 'top_cates',
  9 => 'son_cates',
  10 => 'articles',
) ]
[ info ] [ LOG ] INIT File
[ sql ] [ DB ] CONNECT:[ UseTime:0.000749s ] mysql:host=127.0.0.1;dbname=qiye1;charset=utf8
[ sql ] [ SQL ] SHOW COLUMNS FROM `tp_cate` [ RunTime:0.009000s ]
[ sql ] [ SQL ] SELECT * FROM `tp_cate` WHERE  `pid` = 0  AND `status` = 1 [ RunTime:0.000529s ]
[ sql ] [ SQL ] SELECT * FROM `tp_cate` WHERE  `pid` = 75  AND `status` = 1 [ RunTime:0.000373s ]
[ sql ] [ SQL ] SHOW COLUMNS FROM `tp_system` [ RunTime:0.008053s ]
[ sql ] [ SQL ] SELECT * FROM `tp_system` [ RunTime:0.000588s ]
[ sql ] [ SQL ] SHOW COLUMNS FROM `tp_visit_log` [ RunTime:0.007434s ]
[ sql ] [ SQL ] SELECT * FROM `tp_visit_log` WHERE  `ip` = '127.0.0.1'  AND `type` = 'pc'  AND `client` = 'Firefox'  AND `time` > 1560697474 LIMIT 1 [ RunTime:0.000594s ]
[ sql ] [ SQL ] SELECT * FROM `tp_system` [ RunTime:0.000279s ]
[ sql ] [ SQL ] SELECT * FROM `tp_visit_log` WHERE  `ip` = '127.0.0.1'  AND `type` = 'pc'  AND `client` = 'Firefox'  AND `time` > 1560697474 LIMIT 1 [ RunTime:0.000651s ]
[ sql ] [ SQL ] SELECT `thumb`,`sort_name`,`id`,`cate_name` FROM `tp_cate` WHERE  `pid` = 0 [ RunTime:0.000300s ]
[ sql ] [ SQL ] SELECT `id`,`cate_name` FROM `tp_cate` WHERE  `pid` = 1 [ RunTime:0.000213s ]
[ sql ] [ SQL ] SHOW COLUMNS FROM `tp_article` [ RunTime:0.008288s ]
[ sql ] [ SQL ] SELECT `id`,`sort_title` FROM `tp_article` WHERE  `cate_id` = 5 [ RunTime:0.000325s ]
[ sql ] [ SQL ] SELECT `id`,`sort_title` FROM `tp_article` WHERE  `cate_id` = 7 [ RunTime:0.000318s ]
[ sql ] [ SQL ] SELECT `id`,`sort_title` FROM `tp_article` WHERE  `cate_id` = 8 [ RunTime:0.000208s ]
[ sql ] [ SQL ] SELECT `id`,`sort_title` FROM `tp_article` WHERE  `cate_id` = 9 [ RunTime:0.000247s ]
[ sql ] [ SQL ] SELECT `id`,`cate_name` FROM `tp_cate` WHERE  `pid` = 2 [ RunTime:0.000215s ]
[ sql ] [ SQL ] SELECT `id`,`sort_title` FROM `tp_article` WHERE  `cate_id` = 10 [ RunTime:0.000210s ]
[ sql ] [ SQL ] SELECT `id`,`sort_title` FROM `tp_article` WHERE  `cate_id` = 11 [ RunTime:0.000179s ]
[ sql ] [ SQL ] SELECT `id`,`sort_title` FROM `tp_article` WHERE  `cate_id` = 12 [ RunTime:0.000205s ]
[ sql ] [ SQL ] SELECT `id`,`cate_name` FROM `tp_cate` WHERE  `pid` = 3 [ RunTime:0.000200s ]
[ sql ] [ SQL ] SELECT `id`,`sort_title` FROM `tp_article` WHERE  `cate_id` = 13 [ RunTime:0.000234s ]
[ sql ] [ SQL ] SELECT `id`,`sort_title` FROM `tp_article` WHERE  `cate_id` = 14 [ RunTime:0.000189s ]
[ sql ] [ SQL ] SELECT `id`,`cate_name` FROM `tp_cate` WHERE  `pid` = 4 [ RunTime:0.000167s ]
[ sql ] [ SQL ] SELECT `id`,`sort_title` FROM `tp_article` WHERE  `cate_id` = 15 [ RunTime:0.000258s ]
[ sql ] [ SQL ] SELECT `id`,`sort_title` FROM `tp_article` WHERE  `cate_id` = 16 [ RunTime:0.000382s ]
[ sql ] [ SQL ] SELECT `id`,`sort_title` FROM `tp_article` WHERE  `cate_id` = 17 [ RunTime:0.000347s ]
[ sql ] [ SQL ] SELECT `id`,`sort_title` FROM `tp_article` WHERE  `cate_id` = 18 [ RunTime:0.000212s ]
[ sql ] [ SQL ] SELECT `id`,`sort_title` FROM `tp_article` WHERE  `cate_id` = 19 [ RunTime:0.000223s ]
[ sql ] [ SQL ] SELECT * FROM `tp_article` WHERE  `cate_id` = 8  AND `status` = 1 LIMIT 5 [ RunTime:0.000294s ]
[ sql ] [ SQL ] SELECT * FROM `tp_cate` WHERE  `id` = 0  AND `status` = 1 LIMIT 1 [ RunTime:0.000461s ]
[ sql ] [ SQL ] SELECT * FROM `tp_cate` WHERE  `id` = 0  AND `status` = 1 LIMIT 1 [ RunTime:0.000407s ]
[ sql ] [ SQL ] SELECT * FROM `tp_cate` WHERE  `id` = 0  AND `status` = 1 LIMIT 1 [ RunTime:0.000306s ]
[ sql ] [ SQL ] SELECT `id`,`cate_name` FROM `tp_cate` WHERE  `pid` = 0 [ RunTime:0.000244s ]
[ sql ] [ SQL ] SELECT `id`,`cate_name` FROM `tp_cate` WHERE  `pid` IS NULL [ RunTime:0.000242s ]
[ sql ] [ SQL ] SELECT `id` FROM `tp_cate` WHERE  `pid` IS NULL [ RunTime:0.000153s ]
[ sql ] [ SQL ] SELECT COUNT(*) AS tp_count FROM `tp_article` WHERE  `cate_id` IN ('') LIMIT 1 [ RunTime:0.000388s ]
[ sql ] [ SQL ] SELECT `thumb`,`sort_title`,`id` FROM `tp_article` WHERE  `cate_id` IN ('') LIMIT 0,9 [ RunTime:0.000681s ]
---------------------------------------------------------------
[ 2019-06-16T23:19:34+08:00 ] 127.0.0.1 GET no1_qiye1.top/assets/static/fonts/Akrobat-ExtraBold.196f8f857a7e2bbfe707eab292896d4f.otf
[运行时间：0.031212s] [吞吐率：32.04req/s] [内存消耗：1,297.84kb] [文件加载：44]
[ info ] [ CACHE ] INIT File
[ info ] [ BEHAVIOR ] Run Closure @app_init [ RunTime:0.003377s ]
[ info ] [ ROUTE ] array (
  'type' => 'module',
  'module' => 
  array (
    0 => 'assets',
    1 => 'static',
    2 => 'fonts',
  ),
)
[ info ] [ HEADER ] array (
  'cache-control' => 'max-age=0',
  'cookie' => 'think_var=zh-hk',
  'connection' => 'close',
  'referer' => 'http://no1_qiye1.top/public/static/index/css/app.css',
  'accept-encoding' => 'gzip, deflate',
  'accept-language' => 'zh-CN,zh;q=0.8,zh-TW;q=0.7,zh-HK;q=0.5,en-US;q=0.3,en;q=0.2',
  'accept' => 'application/font-woff2;q=1.0,application/font-woff;q=0.9,*/*;q=0.8',
  'user-agent' => 'Mozilla/5.0 (Windows NT 10.0; WOW64; rv:67.0) Gecko/20100101 Firefox/67.0',
  'host' => 'no1_qiye1.top',
)
[ info ] [ PARAM ] array (
  '/assets/static/fonts/Akrobat-ExtraBold_196f8f857a7e2bbfe707eab292896d4f_otf' => '',
)
[ info ] [ LOG ] INIT File
---------------------------------------------------------------
[ 2019-06-16T23:19:34+08:00 ] 127.0.0.1 GET no1_qiye1.top/favicon.ico
[运行时间：0.029765s] [吞吐率：33.60req/s] [内存消耗：1,295.72kb] [文件加载：44]
[ info ] [ CACHE ] INIT File
[ info ] [ BEHAVIOR ] Run Closure @app_init [ RunTime:0.002650s ]
[ info ] [ ROUTE ] array (
  'type' => 'module',
  'module' => 
  array (
    0 => 'favicon.ico',
    1 => NULL,
    2 => NULL,
  ),
)
[ info ] [ HEADER ] array (
  'cache-control' => 'max-age=0',
  'cookie' => 'think_var=zh-hk',
  'connection' => 'close',
  'accept-encoding' => 'gzip, deflate',
  'accept-language' => 'zh-CN,zh;q=0.8,zh-TW;q=0.7,zh-HK;q=0.5,en-US;q=0.3,en;q=0.2',
  'accept' => 'image/webp,*/*',
  'user-agent' => 'Mozilla/5.0 (Windows NT 10.0; WOW64; rv:67.0) Gecko/20100101 Firefox/67.0',
  'host' => 'no1_qiye1.top',
)
[ info ] [ PARAM ] array (
  '/favicon_ico' => '',
)
[ info ] [ LOG ] INIT File
