---------------------------------------------------------------
[ 2019-05-11T01:39:42+08:00 ] 123.125.71.91 GET www.jisitech.com/robots.txt
[运行时间：0.016965s] [吞吐率：58.94req/s] [内存消耗：1,569.30kb] [文件加载：45]
[ info ] [ CACHE ] INIT File
[ info ] [ BEHAVIOR ] Run Closure @app_init [ RunTime:0.001476s ]
[ info ] [ LANG ] /www/wwwroot/www.jisitech.com/thinkphp/lang/zh-cn.php
[ info ] [ ROUTE ] array (
  'type' => 'module',
  'module' => 
  array (
    0 => 'robots.txt',
    1 => NULL,
    2 => NULL,
  ),
)
[ info ] [ HEADER ] array (
  'accept' => '*/*',
  'accept-language' => 'zh-cn,zh-tw',
  'accept-encoding' => 'gzip',
  'user-agent' => 'Mozilla/5.0 (compatible; Baiduspider/2.0; +http://www.baidu.com/search/spider.html)',
  'connection' => 'close',
  'host' => 'www.jisitech.com',
)
[ info ] [ PARAM ] array (
  '/robots_txt' => '',
)
[ info ] [ LOG ] INIT File
---------------------------------------------------------------
[ 2019-05-11T06:58:45+08:00 ] 111.206.36.133 GET www.jisitech.com/admin
[运行时间：0.026327s] [吞吐率：37.98req/s] [内存消耗：2,529.41kb] [文件加载：58]
[ info ] [ CACHE ] INIT File
[ info ] [ BEHAVIOR ] Run Closure @app_init [ RunTime:0.002122s ]
[ info ] [ ROUTE ] array (
  'type' => 'module',
  'module' => 
  array (
    0 => 'admin',
    1 => NULL,
    2 => NULL,
  ),
)
[ info ] [ HEADER ] array (
  'host' => 'www.jisitech.com',
  'accept-language' => 'en,*',
  'accept-encoding' => 'gzip, deflate',
  'connection' => 'Keep-Alive',
  'referer' => 'http://www.baidu.com/s?wd=stairsd1h',
  'user-agent' => 'Mozilla/5.0 (Windows NT 6.1; WOW64; rv:43.0) Gecko/20100101 Firefox/43.0',
  'accept' => 'text/html,application/xhtml+xml,application/xml;q=0.9,*/*;q=0.8',
)
[ info ] [ PARAM ] array (
  '/admin' => '',
)
[ info ] [ SESSION ] INIT array (
  'id' => '',
  'var_session_id' => '',
  'prefix' => 'think',
  'type' => '',
  'auto_start' => true,
)
[ info ] [ DB ] INIT mysql
[ info ] [ VIEW ] /www/wwwroot/www.jisitech.com/thinkphp/tpl/dispatch_jump.tpl [ array (
  0 => 'left_nav',
  1 => 'code',
  2 => 'msg',
  3 => 'data',
  4 => 'url',
  5 => 'wait',
) ]
[ info ] [ LOG ] INIT File
[ sql ] [ DB ] CONNECT:[ UseTime:0.000462s ] mysql:host=127.0.0.1;dbname=www_jisitech_com;charset=utf8
[ sql ] [ SQL ] SHOW COLUMNS FROM `tp_auth_group_access` [ RunTime:0.000940s ]
[ sql ] [ SQL ] SELECT * FROM `tp_auth_group_access` WHERE  `uid` IS NULL [ RunTime:0.000219s ]
[ sql ] [ SQL ] SHOW COLUMNS FROM `tp_auth_rule` [ RunTime:0.000792s ]
[ sql ] [ SQL ] SELECT * FROM `tp_auth_rule` WHERE  `id` IN (0)  AND `status` = 1  AND `types` >= 1 ORDER BY `sort` ASC [ RunTime:0.000335s ]
---------------------------------------------------------------
[ 2019-05-11T06:58:48+08:00 ] 111.206.36.9 GET www.jisitech.com/admin/login
[运行时间：0.018304s] [吞吐率：54.63req/s] [内存消耗：1,815.30kb] [文件加载：52]
[ info ] [ CACHE ] INIT File
[ info ] [ BEHAVIOR ] Run Closure @app_init [ RunTime:0.001483s ]
[ info ] [ ROUTE ] array (
  'type' => 'module',
  'module' => 
  array (
    0 => 'admin',
    1 => 'login',
    2 => NULL,
  ),
)
[ info ] [ HEADER ] array (
  'host' => 'www.jisitech.com',
  'accept-language' => 'en,*',
  'accept-encoding' => 'gzip, deflate',
  'connection' => 'Keep-Alive',
  'cookie' => 'PHPSESSID=18siliaba1j2r5ek0rschorns0',
  'user-agent' => 'Mozilla/5.0 (Windows NT 6.1; WOW64; rv:43.0) Gecko/20100101 Firefox/43.0',
  'referer' => 'http://www.jisitech.com/admin',
  'accept' => 'text/html,application/xhtml+xml,application/xml;q=0.9,*/*;q=0.8',
)
[ info ] [ PARAM ] array (
  '/admin/login' => '',
)
[ info ] [ BEHAVIOR ] Run Closure @action_begin [ RunTime:0.000197s ]
[ info ] [ RUN ] app\admin\Controller\Login->index[ /www/wwwroot/www.jisitech.com/application/admin/controller/Login.php ]
[ info ] [ VIEW ] /www/wwwroot/www.jisitech.com/./application/admin/view/system/login.html [ array (
) ]
[ info ] [ LOG ] INIT File
---------------------------------------------------------------
[ 2019-05-11T07:24:36+08:00 ] 42.236.99.178 GET www.jisitech.com/
[运行时间：0.037190s] [吞吐率：26.89req/s] [内存消耗：2,878.35kb] [文件加载：63]
[ info ] [ CACHE ] INIT File
[ info ] [ BEHAVIOR ] Run Closure @app_init [ RunTime:0.001448s ]
[ info ] [ LANG ] /www/wwwroot/www.jisitech.com/thinkphp/lang/zh-cn.php
[ info ] [ ROUTE ] array (
  'type' => 'module',
  'module' => 
  array (
    0 => 'index',
    1 => 'index',
    2 => 'index',
  ),
  'convert' => false,
)
[ info ] [ HEADER ] array (
  'user-agent' => 'Mozilla/5.0 (Windows NT 6.1; WOW64) AppleWebKit/537.36 (KHTML, like Gecko) Chrome/50.0.2661.102 Safari/537.36; 360Spider',
  'connection' => 'Keep-Alive',
  'accept-language' => 'zh-CN',
  'accept' => '*/*',
  'cookie' => '',
  'referer' => 'http://www.jisitech.com/',
  'accept-encoding' => 'deflate, gzip',
  'host' => 'www.jisitech.com',
)
[ info ] [ PARAM ] array (
)
[ info ] [ LANG ] /www/wwwroot/www.jisitech.com/./application/index/lang/zh-cn.php
[ info ] [ DB ] INIT mysql
[ info ] [ BEHAVIOR ] Run Closure @action_begin [ RunTime:0.000183s ]
[ info ] [ RUN ] app\index\controller\Index->index[ /www/wwwroot/www.jisitech.com/application/index/controller/Index.php ]
[ info ] [ VIEW ] /www/wwwroot/www.jisitech.com/./application/index/view/index/index.html [ array (
  0 => 'cate_list',
  1 => 'sys_cate_list',
  2 => 'config',
  3 => 'top_new',
  4 => 'advert_list',
  5 => 'banner_list',
  6 => 'anli_list',
  7 => 'news_list',
  8 => 'current',
) ]
[ info ] [ LOG ] INIT File
[ sql ] [ DB ] CONNECT:[ UseTime:0.000393s ] mysql:host=127.0.0.1;dbname=www_jisitech_com;charset=utf8
[ sql ] [ SQL ] SHOW COLUMNS FROM `tp_cate` [ RunTime:0.000943s ]
[ sql ] [ SQL ] SELECT * FROM `tp_cate` WHERE  `pid` = 0  AND `status` = 1 [ RunTime:0.000383s ]
[ sql ] [ SQL ] SELECT * FROM `tp_cate` WHERE  `pid` = 75  AND `status` = 1 [ RunTime:0.000223s ]
[ sql ] [ SQL ] SHOW COLUMNS FROM `tp_system` [ RunTime:0.000722s ]
[ sql ] [ SQL ] SELECT * FROM `tp_system` [ RunTime:0.000214s ]
[ sql ] [ SQL ] SHOW COLUMNS FROM `tp_visit_log` [ RunTime:0.000688s ]
[ sql ] [ SQL ] SELECT * FROM `tp_visit_log` WHERE  `ip` = '42.236.99.178'  AND `type` = 'pc'  AND `client` = 'Chrome'  AND `time` > 1557529776 LIMIT 1 [ RunTime:0.000374s ]
[ sql ] [ SQL ] INSERT INTO `tp_visit_log` (`ip` , `time` , `client` , `type`) VALUES ('42.236.99.178' , 1557530676 , 'Chrome' , 'pc') [ RunTime:0.000341s ]
[ sql ] [ SQL ] SHOW COLUMNS FROM `tp_visit_count` [ RunTime:0.000663s ]
[ sql ] [ SQL ] SELECT * FROM `tp_visit_count` WHERE  `time` >= 1557504000 LIMIT 1 [ RunTime:0.000256s ]
[ sql ] [ SQL ] INSERT INTO `tp_visit_count` (`time`) VALUES (1557530676) [ RunTime:0.000232s ]
[ sql ] [ SQL ] UPDATE `tp_visit_count`  SET `count`=1,`pc`=1,`mobile`=0  WHERE  `time` >= 1557504000 [ RunTime:0.000295s ]
[ sql ] [ SQL ] SELECT * FROM `tp_system` [ RunTime:0.000192s ]
[ sql ] [ SQL ] SELECT * FROM `tp_visit_log` WHERE  `ip` = '42.236.99.178'  AND `type` = 'pc'  AND `client` = 'Chrome'  AND `time` > 1557529776 LIMIT 1 [ RunTime:0.000353s ]
[ sql ] [ SQL ] SHOW COLUMNS FROM `tp_article` [ RunTime:0.000783s ]
[ sql ] [ SQL ] SELECT * FROM `tp_article` WHERE  `cate_id` = 8  AND `status` = 1 LIMIT 5 [ RunTime:0.000301s ]
[ sql ] [ SQL ] SELECT * FROM `tp_article` WHERE  `cate_id` = 7 ORDER BY `id` DESC LIMIT 6 [ RunTime:0.000297s ]
[ sql ] [ SQL ] SELECT * FROM `tp_article` WHERE  `cate_id` = 8 ORDER BY `id` DESC LIMIT 5 [ RunTime:0.000268s ]
[ sql ] [ SQL ] SHOW COLUMNS FROM `tp_advert` [ RunTime:0.000691s ]
[ sql ] [ SQL ] SELECT * FROM `tp_advert` WHERE  `type` = 'banner' LIMIT 8 [ RunTime:0.000208s ]
[ sql ] [ SQL ] SELECT * FROM `tp_advert` WHERE  `type` = 'advert' LIMIT 5 [ RunTime:0.000252s ]
[ sql ] [ SQL ] SELECT * FROM `tp_cate` WHERE  `status` = 1  AND `pid` = 1 ORDER BY `sort` ASC [ RunTime:0.000241s ]
---------------------------------------------------------------
[ 2019-05-11T10:20:03+08:00 ] 42.236.10.113 GET www.jisitech.com/
[运行时间：0.041976s] [吞吐率：23.82req/s] [内存消耗：2,877.60kb] [文件加载：63]
[ info ] [ CACHE ] INIT File
[ info ] [ BEHAVIOR ] Run Closure @app_init [ RunTime:0.001475s ]
[ info ] [ LANG ] /www/wwwroot/www.jisitech.com/thinkphp/lang/zh-cn.php
[ info ] [ ROUTE ] array (
  'type' => 'module',
  'module' => 
  array (
    0 => 'index',
    1 => 'index',
    2 => 'index',
  ),
  'convert' => false,
)
[ info ] [ HEADER ] array (
  'user-agent' => 'Mozilla/5.0 (Windows NT 6.1; WOW64) AppleWebKit/537.36 (KHTML, like Gecko) Chrome/50.0.2661.102 Safari/537.36; 360Spider',
  'connection' => 'Keep-Alive',
  'accept-language' => 'zh-CN',
  'accept' => '*/*',
  'cookie' => '',
  'referer' => 'http://www.jisitech.com/',
  'accept-encoding' => 'deflate, gzip',
  'host' => 'www.jisitech.com',
)
[ info ] [ PARAM ] array (
)
[ info ] [ LANG ] /www/wwwroot/www.jisitech.com/./application/index/lang/zh-cn.php
[ info ] [ DB ] INIT mysql
[ info ] [ BEHAVIOR ] Run Closure @action_begin [ RunTime:0.000211s ]
[ info ] [ RUN ] app\index\controller\Index->index[ /www/wwwroot/www.jisitech.com/application/index/controller/Index.php ]
[ info ] [ VIEW ] /www/wwwroot/www.jisitech.com/./application/index/view/index/index.html [ array (
  0 => 'cate_list',
  1 => 'sys_cate_list',
  2 => 'config',
  3 => 'top_new',
  4 => 'advert_list',
  5 => 'banner_list',
  6 => 'anli_list',
  7 => 'news_list',
  8 => 'current',
) ]
[ info ] [ LOG ] INIT File
[ sql ] [ DB ] CONNECT:[ UseTime:0.000435s ] mysql:host=127.0.0.1;dbname=www_jisitech_com;charset=utf8
[ sql ] [ SQL ] SHOW COLUMNS FROM `tp_cate` [ RunTime:0.001000s ]
[ sql ] [ SQL ] SELECT * FROM `tp_cate` WHERE  `pid` = 0  AND `status` = 1 [ RunTime:0.000417s ]
[ sql ] [ SQL ] SELECT * FROM `tp_cate` WHERE  `pid` = 75  AND `status` = 1 [ RunTime:0.000279s ]
[ sql ] [ SQL ] SHOW COLUMNS FROM `tp_system` [ RunTime:0.000871s ]
[ sql ] [ SQL ] SELECT * FROM `tp_system` [ RunTime:0.000267s ]
[ sql ] [ SQL ] SHOW COLUMNS FROM `tp_visit_log` [ RunTime:0.000781s ]
[ sql ] [ SQL ] SELECT * FROM `tp_visit_log` WHERE  `ip` = '42.236.10.113'  AND `type` = 'pc'  AND `client` = 'Chrome'  AND `time` > 1557540303 LIMIT 1 [ RunTime:0.000457s ]
[ sql ] [ SQL ] INSERT INTO `tp_visit_log` (`ip` , `time` , `client` , `type`) VALUES ('42.236.10.113' , 1557541203 , 'Chrome' , 'pc') [ RunTime:0.000377s ]
[ sql ] [ SQL ] SHOW COLUMNS FROM `tp_visit_count` [ RunTime:0.000782s ]
[ sql ] [ SQL ] SELECT * FROM `tp_visit_count` WHERE  `time` >= 1557504000 LIMIT 1 [ RunTime:0.000303s ]
[ sql ] [ SQL ] UPDATE `tp_visit_count`  SET `count`=2,`pc`=2,`mobile`=0  WHERE  `time` >= 1557504000 [ RunTime:0.000299s ]
[ sql ] [ SQL ] SELECT * FROM `tp_system` [ RunTime:0.000243s ]
[ sql ] [ SQL ] SELECT * FROM `tp_visit_log` WHERE  `ip` = '42.236.10.113'  AND `type` = 'pc'  AND `client` = 'Chrome'  AND `time` > 1557540303 LIMIT 1 [ RunTime:0.000427s ]
[ sql ] [ SQL ] SHOW COLUMNS FROM `tp_article` [ RunTime:0.000953s ]
[ sql ] [ SQL ] SELECT * FROM `tp_article` WHERE  `cate_id` = 8  AND `status` = 1 LIMIT 5 [ RunTime:0.000351s ]
[ sql ] [ SQL ] SELECT * FROM `tp_article` WHERE  `cate_id` = 7 ORDER BY `id` DESC LIMIT 6 [ RunTime:0.000323s ]
[ sql ] [ SQL ] SELECT * FROM `tp_article` WHERE  `cate_id` = 8 ORDER BY `id` DESC LIMIT 5 [ RunTime:0.000356s ]
[ sql ] [ SQL ] SHOW COLUMNS FROM `tp_advert` [ RunTime:0.000859s ]
[ sql ] [ SQL ] SELECT * FROM `tp_advert` WHERE  `type` = 'banner' LIMIT 8 [ RunTime:0.000302s ]
[ sql ] [ SQL ] SELECT * FROM `tp_advert` WHERE  `type` = 'advert' LIMIT 5 [ RunTime:0.000228s ]
[ sql ] [ SQL ] SELECT * FROM `tp_cate` WHERE  `status` = 1  AND `pid` = 1 ORDER BY `sort` ASC [ RunTime:0.000335s ]
---------------------------------------------------------------
[ 2019-05-11T17:53:43+08:00 ] 111.206.36.137 GET www.jisitech.com/
[运行时间：0.039145s] [吞吐率：25.55req/s] [内存消耗：2,856.23kb] [文件加载：61]
[ info ] [ CACHE ] INIT File
[ info ] [ BEHAVIOR ] Run Closure @app_init [ RunTime:0.001553s ]
[ info ] [ ROUTE ] array (
  'type' => 'module',
  'module' => 
  array (
    0 => 'index',
    1 => 'index',
    2 => 'index',
  ),
  'convert' => false,
)
[ info ] [ HEADER ] array (
  'host' => 'www.jisitech.com',
  'accept-language' => 'en,*',
  'accept-encoding' => 'gzip, deflate',
  'connection' => 'Keep-Alive',
  'referer' => 'http://www.baidu.com/s?wd=governmentnk2',
  'user-agent' => 'Mozilla/5.0 (Windows NT 6.1; WOW64; rv:43.0) Gecko/20100101 Firefox/43.0',
  'accept' => 'text/html,application/xhtml+xml,application/xml;q=0.9,*/*;q=0.8',
)
[ info ] [ PARAM ] array (
)
[ info ] [ DB ] INIT mysql
[ info ] [ BEHAVIOR ] Run Closure @action_begin [ RunTime:0.000184s ]
[ info ] [ RUN ] app\index\controller\Index->index[ /www/wwwroot/www.jisitech.com/application/index/controller/Index.php ]
[ info ] [ VIEW ] /www/wwwroot/www.jisitech.com/./application/index/view/index/index.html [ array (
  0 => 'cate_list',
  1 => 'sys_cate_list',
  2 => 'config',
  3 => 'top_new',
  4 => 'advert_list',
  5 => 'banner_list',
  6 => 'anli_list',
  7 => 'news_list',
  8 => 'current',
) ]
[ info ] [ LOG ] INIT File
[ sql ] [ DB ] CONNECT:[ UseTime:0.000450s ] mysql:host=127.0.0.1;dbname=www_jisitech_com;charset=utf8
[ sql ] [ SQL ] SHOW COLUMNS FROM `tp_cate` [ RunTime:0.001183s ]
[ sql ] [ SQL ] SELECT * FROM `tp_cate` WHERE  `pid` = 0  AND `status` = 1 [ RunTime:0.000545s ]
[ sql ] [ SQL ] SELECT * FROM `tp_cate` WHERE  `pid` = 75  AND `status` = 1 [ RunTime:0.000335s ]
[ sql ] [ SQL ] SHOW COLUMNS FROM `tp_system` [ RunTime:0.001060s ]
[ sql ] [ SQL ] SELECT * FROM `tp_system` [ RunTime:0.000302s ]
[ sql ] [ SQL ] SHOW COLUMNS FROM `tp_visit_log` [ RunTime:0.000965s ]
[ sql ] [ SQL ] SELECT * FROM `tp_visit_log` WHERE  `ip` = '111.206.36.137'  AND `type` = 'pc'  AND `client` = 'Firefox'  AND `time` > 1557567523 LIMIT 1 [ RunTime:0.000523s ]
[ sql ] [ SQL ] INSERT INTO `tp_visit_log` (`ip` , `time` , `client` , `type`) VALUES ('111.206.36.137' , 1557568423 , 'Firefox' , 'pc') [ RunTime:0.000428s ]
[ sql ] [ SQL ] SHOW COLUMNS FROM `tp_visit_count` [ RunTime:0.000722s ]
[ sql ] [ SQL ] SELECT * FROM `tp_visit_count` WHERE  `time` >= 1557504000 LIMIT 1 [ RunTime:0.000267s ]
[ sql ] [ SQL ] UPDATE `tp_visit_count`  SET `count`=3,`pc`=3,`mobile`=0  WHERE  `time` >= 1557504000 [ RunTime:0.000298s ]
[ sql ] [ SQL ] SELECT * FROM `tp_system` [ RunTime:0.000218s ]
[ sql ] [ SQL ] SELECT * FROM `tp_visit_log` WHERE  `ip` = '111.206.36.137'  AND `type` = 'pc'  AND `client` = 'Firefox'  AND `time` > 1557567523 LIMIT 1 [ RunTime:0.000366s ]
[ sql ] [ SQL ] SHOW COLUMNS FROM `tp_article` [ RunTime:0.000806s ]
[ sql ] [ SQL ] SELECT * FROM `tp_article` WHERE  `cate_id` = 8  AND `status` = 1 LIMIT 5 [ RunTime:0.000303s ]
[ sql ] [ SQL ] SELECT * FROM `tp_article` WHERE  `cate_id` = 7 ORDER BY `id` DESC LIMIT 6 [ RunTime:0.000293s ]
[ sql ] [ SQL ] SELECT * FROM `tp_article` WHERE  `cate_id` = 8 ORDER BY `id` DESC LIMIT 5 [ RunTime:0.000276s ]
[ sql ] [ SQL ] SHOW COLUMNS FROM `tp_advert` [ RunTime:0.000698s ]
[ sql ] [ SQL ] SELECT * FROM `tp_advert` WHERE  `type` = 'banner' LIMIT 8 [ RunTime:0.000210s ]
[ sql ] [ SQL ] SELECT * FROM `tp_advert` WHERE  `type` = 'advert' LIMIT 5 [ RunTime:0.000216s ]
[ sql ] [ SQL ] SELECT * FROM `tp_cate` WHERE  `status` = 1  AND `pid` = 1 ORDER BY `sort` ASC [ RunTime:0.000261s ]
---------------------------------------------------------------
[ 2019-05-11T17:53:43+08:00 ] 111.206.36.11 GET www.jisitech.com/css/language-selector.css
[运行时间：0.016675s] [吞吐率：59.97req/s] [内存消耗：1,549.20kb] [文件加载：44]
[ info ] [ CACHE ] INIT File
[ info ] [ BEHAVIOR ] Run Closure @app_init [ RunTime:0.001458s ]
[ info ] [ ROUTE ] array (
  'type' => 'module',
  'module' => 
  array (
    0 => 'css',
    1 => 'language-selector.css',
    2 => NULL,
  ),
)
[ info ] [ HEADER ] array (
  'host' => 'www.jisitech.com',
  'accept-language' => 'en,*',
  'accept-encoding' => 'gzip, deflate',
  'connection' => 'Keep-Alive',
  'cookie' => 'think_var=zh-hk',
  'user-agent' => 'Mozilla/5.0 (Windows NT 6.1; WOW64; rv:43.0) Gecko/20100101 Firefox/43.0',
  'referer' => 'http://www.jisitech.com/',
  'accept' => 'text/css,*/*;q=0.1',
)
[ info ] [ PARAM ] array (
  '/css/language-selector_css' => '',
)
[ info ] [ LOG ] INIT File
---------------------------------------------------------------
[ 2019-05-11T17:53:43+08:00 ] 111.206.36.133 GET www.jisitech.com/public/static/index/js/pro.js
[运行时间：0.016446s] [吞吐率：60.81req/s] [内存消耗：1,549.45kb] [文件加载：44]
[ info ] [ CACHE ] INIT File
[ info ] [ BEHAVIOR ] Run Closure @app_init [ RunTime:0.001654s ]
[ info ] [ ROUTE ] array (
  'type' => 'module',
  'module' => 
  array (
    0 => 'public',
    1 => 'static',
    2 => 'index',
  ),
)
[ info ] [ HEADER ] array (
  'host' => 'www.jisitech.com',
  'accept-language' => 'en,*',
  'accept-encoding' => 'gzip, deflate',
  'connection' => 'Keep-Alive',
  'cookie' => 'think_var=zh-hk',
  'user-agent' => 'Mozilla/5.0 (Windows NT 6.1; WOW64; rv:43.0) Gecko/20100101 Firefox/43.0',
  'referer' => 'http://www.jisitech.com/',
  'accept' => '*/*',
)
[ info ] [ PARAM ] array (
  '/static/index/js/pro_js' => '',
  'js' => 'pro.js',
)
[ info ] [ LOG ] INIT File
---------------------------------------------------------------
[ 2019-05-11T17:54:56+08:00 ] 14.215.176.17 GET www.jisitech.com/admin/cate/lst.html
[运行时间：0.024589s] [吞吐率：40.67req/s] [内存消耗：2,533.87kb] [文件加载：58]
[ info ] [ CACHE ] INIT File
[ info ] [ BEHAVIOR ] Run Closure @app_init [ RunTime:0.001419s ]
[ info ] [ ROUTE ] array (
  'type' => 'module',
  'module' => 
  array (
    0 => 'admin',
    1 => 'cate',
    2 => 'lst',
  ),
)
[ info ] [ HEADER ] array (
  'host' => 'www.jisitech.com',
  'accept-language' => 'en,*',
  'accept-encoding' => 'gzip, deflate',
  'connection' => 'Keep-Alive',
  'referer' => 'http://www.baidu.com/s?wd=thisn4r',
  'user-agent' => 'Mozilla/5.0 (Windows NT 6.1; WOW64; rv:43.0) Gecko/20100101 Firefox/43.0',
  'accept' => 'text/html,application/xhtml+xml,application/xml;q=0.9,*/*;q=0.8',
)
[ info ] [ PARAM ] array (
  '/admin/cate/lst_html' => '',
)
[ info ] [ SESSION ] INIT array (
  'id' => '',
  'var_session_id' => '',
  'prefix' => 'think',
  'type' => '',
  'auto_start' => true,
)
[ info ] [ DB ] INIT mysql
[ info ] [ VIEW ] /www/wwwroot/www.jisitech.com/thinkphp/tpl/dispatch_jump.tpl [ array (
  0 => 'left_nav',
  1 => 'code',
  2 => 'msg',
  3 => 'data',
  4 => 'url',
  5 => 'wait',
) ]
[ info ] [ LOG ] INIT File
[ sql ] [ DB ] CONNECT:[ UseTime:0.000422s ] mysql:host=127.0.0.1;dbname=www_jisitech_com;charset=utf8
[ sql ] [ SQL ] SHOW COLUMNS FROM `tp_auth_group_access` [ RunTime:0.000834s ]
[ sql ] [ SQL ] SELECT * FROM `tp_auth_group_access` WHERE  `uid` IS NULL [ RunTime:0.000210s ]
[ sql ] [ SQL ] SHOW COLUMNS FROM `tp_auth_rule` [ RunTime:0.000720s ]
[ sql ] [ SQL ] SELECT * FROM `tp_auth_rule` WHERE  `id` IN (0)  AND `status` = 1  AND `types` >= 1 ORDER BY `sort` ASC [ RunTime:0.000276s ]
---------------------------------------------------------------
[ 2019-05-11T17:55:00+08:00 ] 14.215.176.6 GET www.jisitech.com/admin/login
[运行时间：0.018048s] [吞吐率：55.41req/s] [内存消耗：1,815.30kb] [文件加载：52]
[ info ] [ CACHE ] INIT File
[ info ] [ BEHAVIOR ] Run Closure @app_init [ RunTime:0.001444s ]
[ info ] [ ROUTE ] array (
  'type' => 'module',
  'module' => 
  array (
    0 => 'admin',
    1 => 'login',
    2 => NULL,
  ),
)
[ info ] [ HEADER ] array (
  'host' => 'www.jisitech.com',
  'accept-language' => 'en,*',
  'accept-encoding' => 'gzip, deflate',
  'connection' => 'Keep-Alive',
  'cookie' => 'PHPSESSID=590gj2qf291v12hnk6iflfbf35',
  'user-agent' => 'Mozilla/5.0 (Windows NT 6.1; WOW64; rv:43.0) Gecko/20100101 Firefox/43.0',
  'referer' => 'http://www.jisitech.com/admin/cate/lst.html',
  'accept' => 'text/html,application/xhtml+xml,application/xml;q=0.9,*/*;q=0.8',
)
[ info ] [ PARAM ] array (
  '/admin/login' => '',
)
[ info ] [ BEHAVIOR ] Run Closure @action_begin [ RunTime:0.000131s ]
[ info ] [ RUN ] app\admin\Controller\Login->index[ /www/wwwroot/www.jisitech.com/application/admin/controller/Login.php ]
[ info ] [ VIEW ] /www/wwwroot/www.jisitech.com/./application/admin/view/system/login.html [ array (
) ]
[ info ] [ LOG ] INIT File
---------------------------------------------------------------
[ 2019-05-11T18:14:54+08:00 ] 14.215.176.132 GET www.jisitech.com/admin/cate/lst.html
[运行时间：0.025303s] [吞吐率：39.52req/s] [内存消耗：2,533.87kb] [文件加载：58]
[ info ] [ CACHE ] INIT File
[ info ] [ BEHAVIOR ] Run Closure @app_init [ RunTime:0.001444s ]
[ info ] [ ROUTE ] array (
  'type' => 'module',
  'module' => 
  array (
    0 => 'admin',
    1 => 'cate',
    2 => 'lst',
  ),
)
[ info ] [ HEADER ] array (
  'host' => 'www.jisitech.com',
  'accept-language' => 'en,*',
  'accept-encoding' => 'gzip, deflate',
  'connection' => 'Keep-Alive',
  'referer' => 'http://www.baidu.com/s?wd=climatei65',
  'user-agent' => 'Mozilla/5.0 (Windows NT 6.1; WOW64; rv:43.0) Gecko/20100101 Firefox/43.0',
  'accept' => 'text/html,application/xhtml+xml,application/xml;q=0.9,*/*;q=0.8',
)
[ info ] [ PARAM ] array (
  '/admin/cate/lst_html' => '',
)
[ info ] [ SESSION ] INIT array (
  'id' => '',
  'var_session_id' => '',
  'prefix' => 'think',
  'type' => '',
  'auto_start' => true,
)
[ info ] [ DB ] INIT mysql
[ info ] [ VIEW ] /www/wwwroot/www.jisitech.com/thinkphp/tpl/dispatch_jump.tpl [ array (
  0 => 'left_nav',
  1 => 'code',
  2 => 'msg',
  3 => 'data',
  4 => 'url',
  5 => 'wait',
) ]
[ info ] [ LOG ] INIT File
[ sql ] [ DB ] CONNECT:[ UseTime:0.000431s ] mysql:host=127.0.0.1;dbname=www_jisitech_com;charset=utf8
[ sql ] [ SQL ] SHOW COLUMNS FROM `tp_auth_group_access` [ RunTime:0.000815s ]
[ sql ] [ SQL ] SELECT * FROM `tp_auth_group_access` WHERE  `uid` IS NULL [ RunTime:0.000227s ]
[ sql ] [ SQL ] SHOW COLUMNS FROM `tp_auth_rule` [ RunTime:0.000739s ]
[ sql ] [ SQL ] SELECT * FROM `tp_auth_rule` WHERE  `id` IN (0)  AND `status` = 1  AND `types` >= 1 ORDER BY `sort` ASC [ RunTime:0.000258s ]
---------------------------------------------------------------
[ 2019-05-11T18:14:57+08:00 ] 14.215.176.139 GET www.jisitech.com/admin/login
[运行时间：0.018532s] [吞吐率：53.96req/s] [内存消耗：1,815.30kb] [文件加载：52]
[ info ] [ CACHE ] INIT File
[ info ] [ BEHAVIOR ] Run Closure @app_init [ RunTime:0.001550s ]
[ info ] [ ROUTE ] array (
  'type' => 'module',
  'module' => 
  array (
    0 => 'admin',
    1 => 'login',
    2 => NULL,
  ),
)
[ info ] [ HEADER ] array (
  'host' => 'www.jisitech.com',
  'accept-language' => 'en,*',
  'accept-encoding' => 'gzip, deflate',
  'connection' => 'Keep-Alive',
  'cookie' => 'PHPSESSID=jaj3n0i2s4d1adoa3metlmc2s5',
  'user-agent' => 'Mozilla/5.0 (Windows NT 6.1; WOW64; rv:43.0) Gecko/20100101 Firefox/43.0',
  'referer' => 'http://www.jisitech.com/admin/cate/lst.html',
  'accept' => 'text/html,application/xhtml+xml,application/xml;q=0.9,*/*;q=0.8',
)
[ info ] [ PARAM ] array (
  '/admin/login' => '',
)
[ info ] [ BEHAVIOR ] Run Closure @action_begin [ RunTime:0.000177s ]
[ info ] [ RUN ] app\admin\Controller\Login->index[ /www/wwwroot/www.jisitech.com/application/admin/controller/Login.php ]
[ info ] [ VIEW ] /www/wwwroot/www.jisitech.com/./application/admin/view/system/login.html [ array (
) ]
[ info ] [ LOG ] INIT File
---------------------------------------------------------------
[ 2019-05-11T18:23:28+08:00 ] 111.206.36.9 GET www.jisitech.com/category/2.html
[运行时间：0.036218s] [吞吐率：27.61req/s] [内存消耗：2,759.89kb] [文件加载：61]
[ info ] [ CACHE ] INIT File
[ info ] [ BEHAVIOR ] Run Closure @app_init [ RunTime:0.001806s ]
[ info ] [ ROUTE ] array (
  'type' => 'module',
  'module' => 
  array (
    0 => 'index',
    1 => 'index',
    2 => 'category',
  ),
  'convert' => false,
)
[ info ] [ HEADER ] array (
  'host' => 'www.jisitech.com',
  'accept-language' => 'en,*',
  'accept-encoding' => 'gzip, deflate',
  'connection' => 'Keep-Alive',
  'referer' => 'http://www.baidu.com/s?wd=eatendde',
  'user-agent' => 'Mozilla/5.0 (Windows NT 6.1; WOW64; rv:43.0) Gecko/20100101 Firefox/43.0',
  'accept' => 'text/html,application/xhtml+xml,application/xml;q=0.9,*/*;q=0.8',
)
[ info ] [ PARAM ] array (
  '/category/2_html' => '',
  'id' => '2',
)
[ info ] [ DB ] INIT mysql
[ info ] [ BEHAVIOR ] Run Closure @action_begin [ RunTime:0.000181s ]
[ info ] [ RUN ] app\index\controller\Index->category[ /www/wwwroot/www.jisitech.com/application/index/controller/Index.php ]
[ info ] [ VIEW ] /www/wwwroot/www.jisitech.com/./application/index/view/index/category.html [ array (
  0 => 'cate_list',
  1 => 'sys_cate_list',
  2 => 'config',
  3 => 'top_new',
  4 => 'info',
  5 => 'pinfo',
  6 => 'current',
) ]
[ info ] [ LOG ] INIT File
[ sql ] [ DB ] CONNECT:[ UseTime:0.000417s ] mysql:host=127.0.0.1;dbname=www_jisitech_com;charset=utf8
[ sql ] [ SQL ] SHOW COLUMNS FROM `tp_cate` [ RunTime:0.000939s ]
[ sql ] [ SQL ] SELECT * FROM `tp_cate` WHERE  `pid` = 0  AND `status` = 1 [ RunTime:0.000322s ]
[ sql ] [ SQL ] SELECT * FROM `tp_cate` WHERE  `pid` = 75  AND `status` = 1 [ RunTime:0.000320s ]
[ sql ] [ SQL ] SHOW COLUMNS FROM `tp_system` [ RunTime:0.000686s ]
[ sql ] [ SQL ] SELECT * FROM `tp_system` [ RunTime:0.000198s ]
[ sql ] [ SQL ] SHOW COLUMNS FROM `tp_visit_log` [ RunTime:0.000657s ]
[ sql ] [ SQL ] SELECT * FROM `tp_visit_log` WHERE  `ip` = '111.206.36.9'  AND `type` = 'pc'  AND `client` = 'Firefox'  AND `time` > 1557569308 LIMIT 1 [ RunTime:0.000377s ]
[ sql ] [ SQL ] INSERT INTO `tp_visit_log` (`ip` , `time` , `client` , `type`) VALUES ('111.206.36.9' , 1557570208 , 'Firefox' , 'pc') [ RunTime:0.000321s ]
[ sql ] [ SQL ] SHOW COLUMNS FROM `tp_visit_count` [ RunTime:0.000667s ]
[ sql ] [ SQL ] SELECT * FROM `tp_visit_count` WHERE  `time` >= 1557504000 LIMIT 1 [ RunTime:0.000268s ]
[ sql ] [ SQL ] UPDATE `tp_visit_count`  SET `count`=4,`pc`=4,`mobile`=0  WHERE  `time` >= 1557504000 [ RunTime:0.000281s ]
[ sql ] [ SQL ] SELECT * FROM `tp_system` [ RunTime:0.000193s ]
[ sql ] [ SQL ] SELECT * FROM `tp_visit_log` WHERE  `ip` = '111.206.36.9'  AND `type` = 'pc'  AND `client` = 'Firefox'  AND `time` > 1557569308 LIMIT 1 [ RunTime:0.000359s ]
[ sql ] [ SQL ] SHOW COLUMNS FROM `tp_article` [ RunTime:0.000936s ]
[ sql ] [ SQL ] SELECT * FROM `tp_article` WHERE  `cate_id` = 8  AND `status` = 1 LIMIT 5 [ RunTime:0.000309s ]
[ sql ] [ SQL ] SELECT * FROM `tp_cate` WHERE  `id` = 2  AND `status` = 1 LIMIT 1 [ RunTime:0.000265s ]
[ sql ] [ SQL ] SELECT * FROM `tp_cate` WHERE  `id` = 1  AND `status` = 1 LIMIT 1 [ RunTime:0.000226s ]
[ sql ] [ SQL ] SELECT * FROM `tp_cate` WHERE  `status` = 1  AND `pid` = 1 ORDER BY `sort` ASC [ RunTime:0.000241s ]
---------------------------------------------------------------
[ 2019-05-11T18:23:28+08:00 ] 111.206.36.11 GET www.jisitech.com/category/css/language-selector.css
[运行时间：0.042773s] [吞吐率：23.38req/s] [内存消耗：2,759.79kb] [文件加载：62]
[ info ] [ CACHE ] INIT File
[ info ] [ BEHAVIOR ] Run Closure @app_init [ RunTime:0.002657s ]
[ info ] [ ROUTE ] array (
  'type' => 'module',
  'module' => 
  array (
    0 => 'index',
    1 => 'index',
    2 => 'category',
  ),
  'convert' => false,
)
[ info ] [ HEADER ] array (
  'host' => 'www.jisitech.com',
  'accept-language' => 'en,*',
  'accept-encoding' => 'gzip, deflate',
  'connection' => 'Keep-Alive',
  'cookie' => 'think_var=zh-hk',
  'user-agent' => 'Mozilla/5.0 (Windows NT 6.1; WOW64; rv:43.0) Gecko/20100101 Firefox/43.0',
  'referer' => 'http://www.jisitech.com/category/2.html',
  'accept' => 'text/css,*/*;q=0.1',
)
[ info ] [ PARAM ] array (
  '/category/css/language-selector_css' => '',
  'id' => 'css',
)
[ info ] [ LANG ] /www/wwwroot/www.jisitech.com/./application/index/lang/zh-hk.php
[ info ] [ DB ] INIT mysql
[ info ] [ BEHAVIOR ] Run Closure @action_begin [ RunTime:0.000192s ]
[ info ] [ RUN ] app\index\controller\Index->category[ /www/wwwroot/www.jisitech.com/application/index/controller/Index.php ]
[ info ] [ VIEW ] /www/wwwroot/www.jisitech.com/./application/index/view/index/category.html [ array (
  0 => 'cate_list',
  1 => 'sys_cate_list',
  2 => 'config',
  3 => 'top_new',
  4 => 'info',
  5 => 'pinfo',
  6 => 'current',
) ]
[ info ] [ LOG ] INIT File
[ sql ] [ DB ] CONNECT:[ UseTime:0.000461s ] mysql:host=127.0.0.1;dbname=www_jisitech_com;charset=utf8
[ sql ] [ SQL ] SHOW COLUMNS FROM `tp_cate` [ RunTime:0.001081s ]
[ sql ] [ SQL ] SELECT * FROM `tp_cate` WHERE  `pid` = 0  AND `status` = 1 [ RunTime:0.000365s ]
[ sql ] [ SQL ] SELECT * FROM `tp_cate` WHERE  `pid` = 75  AND `status` = 1 [ RunTime:0.000228s ]
[ sql ] [ SQL ] SHOW COLUMNS FROM `tp_system` [ RunTime:0.000741s ]
[ sql ] [ SQL ] SELECT * FROM `tp_system` [ RunTime:0.000203s ]
[ sql ] [ SQL ] SHOW COLUMNS FROM `tp_visit_log` [ RunTime:0.000707s ]
[ sql ] [ SQL ] SELECT * FROM `tp_visit_log` WHERE  `ip` = '111.206.36.11'  AND `type` = 'pc'  AND `client` = 'Firefox'  AND `time` > 1557569308 LIMIT 1 [ RunTime:0.000395s ]
[ sql ] [ SQL ] INSERT INTO `tp_visit_log` (`ip` , `time` , `client` , `type`) VALUES ('111.206.36.11' , 1557570208 , 'Firefox' , 'pc') [ RunTime:0.000312s ]
[ sql ] [ SQL ] SHOW COLUMNS FROM `tp_visit_count` [ RunTime:0.000690s ]
[ sql ] [ SQL ] SELECT * FROM `tp_visit_count` WHERE  `time` >= 1557504000 LIMIT 1 [ RunTime:0.000263s ]
[ sql ] [ SQL ] UPDATE `tp_visit_count`  SET `count`=5,`pc`=5,`mobile`=0  WHERE  `time` >= 1557504000 [ RunTime:0.000275s ]
[ sql ] [ SQL ] SELECT * FROM `tp_system` [ RunTime:0.000201s ]
[ sql ] [ SQL ] SELECT * FROM `tp_visit_log` WHERE  `ip` = '111.206.36.11'  AND `type` = 'pc'  AND `client` = 'Firefox'  AND `time` > 1557569308 LIMIT 1 [ RunTime:0.000475s ]
[ sql ] [ SQL ] SHOW COLUMNS FROM `tp_article` [ RunTime:0.000800s ]
[ sql ] [ SQL ] SELECT * FROM `tp_article` WHERE  `cate_id` = 8  AND `status` = 1 LIMIT 5 [ RunTime:0.000301s ]
[ sql ] [ SQL ] SELECT * FROM `tp_cate` WHERE  `id` = 0  AND `status` = 1 LIMIT 1 [ RunTime:0.000350s ]
[ sql ] [ SQL ] SELECT * FROM `tp_cate` WHERE  `id` = 0  AND `status` = 1 LIMIT 1 [ RunTime:0.000302s ]
[ sql ] [ SQL ] SELECT * FROM `tp_cate` WHERE  `status` = 1  AND `pid` = 1 ORDER BY `sort` ASC [ RunTime:0.000262s ]
---------------------------------------------------------------
[ 2019-05-11T18:23:28+08:00 ] 111.206.36.10 GET www.jisitech.com/public/static/index/js/pro.js
[运行时间：0.020787s] [吞吐率：48.11req/s] [内存消耗：1,549.58kb] [文件加载：44]
[ info ] [ CACHE ] INIT File
[ info ] [ BEHAVIOR ] Run Closure @app_init [ RunTime:0.002872s ]
[ info ] [ ROUTE ] array (
  'type' => 'module',
  'module' => 
  array (
    0 => 'public',
    1 => 'static',
    2 => 'index',
  ),
)
[ info ] [ HEADER ] array (
  'host' => 'www.jisitech.com',
  'accept-language' => 'en,*',
  'accept-encoding' => 'gzip, deflate',
  'connection' => 'Keep-Alive',
  'cookie' => 'think_var=zh-hk',
  'user-agent' => 'Mozilla/5.0 (Windows NT 6.1; WOW64; rv:43.0) Gecko/20100101 Firefox/43.0',
  'referer' => 'http://www.jisitech.com/category/2.html',
  'accept' => '*/*',
)
[ info ] [ PARAM ] array (
  '/static/index/js/pro_js' => '',
  'js' => 'pro.js',
)
[ info ] [ LOG ] INIT File
---------------------------------------------------------------
[ 2019-05-11T18:23:44+08:00 ] 111.206.36.138 GET www.jisitech.com/category/2.html
[运行时间：0.035545s] [吞吐率：28.13req/s] [内存消耗：2,759.89kb] [文件加载：61]
[ info ] [ CACHE ] INIT File
[ info ] [ BEHAVIOR ] Run Closure @app_init [ RunTime:0.001434s ]
[ info ] [ ROUTE ] array (
  'type' => 'module',
  'module' => 
  array (
    0 => 'index',
    1 => 'index',
    2 => 'category',
  ),
  'convert' => false,
)
[ info ] [ HEADER ] array (
  'host' => 'www.jisitech.com',
  'accept-language' => 'en,*',
  'accept-encoding' => 'gzip, deflate',
  'connection' => 'Keep-Alive',
  'referer' => 'http://www.baidu.com/s?wd=guideizi',
  'user-agent' => 'Mozilla/5.0 (Windows NT 6.1; WOW64; rv:43.0) Gecko/20100101 Firefox/43.0',
  'accept' => 'text/html,application/xhtml+xml,application/xml;q=0.9,*/*;q=0.8',
)
[ info ] [ PARAM ] array (
  '/category/2_html' => '',
  'id' => '2',
)
[ info ] [ DB ] INIT mysql
[ info ] [ BEHAVIOR ] Run Closure @action_begin [ RunTime:0.000186s ]
[ info ] [ RUN ] app\index\controller\Index->category[ /www/wwwroot/www.jisitech.com/application/index/controller/Index.php ]
[ info ] [ VIEW ] /www/wwwroot/www.jisitech.com/./application/index/view/index/category.html [ array (
  0 => 'cate_list',
  1 => 'sys_cate_list',
  2 => 'config',
  3 => 'top_new',
  4 => 'info',
  5 => 'pinfo',
  6 => 'current',
) ]
[ info ] [ LOG ] INIT File
[ sql ] [ DB ] CONNECT:[ UseTime:0.000429s ] mysql:host=127.0.0.1;dbname=www_jisitech_com;charset=utf8
[ sql ] [ SQL ] SHOW COLUMNS FROM `tp_cate` [ RunTime:0.000933s ]
[ sql ] [ SQL ] SELECT * FROM `tp_cate` WHERE  `pid` = 0  AND `status` = 1 [ RunTime:0.000323s ]
[ sql ] [ SQL ] SELECT * FROM `tp_cate` WHERE  `pid` = 75  AND `status` = 1 [ RunTime:0.000235s ]
[ sql ] [ SQL ] SHOW COLUMNS FROM `tp_system` [ RunTime:0.000699s ]
[ sql ] [ SQL ] SELECT * FROM `tp_system` [ RunTime:0.000199s ]
[ sql ] [ SQL ] SHOW COLUMNS FROM `tp_visit_log` [ RunTime:0.000663s ]
[ sql ] [ SQL ] SELECT * FROM `tp_visit_log` WHERE  `ip` = '111.206.36.138'  AND `type` = 'pc'  AND `client` = 'Firefox'  AND `time` > 1557569324 LIMIT 1 [ RunTime:0.000390s ]
[ sql ] [ SQL ] INSERT INTO `tp_visit_log` (`ip` , `time` , `client` , `type`) VALUES ('111.206.36.138' , 1557570224 , 'Firefox' , 'pc') [ RunTime:0.000290s ]
[ sql ] [ SQL ] SHOW COLUMNS FROM `tp_visit_count` [ RunTime:0.000675s ]
[ sql ] [ SQL ] SELECT * FROM `tp_visit_count` WHERE  `time` >= 1557504000 LIMIT 1 [ RunTime:0.000257s ]
[ sql ] [ SQL ] UPDATE `tp_visit_count`  SET `count`=6,`pc`=6,`mobile`=0  WHERE  `time` >= 1557504000 [ RunTime:0.000285s ]
[ sql ] [ SQL ] SELECT * FROM `tp_system` [ RunTime:0.000195s ]
[ sql ] [ SQL ] SELECT * FROM `tp_visit_log` WHERE  `ip` = '111.206.36.138'  AND `type` = 'pc'  AND `client` = 'Firefox'  AND `time` > 1557569324 LIMIT 1 [ RunTime:0.000360s ]
[ sql ] [ SQL ] SHOW COLUMNS FROM `tp_article` [ RunTime:0.000783s ]
[ sql ] [ SQL ] SELECT * FROM `tp_article` WHERE  `cate_id` = 8  AND `status` = 1 LIMIT 5 [ RunTime:0.000294s ]
[ sql ] [ SQL ] SELECT * FROM `tp_cate` WHERE  `id` = 2  AND `status` = 1 LIMIT 1 [ RunTime:0.000281s ]
[ sql ] [ SQL ] SELECT * FROM `tp_cate` WHERE  `id` = 1  AND `status` = 1 LIMIT 1 [ RunTime:0.000217s ]
[ sql ] [ SQL ] SELECT * FROM `tp_cate` WHERE  `status` = 1  AND `pid` = 1 ORDER BY `sort` ASC [ RunTime:0.000236s ]
---------------------------------------------------------------
[ 2019-05-11T18:23:44+08:00 ] 111.206.36.132 GET www.jisitech.com/category/css/language-selector.css
[运行时间：0.040051s] [吞吐率：24.97req/s] [内存消耗：2,759.79kb] [文件加载：62]
[ info ] [ CACHE ] INIT File
[ info ] [ BEHAVIOR ] Run Closure @app_init [ RunTime:0.001440s ]
[ info ] [ ROUTE ] array (
  'type' => 'module',
  'module' => 
  array (
    0 => 'index',
    1 => 'index',
    2 => 'category',
  ),
  'convert' => false,
)
[ info ] [ HEADER ] array (
  'host' => 'www.jisitech.com',
  'accept-language' => 'en,*',
  'accept-encoding' => 'gzip, deflate',
  'connection' => 'Keep-Alive',
  'cookie' => 'think_var=zh-hk',
  'user-agent' => 'Mozilla/5.0 (Windows NT 6.1; WOW64; rv:43.0) Gecko/20100101 Firefox/43.0',
  'referer' => 'http://www.jisitech.com/category/2.html',
  'accept' => 'text/css,*/*;q=0.1',
)
[ info ] [ PARAM ] array (
  '/category/css/language-selector_css' => '',
  'id' => 'css',
)
[ info ] [ LANG ] /www/wwwroot/www.jisitech.com/./application/index/lang/zh-hk.php
[ info ] [ DB ] INIT mysql
[ info ] [ BEHAVIOR ] Run Closure @action_begin [ RunTime:0.000180s ]
[ info ] [ RUN ] app\index\controller\Index->category[ /www/wwwroot/www.jisitech.com/application/index/controller/Index.php ]
[ info ] [ VIEW ] /www/wwwroot/www.jisitech.com/./application/index/view/index/category.html [ array (
  0 => 'cate_list',
  1 => 'sys_cate_list',
  2 => 'config',
  3 => 'top_new',
  4 => 'info',
  5 => 'pinfo',
  6 => 'current',
) ]
[ info ] [ LOG ] INIT File
[ sql ] [ DB ] CONNECT:[ UseTime:0.000391s ] mysql:host=127.0.0.1;dbname=www_jisitech_com;charset=utf8
[ sql ] [ SQL ] SHOW COLUMNS FROM `tp_cate` [ RunTime:0.000947s ]
[ sql ] [ SQL ] SELECT * FROM `tp_cate` WHERE  `pid` = 0  AND `status` = 1 [ RunTime:0.000323s ]
[ sql ] [ SQL ] SELECT * FROM `tp_cate` WHERE  `pid` = 75  AND `status` = 1 [ RunTime:0.000230s ]
[ sql ] [ SQL ] SHOW COLUMNS FROM `tp_system` [ RunTime:0.000687s ]
[ sql ] [ SQL ] SELECT * FROM `tp_system` [ RunTime:0.000205s ]
[ sql ] [ SQL ] SHOW COLUMNS FROM `tp_visit_log` [ RunTime:0.000696s ]
[ sql ] [ SQL ] SELECT * FROM `tp_visit_log` WHERE  `ip` = '111.206.36.132'  AND `type` = 'pc'  AND `client` = 'Firefox'  AND `time` > 1557569324 LIMIT 1 [ RunTime:0.000392s ]
[ sql ] [ SQL ] INSERT INTO `tp_visit_log` (`ip` , `time` , `client` , `type`) VALUES ('111.206.36.132' , 1557570224 , 'Firefox' , 'pc') [ RunTime:0.000289s ]
[ sql ] [ SQL ] SHOW COLUMNS FROM `tp_visit_count` [ RunTime:0.000651s ]
[ sql ] [ SQL ] SELECT * FROM `tp_visit_count` WHERE  `time` >= 1557504000 LIMIT 1 [ RunTime:0.000255s ]
[ sql ] [ SQL ] UPDATE `tp_visit_count`  SET `count`=7,`pc`=7,`mobile`=0  WHERE  `time` >= 1557504000 [ RunTime:0.000288s ]
[ sql ] [ SQL ] SELECT * FROM `tp_system` [ RunTime:0.000197s ]
[ sql ] [ SQL ] SELECT * FROM `tp_visit_log` WHERE  `ip` = '111.206.36.132'  AND `type` = 'pc'  AND `client` = 'Firefox'  AND `time` > 1557569324 LIMIT 1 [ RunTime:0.000355s ]
[ sql ] [ SQL ] SHOW COLUMNS FROM `tp_article` [ RunTime:0.000832s ]
[ sql ] [ SQL ] SELECT * FROM `tp_article` WHERE  `cate_id` = 8  AND `status` = 1 LIMIT 5 [ RunTime:0.000292s ]
[ sql ] [ SQL ] SELECT * FROM `tp_cate` WHERE  `id` = 0  AND `status` = 1 LIMIT 1 [ RunTime:0.000399s ]
[ sql ] [ SQL ] SELECT * FROM `tp_cate` WHERE  `id` = 0  AND `status` = 1 LIMIT 1 [ RunTime:0.000449s ]
[ sql ] [ SQL ] SELECT * FROM `tp_cate` WHERE  `status` = 1  AND `pid` = 1 ORDER BY `sort` ASC [ RunTime:0.000244s ]
---------------------------------------------------------------
[ 2019-05-11T18:23:44+08:00 ] 111.206.36.9 GET www.jisitech.com/public/static/index/js/pro.js
[运行时间：0.016518s] [吞吐率：60.54req/s] [内存消耗：1,549.58kb] [文件加载：44]
[ info ] [ CACHE ] INIT File
[ info ] [ BEHAVIOR ] Run Closure @app_init [ RunTime:0.001471s ]
[ info ] [ ROUTE ] array (
  'type' => 'module',
  'module' => 
  array (
    0 => 'public',
    1 => 'static',
    2 => 'index',
  ),
)
[ info ] [ HEADER ] array (
  'host' => 'www.jisitech.com',
  'accept-language' => 'en,*',
  'accept-encoding' => 'gzip, deflate',
  'connection' => 'Keep-Alive',
  'cookie' => 'think_var=zh-hk',
  'user-agent' => 'Mozilla/5.0 (Windows NT 6.1; WOW64; rv:43.0) Gecko/20100101 Firefox/43.0',
  'referer' => 'http://www.jisitech.com/category/2.html',
  'accept' => '*/*',
)
[ info ] [ PARAM ] array (
  '/static/index/js/pro_js' => '',
  'js' => 'pro.js',
)
[ info ] [ LOG ] INIT File
---------------------------------------------------------------
[ 2019-05-11T19:24:58+08:00 ] 14.215.176.143 GET www.jisitech.com/admin/index/welcome.html
[运行时间：0.026444s] [吞吐率：37.82req/s] [内存消耗：2,529.67kb] [文件加载：58]
[ info ] [ CACHE ] INIT File
[ info ] [ BEHAVIOR ] Run Closure @app_init [ RunTime:0.001439s ]
[ info ] [ ROUTE ] array (
  'type' => 'module',
  'module' => 
  array (
    0 => 'admin',
    1 => 'index',
    2 => 'welcome',
  ),
)
[ info ] [ HEADER ] array (
  'host' => 'www.jisitech.com',
  'accept-language' => 'en,*',
  'accept-encoding' => 'gzip, deflate',
  'connection' => 'Keep-Alive',
  'referer' => 'http://www.baidu.com/s?wd=correctrcb',
  'user-agent' => 'Mozilla/5.0 (Windows NT 6.1; WOW64; rv:43.0) Gecko/20100101 Firefox/43.0',
  'accept' => 'text/html,application/xhtml+xml,application/xml;q=0.9,*/*;q=0.8',
)
[ info ] [ PARAM ] array (
  '/admin/index/welcome_html' => '',
)
[ info ] [ SESSION ] INIT array (
  'id' => '',
  'var_session_id' => '',
  'prefix' => 'think',
  'type' => '',
  'auto_start' => true,
)
[ info ] [ DB ] INIT mysql
[ info ] [ VIEW ] /www/wwwroot/www.jisitech.com/thinkphp/tpl/dispatch_jump.tpl [ array (
  0 => 'left_nav',
  1 => 'code',
  2 => 'msg',
  3 => 'data',
  4 => 'url',
  5 => 'wait',
) ]
[ info ] [ LOG ] INIT File
[ sql ] [ DB ] CONNECT:[ UseTime:0.000513s ] mysql:host=127.0.0.1;dbname=www_jisitech_com;charset=utf8
[ sql ] [ SQL ] SHOW COLUMNS FROM `tp_auth_group_access` [ RunTime:0.000898s ]
[ sql ] [ SQL ] SELECT * FROM `tp_auth_group_access` WHERE  `uid` IS NULL [ RunTime:0.000212s ]
[ sql ] [ SQL ] SHOW COLUMNS FROM `tp_auth_rule` [ RunTime:0.000760s ]
[ sql ] [ SQL ] SELECT * FROM `tp_auth_rule` WHERE  `id` IN (0)  AND `status` = 1  AND `types` >= 1 ORDER BY `sort` ASC [ RunTime:0.000256s ]
---------------------------------------------------------------
[ 2019-05-11T20:58:54+08:00 ] 42.236.54.22 GET www.jisitech.com/robots.txt
[运行时间：0.016341s] [吞吐率：61.20req/s] [内存消耗：1,569.74kb] [文件加载：45]
[ info ] [ CACHE ] INIT File
[ info ] [ BEHAVIOR ] Run Closure @app_init [ RunTime:0.001446s ]
[ info ] [ LANG ] /www/wwwroot/www.jisitech.com/thinkphp/lang/zh-cn.php
[ info ] [ ROUTE ] array (
  'type' => 'module',
  'module' => 
  array (
    0 => 'robots.txt',
    1 => NULL,
    2 => NULL,
  ),
)
[ info ] [ HEADER ] array (
  'user-agent' => 'Mozilla/5.0 (Windows NT 6.1; WOW64) AppleWebKit/537.36 (KHTML, like Gecko) Chrome/50.0.2661.102 Safari/537.36; 360Spider',
  'connection' => 'Keep-Alive',
  'accept-language' => 'zh-CN',
  'accept' => '*/*',
  'cookie' => '',
  'referer' => 'http://www.jisitech.com/robots.txt',
  'accept-encoding' => 'deflate, gzip',
  'host' => 'www.jisitech.com',
)
[ info ] [ PARAM ] array (
  '/robots_txt' => '',
)
[ info ] [ LOG ] INIT File
---------------------------------------------------------------
[ 2019-05-11T21:24:54+08:00 ] 42.236.99.58 GET www.jisitech.com/robots.txt
[运行时间：0.017862s] [吞吐率：55.98req/s] [内存消耗：1,569.74kb] [文件加载：45]
[ info ] [ CACHE ] INIT File
[ info ] [ BEHAVIOR ] Run Closure @app_init [ RunTime:0.001601s ]
[ info ] [ LANG ] /www/wwwroot/www.jisitech.com/thinkphp/lang/zh-cn.php
[ info ] [ ROUTE ] array (
  'type' => 'module',
  'module' => 
  array (
    0 => 'robots.txt',
    1 => NULL,
    2 => NULL,
  ),
)
[ info ] [ HEADER ] array (
  'user-agent' => 'Mozilla/5.0 (Windows NT 6.1; WOW64) AppleWebKit/537.36 (KHTML, like Gecko) Chrome/50.0.2661.102 Safari/537.36; 360Spider',
  'connection' => 'Keep-Alive',
  'accept-language' => 'zh-CN',
  'accept' => '*/*',
  'cookie' => '',
  'referer' => 'http://www.jisitech.com/robots.txt',
  'accept-encoding' => 'deflate, gzip',
  'host' => 'www.jisitech.com',
)
[ info ] [ PARAM ] array (
  '/robots_txt' => '',
)
[ info ] [ LOG ] INIT File
