---------------------------------------------------------------
[ 2019-05-20T02:07:49+08:00 ] 47.110.224.241 GET www.jisitech.com/
[运行时间：0.035781s] [吞吐率：27.95req/s] [内存消耗：2,859.30kb] [文件加载：62]
[ info ] [ CACHE ] INIT File
[ info ] [ BEHAVIOR ] Run Closure @app_init [ RunTime:0.001460s ]
[ info ] [ ROUTE ] array (
  'type' => 'module',
  'module' => 
  array (
    0 => 'index',
    1 => 'index',
    2 => 'index',
  ),
  'convert' => false,
)
[ info ] [ HEADER ] array (
  'connection' => 'keep-alive',
  'accept' => 'text/html, image/gif, image/jpeg, *; q=.2, */*; q=.2',
  'host' => 'www.jisitech.com',
  'user-agent' => 'Java/1.8.0_191',
)
[ info ] [ PARAM ] array (
)
[ info ] [ LANG ] /www/wwwroot/www.jisitech.com/./application/index/lang/zh-hk.php
[ info ] [ DB ] INIT mysql
[ info ] [ BEHAVIOR ] Run Closure @action_begin [ RunTime:0.000196s ]
[ info ] [ RUN ] app\index\controller\Index->index[ /www/wwwroot/www.jisitech.com/application/index/controller/Index.php ]
[ info ] [ VIEW ] /www/wwwroot/www.jisitech.com/./application/index/view/index/index.html [ array (
  0 => 'cate_list',
  1 => 'sys_cate_list',
  2 => 'config',
  3 => 'top_new',
  4 => 'advert_list',
  5 => 'banner_list',
  6 => 'anli_list',
  7 => 'news_list',
  8 => 'current',
) ]
[ info ] [ LOG ] INIT File
[ sql ] [ DB ] CONNECT:[ UseTime:0.000420s ] mysql:host=127.0.0.1;dbname=www_jisitech_com;charset=utf8
[ sql ] [ SQL ] SHOW COLUMNS FROM `tp_cate` [ RunTime:0.001125s ]
[ sql ] [ SQL ] SELECT * FROM `tp_cate` WHERE  `pid` = 0  AND `status` = 1 [ RunTime:0.000341s ]
[ sql ] [ SQL ] SELECT * FROM `tp_cate` WHERE  `pid` = 75  AND `status` = 1 [ RunTime:0.000226s ]
[ sql ] [ SQL ] SHOW COLUMNS FROM `tp_system` [ RunTime:0.000719s ]
[ sql ] [ SQL ] SELECT * FROM `tp_system` [ RunTime:0.000199s ]
[ sql ] [ SQL ] SHOW COLUMNS FROM `tp_visit_log` [ RunTime:0.000655s ]
[ sql ] [ SQL ] SELECT * FROM `tp_visit_log` WHERE  `ip` = '47.110.224.241'  AND `type` = 'pc'  AND `client` = '其它'  AND `time` > 1558288369 LIMIT 1 [ RunTime:0.000416s ]
[ sql ] [ SQL ] INSERT INTO `tp_visit_log` (`ip` , `time` , `client` , `type`) VALUES ('47.110.224.241' , 1558289269 , '其它' , 'pc') [ RunTime:0.000294s ]
[ sql ] [ SQL ] SHOW COLUMNS FROM `tp_visit_count` [ RunTime:0.000715s ]
[ sql ] [ SQL ] SELECT * FROM `tp_visit_count` WHERE  `time` >= 1558281600 LIMIT 1 [ RunTime:0.000263s ]
[ sql ] [ SQL ] INSERT INTO `tp_visit_count` (`time`) VALUES (1558289269) [ RunTime:0.000260s ]
[ sql ] [ SQL ] UPDATE `tp_visit_count`  SET `count`=1,`pc`=1,`mobile`=0  WHERE  `time` >= 1558281600 [ RunTime:0.000251s ]
[ sql ] [ SQL ] SELECT * FROM `tp_system` [ RunTime:0.000196s ]
[ sql ] [ SQL ] SELECT * FROM `tp_visit_log` WHERE  `ip` = '47.110.224.241'  AND `type` = 'pc'  AND `client` = '其它'  AND `time` > 1558288369 LIMIT 1 [ RunTime:0.000396s ]
[ sql ] [ SQL ] SHOW COLUMNS FROM `tp_article` [ RunTime:0.000775s ]
[ sql ] [ SQL ] SELECT * FROM `tp_article` WHERE  `cate_id` = 8  AND `status` = 1 LIMIT 5 [ RunTime:0.000306s ]
[ sql ] [ SQL ] SELECT * FROM `tp_article` WHERE  `cate_id` = 7 ORDER BY `id` DESC LIMIT 6 [ RunTime:0.000301s ]
[ sql ] [ SQL ] SELECT * FROM `tp_article` WHERE  `cate_id` = 8 ORDER BY `id` DESC LIMIT 5 [ RunTime:0.000299s ]
[ sql ] [ SQL ] SHOW COLUMNS FROM `tp_advert` [ RunTime:0.000663s ]
[ sql ] [ SQL ] SELECT * FROM `tp_advert` WHERE  `type` = 'banner' LIMIT 8 [ RunTime:0.000237s ]
[ sql ] [ SQL ] SELECT * FROM `tp_advert` WHERE  `type` = 'advert' LIMIT 5 [ RunTime:0.000205s ]
[ sql ] [ SQL ] SELECT * FROM `tp_cate` WHERE  `status` = 1  AND `pid` = 1 ORDER BY `sort` ASC [ RunTime:0.000241s ]
---------------------------------------------------------------
[ 2019-05-20T07:32:17+08:00 ] 114.245.41.56 GET www.jisitech.com/feed
[运行时间：0.016667s] [吞吐率：60.00req/s] [内存消耗：1,548.26kb] [文件加载：44]
[ info ] [ CACHE ] INIT File
[ info ] [ BEHAVIOR ] Run Closure @app_init [ RunTime:0.001850s ]
[ info ] [ ROUTE ] array (
  'type' => 'module',
  'module' => 
  array (
    0 => 'feed',
    1 => NULL,
    2 => NULL,
  ),
)
[ info ] [ HEADER ] array (
  'host' => 'www.jisitech.com',
  'user-agent' => 'Mozilla/5.0 (compatible; MSIE 10.0; Windows NT 6.2)',
  'accept' => '*/*',
  'connection' => 'Keep-Alive',
)
[ info ] [ PARAM ] array (
  '/feed' => '',
)
[ info ] [ LOG ] INIT File
---------------------------------------------------------------
[ 2019-05-20T10:00:06+08:00 ] 42.236.10.112 GET www.jisitech.com/article/9.html
[运行时间：0.034805s] [吞吐率：28.73req/s] [内存消耗：2,785.85kb] [文件加载：63]
[ info ] [ CACHE ] INIT File
[ info ] [ BEHAVIOR ] Run Closure @app_init [ RunTime:0.001593s ]
[ info ] [ LANG ] /www/wwwroot/www.jisitech.com/thinkphp/lang/zh-cn.php
[ info ] [ ROUTE ] array (
  'type' => 'module',
  'module' => 
  array (
    0 => 'index',
    1 => 'index',
    2 => 'article',
  ),
  'convert' => false,
)
[ info ] [ HEADER ] array (
  'user-agent' => 'Mozilla/5.0 (Windows NT 6.1; WOW64) AppleWebKit/537.36 (KHTML, like Gecko) Chrome/50.4.2661.102 Safari/537.36; 360Spider',
  'connection' => 'Keep-Alive',
  'accept-language' => 'zh-CN',
  'accept' => '*/*',
  'cookie' => '',
  'referer' => 'http://www.jisitech.com/article/9.html',
  'accept-encoding' => 'deflate, gzip',
  'host' => 'www.jisitech.com',
)
[ info ] [ PARAM ] array (
  '/article/9_html' => '',
  'id' => '9',
)
[ info ] [ LANG ] /www/wwwroot/www.jisitech.com/./application/index/lang/zh-cn.php
[ info ] [ DB ] INIT mysql
[ info ] [ BEHAVIOR ] Run Closure @action_begin [ RunTime:0.000194s ]
[ info ] [ RUN ] app\index\controller\Index->article[ /www/wwwroot/www.jisitech.com/application/index/controller/Index.php ]
[ info ] [ VIEW ] /www/wwwroot/www.jisitech.com/./application/index/view/index/article.html [ array (
  0 => 'cate_list',
  1 => 'sys_cate_list',
  2 => 'config',
  3 => 'top_new',
  4 => 'info',
  5 => 'current',
) ]
[ info ] [ LOG ] INIT File
[ sql ] [ DB ] CONNECT:[ UseTime:0.000465s ] mysql:host=127.0.0.1;dbname=www_jisitech_com;charset=utf8
[ sql ] [ SQL ] SHOW COLUMNS FROM `tp_cate` [ RunTime:0.000965s ]
[ sql ] [ SQL ] SELECT * FROM `tp_cate` WHERE  `pid` = 0  AND `status` = 1 [ RunTime:0.000323s ]
[ sql ] [ SQL ] SELECT * FROM `tp_cate` WHERE  `pid` = 75  AND `status` = 1 [ RunTime:0.000241s ]
[ sql ] [ SQL ] SHOW COLUMNS FROM `tp_system` [ RunTime:0.000698s ]
[ sql ] [ SQL ] SELECT * FROM `tp_system` [ RunTime:0.000218s ]
[ sql ] [ SQL ] SHOW COLUMNS FROM `tp_visit_log` [ RunTime:0.000677s ]
[ sql ] [ SQL ] SELECT * FROM `tp_visit_log` WHERE  `ip` = '42.236.10.112'  AND `type` = 'pc'  AND `client` = 'Chrome'  AND `time` > 1558316706 LIMIT 1 [ RunTime:0.000404s ]
[ sql ] [ SQL ] INSERT INTO `tp_visit_log` (`ip` , `time` , `client` , `type`) VALUES ('42.236.10.112' , 1558317606 , 'Chrome' , 'pc') [ RunTime:0.000387s ]
[ sql ] [ SQL ] SHOW COLUMNS FROM `tp_visit_count` [ RunTime:0.000678s ]
[ sql ] [ SQL ] SELECT * FROM `tp_visit_count` WHERE  `time` >= 1558281600 LIMIT 1 [ RunTime:0.000297s ]
[ sql ] [ SQL ] UPDATE `tp_visit_count`  SET `count`=2,`pc`=2,`mobile`=0  WHERE  `time` >= 1558281600 [ RunTime:0.000265s ]
[ sql ] [ SQL ] SELECT * FROM `tp_system` [ RunTime:0.000212s ]
[ sql ] [ SQL ] SELECT * FROM `tp_visit_log` WHERE  `ip` = '42.236.10.112'  AND `type` = 'pc'  AND `client` = 'Chrome'  AND `time` > 1558316706 LIMIT 1 [ RunTime:0.000389s ]
[ sql ] [ SQL ] SHOW COLUMNS FROM `tp_article` [ RunTime:0.000794s ]
[ sql ] [ SQL ] SELECT * FROM `tp_article` WHERE  `cate_id` = 8  AND `status` = 1 LIMIT 5 [ RunTime:0.000331s ]
[ sql ] [ SQL ] SELECT * FROM `tp_article` WHERE  `id` = 9 LIMIT 1 [ RunTime:0.000252s ]
[ sql ] [ SQL ] SELECT * FROM `tp_cate` WHERE  `status` = 1  AND `pid` = 1 ORDER BY `sort` ASC [ RunTime:0.000273s ]
---------------------------------------------------------------
[ 2019-05-20T10:00:06+08:00 ] 42.236.10.112 GET www.jisitech.com/article/5.html
[运行时间：0.053847s] [吞吐率：18.57req/s] [内存消耗：2,779.55kb] [文件加载：63]
[ info ] [ CACHE ] INIT File
[ info ] [ BEHAVIOR ] Run Closure @app_init [ RunTime:0.001570s ]
[ info ] [ LANG ] /www/wwwroot/www.jisitech.com/thinkphp/lang/zh-cn.php
[ info ] [ ROUTE ] array (
  'type' => 'module',
  'module' => 
  array (
    0 => 'index',
    1 => 'index',
    2 => 'article',
  ),
  'convert' => false,
)
[ info ] [ HEADER ] array (
  'user-agent' => 'Mozilla/5.0 (Windows NT 6.1; WOW64) AppleWebKit/537.36 (KHTML, like Gecko) Chrome/50.4.2661.102 Safari/537.36; 360Spider',
  'connection' => 'Keep-Alive',
  'accept-language' => 'zh-CN',
  'accept' => '*/*',
  'cookie' => '',
  'referer' => 'http://www.jisitech.com/article/5.html',
  'accept-encoding' => 'deflate, gzip',
  'host' => 'www.jisitech.com',
)
[ info ] [ PARAM ] array (
  '/article/5_html' => '',
  'id' => '5',
)
[ info ] [ LANG ] /www/wwwroot/www.jisitech.com/./application/index/lang/zh-cn.php
[ info ] [ DB ] INIT mysql
[ info ] [ BEHAVIOR ] Run Closure @action_begin [ RunTime:0.000184s ]
[ info ] [ RUN ] app\index\controller\Index->article[ /www/wwwroot/www.jisitech.com/application/index/controller/Index.php ]
[ info ] [ VIEW ] /www/wwwroot/www.jisitech.com/./application/index/view/index/article.html [ array (
  0 => 'cate_list',
  1 => 'sys_cate_list',
  2 => 'config',
  3 => 'top_new',
  4 => 'info',
  5 => 'current',
) ]
[ info ] [ LOG ] INIT File
[ sql ] [ DB ] CONNECT:[ UseTime:0.000674s ] mysql:host=127.0.0.1;dbname=www_jisitech_com;charset=utf8
[ sql ] [ SQL ] SHOW COLUMNS FROM `tp_cate` [ RunTime:0.000891s ]
[ sql ] [ SQL ] SELECT * FROM `tp_cate` WHERE  `pid` = 0  AND `status` = 1 [ RunTime:0.001459s ]
[ sql ] [ SQL ] SELECT * FROM `tp_cate` WHERE  `pid` = 75  AND `status` = 1 [ RunTime:0.000644s ]
[ sql ] [ SQL ] SHOW COLUMNS FROM `tp_system` [ RunTime:0.000794s ]
[ sql ] [ SQL ] SELECT * FROM `tp_system` [ RunTime:0.000588s ]
[ sql ] [ SQL ] SHOW COLUMNS FROM `tp_visit_log` [ RunTime:0.001320s ]
[ sql ] [ SQL ] SELECT * FROM `tp_visit_log` WHERE  `ip` = '42.236.10.112'  AND `type` = 'pc'  AND `client` = 'Chrome'  AND `time` > 1558316706 LIMIT 1 [ RunTime:0.000659s ]
[ sql ] [ SQL ] SELECT * FROM `tp_system` [ RunTime:0.001115s ]
[ sql ] [ SQL ] SELECT * FROM `tp_visit_log` WHERE  `ip` = '42.236.10.112'  AND `type` = 'pc'  AND `client` = 'Chrome'  AND `time` > 1558316706 LIMIT 1 [ RunTime:0.001185s ]
[ sql ] [ SQL ] SHOW COLUMNS FROM `tp_article` [ RunTime:0.001884s ]
[ sql ] [ SQL ] SELECT * FROM `tp_article` WHERE  `cate_id` = 8  AND `status` = 1 LIMIT 5 [ RunTime:0.000859s ]
[ sql ] [ SQL ] SELECT * FROM `tp_article` WHERE  `id` = 5 LIMIT 1 [ RunTime:0.001303s ]
[ sql ] [ SQL ] SELECT * FROM `tp_cate` WHERE  `status` = 1  AND `pid` = 1 ORDER BY `sort` ASC [ RunTime:0.001994s ]
---------------------------------------------------------------
[ 2019-05-20T10:00:06+08:00 ] 42.236.10.120 GET www.jisitech.com/category/5.html
[运行时间：0.067644s] [吞吐率：14.78req/s] [内存消耗：2,780.85kb] [文件加载：63]
[ info ] [ CACHE ] INIT File
[ info ] [ BEHAVIOR ] Run Closure @app_init [ RunTime:0.001490s ]
[ info ] [ LANG ] /www/wwwroot/www.jisitech.com/thinkphp/lang/zh-cn.php
[ info ] [ ROUTE ] array (
  'type' => 'module',
  'module' => 
  array (
    0 => 'index',
    1 => 'index',
    2 => 'category',
  ),
  'convert' => false,
)
[ info ] [ HEADER ] array (
  'user-agent' => 'Mozilla/5.0 (Windows NT 6.1; WOW64) AppleWebKit/537.36 (KHTML, like Gecko) Chrome/50.0.2661.102 Safari/537.36; 360Spider',
  'connection' => 'Keep-Alive',
  'accept-language' => 'zh-CN',
  'accept' => '*/*',
  'cookie' => '',
  'referer' => 'http://www.jisitech.com/category/5.html',
  'accept-encoding' => 'deflate, gzip',
  'host' => 'www.jisitech.com',
)
[ info ] [ PARAM ] array (
  '/category/5_html' => '',
  'id' => '5',
)
[ info ] [ LANG ] /www/wwwroot/www.jisitech.com/./application/index/lang/zh-cn.php
[ info ] [ DB ] INIT mysql
[ info ] [ BEHAVIOR ] Run Closure @action_begin [ RunTime:0.000134s ]
[ info ] [ RUN ] app\index\controller\Index->category[ /www/wwwroot/www.jisitech.com/application/index/controller/Index.php ]
[ info ] [ VIEW ] /www/wwwroot/www.jisitech.com/./application/index/view/index/category.html [ array (
  0 => 'cate_list',
  1 => 'sys_cate_list',
  2 => 'config',
  3 => 'top_new',
  4 => 'info',
  5 => 'pinfo',
  6 => 'current',
) ]
[ info ] [ LOG ] INIT File
[ sql ] [ DB ] CONNECT:[ UseTime:0.001409s ] mysql:host=127.0.0.1;dbname=www_jisitech_com;charset=utf8
[ sql ] [ SQL ] SHOW COLUMNS FROM `tp_cate` [ RunTime:0.000952s ]
[ sql ] [ SQL ] SELECT * FROM `tp_cate` WHERE  `pid` = 0  AND `status` = 1 [ RunTime:0.000687s ]
[ sql ] [ SQL ] SELECT * FROM `tp_cate` WHERE  `pid` = 75  AND `status` = 1 [ RunTime:0.001157s ]
[ sql ] [ SQL ] SHOW COLUMNS FROM `tp_system` [ RunTime:0.001231s ]
[ sql ] [ SQL ] SELECT * FROM `tp_system` [ RunTime:0.000779s ]
[ sql ] [ SQL ] SHOW COLUMNS FROM `tp_visit_log` [ RunTime:0.000968s ]
[ sql ] [ SQL ] SELECT * FROM `tp_visit_log` WHERE  `ip` = '42.236.10.120'  AND `type` = 'pc'  AND `client` = 'Chrome'  AND `time` > 1558316706 LIMIT 1 [ RunTime:0.000802s ]
[ sql ] [ SQL ] INSERT INTO `tp_visit_log` (`ip` , `time` , `client` , `type`) VALUES ('42.236.10.120' , 1558317606 , 'Chrome' , 'pc') [ RunTime:0.000565s ]
[ sql ] [ SQL ] SHOW COLUMNS FROM `tp_visit_count` [ RunTime:0.001399s ]
[ sql ] [ SQL ] SELECT * FROM `tp_visit_count` WHERE  `time` >= 1558281600 LIMIT 1 [ RunTime:0.000262s ]
[ sql ] [ SQL ] UPDATE `tp_visit_count`  SET `count`=3,`pc`=3,`mobile`=0  WHERE  `time` >= 1558281600 [ RunTime:0.000993s ]
[ sql ] [ SQL ] SELECT * FROM `tp_system` [ RunTime:0.000378s ]
[ sql ] [ SQL ] SELECT * FROM `tp_visit_log` WHERE  `ip` = '42.236.10.120'  AND `type` = 'pc'  AND `client` = 'Chrome'  AND `time` > 1558316706 LIMIT 1 [ RunTime:0.000946s ]
[ sql ] [ SQL ] SHOW COLUMNS FROM `tp_article` [ RunTime:0.001996s ]
[ sql ] [ SQL ] SELECT * FROM `tp_article` WHERE  `cate_id` = 8  AND `status` = 1 LIMIT 5 [ RunTime:0.000321s ]
[ sql ] [ SQL ] SELECT * FROM `tp_cate` WHERE  `id` = 5  AND `status` = 1 LIMIT 1 [ RunTime:0.000244s ]
[ sql ] [ SQL ] SELECT * FROM `tp_cate` WHERE  `id` = 1  AND `status` = 1 LIMIT 1 [ RunTime:0.002090s ]
[ sql ] [ SQL ] SELECT * FROM `tp_cate` WHERE  `status` = 1  AND `pid` = 1 ORDER BY `sort` ASC [ RunTime:0.001751s ]
---------------------------------------------------------------
[ 2019-05-20T10:00:06+08:00 ] 42.236.10.110 GET www.jisitech.com/case
[运行时间：0.036319s] [吞吐率：27.53req/s] [内存消耗：2,974.20kb] [文件加载：67]
[ info ] [ CACHE ] INIT File
[ info ] [ BEHAVIOR ] Run Closure @app_init [ RunTime:0.001435s ]
[ info ] [ LANG ] /www/wwwroot/www.jisitech.com/thinkphp/lang/zh-cn.php
[ info ] [ ROUTE ] array (
  'type' => 'module',
  'module' => 
  array (
    0 => 'index',
    1 => 'index',
    2 => 'cases',
  ),
  'convert' => false,
)
[ info ] [ HEADER ] array (
  'user-agent' => 'Mozilla/5.0 (Windows NT 6.1; WOW64) AppleWebKit/537.36 (KHTML, like Gecko) Chrome/50.0.2661.102 Safari/537.36; 360Spider',
  'connection' => 'Keep-Alive',
  'accept-language' => 'zh-CN',
  'accept' => '*/*',
  'cookie' => '',
  'referer' => 'http://www.jisitech.com/case',
  'accept-encoding' => 'deflate, gzip',
  'host' => 'www.jisitech.com',
)
[ info ] [ PARAM ] array (
  '/case' => '',
)
[ info ] [ LANG ] /www/wwwroot/www.jisitech.com/./application/index/lang/zh-cn.php
[ info ] [ DB ] INIT mysql
[ info ] [ BEHAVIOR ] Run Closure @action_begin [ RunTime:0.000175s ]
[ info ] [ RUN ] app\index\controller\Index->cases[ /www/wwwroot/www.jisitech.com/application/index/controller/Index.php ]
[ info ] [ VIEW ] /www/wwwroot/www.jisitech.com/./application/index/view/index/cases.html [ array (
  0 => 'cate_list',
  1 => 'sys_cate_list',
  2 => 'config',
  3 => 'top_new',
  4 => 'info',
  5 => 'support_list',
  6 => 'current',
) ]
[ info ] [ LOG ] INIT File
[ sql ] [ DB ] CONNECT:[ UseTime:0.000591s ] mysql:host=127.0.0.1;dbname=www_jisitech_com;charset=utf8
[ sql ] [ SQL ] SHOW COLUMNS FROM `tp_cate` [ RunTime:0.000868s ]
[ sql ] [ SQL ] SELECT * FROM `tp_cate` WHERE  `pid` = 0  AND `status` = 1 [ RunTime:0.000324s ]
[ sql ] [ SQL ] SELECT * FROM `tp_cate` WHERE  `pid` = 75  AND `status` = 1 [ RunTime:0.000255s ]
[ sql ] [ SQL ] SHOW COLUMNS FROM `tp_system` [ RunTime:0.000688s ]
[ sql ] [ SQL ] SELECT * FROM `tp_system` [ RunTime:0.000235s ]
[ sql ] [ SQL ] SHOW COLUMNS FROM `tp_visit_log` [ RunTime:0.000699s ]
[ sql ] [ SQL ] SELECT * FROM `tp_visit_log` WHERE  `ip` = '42.236.10.110'  AND `type` = 'pc'  AND `client` = 'Chrome'  AND `time` > 1558316706 LIMIT 1 [ RunTime:0.000412s ]
[ sql ] [ SQL ] INSERT INTO `tp_visit_log` (`ip` , `time` , `client` , `type`) VALUES ('42.236.10.110' , 1558317606 , 'Chrome' , 'pc') [ RunTime:0.000281s ]
[ sql ] [ SQL ] SHOW COLUMNS FROM `tp_visit_count` [ RunTime:0.000705s ]
[ sql ] [ SQL ] SELECT * FROM `tp_visit_count` WHERE  `time` >= 1558281600 LIMIT 1 [ RunTime:0.000309s ]
[ sql ] [ SQL ] UPDATE `tp_visit_count`  SET `count`=4,`pc`=4,`mobile`=0  WHERE  `time` >= 1558281600 [ RunTime:0.000281s ]
[ sql ] [ SQL ] SELECT * FROM `tp_system` [ RunTime:0.000195s ]
[ sql ] [ SQL ] SELECT * FROM `tp_visit_log` WHERE  `ip` = '42.236.10.110'  AND `type` = 'pc'  AND `client` = 'Chrome'  AND `time` > 1558316706 LIMIT 1 [ RunTime:0.000403s ]
[ sql ] [ SQL ] SHOW COLUMNS FROM `tp_article` [ RunTime:0.000800s ]
[ sql ] [ SQL ] SELECT * FROM `tp_article` WHERE  `cate_id` = 8  AND `status` = 1 LIMIT 5 [ RunTime:0.000318s ]
[ sql ] [ SQL ] SELECT * FROM `tp_cate` WHERE  `id` = 7  AND `status` = 1 LIMIT 1 [ RunTime:0.000283s ]
[ sql ] [ SQL ] SELECT COUNT(*) AS tp_count FROM `tp_article` WHERE  `cate_id` = 7 LIMIT 1 [ RunTime:0.000232s ]
[ sql ] [ SQL ] SELECT * FROM `tp_article` WHERE  `cate_id` = 7 LIMIT 0,15 [ RunTime:0.000246s ]
[ sql ] [ SQL ] SELECT * FROM `tp_cate` WHERE  `status` = 1  AND `pid` = 1 ORDER BY `sort` ASC [ RunTime:0.000240s ]
---------------------------------------------------------------
[ 2019-05-20T10:00:06+08:00 ] 42.236.10.89 GET www.jisitech.com/article/12.html
[运行时间：0.039774s] [吞吐率：25.14req/s] [内存消耗：2,790.01kb] [文件加载：63]
[ info ] [ CACHE ] INIT File
[ info ] [ BEHAVIOR ] Run Closure @app_init [ RunTime:0.001462s ]
[ info ] [ LANG ] /www/wwwroot/www.jisitech.com/thinkphp/lang/zh-cn.php
[ info ] [ ROUTE ] array (
  'type' => 'module',
  'module' => 
  array (
    0 => 'index',
    1 => 'index',
    2 => 'article',
  ),
  'convert' => false,
)
[ info ] [ HEADER ] array (
  'user-agent' => 'Mozilla/5.0 (Windows NT 6.1; WOW64) AppleWebKit/537.36 (KHTML, like Gecko) Chrome/50.0.2661.102 Safari/537.36; 360Spider',
  'connection' => 'Keep-Alive',
  'accept-language' => 'zh-CN',
  'accept' => '*/*',
  'cookie' => '',
  'referer' => 'http://www.jisitech.com/article/12.html',
  'accept-encoding' => 'deflate, gzip',
  'host' => 'www.jisitech.com',
)
[ info ] [ PARAM ] array (
  '/article/12_html' => '',
  'id' => '12',
)
[ info ] [ LANG ] /www/wwwroot/www.jisitech.com/./application/index/lang/zh-cn.php
[ info ] [ DB ] INIT mysql
[ info ] [ BEHAVIOR ] Run Closure @action_begin [ RunTime:0.000181s ]
[ info ] [ RUN ] app\index\controller\Index->article[ /www/wwwroot/www.jisitech.com/application/index/controller/Index.php ]
[ info ] [ VIEW ] /www/wwwroot/www.jisitech.com/./application/index/view/index/article.html [ array (
  0 => 'cate_list',
  1 => 'sys_cate_list',
  2 => 'config',
  3 => 'top_new',
  4 => 'info',
  5 => 'current',
) ]
[ info ] [ LOG ] INIT File
[ sql ] [ DB ] CONNECT:[ UseTime:0.000454s ] mysql:host=127.0.0.1;dbname=www_jisitech_com;charset=utf8
[ sql ] [ SQL ] SHOW COLUMNS FROM `tp_cate` [ RunTime:0.001263s ]
[ sql ] [ SQL ] SELECT * FROM `tp_cate` WHERE  `pid` = 0  AND `status` = 1 [ RunTime:0.000449s ]
[ sql ] [ SQL ] SELECT * FROM `tp_cate` WHERE  `pid` = 75  AND `status` = 1 [ RunTime:0.000337s ]
[ sql ] [ SQL ] SHOW COLUMNS FROM `tp_system` [ RunTime:0.001031s ]
[ sql ] [ SQL ] SELECT * FROM `tp_system` [ RunTime:0.000272s ]
[ sql ] [ SQL ] SHOW COLUMNS FROM `tp_visit_log` [ RunTime:0.000948s ]
[ sql ] [ SQL ] SELECT * FROM `tp_visit_log` WHERE  `ip` = '42.236.10.89'  AND `type` = 'pc'  AND `client` = 'Chrome'  AND `time` > 1558316706 LIMIT 1 [ RunTime:0.000571s ]
[ sql ] [ SQL ] INSERT INTO `tp_visit_log` (`ip` , `time` , `client` , `type`) VALUES ('42.236.10.89' , 1558317606 , 'Chrome' , 'pc') [ RunTime:0.000390s ]
[ sql ] [ SQL ] SHOW COLUMNS FROM `tp_visit_count` [ RunTime:0.000733s ]
[ sql ] [ SQL ] SELECT * FROM `tp_visit_count` WHERE  `time` >= 1558281600 LIMIT 1 [ RunTime:0.000279s ]
[ sql ] [ SQL ] UPDATE `tp_visit_count`  SET `count`=5,`pc`=5,`mobile`=0  WHERE  `time` >= 1558281600 [ RunTime:0.000258s ]
[ sql ] [ SQL ] SELECT * FROM `tp_system` [ RunTime:0.000206s ]
[ sql ] [ SQL ] SELECT * FROM `tp_visit_log` WHERE  `ip` = '42.236.10.89'  AND `type` = 'pc'  AND `client` = 'Chrome'  AND `time` > 1558316706 LIMIT 1 [ RunTime:0.000365s ]
[ sql ] [ SQL ] SHOW COLUMNS FROM `tp_article` [ RunTime:0.000749s ]
[ sql ] [ SQL ] SELECT * FROM `tp_article` WHERE  `cate_id` = 8  AND `status` = 1 LIMIT 5 [ RunTime:0.000314s ]
[ sql ] [ SQL ] SELECT * FROM `tp_article` WHERE  `id` = 12 LIMIT 1 [ RunTime:0.000338s ]
[ sql ] [ SQL ] SELECT * FROM `tp_cate` WHERE  `status` = 1  AND `pid` = 1 ORDER BY `sort` ASC [ RunTime:0.000268s ]
---------------------------------------------------------------
[ 2019-05-20T10:00:07+08:00 ] 42.236.10.91 GET www.jisitech.com/article/11.html
[运行时间：0.270398s] [吞吐率：3.70req/s] [内存消耗：2,785.87kb] [文件加载：63]
[ info ] [ CACHE ] INIT File
[ info ] [ BEHAVIOR ] Run Closure @app_init [ RunTime:0.001490s ]
[ info ] [ LANG ] /www/wwwroot/www.jisitech.com/thinkphp/lang/zh-cn.php
[ info ] [ ROUTE ] array (
  'type' => 'module',
  'module' => 
  array (
    0 => 'index',
    1 => 'index',
    2 => 'article',
  ),
  'convert' => false,
)
[ info ] [ HEADER ] array (
  'user-agent' => 'Mozilla/5.0 (Windows NT 6.1; WOW64) AppleWebKit/537.36 (KHTML, like Gecko) Chrome/50.4.2661.102 Safari/537.36; 360Spider',
  'connection' => 'Keep-Alive',
  'accept-language' => 'zh-CN',
  'accept' => '*/*',
  'cookie' => '',
  'referer' => 'http://www.jisitech.com/article/11.html',
  'accept-encoding' => 'deflate, gzip',
  'host' => 'www.jisitech.com',
)
[ info ] [ PARAM ] array (
  '/article/11_html' => '',
  'id' => '11',
)
[ info ] [ LANG ] /www/wwwroot/www.jisitech.com/./application/index/lang/zh-cn.php
[ info ] [ DB ] INIT mysql
[ info ] [ BEHAVIOR ] Run Closure @action_begin [ RunTime:0.000200s ]
[ info ] [ RUN ] app\index\controller\Index->article[ /www/wwwroot/www.jisitech.com/application/index/controller/Index.php ]
[ info ] [ VIEW ] /www/wwwroot/www.jisitech.com/./application/index/view/index/article.html [ array (
  0 => 'cate_list',
  1 => 'sys_cate_list',
  2 => 'config',
  3 => 'top_new',
  4 => 'info',
  5 => 'current',
) ]
[ info ] [ LOG ] INIT File
[ sql ] [ DB ] CONNECT:[ UseTime:0.032712s ] mysql:host=127.0.0.1;dbname=www_jisitech_com;charset=utf8
[ sql ] [ SQL ] SHOW COLUMNS FROM `tp_cate` [ RunTime:0.000910s ]
[ sql ] [ SQL ] SELECT * FROM `tp_cate` WHERE  `pid` = 0  AND `status` = 1 [ RunTime:0.000354s ]
[ sql ] [ SQL ] SELECT * FROM `tp_cate` WHERE  `pid` = 75  AND `status` = 1 [ RunTime:0.000220s ]
[ sql ] [ SQL ] SHOW COLUMNS FROM `tp_system` [ RunTime:0.001113s ]
[ sql ] [ SQL ] SELECT * FROM `tp_system` [ RunTime:0.000901s ]
[ sql ] [ SQL ] SHOW COLUMNS FROM `tp_visit_log` [ RunTime:0.001081s ]
[ sql ] [ SQL ] SELECT * FROM `tp_visit_log` WHERE  `ip` = '42.236.10.91'  AND `type` = 'pc'  AND `client` = 'Chrome'  AND `time` > 1558316707 LIMIT 1 [ RunTime:0.000373s ]
[ sql ] [ SQL ] INSERT INTO `tp_visit_log` (`ip` , `time` , `client` , `type`) VALUES ('42.236.10.91' , 1558317607 , 'Chrome' , 'pc') [ RunTime:0.001160s ]
[ sql ] [ SQL ] SHOW COLUMNS FROM `tp_visit_count` [ RunTime:0.000886s ]
[ sql ] [ SQL ] SELECT * FROM `tp_visit_count` WHERE  `time` >= 1558281600 LIMIT 1 [ RunTime:0.001036s ]
[ sql ] [ SQL ] UPDATE `tp_visit_count`  SET `count`=6,`pc`=6,`mobile`=0  WHERE  `time` >= 1558281600 [ RunTime:0.000741s ]
[ sql ] [ SQL ] SELECT * FROM `tp_system` [ RunTime:0.000549s ]
[ sql ] [ SQL ] SELECT * FROM `tp_visit_log` WHERE  `ip` = '42.236.10.91'  AND `type` = 'pc'  AND `client` = 'Chrome'  AND `time` > 1558316707 LIMIT 1 [ RunTime:0.001282s ]
[ sql ] [ SQL ] SHOW COLUMNS FROM `tp_article` [ RunTime:0.001939s ]
[ sql ] [ SQL ] SELECT * FROM `tp_article` WHERE  `cate_id` = 8  AND `status` = 1 LIMIT 5 [ RunTime:0.001329s ]
[ sql ] [ SQL ] SELECT * FROM `tp_article` WHERE  `id` = 11 LIMIT 1 [ RunTime:0.001125s ]
[ sql ] [ SQL ] SELECT * FROM `tp_cate` WHERE  `status` = 1  AND `pid` = 1 ORDER BY `sort` ASC [ RunTime:0.006108s ]
---------------------------------------------------------------
[ 2019-05-20T10:00:07+08:00 ] 42.236.10.72 GET www.jisitech.com/category/3.html
[运行时间：0.195826s] [吞吐率：5.11req/s] [内存消耗：2,780.85kb] [文件加载：63]
[ info ] [ CACHE ] INIT File
[ info ] [ BEHAVIOR ] Run Closure @app_init [ RunTime:0.001480s ]
[ info ] [ LANG ] /www/wwwroot/www.jisitech.com/thinkphp/lang/zh-cn.php
[ info ] [ ROUTE ] array (
  'type' => 'module',
  'module' => 
  array (
    0 => 'index',
    1 => 'index',
    2 => 'category',
  ),
  'convert' => false,
)
[ info ] [ HEADER ] array (
  'user-agent' => 'Mozilla/5.0 (Windows NT 6.1; WOW64) AppleWebKit/537.36 (KHTML, like Gecko) Chrome/50.0.2661.102 Safari/537.36; 360Spider',
  'connection' => 'Keep-Alive',
  'accept-language' => 'zh-CN',
  'accept' => '*/*',
  'cookie' => '',
  'referer' => 'http://www.jisitech.com/category/3.html',
  'accept-encoding' => 'deflate, gzip',
  'host' => 'www.jisitech.com',
)
[ info ] [ PARAM ] array (
  '/category/3_html' => '',
  'id' => '3',
)
[ info ] [ LANG ] /www/wwwroot/www.jisitech.com/./application/index/lang/zh-cn.php
[ info ] [ DB ] INIT mysql
[ info ] [ BEHAVIOR ] Run Closure @action_begin [ RunTime:0.000127s ]
[ info ] [ RUN ] app\index\controller\Index->category[ /www/wwwroot/www.jisitech.com/application/index/controller/Index.php ]
[ info ] [ VIEW ] /www/wwwroot/www.jisitech.com/./application/index/view/index/category.html [ array (
  0 => 'cate_list',
  1 => 'sys_cate_list',
  2 => 'config',
  3 => 'top_new',
  4 => 'info',
  5 => 'pinfo',
  6 => 'current',
) ]
[ info ] [ LOG ] INIT File
[ sql ] [ DB ] CONNECT:[ UseTime:0.043377s ] mysql:host=127.0.0.1;dbname=www_jisitech_com;charset=utf8
[ sql ] [ SQL ] SHOW COLUMNS FROM `tp_cate` [ RunTime:0.000936s ]
[ sql ] [ SQL ] SELECT * FROM `tp_cate` WHERE  `pid` = 0  AND `status` = 1 [ RunTime:0.001180s ]
[ sql ] [ SQL ] SELECT * FROM `tp_cate` WHERE  `pid` = 75  AND `status` = 1 [ RunTime:0.000898s ]
[ sql ] [ SQL ] SHOW COLUMNS FROM `tp_system` [ RunTime:0.001254s ]
[ sql ] [ SQL ] SELECT * FROM `tp_system` [ RunTime:0.000751s ]
[ sql ] [ SQL ] SHOW COLUMNS FROM `tp_visit_log` [ RunTime:0.001005s ]
[ sql ] [ SQL ] SELECT * FROM `tp_visit_log` WHERE  `ip` = '42.236.10.72'  AND `type` = 'pc'  AND `client` = 'Chrome'  AND `time` > 1558316707 LIMIT 1 [ RunTime:0.000724s ]
[ sql ] [ SQL ] INSERT INTO `tp_visit_log` (`ip` , `time` , `client` , `type`) VALUES ('42.236.10.72' , 1558317607 , 'Chrome' , 'pc') [ RunTime:0.000612s ]
[ sql ] [ SQL ] SHOW COLUMNS FROM `tp_visit_count` [ RunTime:0.000644s ]
[ sql ] [ SQL ] SELECT * FROM `tp_visit_count` WHERE  `time` >= 1558281600 LIMIT 1 [ RunTime:0.001388s ]
[ sql ] [ SQL ] UPDATE `tp_visit_count`  SET `count`=7,`pc`=7,`mobile`=0  WHERE  `time` >= 1558281600 [ RunTime:0.000279s ]
[ sql ] [ SQL ] SELECT * FROM `tp_system` [ RunTime:0.000195s ]
[ sql ] [ SQL ] SELECT * FROM `tp_visit_log` WHERE  `ip` = '42.236.10.72'  AND `type` = 'pc'  AND `client` = 'Chrome'  AND `time` > 1558316707 LIMIT 1 [ RunTime:0.001178s ]
[ sql ] [ SQL ] SHOW COLUMNS FROM `tp_article` [ RunTime:0.001511s ]
[ sql ] [ SQL ] SELECT * FROM `tp_article` WHERE  `cate_id` = 8  AND `status` = 1 LIMIT 5 [ RunTime:0.002068s ]
[ sql ] [ SQL ] SELECT * FROM `tp_cate` WHERE  `id` = 3  AND `status` = 1 LIMIT 1 [ RunTime:0.001483s ]
[ sql ] [ SQL ] SELECT * FROM `tp_cate` WHERE  `id` = 1  AND `status` = 1 LIMIT 1 [ RunTime:0.000713s ]
[ sql ] [ SQL ] SELECT * FROM `tp_cate` WHERE  `status` = 1  AND `pid` = 1 ORDER BY `sort` ASC [ RunTime:0.007419s ]
---------------------------------------------------------------
[ 2019-05-20T10:00:07+08:00 ] 42.236.10.76 GET www.jisitech.com/article/7.html
[运行时间：0.325926s] [吞吐率：3.07req/s] [内存消耗：2,785.85kb] [文件加载：63]
[ info ] [ CACHE ] INIT File
[ info ] [ BEHAVIOR ] Run Closure @app_init [ RunTime:0.001829s ]
[ info ] [ LANG ] /www/wwwroot/www.jisitech.com/thinkphp/lang/zh-cn.php
[ info ] [ ROUTE ] array (
  'type' => 'module',
  'module' => 
  array (
    0 => 'index',
    1 => 'index',
    2 => 'article',
  ),
  'convert' => false,
)
[ info ] [ HEADER ] array (
  'user-agent' => 'Mozilla/5.0 (Windows NT 6.1; WOW64) AppleWebKit/537.36 (KHTML, like Gecko) Chrome/50.0.2661.102 Safari/537.36; 360Spider',
  'connection' => 'Keep-Alive',
  'accept-language' => 'zh-CN',
  'accept' => '*/*',
  'cookie' => '',
  'referer' => 'http://www.jisitech.com/article/7.html',
  'accept-encoding' => 'deflate, gzip',
  'host' => 'www.jisitech.com',
)
[ info ] [ PARAM ] array (
  '/article/7_html' => '',
  'id' => '7',
)
[ info ] [ LANG ] /www/wwwroot/www.jisitech.com/./application/index/lang/zh-cn.php
[ info ] [ DB ] INIT mysql
[ info ] [ BEHAVIOR ] Run Closure @action_begin [ RunTime:0.000219s ]
[ info ] [ RUN ] app\index\controller\Index->article[ /www/wwwroot/www.jisitech.com/application/index/controller/Index.php ]
[ info ] [ VIEW ] /www/wwwroot/www.jisitech.com/./application/index/view/index/article.html [ array (
  0 => 'cate_list',
  1 => 'sys_cate_list',
  2 => 'config',
  3 => 'top_new',
  4 => 'info',
  5 => 'current',
) ]
[ info ] [ LOG ] INIT File
[ sql ] [ DB ] CONNECT:[ UseTime:0.061933s ] mysql:host=127.0.0.1;dbname=www_jisitech_com;charset=utf8
[ sql ] [ SQL ] SHOW COLUMNS FROM `tp_cate` [ RunTime:0.001578s ]
[ sql ] [ SQL ] SELECT * FROM `tp_cate` WHERE  `pid` = 0  AND `status` = 1 [ RunTime:0.000304s ]
[ sql ] [ SQL ] SELECT * FROM `tp_cate` WHERE  `pid` = 75  AND `status` = 1 [ RunTime:0.000566s ]
[ sql ] [ SQL ] SHOW COLUMNS FROM `tp_system` [ RunTime:0.001893s ]
[ sql ] [ SQL ] SELECT * FROM `tp_system` [ RunTime:0.000656s ]
[ sql ] [ SQL ] SHOW COLUMNS FROM `tp_visit_log` [ RunTime:0.003197s ]
[ sql ] [ SQL ] SELECT * FROM `tp_visit_log` WHERE  `ip` = '42.236.10.76'  AND `type` = 'pc'  AND `client` = 'Chrome'  AND `time` > 1558316707 LIMIT 1 [ RunTime:0.000618s ]
[ sql ] [ SQL ] INSERT INTO `tp_visit_log` (`ip` , `time` , `client` , `type`) VALUES ('42.236.10.76' , 1558317607 , 'Chrome' , 'pc') [ RunTime:0.000592s ]
[ sql ] [ SQL ] SHOW COLUMNS FROM `tp_visit_count` [ RunTime:0.002738s ]
[ sql ] [ SQL ] SELECT * FROM `tp_visit_count` WHERE  `time` >= 1558281600 LIMIT 1 [ RunTime:0.002530s ]
[ sql ] [ SQL ] UPDATE `tp_visit_count`  SET `count`=8,`pc`=8,`mobile`=0  WHERE  `time` >= 1558281600 [ RunTime:0.000883s ]
[ sql ] [ SQL ] SELECT * FROM `tp_system` [ RunTime:0.000819s ]
[ sql ] [ SQL ] SELECT * FROM `tp_visit_log` WHERE  `ip` = '42.236.10.76'  AND `type` = 'pc'  AND `client` = 'Chrome'  AND `time` > 1558316707 LIMIT 1 [ RunTime:0.002944s ]
[ sql ] [ SQL ] SHOW COLUMNS FROM `tp_article` [ RunTime:0.013334s ]
[ sql ] [ SQL ] SELECT * FROM `tp_article` WHERE  `cate_id` = 8  AND `status` = 1 LIMIT 5 [ RunTime:0.001226s ]
[ sql ] [ SQL ] SELECT * FROM `tp_article` WHERE  `id` = 7 LIMIT 1 [ RunTime:0.001320s ]
[ sql ] [ SQL ] SELECT * FROM `tp_cate` WHERE  `status` = 1  AND `pid` = 1 ORDER BY `sort` ASC [ RunTime:0.006225s ]
---------------------------------------------------------------
[ 2019-05-20T10:00:07+08:00 ] 42.236.10.69 GET www.jisitech.com/category/4.html
[运行时间：0.289458s] [吞吐率：3.45req/s] [内存消耗：2,780.85kb] [文件加载：63]
[ info ] [ CACHE ] INIT File
[ info ] [ BEHAVIOR ] Run Closure @app_init [ RunTime:0.001456s ]
[ info ] [ LANG ] /www/wwwroot/www.jisitech.com/thinkphp/lang/zh-cn.php
[ info ] [ ROUTE ] array (
  'type' => 'module',
  'module' => 
  array (
    0 => 'index',
    1 => 'index',
    2 => 'category',
  ),
  'convert' => false,
)
[ info ] [ HEADER ] array (
  'user-agent' => 'Mozilla/5.0 (Windows NT 6.1; WOW64) AppleWebKit/537.36 (KHTML, like Gecko) Chrome/50.0.2661.102 Safari/537.36; 360Spider',
  'connection' => 'Keep-Alive',
  'accept-language' => 'zh-CN',
  'accept' => '*/*',
  'cookie' => '',
  'referer' => 'http://www.jisitech.com/category/4.html',
  'accept-encoding' => 'deflate, gzip',
  'host' => 'www.jisitech.com',
)
[ info ] [ PARAM ] array (
  '/category/4_html' => '',
  'id' => '4',
)
[ info ] [ LANG ] /www/wwwroot/www.jisitech.com/./application/index/lang/zh-cn.php
[ info ] [ DB ] INIT mysql
[ info ] [ BEHAVIOR ] Run Closure @action_begin [ RunTime:0.000135s ]
[ info ] [ RUN ] app\index\controller\Index->category[ /www/wwwroot/www.jisitech.com/application/index/controller/Index.php ]
[ info ] [ VIEW ] /www/wwwroot/www.jisitech.com/./application/index/view/index/category.html [ array (
  0 => 'cate_list',
  1 => 'sys_cate_list',
  2 => 'config',
  3 => 'top_new',
  4 => 'info',
  5 => 'pinfo',
  6 => 'current',
) ]
[ info ] [ LOG ] INIT File
[ sql ] [ DB ] CONNECT:[ UseTime:0.057888s ] mysql:host=127.0.0.1;dbname=www_jisitech_com;charset=utf8
[ sql ] [ SQL ] SHOW COLUMNS FROM `tp_cate` [ RunTime:0.002979s ]
[ sql ] [ SQL ] SELECT * FROM `tp_cate` WHERE  `pid` = 0  AND `status` = 1 [ RunTime:0.001483s ]
[ sql ] [ SQL ] SELECT * FROM `tp_cate` WHERE  `pid` = 75  AND `status` = 1 [ RunTime:0.000845s ]
[ sql ] [ SQL ] SHOW COLUMNS FROM `tp_system` [ RunTime:0.004510s ]
[ sql ] [ SQL ] SELECT * FROM `tp_system` [ RunTime:0.000585s ]
[ sql ] [ SQL ] SHOW COLUMNS FROM `tp_visit_log` [ RunTime:0.001117s ]
[ sql ] [ SQL ] SELECT * FROM `tp_visit_log` WHERE  `ip` = '42.236.10.69'  AND `type` = 'pc'  AND `client` = 'Chrome'  AND `time` > 1558316707 LIMIT 1 [ RunTime:0.000795s ]
[ sql ] [ SQL ] INSERT INTO `tp_visit_log` (`ip` , `time` , `client` , `type`) VALUES ('42.236.10.69' , 1558317607 , 'Chrome' , 'pc') [ RunTime:0.002083s ]
[ sql ] [ SQL ] SHOW COLUMNS FROM `tp_visit_count` [ RunTime:0.001368s ]
[ sql ] [ SQL ] SELECT * FROM `tp_visit_count` WHERE  `time` >= 1558281600 LIMIT 1 [ RunTime:0.000260s ]
[ sql ] [ SQL ] UPDATE `tp_visit_count`  SET `count`=9,`pc`=9,`mobile`=0  WHERE  `time` >= 1558281600 [ RunTime:0.012718s ]
[ sql ] [ SQL ] SELECT * FROM `tp_system` [ RunTime:0.000401s ]
[ sql ] [ SQL ] SELECT * FROM `tp_visit_log` WHERE  `ip` = '42.236.10.69'  AND `type` = 'pc'  AND `client` = 'Chrome'  AND `time` > 1558316707 LIMIT 1 [ RunTime:0.001013s ]
[ sql ] [ SQL ] SHOW COLUMNS FROM `tp_article` [ RunTime:0.002091s ]
[ sql ] [ SQL ] SELECT * FROM `tp_article` WHERE  `cate_id` = 8  AND `status` = 1 LIMIT 5 [ RunTime:0.000314s ]
[ sql ] [ SQL ] SELECT * FROM `tp_cate` WHERE  `id` = 4  AND `status` = 1 LIMIT 1 [ RunTime:0.004314s ]
[ sql ] [ SQL ] SELECT * FROM `tp_cate` WHERE  `id` = 1  AND `status` = 1 LIMIT 1 [ RunTime:0.005670s ]
[ sql ] [ SQL ] SELECT * FROM `tp_cate` WHERE  `status` = 1  AND `pid` = 1 ORDER BY `sort` ASC [ RunTime:0.013750s ]
---------------------------------------------------------------
[ 2019-05-20T10:00:07+08:00 ] 42.236.10.69 GET www.jisitech.com/category/12.html
[运行时间：0.290227s] [吞吐率：3.45req/s] [内存消耗：2,774.61kb] [文件加载：63]
[ info ] [ CACHE ] INIT File
[ info ] [ BEHAVIOR ] Run Closure @app_init [ RunTime:0.001966s ]
[ info ] [ LANG ] /www/wwwroot/www.jisitech.com/thinkphp/lang/zh-cn.php
[ info ] [ ROUTE ] array (
  'type' => 'module',
  'module' => 
  array (
    0 => 'index',
    1 => 'index',
    2 => 'category',
  ),
  'convert' => false,
)
[ info ] [ HEADER ] array (
  'user-agent' => 'Mozilla/5.0 (Windows NT 6.1; WOW64) AppleWebKit/537.36 (KHTML, like Gecko) Chrome/50.0.2661.102 Safari/537.36; 360Spider',
  'connection' => 'Keep-Alive',
  'accept-language' => 'zh-CN',
  'accept' => '*/*',
  'cookie' => '',
  'referer' => 'http://www.jisitech.com/category/12.html',
  'accept-encoding' => 'deflate, gzip',
  'host' => 'www.jisitech.com',
)
[ info ] [ PARAM ] array (
  '/category/12_html' => '',
  'id' => '12',
)
[ info ] [ LANG ] /www/wwwroot/www.jisitech.com/./application/index/lang/zh-cn.php
[ info ] [ DB ] INIT mysql
[ info ] [ BEHAVIOR ] Run Closure @action_begin [ RunTime:0.000200s ]
[ info ] [ RUN ] app\index\controller\Index->category[ /www/wwwroot/www.jisitech.com/application/index/controller/Index.php ]
[ info ] [ VIEW ] /www/wwwroot/www.jisitech.com/./application/index/view/index/category.html [ array (
  0 => 'cate_list',
  1 => 'sys_cate_list',
  2 => 'config',
  3 => 'top_new',
  4 => 'info',
  5 => 'pinfo',
  6 => 'current',
) ]
[ info ] [ LOG ] INIT File
[ sql ] [ DB ] CONNECT:[ UseTime:0.075938s ] mysql:host=127.0.0.1;dbname=www_jisitech_com;charset=utf8
[ sql ] [ SQL ] SHOW COLUMNS FROM `tp_cate` [ RunTime:0.005738s ]
[ sql ] [ SQL ] SELECT * FROM `tp_cate` WHERE  `pid` = 0  AND `status` = 1 [ RunTime:0.005438s ]
[ sql ] [ SQL ] SELECT * FROM `tp_cate` WHERE  `pid` = 75  AND `status` = 1 [ RunTime:0.001701s ]
[ sql ] [ SQL ] SHOW COLUMNS FROM `tp_system` [ RunTime:0.005869s ]
[ sql ] [ SQL ] SELECT * FROM `tp_system` [ RunTime:0.005517s ]
[ sql ] [ SQL ] SHOW COLUMNS FROM `tp_visit_log` [ RunTime:0.003552s ]
[ sql ] [ SQL ] SELECT * FROM `tp_visit_log` WHERE  `ip` = '42.236.10.69'  AND `type` = 'pc'  AND `client` = 'Chrome'  AND `time` > 1558316707 LIMIT 1 [ RunTime:0.003881s ]
[ sql ] [ SQL ] SELECT * FROM `tp_system` [ RunTime:0.000710s ]
[ sql ] [ SQL ] SELECT * FROM `tp_visit_log` WHERE  `ip` = '42.236.10.69'  AND `type` = 'pc'  AND `client` = 'Chrome'  AND `time` > 1558316707 LIMIT 1 [ RunTime:0.001019s ]
[ sql ] [ SQL ] SHOW COLUMNS FROM `tp_article` [ RunTime:0.005608s ]
[ sql ] [ SQL ] SELECT * FROM `tp_article` WHERE  `cate_id` = 8  AND `status` = 1 LIMIT 5 [ RunTime:0.003242s ]
[ sql ] [ SQL ] SELECT * FROM `tp_cate` WHERE  `id` = 12  AND `status` = 1 LIMIT 1 [ RunTime:0.002520s ]
[ sql ] [ SQL ] SELECT * FROM `tp_cate` WHERE  `id` = 1  AND `status` = 1 LIMIT 1 [ RunTime:0.003999s ]
[ sql ] [ SQL ] SELECT * FROM `tp_cate` WHERE  `status` = 1  AND `pid` = 1 ORDER BY `sort` ASC [ RunTime:0.000956s ]
---------------------------------------------------------------
[ 2019-05-20T10:00:07+08:00 ] 42.236.10.113 GET www.jisitech.com/article/8.html
[运行时间：0.366665s] [吞吐率：2.73req/s] [内存消耗：2,789.99kb] [文件加载：63]
[ info ] [ CACHE ] INIT File
[ info ] [ BEHAVIOR ] Run Closure @app_init [ RunTime:0.112649s ]
[ info ] [ LANG ] /www/wwwroot/www.jisitech.com/thinkphp/lang/zh-cn.php
[ info ] [ ROUTE ] array (
  'type' => 'module',
  'module' => 
  array (
    0 => 'index',
    1 => 'index',
    2 => 'article',
  ),
  'convert' => false,
)
[ info ] [ HEADER ] array (
  'user-agent' => 'Mozilla/5.0 (Windows NT 6.1; WOW64) AppleWebKit/537.36 (KHTML, like Gecko) Chrome/50.4.2661.102 Safari/537.36; 360Spider',
  'connection' => 'Keep-Alive',
  'accept-language' => 'zh-CN',
  'accept' => '*/*',
  'cookie' => '',
  'referer' => 'http://www.jisitech.com/article/8.html',
  'accept-encoding' => 'deflate, gzip',
  'host' => 'www.jisitech.com',
)
[ info ] [ PARAM ] array (
  '/article/8_html' => '',
  'id' => '8',
)
[ info ] [ LANG ] /www/wwwroot/www.jisitech.com/./application/index/lang/zh-cn.php
[ info ] [ DB ] INIT mysql
[ info ] [ BEHAVIOR ] Run Closure @action_begin [ RunTime:0.000186s ]
[ info ] [ RUN ] app\index\controller\Index->article[ /www/wwwroot/www.jisitech.com/application/index/controller/Index.php ]
[ info ] [ VIEW ] /www/wwwroot/www.jisitech.com/./application/index/view/index/article.html [ array (
  0 => 'cate_list',
  1 => 'sys_cate_list',
  2 => 'config',
  3 => 'top_new',
  4 => 'info',
  5 => 'current',
) ]
[ info ] [ LOG ] INIT File
[ sql ] [ DB ] CONNECT:[ UseTime:0.081868s ] mysql:host=127.0.0.1;dbname=www_jisitech_com;charset=utf8
[ sql ] [ SQL ] SHOW COLUMNS FROM `tp_cate` [ RunTime:0.005830s ]
[ sql ] [ SQL ] SELECT * FROM `tp_cate` WHERE  `pid` = 0  AND `status` = 1 [ RunTime:0.004764s ]
[ sql ] [ SQL ] SELECT * FROM `tp_cate` WHERE  `pid` = 75  AND `status` = 1 [ RunTime:0.002443s ]
[ sql ] [ SQL ] SHOW COLUMNS FROM `tp_system` [ RunTime:0.005809s ]
[ sql ] [ SQL ] SELECT * FROM `tp_system` [ RunTime:0.006486s ]
[ sql ] [ SQL ] SHOW COLUMNS FROM `tp_visit_log` [ RunTime:0.002626s ]
[ sql ] [ SQL ] SELECT * FROM `tp_visit_log` WHERE  `ip` = '42.236.10.113'  AND `type` = 'pc'  AND `client` = 'Chrome'  AND `time` > 1558316707 LIMIT 1 [ RunTime:0.002831s ]
[ sql ] [ SQL ] INSERT INTO `tp_visit_log` (`ip` , `time` , `client` , `type`) VALUES ('42.236.10.113' , 1558317607 , 'Chrome' , 'pc') [ RunTime:0.002166s ]
[ sql ] [ SQL ] SHOW COLUMNS FROM `tp_visit_count` [ RunTime:0.005434s ]
[ sql ] [ SQL ] SELECT * FROM `tp_visit_count` WHERE  `time` >= 1558281600 LIMIT 1 [ RunTime:0.002695s ]
[ sql ] [ SQL ] UPDATE `tp_visit_count`  SET `count`=10,`pc`=10,`mobile`=0  WHERE  `time` >= 1558281600 [ RunTime:0.001455s ]
[ sql ] [ SQL ] SELECT * FROM `tp_system` [ RunTime:0.001998s ]
[ sql ] [ SQL ] SELECT * FROM `tp_visit_log` WHERE  `ip` = '42.236.10.113'  AND `type` = 'pc'  AND `client` = 'Chrome'  AND `time` > 1558316707 LIMIT 1 [ RunTime:0.002135s ]
[ sql ] [ SQL ] SHOW COLUMNS FROM `tp_article` [ RunTime:0.012607s ]
[ sql ] [ SQL ] SELECT * FROM `tp_article` WHERE  `cate_id` = 8  AND `status` = 1 LIMIT 5 [ RunTime:0.004942s ]
[ sql ] [ SQL ] SELECT * FROM `tp_article` WHERE  `id` = 8 LIMIT 1 [ RunTime:0.003341s ]
[ sql ] [ SQL ] SELECT * FROM `tp_cate` WHERE  `status` = 1  AND `pid` = 1 ORDER BY `sort` ASC [ RunTime:0.005307s ]
---------------------------------------------------------------
[ 2019-05-20T10:00:07+08:00 ] 42.236.10.88 GET www.jisitech.com/article/6.html
[运行时间：0.358175s] [吞吐率：2.79req/s] [内存消耗：2,789.99kb] [文件加载：63]
[ info ] [ CACHE ] INIT File
[ info ] [ BEHAVIOR ] Run Closure @app_init [ RunTime:0.001920s ]
[ info ] [ LANG ] /www/wwwroot/www.jisitech.com/thinkphp/lang/zh-cn.php
[ info ] [ ROUTE ] array (
  'type' => 'module',
  'module' => 
  array (
    0 => 'index',
    1 => 'index',
    2 => 'article',
  ),
  'convert' => false,
)
[ info ] [ HEADER ] array (
  'user-agent' => 'Mozilla/5.0 (Windows NT 6.1; WOW64) AppleWebKit/537.36 (KHTML, like Gecko) Chrome/50.4.2661.102 Safari/537.36; 360Spider',
  'connection' => 'Keep-Alive',
  'accept-language' => 'zh-CN',
  'accept' => '*/*',
  'cookie' => '',
  'referer' => 'http://www.jisitech.com/article/6.html',
  'accept-encoding' => 'deflate, gzip',
  'host' => 'www.jisitech.com',
)
[ info ] [ PARAM ] array (
  '/article/6_html' => '',
  'id' => '6',
)
[ info ] [ LANG ] /www/wwwroot/www.jisitech.com/./application/index/lang/zh-cn.php
[ info ] [ DB ] INIT mysql
[ info ] [ BEHAVIOR ] Run Closure @action_begin [ RunTime:0.000202s ]
[ info ] [ RUN ] app\index\controller\Index->article[ /www/wwwroot/www.jisitech.com/application/index/controller/Index.php ]
[ info ] [ VIEW ] /www/wwwroot/www.jisitech.com/./application/index/view/index/article.html [ array (
  0 => 'cate_list',
  1 => 'sys_cate_list',
  2 => 'config',
  3 => 'top_new',
  4 => 'info',
  5 => 'current',
) ]
[ info ] [ LOG ] INIT File
[ sql ] [ DB ] CONNECT:[ UseTime:0.064873s ] mysql:host=127.0.0.1;dbname=www_jisitech_com;charset=utf8
[ sql ] [ SQL ] SHOW COLUMNS FROM `tp_cate` [ RunTime:0.007349s ]
[ sql ] [ SQL ] SELECT * FROM `tp_cate` WHERE  `pid` = 0  AND `status` = 1 [ RunTime:0.004830s ]
[ sql ] [ SQL ] SELECT * FROM `tp_cate` WHERE  `pid` = 75  AND `status` = 1 [ RunTime:0.001214s ]
[ sql ] [ SQL ] SHOW COLUMNS FROM `tp_system` [ RunTime:0.007805s ]
[ sql ] [ SQL ] SELECT * FROM `tp_system` [ RunTime:0.006071s ]
[ sql ] [ SQL ] SHOW COLUMNS FROM `tp_visit_log` [ RunTime:0.002436s ]
[ sql ] [ SQL ] SELECT * FROM `tp_visit_log` WHERE  `ip` = '42.236.10.88'  AND `type` = 'pc'  AND `client` = 'Chrome'  AND `time` > 1558316707 LIMIT 1 [ RunTime:0.002544s ]
[ sql ] [ SQL ] INSERT INTO `tp_visit_log` (`ip` , `time` , `client` , `type`) VALUES ('42.236.10.88' , 1558317607 , 'Chrome' , 'pc') [ RunTime:0.002989s ]
[ sql ] [ SQL ] SHOW COLUMNS FROM `tp_visit_count` [ RunTime:0.004517s ]
[ sql ] [ SQL ] SELECT * FROM `tp_visit_count` WHERE  `time` >= 1558281600 LIMIT 1 [ RunTime:0.002633s ]
[ sql ] [ SQL ] UPDATE `tp_visit_count`  SET `count`=10,`pc`=10,`mobile`=0  WHERE  `time` >= 1558281600 [ RunTime:0.000831s ]
[ sql ] [ SQL ] SELECT * FROM `tp_system` [ RunTime:0.001938s ]
[ sql ] [ SQL ] SELECT * FROM `tp_visit_log` WHERE  `ip` = '42.236.10.88'  AND `type` = 'pc'  AND `client` = 'Chrome'  AND `time` > 1558316707 LIMIT 1 [ RunTime:0.004308s ]
[ sql ] [ SQL ] SHOW COLUMNS FROM `tp_article` [ RunTime:0.011936s ]
[ sql ] [ SQL ] SELECT * FROM `tp_article` WHERE  `cate_id` = 8  AND `status` = 1 LIMIT 5 [ RunTime:0.003805s ]
[ sql ] [ SQL ] SELECT * FROM `tp_article` WHERE  `id` = 6 LIMIT 1 [ RunTime:0.001490s ]
[ sql ] [ SQL ] SELECT * FROM `tp_cate` WHERE  `status` = 1  AND `pid` = 1 ORDER BY `sort` ASC [ RunTime:0.002740s ]
---------------------------------------------------------------
[ 2019-05-20T10:00:07+08:00 ] 42.236.10.123 GET www.jisitech.com/article/1.html
[运行时间：0.337557s] [吞吐率：2.96req/s] [内存消耗：2,785.85kb] [文件加载：63]
[ info ] [ CACHE ] INIT File
[ info ] [ BEHAVIOR ] Run Closure @app_init [ RunTime:0.002107s ]
[ info ] [ LANG ] /www/wwwroot/www.jisitech.com/thinkphp/lang/zh-cn.php
[ info ] [ ROUTE ] array (
  'type' => 'module',
  'module' => 
  array (
    0 => 'index',
    1 => 'index',
    2 => 'article',
  ),
  'convert' => false,
)
[ info ] [ HEADER ] array (
  'user-agent' => 'Mozilla/5.0 (Windows NT 6.1; WOW64) AppleWebKit/537.36 (KHTML, like Gecko) Chrome/50.0.2661.102 Safari/537.36; 360Spider',
  'connection' => 'Keep-Alive',
  'accept-language' => 'zh-CN',
  'accept' => '*/*',
  'cookie' => '',
  'referer' => 'http://www.jisitech.com/article/1.html',
  'accept-encoding' => 'deflate, gzip',
  'host' => 'www.jisitech.com',
)
[ info ] [ PARAM ] array (
  '/article/1_html' => '',
  'id' => '1',
)
[ info ] [ LANG ] /www/wwwroot/www.jisitech.com/./application/index/lang/zh-cn.php
[ info ] [ DB ] INIT mysql
[ info ] [ BEHAVIOR ] Run Closure @action_begin [ RunTime:0.000225s ]
[ info ] [ RUN ] app\index\controller\Index->article[ /www/wwwroot/www.jisitech.com/application/index/controller/Index.php ]
[ info ] [ VIEW ] /www/wwwroot/www.jisitech.com/./application/index/view/index/article.html [ array (
  0 => 'cate_list',
  1 => 'sys_cate_list',
  2 => 'config',
  3 => 'top_new',
  4 => 'info',
  5 => 'current',
) ]
[ info ] [ LOG ] INIT File
[ sql ] [ DB ] CONNECT:[ UseTime:0.083383s ] mysql:host=127.0.0.1;dbname=www_jisitech_com;charset=utf8
[ sql ] [ SQL ] SHOW COLUMNS FROM `tp_cate` [ RunTime:0.005305s ]
[ sql ] [ SQL ] SELECT * FROM `tp_cate` WHERE  `pid` = 0  AND `status` = 1 [ RunTime:0.006616s ]
[ sql ] [ SQL ] SELECT * FROM `tp_cate` WHERE  `pid` = 75  AND `status` = 1 [ RunTime:0.001575s ]
[ sql ] [ SQL ] SHOW COLUMNS FROM `tp_system` [ RunTime:0.006995s ]
[ sql ] [ SQL ] SELECT * FROM `tp_system` [ RunTime:0.005364s ]
[ sql ] [ SQL ] SHOW COLUMNS FROM `tp_visit_log` [ RunTime:0.003550s ]
[ sql ] [ SQL ] SELECT * FROM `tp_visit_log` WHERE  `ip` = '42.236.10.123'  AND `type` = 'pc'  AND `client` = 'Chrome'  AND `time` > 1558316707 LIMIT 1 [ RunTime:0.002061s ]
[ sql ] [ SQL ] INSERT INTO `tp_visit_log` (`ip` , `time` , `client` , `type`) VALUES ('42.236.10.123' , 1558317607 , 'Chrome' , 'pc') [ RunTime:0.002337s ]
[ sql ] [ SQL ] SHOW COLUMNS FROM `tp_visit_count` [ RunTime:0.005479s ]
[ sql ] [ SQL ] SELECT * FROM `tp_visit_count` WHERE  `time` >= 1558281600 LIMIT 1 [ RunTime:0.002407s ]
[ sql ] [ SQL ] UPDATE `tp_visit_count`  SET `count`=10,`pc`=10,`mobile`=0  WHERE  `time` >= 1558281600 [ RunTime:0.001432s ]
[ sql ] [ SQL ] SELECT * FROM `tp_system` [ RunTime:0.001477s ]
[ sql ] [ SQL ] SELECT * FROM `tp_visit_log` WHERE  `ip` = '42.236.10.123'  AND `type` = 'pc'  AND `client` = 'Chrome'  AND `time` > 1558316707 LIMIT 1 [ RunTime:0.003693s ]
[ sql ] [ SQL ] SHOW COLUMNS FROM `tp_article` [ RunTime:0.012566s ]
[ sql ] [ SQL ] SELECT * FROM `tp_article` WHERE  `cate_id` = 8  AND `status` = 1 LIMIT 5 [ RunTime:0.003170s ]
[ sql ] [ SQL ] SELECT * FROM `tp_article` WHERE  `id` = 1 LIMIT 1 [ RunTime:0.005166s ]
[ sql ] [ SQL ] SELECT * FROM `tp_cate` WHERE  `status` = 1  AND `pid` = 1 ORDER BY `sort` ASC [ RunTime:0.002359s ]
---------------------------------------------------------------
[ 2019-05-20T10:00:07+08:00 ] 42.236.10.90 GET www.jisitech.com/news
[运行时间：0.380310s] [吞吐率：2.63req/s] [内存消耗：2,999.65kb] [文件加载：67]
[ info ] [ CACHE ] INIT File
[ info ] [ BEHAVIOR ] Run Closure @app_init [ RunTime:0.001407s ]
[ info ] [ LANG ] /www/wwwroot/www.jisitech.com/thinkphp/lang/zh-cn.php
[ info ] [ ROUTE ] array (
  'type' => 'module',
  'module' => 
  array (
    0 => 'index',
    1 => 'index',
    2 => 'news',
  ),
  'convert' => false,
)
[ info ] [ HEADER ] array (
  'user-agent' => 'Mozilla/5.0 (Windows NT 6.1; WOW64) AppleWebKit/537.36 (KHTML, like Gecko) Chrome/50.4.2661.102 Safari/537.36; 360Spider',
  'connection' => 'Keep-Alive',
  'accept-language' => 'zh-CN',
  'accept' => '*/*',
  'cookie' => '',
  'referer' => 'http://www.jisitech.com/news',
  'accept-encoding' => 'deflate, gzip',
  'host' => 'www.jisitech.com',
)
[ info ] [ PARAM ] array (
  '/news' => '',
)
[ info ] [ LANG ] /www/wwwroot/www.jisitech.com/./application/index/lang/zh-cn.php
[ info ] [ DB ] INIT mysql
[ info ] [ BEHAVIOR ] Run Closure @action_begin [ RunTime:0.000275s ]
[ info ] [ RUN ] app\index\controller\Index->news[ /www/wwwroot/www.jisitech.com/application/index/controller/Index.php ]
[ info ] [ VIEW ] /www/wwwroot/www.jisitech.com/./application/index/view/index/news.html [ array (
  0 => 'cate_list',
  1 => 'sys_cate_list',
  2 => 'config',
  3 => 'top_new',
  4 => 'info',
  5 => 'support_list',
  6 => 'current',
) ]
[ info ] [ LOG ] INIT File
[ sql ] [ DB ] CONNECT:[ UseTime:0.070707s ] mysql:host=127.0.0.1;dbname=www_jisitech_com;charset=utf8
[ sql ] [ SQL ] SHOW COLUMNS FROM `tp_cate` [ RunTime:0.002105s ]
[ sql ] [ SQL ] SELECT * FROM `tp_cate` WHERE  `pid` = 0  AND `status` = 1 [ RunTime:0.006766s ]
[ sql ] [ SQL ] SELECT * FROM `tp_cate` WHERE  `pid` = 75  AND `status` = 1 [ RunTime:0.003290s ]
[ sql ] [ SQL ] SHOW COLUMNS FROM `tp_system` [ RunTime:0.004626s ]
[ sql ] [ SQL ] SELECT * FROM `tp_system` [ RunTime:0.003899s ]
[ sql ] [ SQL ] SHOW COLUMNS FROM `tp_visit_log` [ RunTime:0.001887s ]
[ sql ] [ SQL ] SELECT * FROM `tp_visit_log` WHERE  `ip` = '42.236.10.90'  AND `type` = 'pc'  AND `client` = 'Chrome'  AND `time` > 1558316707 LIMIT 1 [ RunTime:0.005487s ]
[ sql ] [ SQL ] INSERT INTO `tp_visit_log` (`ip` , `time` , `client` , `type`) VALUES ('42.236.10.90' , 1558317607 , 'Chrome' , 'pc') [ RunTime:0.001889s ]
[ sql ] [ SQL ] SHOW COLUMNS FROM `tp_visit_count` [ RunTime:0.002696s ]
[ sql ] [ SQL ] SELECT * FROM `tp_visit_count` WHERE  `time` >= 1558281600 LIMIT 1 [ RunTime:0.007102s ]
[ sql ] [ SQL ] UPDATE `tp_visit_count`  SET `count`=11,`pc`=11,`mobile`=0  WHERE  `time` >= 1558281600 [ RunTime:0.003467s ]
[ sql ] [ SQL ] SELECT * FROM `tp_system` [ RunTime:0.003926s ]
[ sql ] [ SQL ] SELECT * FROM `tp_visit_log` WHERE  `ip` = '42.236.10.90'  AND `type` = 'pc'  AND `client` = 'Chrome'  AND `time` > 1558316707 LIMIT 1 [ RunTime:0.005947s ]
[ sql ] [ SQL ] SHOW COLUMNS FROM `tp_article` [ RunTime:0.004004s ]
[ sql ] [ SQL ] SELECT * FROM `tp_article` WHERE  `cate_id` = 8  AND `status` = 1 LIMIT 5 [ RunTime:0.022482s ]
[ sql ] [ SQL ] SELECT * FROM `tp_cate` WHERE  `id` = 8  AND `status` = 1 LIMIT 1 [ RunTime:0.005185s ]
[ sql ] [ SQL ] SELECT COUNT(*) AS tp_count FROM `tp_article` WHERE  `cate_id` = 8 LIMIT 1 [ RunTime:0.000321s ]
[ sql ] [ SQL ] SELECT * FROM `tp_article` WHERE  `cate_id` = 8 LIMIT 0,15 [ RunTime:0.000457s ]
[ sql ] [ SQL ] SELECT * FROM `tp_cate` WHERE  `status` = 1  AND `pid` = 1 ORDER BY `sort` ASC [ RunTime:0.000327s ]
---------------------------------------------------------------
[ 2019-05-20T10:00:07+08:00 ] 42.236.10.71 GET www.jisitech.com/category/2.html
[运行时间：0.142438s] [吞吐率：7.02req/s] [内存消耗：2,781.26kb] [文件加载：63]
[ info ] [ CACHE ] INIT File
[ info ] [ BEHAVIOR ] Run Closure @app_init [ RunTime:0.001809s ]
[ info ] [ LANG ] /www/wwwroot/www.jisitech.com/thinkphp/lang/zh-cn.php
[ info ] [ ROUTE ] array (
  'type' => 'module',
  'module' => 
  array (
    0 => 'index',
    1 => 'index',
    2 => 'category',
  ),
  'convert' => false,
)
[ info ] [ HEADER ] array (
  'user-agent' => 'Mozilla/5.0 (Windows NT 6.1; WOW64) AppleWebKit/537.36 (KHTML, like Gecko) Chrome/50.0.2661.102 Safari/537.36; 360Spider',
  'connection' => 'Keep-Alive',
  'accept-language' => 'zh-CN',
  'accept' => '*/*',
  'cookie' => '',
  'referer' => 'http://www.jisitech.com/category/2.html',
  'accept-encoding' => 'deflate, gzip',
  'host' => 'www.jisitech.com',
)
[ info ] [ PARAM ] array (
  '/category/2_html' => '',
  'id' => '2',
)
[ info ] [ LANG ] /www/wwwroot/www.jisitech.com/./application/index/lang/zh-cn.php
[ info ] [ DB ] INIT mysql
[ info ] [ BEHAVIOR ] Run Closure @action_begin [ RunTime:0.000180s ]
[ info ] [ RUN ] app\index\controller\Index->category[ /www/wwwroot/www.jisitech.com/application/index/controller/Index.php ]
[ info ] [ VIEW ] /www/wwwroot/www.jisitech.com/./application/index/view/index/category.html [ array (
  0 => 'cate_list',
  1 => 'sys_cate_list',
  2 => 'config',
  3 => 'top_new',
  4 => 'info',
  5 => 'pinfo',
  6 => 'current',
) ]
[ info ] [ LOG ] INIT File
[ sql ] [ DB ] CONNECT:[ UseTime:0.000324s ] mysql:host=127.0.0.1;dbname=www_jisitech_com;charset=utf8
[ sql ] [ SQL ] SHOW COLUMNS FROM `tp_cate` [ RunTime:0.000879s ]
[ sql ] [ SQL ] SELECT * FROM `tp_cate` WHERE  `pid` = 0  AND `status` = 1 [ RunTime:0.000310s ]
[ sql ] [ SQL ] SELECT * FROM `tp_cate` WHERE  `pid` = 75  AND `status` = 1 [ RunTime:0.000257s ]
[ sql ] [ SQL ] SHOW COLUMNS FROM `tp_system` [ RunTime:0.000754s ]
[ sql ] [ SQL ] SELECT * FROM `tp_system` [ RunTime:0.000216s ]
[ sql ] [ SQL ] SHOW COLUMNS FROM `tp_visit_log` [ RunTime:0.000627s ]
[ sql ] [ SQL ] SELECT * FROM `tp_visit_log` WHERE  `ip` = '42.236.10.71'  AND `type` = 'pc'  AND `client` = 'Chrome'  AND `time` > 1558316707 LIMIT 1 [ RunTime:0.000390s ]
[ sql ] [ SQL ] INSERT INTO `tp_visit_log` (`ip` , `time` , `client` , `type`) VALUES ('42.236.10.71' , 1558317607 , 'Chrome' , 'pc') [ RunTime:0.000278s ]
[ sql ] [ SQL ] SHOW COLUMNS FROM `tp_visit_count` [ RunTime:0.000695s ]
[ sql ] [ SQL ] SELECT * FROM `tp_visit_count` WHERE  `time` >= 1558281600 LIMIT 1 [ RunTime:0.000269s ]
[ sql ] [ SQL ] UPDATE `tp_visit_count`  SET `count`=12,`pc`=12,`mobile`=0  WHERE  `time` >= 1558281600 [ RunTime:0.000277s ]
[ sql ] [ SQL ] SELECT * FROM `tp_system` [ RunTime:0.000192s ]
[ sql ] [ SQL ] SELECT * FROM `tp_visit_log` WHERE  `ip` = '42.236.10.71'  AND `type` = 'pc'  AND `client` = 'Chrome'  AND `time` > 1558316707 LIMIT 1 [ RunTime:0.000399s ]
[ sql ] [ SQL ] SHOW COLUMNS FROM `tp_article` [ RunTime:0.000771s ]
[ sql ] [ SQL ] SELECT * FROM `tp_article` WHERE  `cate_id` = 8  AND `status` = 1 LIMIT 5 [ RunTime:0.000291s ]
[ sql ] [ SQL ] SELECT * FROM `tp_cate` WHERE  `id` = 2  AND `status` = 1 LIMIT 1 [ RunTime:0.000258s ]
[ sql ] [ SQL ] SELECT * FROM `tp_cate` WHERE  `id` = 1  AND `status` = 1 LIMIT 1 [ RunTime:0.000262s ]
[ sql ] [ SQL ] SELECT * FROM `tp_cate` WHERE  `status` = 1  AND `pid` = 1 ORDER BY `sort` ASC [ RunTime:0.000255s ]
---------------------------------------------------------------
[ 2019-05-20T10:00:07+08:00 ] 42.236.10.110 GET www.jisitech.com/support
[运行时间：0.033465s] [吞吐率：29.88req/s] [内存消耗：2,932.93kb] [文件加载：67]
[ info ] [ CACHE ] INIT File
[ info ] [ BEHAVIOR ] Run Closure @app_init [ RunTime:0.001495s ]
[ info ] [ LANG ] /www/wwwroot/www.jisitech.com/thinkphp/lang/zh-cn.php
[ info ] [ ROUTE ] array (
  'type' => 'module',
  'module' => 
  array (
    0 => 'index',
    1 => 'index',
    2 => 'support',
  ),
  'convert' => false,
)
[ info ] [ HEADER ] array (
  'user-agent' => 'Mozilla/5.0 (Windows NT 6.1; WOW64) AppleWebKit/537.36 (KHTML, like Gecko) Chrome/50.0.2661.102 Safari/537.36; 360Spider',
  'connection' => 'Keep-Alive',
  'accept-language' => 'zh-CN',
  'accept' => '*/*',
  'cookie' => '',
  'referer' => 'http://www.jisitech.com/support',
  'accept-encoding' => 'deflate, gzip',
  'host' => 'www.jisitech.com',
)
[ info ] [ PARAM ] array (
  '/support' => '',
)
[ info ] [ LANG ] /www/wwwroot/www.jisitech.com/./application/index/lang/zh-cn.php
[ info ] [ DB ] INIT mysql
[ info ] [ BEHAVIOR ] Run Closure @action_begin [ RunTime:0.000187s ]
[ info ] [ RUN ] app\index\controller\Index->support[ /www/wwwroot/www.jisitech.com/application/index/controller/Index.php ]
[ info ] [ VIEW ] /www/wwwroot/www.jisitech.com/./application/index/view/index/support.html [ array (
  0 => 'cate_list',
  1 => 'sys_cate_list',
  2 => 'config',
  3 => 'top_new',
  4 => 'info',
  5 => 'support_list',
  6 => 'current',
) ]
[ info ] [ LOG ] INIT File
[ sql ] [ DB ] CONNECT:[ UseTime:0.000364s ] mysql:host=127.0.0.1;dbname=www_jisitech_com;charset=utf8
[ sql ] [ SQL ] SHOW COLUMNS FROM `tp_cate` [ RunTime:0.000909s ]
[ sql ] [ SQL ] SELECT * FROM `tp_cate` WHERE  `pid` = 0  AND `status` = 1 [ RunTime:0.000334s ]
[ sql ] [ SQL ] SELECT * FROM `tp_cate` WHERE  `pid` = 75  AND `status` = 1 [ RunTime:0.000252s ]
[ sql ] [ SQL ] SHOW COLUMNS FROM `tp_system` [ RunTime:0.000698s ]
[ sql ] [ SQL ] SELECT * FROM `tp_system` [ RunTime:0.000227s ]
[ sql ] [ SQL ] SHOW COLUMNS FROM `tp_visit_log` [ RunTime:0.000662s ]
[ sql ] [ SQL ] SELECT * FROM `tp_visit_log` WHERE  `ip` = '42.236.10.110'  AND `type` = 'pc'  AND `client` = 'Chrome'  AND `time` > 1558316707 LIMIT 1 [ RunTime:0.000379s ]
[ sql ] [ SQL ] SELECT * FROM `tp_system` [ RunTime:0.000208s ]
[ sql ] [ SQL ] SELECT * FROM `tp_visit_log` WHERE  `ip` = '42.236.10.110'  AND `type` = 'pc'  AND `client` = 'Chrome'  AND `time` > 1558316707 LIMIT 1 [ RunTime:0.000263s ]
[ sql ] [ SQL ] SHOW COLUMNS FROM `tp_article` [ RunTime:0.000748s ]
[ sql ] [ SQL ] SELECT * FROM `tp_article` WHERE  `cate_id` = 8  AND `status` = 1 LIMIT 5 [ RunTime:0.000307s ]
[ sql ] [ SQL ] SELECT * FROM `tp_cate` WHERE  `id` = 6  AND `status` = 1 LIMIT 1 [ RunTime:0.000267s ]
[ sql ] [ SQL ] SELECT COUNT(*) AS tp_count FROM `tp_article` WHERE  `cate_id` = 6 LIMIT 1 [ RunTime:0.000211s ]
[ sql ] [ SQL ] SELECT * FROM `tp_article` WHERE  `cate_id` = 6 LIMIT 0,15 [ RunTime:0.000232s ]
[ sql ] [ SQL ] SELECT * FROM `tp_cate` WHERE  `status` = 1  AND `pid` = 1 ORDER BY `sort` ASC [ RunTime:0.000243s ]
---------------------------------------------------------------
[ 2019-05-20T10:00:07+08:00 ] 42.236.10.112 GET www.jisitech.com/article/10.html
[运行时间：0.073715s] [吞吐率：13.57req/s] [内存消耗：2,783.70kb] [文件加载：63]
[ info ] [ CACHE ] INIT File
[ info ] [ BEHAVIOR ] Run Closure @app_init [ RunTime:0.023551s ]
[ info ] [ LANG ] /www/wwwroot/www.jisitech.com/thinkphp/lang/zh-cn.php
[ info ] [ ROUTE ] array (
  'type' => 'module',
  'module' => 
  array (
    0 => 'index',
    1 => 'index',
    2 => 'article',
  ),
  'convert' => false,
)
[ info ] [ HEADER ] array (
  'user-agent' => 'Mozilla/5.0 (Windows NT 6.1; WOW64) AppleWebKit/537.36 (KHTML, like Gecko) Chrome/50.4.2661.102 Safari/537.36; 360Spider',
  'connection' => 'Keep-Alive',
  'accept-language' => 'zh-CN',
  'accept' => '*/*',
  'cookie' => '',
  'referer' => 'http://www.jisitech.com/article/10.html',
  'accept-encoding' => 'deflate, gzip',
  'host' => 'www.jisitech.com',
)
[ info ] [ PARAM ] array (
  '/article/10_html' => '',
  'id' => '10',
)
[ info ] [ LANG ] /www/wwwroot/www.jisitech.com/./application/index/lang/zh-cn.php
[ info ] [ DB ] INIT mysql
[ info ] [ BEHAVIOR ] Run Closure @action_begin [ RunTime:0.000174s ]
[ info ] [ RUN ] app\index\controller\Index->article[ /www/wwwroot/www.jisitech.com/application/index/controller/Index.php ]
[ info ] [ VIEW ] /www/wwwroot/www.jisitech.com/./application/index/view/index/article.html [ array (
  0 => 'cate_list',
  1 => 'sys_cate_list',
  2 => 'config',
  3 => 'top_new',
  4 => 'info',
  5 => 'current',
) ]
[ info ] [ LOG ] INIT File
[ sql ] [ DB ] CONNECT:[ UseTime:0.000390s ] mysql:host=127.0.0.1;dbname=www_jisitech_com;charset=utf8
[ sql ] [ SQL ] SHOW COLUMNS FROM `tp_cate` [ RunTime:0.000939s ]
[ sql ] [ SQL ] SELECT * FROM `tp_cate` WHERE  `pid` = 0  AND `status` = 1 [ RunTime:0.000336s ]
[ sql ] [ SQL ] SELECT * FROM `tp_cate` WHERE  `pid` = 75  AND `status` = 1 [ RunTime:0.001921s ]
[ sql ] [ SQL ] SHOW COLUMNS FROM `tp_system` [ RunTime:0.000690s ]
[ sql ] [ SQL ] SELECT * FROM `tp_system` [ RunTime:0.000222s ]
[ sql ] [ SQL ] SHOW COLUMNS FROM `tp_visit_log` [ RunTime:0.000639s ]
[ sql ] [ SQL ] SELECT * FROM `tp_visit_log` WHERE  `ip` = '42.236.10.112'  AND `type` = 'pc'  AND `client` = 'Chrome'  AND `time` > 1558316707 LIMIT 1 [ RunTime:0.000416s ]
[ sql ] [ SQL ] SELECT * FROM `tp_system` [ RunTime:0.000199s ]
[ sql ] [ SQL ] SELECT * FROM `tp_visit_log` WHERE  `ip` = '42.236.10.112'  AND `type` = 'pc'  AND `client` = 'Chrome'  AND `time` > 1558316707 LIMIT 1 [ RunTime:0.000230s ]
[ sql ] [ SQL ] SHOW COLUMNS FROM `tp_article` [ RunTime:0.012721s ]
[ sql ] [ SQL ] SELECT * FROM `tp_article` WHERE  `cate_id` = 8  AND `status` = 1 LIMIT 5 [ RunTime:0.000786s ]
[ sql ] [ SQL ] SELECT * FROM `tp_article` WHERE  `id` = 10 LIMIT 1 [ RunTime:0.002068s ]
[ sql ] [ SQL ] SELECT * FROM `tp_cate` WHERE  `status` = 1  AND `pid` = 1 ORDER BY `sort` ASC [ RunTime:0.002460s ]
---------------------------------------------------------------
[ 2019-05-20T10:00:07+08:00 ] 42.236.10.110 GET www.jisitech.com/article/4.html
[运行时间：0.066783s] [吞吐率：14.97req/s] [内存消耗：2,783.69kb] [文件加载：63]
[ info ] [ CACHE ] INIT File
[ info ] [ BEHAVIOR ] Run Closure @app_init [ RunTime:0.001629s ]
[ info ] [ LANG ] /www/wwwroot/www.jisitech.com/thinkphp/lang/zh-cn.php
[ info ] [ ROUTE ] array (
  'type' => 'module',
  'module' => 
  array (
    0 => 'index',
    1 => 'index',
    2 => 'article',
  ),
  'convert' => false,
)
[ info ] [ HEADER ] array (
  'user-agent' => 'Mozilla/5.0 (Windows NT 6.1; WOW64) AppleWebKit/537.36 (KHTML, like Gecko) Chrome/50.4.2661.102 Safari/537.36; 360Spider',
  'connection' => 'Keep-Alive',
  'accept-language' => 'zh-CN',
  'accept' => '*/*',
  'cookie' => '',
  'referer' => 'http://www.jisitech.com/article/4.html',
  'accept-encoding' => 'deflate, gzip',
  'host' => 'www.jisitech.com',
)
[ info ] [ PARAM ] array (
  '/article/4_html' => '',
  'id' => '4',
)
[ info ] [ LANG ] /www/wwwroot/www.jisitech.com/./application/index/lang/zh-cn.php
[ info ] [ DB ] INIT mysql
[ info ] [ BEHAVIOR ] Run Closure @action_begin [ RunTime:0.000159s ]
[ info ] [ RUN ] app\index\controller\Index->article[ /www/wwwroot/www.jisitech.com/application/index/controller/Index.php ]
[ info ] [ VIEW ] /www/wwwroot/www.jisitech.com/./application/index/view/index/article.html [ array (
  0 => 'cate_list',
  1 => 'sys_cate_list',
  2 => 'config',
  3 => 'top_new',
  4 => 'info',
  5 => 'current',
) ]
[ info ] [ LOG ] INIT File
[ sql ] [ DB ] CONNECT:[ UseTime:0.014968s ] mysql:host=127.0.0.1;dbname=www_jisitech_com;charset=utf8
[ sql ] [ SQL ] SHOW COLUMNS FROM `tp_cate` [ RunTime:0.000787s ]
[ sql ] [ SQL ] SELECT * FROM `tp_cate` WHERE  `pid` = 0  AND `status` = 1 [ RunTime:0.001082s ]
[ sql ] [ SQL ] SELECT * FROM `tp_cate` WHERE  `pid` = 75  AND `status` = 1 [ RunTime:0.000978s ]
[ sql ] [ SQL ] SHOW COLUMNS FROM `tp_system` [ RunTime:0.000690s ]
[ sql ] [ SQL ] SELECT * FROM `tp_system` [ RunTime:0.000317s ]
[ sql ] [ SQL ] SHOW COLUMNS FROM `tp_visit_log` [ RunTime:0.002116s ]
[ sql ] [ SQL ] SELECT * FROM `tp_visit_log` WHERE  `ip` = '42.236.10.110'  AND `type` = 'pc'  AND `client` = 'Chrome'  AND `time` > 1558316707 LIMIT 1 [ RunTime:0.000228s ]
[ sql ] [ SQL ] SELECT * FROM `tp_system` [ RunTime:0.000208s ]
[ sql ] [ SQL ] SELECT * FROM `tp_visit_log` WHERE  `ip` = '42.236.10.110'  AND `type` = 'pc'  AND `client` = 'Chrome'  AND `time` > 1558316707 LIMIT 1 [ RunTime:0.000237s ]
[ sql ] [ SQL ] SHOW COLUMNS FROM `tp_article` [ RunTime:0.002698s ]
[ sql ] [ SQL ] SELECT * FROM `tp_article` WHERE  `cate_id` = 8  AND `status` = 1 LIMIT 5 [ RunTime:0.000302s ]
[ sql ] [ SQL ] SELECT * FROM `tp_article` WHERE  `id` = 4 LIMIT 1 [ RunTime:0.001770s ]
[ sql ] [ SQL ] SELECT * FROM `tp_cate` WHERE  `status` = 1  AND `pid` = 1 ORDER BY `sort` ASC [ RunTime:0.000269s ]
---------------------------------------------------------------
[ 2019-05-20T10:00:07+08:00 ] 42.236.10.91 GET www.jisitech.com/article/3.html
[运行时间：0.050544s] [吞吐率：19.78req/s] [内存消耗：2,779.55kb] [文件加载：63]
[ info ] [ CACHE ] INIT File
[ info ] [ BEHAVIOR ] Run Closure @app_init [ RunTime:0.001508s ]
[ info ] [ LANG ] /www/wwwroot/www.jisitech.com/thinkphp/lang/zh-cn.php
[ info ] [ ROUTE ] array (
  'type' => 'module',
  'module' => 
  array (
    0 => 'index',
    1 => 'index',
    2 => 'article',
  ),
  'convert' => false,
)
[ info ] [ HEADER ] array (
  'user-agent' => 'Mozilla/5.0 (Windows NT 6.1; WOW64) AppleWebKit/537.36 (KHTML, like Gecko) Chrome/50.4.2661.102 Safari/537.36; 360Spider',
  'connection' => 'Keep-Alive',
  'accept-language' => 'zh-CN',
  'accept' => '*/*',
  'cookie' => '',
  'referer' => 'http://www.jisitech.com/article/3.html',
  'accept-encoding' => 'deflate, gzip',
  'host' => 'www.jisitech.com',
)
[ info ] [ PARAM ] array (
  '/article/3_html' => '',
  'id' => '3',
)
[ info ] [ LANG ] /www/wwwroot/www.jisitech.com/./application/index/lang/zh-cn.php
[ info ] [ DB ] INIT mysql
[ info ] [ BEHAVIOR ] Run Closure @action_begin [ RunTime:0.000166s ]
[ info ] [ RUN ] app\index\controller\Index->article[ /www/wwwroot/www.jisitech.com/application/index/controller/Index.php ]
[ info ] [ VIEW ] /www/wwwroot/www.jisitech.com/./application/index/view/index/article.html [ array (
  0 => 'cate_list',
  1 => 'sys_cate_list',
  2 => 'config',
  3 => 'top_new',
  4 => 'info',
  5 => 'current',
) ]
[ info ] [ LOG ] INIT File
[ sql ] [ DB ] CONNECT:[ UseTime:0.000328s ] mysql:host=127.0.0.1;dbname=www_jisitech_com;charset=utf8
[ sql ] [ SQL ] SHOW COLUMNS FROM `tp_cate` [ RunTime:0.000869s ]
[ sql ] [ SQL ] SELECT * FROM `tp_cate` WHERE  `pid` = 0  AND `status` = 1 [ RunTime:0.000314s ]
[ sql ] [ SQL ] SELECT * FROM `tp_cate` WHERE  `pid` = 75  AND `status` = 1 [ RunTime:0.000237s ]
[ sql ] [ SQL ] SHOW COLUMNS FROM `tp_system` [ RunTime:0.000675s ]
[ sql ] [ SQL ] SELECT * FROM `tp_system` [ RunTime:0.000208s ]
[ sql ] [ SQL ] SHOW COLUMNS FROM `tp_visit_log` [ RunTime:0.000626s ]
[ sql ] [ SQL ] SELECT * FROM `tp_visit_log` WHERE  `ip` = '42.236.10.91'  AND `type` = 'pc'  AND `client` = 'Chrome'  AND `time` > 1558316707 LIMIT 1 [ RunTime:0.000394s ]
[ sql ] [ SQL ] SELECT * FROM `tp_system` [ RunTime:0.000198s ]
[ sql ] [ SQL ] SELECT * FROM `tp_visit_log` WHERE  `ip` = '42.236.10.91'  AND `type` = 'pc'  AND `client` = 'Chrome'  AND `time` > 1558316707 LIMIT 1 [ RunTime:0.000229s ]
[ sql ] [ SQL ] SHOW COLUMNS FROM `tp_article` [ RunTime:0.000767s ]
[ sql ] [ SQL ] SELECT * FROM `tp_article` WHERE  `cate_id` = 8  AND `status` = 1 LIMIT 5 [ RunTime:0.000299s ]
[ sql ] [ SQL ] SELECT * FROM `tp_article` WHERE  `id` = 3 LIMIT 1 [ RunTime:0.000305s ]
[ sql ] [ SQL ] SELECT * FROM `tp_cate` WHERE  `status` = 1  AND `pid` = 1 ORDER BY `sort` ASC [ RunTime:0.000236s ]
---------------------------------------------------------------
[ 2019-05-20T16:37:47+08:00 ] 69.58.178.59 GET www.jisitech.com/robots.txt
[运行时间：0.015066s] [吞吐率：66.37req/s] [内存消耗：1,548.47kb] [文件加载：44]
[ info ] [ CACHE ] INIT File
[ info ] [ BEHAVIOR ] Run Closure @app_init [ RunTime:0.001483s ]
[ info ] [ ROUTE ] array (
  'type' => 'module',
  'module' => 
  array (
    0 => 'robots.txt',
    1 => NULL,
    2 => NULL,
  ),
)
[ info ] [ HEADER ] array (
  'host' => 'www.jisitech.com',
  'user-agent' => 'Mozilla/5.0 (compatible; ips-agent)',
  'accept-language' => 'en-us,en;q=0.8',
  'accept' => 'text/html,text/plain,*/*',
  'from' => 'wc@verisign.com',
)
[ info ] [ PARAM ] array (
  '/robots_txt' => '',
)
[ info ] [ LOG ] INIT File
---------------------------------------------------------------
[ 2019-05-20T16:37:49+08:00 ] 69.58.178.59 GET www.jisitech.com/
[运行时间：0.037083s] [吞吐率：26.97req/s] [内存消耗：2,855.84kb] [文件加载：61]
[ info ] [ CACHE ] INIT File
[ info ] [ BEHAVIOR ] Run Closure @app_init [ RunTime:0.001473s ]
[ info ] [ ROUTE ] array (
  'type' => 'module',
  'module' => 
  array (
    0 => 'index',
    1 => 'index',
    2 => 'index',
  ),
  'convert' => false,
)
[ info ] [ HEADER ] array (
  'host' => 'www.jisitech.com',
  'user-agent' => 'Mozilla/5.0 (compatible; ips-agent)',
  'accept-language' => 'en-us,en;q=0.8',
  'accept' => 'text/html,text/plain,*/*',
  'from' => 'wc@verisign.com',
)
[ info ] [ PARAM ] array (
)
[ info ] [ DB ] INIT mysql
[ info ] [ BEHAVIOR ] Run Closure @action_begin [ RunTime:0.000173s ]
[ info ] [ RUN ] app\index\controller\Index->index[ /www/wwwroot/www.jisitech.com/application/index/controller/Index.php ]
[ info ] [ VIEW ] /www/wwwroot/www.jisitech.com/./application/index/view/index/index.html [ array (
  0 => 'cate_list',
  1 => 'sys_cate_list',
  2 => 'config',
  3 => 'top_new',
  4 => 'advert_list',
  5 => 'banner_list',
  6 => 'anli_list',
  7 => 'news_list',
  8 => 'current',
) ]
[ info ] [ LOG ] INIT File
[ sql ] [ DB ] CONNECT:[ UseTime:0.000410s ] mysql:host=127.0.0.1;dbname=www_jisitech_com;charset=utf8
[ sql ] [ SQL ] SHOW COLUMNS FROM `tp_cate` [ RunTime:0.000951s ]
[ sql ] [ SQL ] SELECT * FROM `tp_cate` WHERE  `pid` = 0  AND `status` = 1 [ RunTime:0.000323s ]
[ sql ] [ SQL ] SELECT * FROM `tp_cate` WHERE  `pid` = 75  AND `status` = 1 [ RunTime:0.000280s ]
[ sql ] [ SQL ] SHOW COLUMNS FROM `tp_system` [ RunTime:0.000693s ]
[ sql ] [ SQL ] SELECT * FROM `tp_system` [ RunTime:0.000222s ]
[ sql ] [ SQL ] SHOW COLUMNS FROM `tp_visit_log` [ RunTime:0.000649s ]
[ sql ] [ SQL ] SELECT * FROM `tp_visit_log` WHERE  `ip` = '69.58.178.59'  AND `type` = 'pc'  AND `client` = '其它'  AND `time` > 1558340569 LIMIT 1 [ RunTime:0.000798s ]
[ sql ] [ SQL ] INSERT INTO `tp_visit_log` (`ip` , `time` , `client` , `type`) VALUES ('69.58.178.59' , 1558341469 , '其它' , 'pc') [ RunTime:0.000392s ]
[ sql ] [ SQL ] SHOW COLUMNS FROM `tp_visit_count` [ RunTime:0.000949s ]
[ sql ] [ SQL ] SELECT * FROM `tp_visit_count` WHERE  `time` >= 1558281600 LIMIT 1 [ RunTime:0.000331s ]
[ sql ] [ SQL ] UPDATE `tp_visit_count`  SET `count`=13,`pc`=13,`mobile`=0  WHERE  `time` >= 1558281600 [ RunTime:0.000351s ]
[ sql ] [ SQL ] SELECT * FROM `tp_system` [ RunTime:0.000214s ]
[ sql ] [ SQL ] SELECT * FROM `tp_visit_log` WHERE  `ip` = '69.58.178.59'  AND `type` = 'pc'  AND `client` = '其它'  AND `time` > 1558340569 LIMIT 1 [ RunTime:0.000382s ]
[ sql ] [ SQL ] SHOW COLUMNS FROM `tp_article` [ RunTime:0.000786s ]
[ sql ] [ SQL ] SELECT * FROM `tp_article` WHERE  `cate_id` = 8  AND `status` = 1 LIMIT 5 [ RunTime:0.000327s ]
[ sql ] [ SQL ] SELECT * FROM `tp_article` WHERE  `cate_id` = 7 ORDER BY `id` DESC LIMIT 6 [ RunTime:0.000296s ]
[ sql ] [ SQL ] SELECT * FROM `tp_article` WHERE  `cate_id` = 8 ORDER BY `id` DESC LIMIT 5 [ RunTime:0.000294s ]
[ sql ] [ SQL ] SHOW COLUMNS FROM `tp_advert` [ RunTime:0.000661s ]
[ sql ] [ SQL ] SELECT * FROM `tp_advert` WHERE  `type` = 'banner' LIMIT 8 [ RunTime:0.000230s ]
[ sql ] [ SQL ] SELECT * FROM `tp_advert` WHERE  `type` = 'advert' LIMIT 5 [ RunTime:0.000240s ]
[ sql ] [ SQL ] SELECT * FROM `tp_cate` WHERE  `status` = 1  AND `pid` = 1 ORDER BY `sort` ASC [ RunTime:0.000391s ]
---------------------------------------------------------------
[ 2019-05-20T16:37:51+08:00 ] 69.58.178.59 GET www.jisitech.com/contact
[运行时间：0.030749s] [吞吐率：32.52req/s] [内存消耗：2,756.05kb] [文件加载：61]
[ info ] [ CACHE ] INIT File
[ info ] [ BEHAVIOR ] Run Closure @app_init [ RunTime:0.001417s ]
[ info ] [ ROUTE ] array (
  'type' => 'module',
  'module' => 
  array (
    0 => 'index',
    1 => 'index',
    2 => 'contact',
  ),
  'convert' => false,
)
[ info ] [ HEADER ] array (
  'host' => 'www.jisitech.com',
  'user-agent' => 'Mozilla/5.0 (compatible; ips-agent)',
  'accept-language' => 'en-us,en;q=0.8',
  'accept' => 'text/html,text/plain,*/*',
  'from' => 'wc@verisign.com',
)
[ info ] [ PARAM ] array (
  '/contact' => '',
)
[ info ] [ DB ] INIT mysql
[ info ] [ BEHAVIOR ] Run Closure @action_begin [ RunTime:0.000186s ]
[ info ] [ RUN ] app\index\controller\Index->contact[ /www/wwwroot/www.jisitech.com/application/index/controller/Index.php ]
[ info ] [ VIEW ] /www/wwwroot/www.jisitech.com/./application/index/view/index/contact.html [ array (
  0 => 'cate_list',
  1 => 'sys_cate_list',
  2 => 'config',
  3 => 'top_new',
  4 => 'info',
  5 => 'current',
) ]
[ info ] [ LOG ] INIT File
[ sql ] [ DB ] CONNECT:[ UseTime:0.000394s ] mysql:host=127.0.0.1;dbname=www_jisitech_com;charset=utf8
[ sql ] [ SQL ] SHOW COLUMNS FROM `tp_cate` [ RunTime:0.000890s ]
[ sql ] [ SQL ] SELECT * FROM `tp_cate` WHERE  `pid` = 0  AND `status` = 1 [ RunTime:0.000341s ]
[ sql ] [ SQL ] SELECT * FROM `tp_cate` WHERE  `pid` = 75  AND `status` = 1 [ RunTime:0.000224s ]
[ sql ] [ SQL ] SHOW COLUMNS FROM `tp_system` [ RunTime:0.000682s ]
[ sql ] [ SQL ] SELECT * FROM `tp_system` [ RunTime:0.000198s ]
[ sql ] [ SQL ] SHOW COLUMNS FROM `tp_visit_log` [ RunTime:0.000665s ]
[ sql ] [ SQL ] SELECT * FROM `tp_visit_log` WHERE  `ip` = '69.58.178.59'  AND `type` = 'pc'  AND `client` = '其它'  AND `time` > 1558340571 LIMIT 1 [ RunTime:0.000380s ]
[ sql ] [ SQL ] SELECT * FROM `tp_system` [ RunTime:0.000216s ]
[ sql ] [ SQL ] SELECT * FROM `tp_visit_log` WHERE  `ip` = '69.58.178.59'  AND `type` = 'pc'  AND `client` = '其它'  AND `time` > 1558340571 LIMIT 1 [ RunTime:0.000226s ]
[ sql ] [ SQL ] SHOW COLUMNS FROM `tp_article` [ RunTime:0.000757s ]
[ sql ] [ SQL ] SELECT * FROM `tp_article` WHERE  `cate_id` = 8  AND `status` = 1 LIMIT 5 [ RunTime:0.000315s ]
[ sql ] [ SQL ] SELECT * FROM `tp_cate` WHERE  `id` = 10 LIMIT 1 [ RunTime:0.000255s ]
[ sql ] [ SQL ] SELECT * FROM `tp_cate` WHERE  `status` = 1  AND `pid` = 1 ORDER BY `sort` ASC [ RunTime:0.000263s ]
---------------------------------------------------------------
[ 2019-05-20T16:37:53+08:00 ] 69.58.178.59 GET www.jisitech.com/category/12.html
[运行时间：0.032750s] [吞吐率：30.53req/s] [内存消耗：2,752.85kb] [文件加载：61]
[ info ] [ CACHE ] INIT File
[ info ] [ BEHAVIOR ] Run Closure @app_init [ RunTime:0.001481s ]
[ info ] [ ROUTE ] array (
  'type' => 'module',
  'module' => 
  array (
    0 => 'index',
    1 => 'index',
    2 => 'category',
  ),
  'convert' => false,
)
[ info ] [ HEADER ] array (
  'host' => 'www.jisitech.com',
  'user-agent' => 'Mozilla/5.0 (compatible; ips-agent)',
  'accept-language' => 'en-us,en;q=0.8',
  'accept' => 'text/html,text/plain,*/*',
  'from' => 'wc@verisign.com',
)
[ info ] [ PARAM ] array (
  '/category/12_html' => '',
  'id' => '12',
)
[ info ] [ DB ] INIT mysql
[ info ] [ BEHAVIOR ] Run Closure @action_begin [ RunTime:0.000190s ]
[ info ] [ RUN ] app\index\controller\Index->category[ /www/wwwroot/www.jisitech.com/application/index/controller/Index.php ]
[ info ] [ VIEW ] /www/wwwroot/www.jisitech.com/./application/index/view/index/category.html [ array (
  0 => 'cate_list',
  1 => 'sys_cate_list',
  2 => 'config',
  3 => 'top_new',
  4 => 'info',
  5 => 'pinfo',
  6 => 'current',
) ]
[ info ] [ LOG ] INIT File
[ sql ] [ DB ] CONNECT:[ UseTime:0.000393s ] mysql:host=127.0.0.1;dbname=www_jisitech_com;charset=utf8
[ sql ] [ SQL ] SHOW COLUMNS FROM `tp_cate` [ RunTime:0.001005s ]
[ sql ] [ SQL ] SELECT * FROM `tp_cate` WHERE  `pid` = 0  AND `status` = 1 [ RunTime:0.000350s ]
[ sql ] [ SQL ] SELECT * FROM `tp_cate` WHERE  `pid` = 75  AND `status` = 1 [ RunTime:0.000236s ]
[ sql ] [ SQL ] SHOW COLUMNS FROM `tp_system` [ RunTime:0.000765s ]
[ sql ] [ SQL ] SELECT * FROM `tp_system` [ RunTime:0.000224s ]
[ sql ] [ SQL ] SHOW COLUMNS FROM `tp_visit_log` [ RunTime:0.000670s ]
[ sql ] [ SQL ] SELECT * FROM `tp_visit_log` WHERE  `ip` = '69.58.178.59'  AND `type` = 'pc'  AND `client` = '其它'  AND `time` > 1558340573 LIMIT 1 [ RunTime:0.000388s ]
[ sql ] [ SQL ] SELECT * FROM `tp_system` [ RunTime:0.000242s ]
[ sql ] [ SQL ] SELECT * FROM `tp_visit_log` WHERE  `ip` = '69.58.178.59'  AND `type` = 'pc'  AND `client` = '其它'  AND `time` > 1558340573 LIMIT 1 [ RunTime:0.000232s ]
[ sql ] [ SQL ] SHOW COLUMNS FROM `tp_article` [ RunTime:0.000761s ]
[ sql ] [ SQL ] SELECT * FROM `tp_article` WHERE  `cate_id` = 8  AND `status` = 1 LIMIT 5 [ RunTime:0.000403s ]
[ sql ] [ SQL ] SELECT * FROM `tp_cate` WHERE  `id` = 12  AND `status` = 1 LIMIT 1 [ RunTime:0.000265s ]
[ sql ] [ SQL ] SELECT * FROM `tp_cate` WHERE  `id` = 1  AND `status` = 1 LIMIT 1 [ RunTime:0.000242s ]
[ sql ] [ SQL ] SELECT * FROM `tp_cate` WHERE  `status` = 1  AND `pid` = 1 ORDER BY `sort` ASC [ RunTime:0.000243s ]
---------------------------------------------------------------
[ 2019-05-20T17:45:29+08:00 ] 42.236.10.107 GET www.jisitech.com/
[运行时间：0.036912s] [吞吐率：27.09req/s] [内存消耗：2,877.60kb] [文件加载：63]
[ info ] [ CACHE ] INIT File
[ info ] [ BEHAVIOR ] Run Closure @app_init [ RunTime:0.001561s ]
[ info ] [ LANG ] /www/wwwroot/www.jisitech.com/thinkphp/lang/zh-cn.php
[ info ] [ ROUTE ] array (
  'type' => 'module',
  'module' => 
  array (
    0 => 'index',
    1 => 'index',
    2 => 'index',
  ),
  'convert' => false,
)
[ info ] [ HEADER ] array (
  'user-agent' => 'Mozilla/5.0 (Windows NT 6.1; WOW64) AppleWebKit/537.36 (KHTML, like Gecko) Chrome/50.0.2661.102 Safari/537.36; 360Spider',
  'connection' => 'Keep-Alive',
  'accept-language' => 'zh-CN',
  'accept' => '*/*',
  'cookie' => '',
  'referer' => 'http://www.jisitech.com/',
  'accept-encoding' => 'deflate, gzip',
  'host' => 'www.jisitech.com',
)
[ info ] [ PARAM ] array (
)
[ info ] [ LANG ] /www/wwwroot/www.jisitech.com/./application/index/lang/zh-cn.php
[ info ] [ DB ] INIT mysql
[ info ] [ BEHAVIOR ] Run Closure @action_begin [ RunTime:0.000190s ]
[ info ] [ RUN ] app\index\controller\Index->index[ /www/wwwroot/www.jisitech.com/application/index/controller/Index.php ]
[ info ] [ VIEW ] /www/wwwroot/www.jisitech.com/./application/index/view/index/index.html [ array (
  0 => 'cate_list',
  1 => 'sys_cate_list',
  2 => 'config',
  3 => 'top_new',
  4 => 'advert_list',
  5 => 'banner_list',
  6 => 'anli_list',
  7 => 'news_list',
  8 => 'current',
) ]
[ info ] [ LOG ] INIT File
[ sql ] [ DB ] CONNECT:[ UseTime:0.000412s ] mysql:host=127.0.0.1;dbname=www_jisitech_com;charset=utf8
[ sql ] [ SQL ] SHOW COLUMNS FROM `tp_cate` [ RunTime:0.000925s ]
[ sql ] [ SQL ] SELECT * FROM `tp_cate` WHERE  `pid` = 0  AND `status` = 1 [ RunTime:0.000333s ]
[ sql ] [ SQL ] SELECT * FROM `tp_cate` WHERE  `pid` = 75  AND `status` = 1 [ RunTime:0.000250s ]
[ sql ] [ SQL ] SHOW COLUMNS FROM `tp_system` [ RunTime:0.000679s ]
[ sql ] [ SQL ] SELECT * FROM `tp_system` [ RunTime:0.000219s ]
[ sql ] [ SQL ] SHOW COLUMNS FROM `tp_visit_log` [ RunTime:0.000938s ]
[ sql ] [ SQL ] SELECT * FROM `tp_visit_log` WHERE  `ip` = '42.236.10.107'  AND `type` = 'pc'  AND `client` = 'Chrome'  AND `time` > 1558344629 LIMIT 1 [ RunTime:0.000553s ]
[ sql ] [ SQL ] INSERT INTO `tp_visit_log` (`ip` , `time` , `client` , `type`) VALUES ('42.236.10.107' , 1558345529 , 'Chrome' , 'pc') [ RunTime:0.000407s ]
[ sql ] [ SQL ] SHOW COLUMNS FROM `tp_visit_count` [ RunTime:0.000727s ]
[ sql ] [ SQL ] SELECT * FROM `tp_visit_count` WHERE  `time` >= 1558281600 LIMIT 1 [ RunTime:0.000271s ]
[ sql ] [ SQL ] UPDATE `tp_visit_count`  SET `count`=14,`pc`=14,`mobile`=0  WHERE  `time` >= 1558281600 [ RunTime:0.000294s ]
[ sql ] [ SQL ] SELECT * FROM `tp_system` [ RunTime:0.000196s ]
[ sql ] [ SQL ] SELECT * FROM `tp_visit_log` WHERE  `ip` = '42.236.10.107'  AND `type` = 'pc'  AND `client` = 'Chrome'  AND `time` > 1558344629 LIMIT 1 [ RunTime:0.000372s ]
[ sql ] [ SQL ] SHOW COLUMNS FROM `tp_article` [ RunTime:0.000770s ]
[ sql ] [ SQL ] SELECT * FROM `tp_article` WHERE  `cate_id` = 8  AND `status` = 1 LIMIT 5 [ RunTime:0.000305s ]
[ sql ] [ SQL ] SELECT * FROM `tp_article` WHERE  `cate_id` = 7 ORDER BY `id` DESC LIMIT 6 [ RunTime:0.000290s ]
[ sql ] [ SQL ] SELECT * FROM `tp_article` WHERE  `cate_id` = 8 ORDER BY `id` DESC LIMIT 5 [ RunTime:0.000308s ]
[ sql ] [ SQL ] SHOW COLUMNS FROM `tp_advert` [ RunTime:0.000682s ]
[ sql ] [ SQL ] SELECT * FROM `tp_advert` WHERE  `type` = 'banner' LIMIT 8 [ RunTime:0.000211s ]
[ sql ] [ SQL ] SELECT * FROM `tp_advert` WHERE  `type` = 'advert' LIMIT 5 [ RunTime:0.000262s ]
[ sql ] [ SQL ] SELECT * FROM `tp_cate` WHERE  `status` = 1  AND `pid` = 1 ORDER BY `sort` ASC [ RunTime:0.000251s ]
---------------------------------------------------------------
[ 2019-05-20T19:43:48+08:00 ] 61.164.47.194 GET www.jisitech.com/
[运行时间：0.037738s] [吞吐率：26.50req/s] [内存消耗：2,858.49kb] [文件加载：62]
[ info ] [ CACHE ] INIT File
[ info ] [ BEHAVIOR ] Run Closure @app_init [ RunTime:0.001735s ]
[ info ] [ ROUTE ] array (
  'type' => 'module',
  'module' => 
  array (
    0 => 'index',
    1 => 'index',
    2 => 'index',
  ),
  'convert' => false,
)
[ info ] [ HEADER ] array (
  'user-agent' => '',
  'connection' => 'Keep-Alive',
  'host' => 'www.jisitech.com',
  'accept-encoding' => 'gzip',
)
[ info ] [ PARAM ] array (
)
[ info ] [ LANG ] /www/wwwroot/www.jisitech.com/./application/index/lang/zh-hk.php
[ info ] [ DB ] INIT mysql
[ info ] [ BEHAVIOR ] Run Closure @action_begin [ RunTime:0.000189s ]
[ info ] [ RUN ] app\index\controller\Index->index[ /www/wwwroot/www.jisitech.com/application/index/controller/Index.php ]
[ info ] [ VIEW ] /www/wwwroot/www.jisitech.com/./application/index/view/index/index.html [ array (
  0 => 'cate_list',
  1 => 'sys_cate_list',
  2 => 'config',
  3 => 'top_new',
  4 => 'advert_list',
  5 => 'banner_list',
  6 => 'anli_list',
  7 => 'news_list',
  8 => 'current',
) ]
[ info ] [ LOG ] INIT File
[ sql ] [ DB ] CONNECT:[ UseTime:0.000424s ] mysql:host=127.0.0.1;dbname=www_jisitech_com;charset=utf8
[ sql ] [ SQL ] SHOW COLUMNS FROM `tp_cate` [ RunTime:0.000952s ]
[ sql ] [ SQL ] SELECT * FROM `tp_cate` WHERE  `pid` = 0  AND `status` = 1 [ RunTime:0.000320s ]
[ sql ] [ SQL ] SELECT * FROM `tp_cate` WHERE  `pid` = 75  AND `status` = 1 [ RunTime:0.000236s ]
[ sql ] [ SQL ] SHOW COLUMNS FROM `tp_system` [ RunTime:0.000714s ]
[ sql ] [ SQL ] SELECT * FROM `tp_system` [ RunTime:0.000199s ]
[ sql ] [ SQL ] SHOW COLUMNS FROM `tp_visit_log` [ RunTime:0.000766s ]
[ sql ] [ SQL ] SELECT * FROM `tp_visit_log` WHERE  `ip` = '61.164.47.194'  AND `type` = 'pc'  AND `client` = '其它'  AND `time` > 1558351728 LIMIT 1 [ RunTime:0.000397s ]
[ sql ] [ SQL ] INSERT INTO `tp_visit_log` (`ip` , `time` , `client` , `type`) VALUES ('61.164.47.194' , 1558352628 , '其它' , 'pc') [ RunTime:0.000318s ]
[ sql ] [ SQL ] SHOW COLUMNS FROM `tp_visit_count` [ RunTime:0.000666s ]
[ sql ] [ SQL ] SELECT * FROM `tp_visit_count` WHERE  `time` >= 1558281600 LIMIT 1 [ RunTime:0.000280s ]
[ sql ] [ SQL ] UPDATE `tp_visit_count`  SET `count`=15,`pc`=15,`mobile`=0  WHERE  `time` >= 1558281600 [ RunTime:0.000342s ]
[ sql ] [ SQL ] SELECT * FROM `tp_system` [ RunTime:0.000217s ]
[ sql ] [ SQL ] SELECT * FROM `tp_visit_log` WHERE  `ip` = '61.164.47.194'  AND `type` = 'pc'  AND `client` = '其它'  AND `time` > 1558351728 LIMIT 1 [ RunTime:0.000375s ]
[ sql ] [ SQL ] SHOW COLUMNS FROM `tp_article` [ RunTime:0.000747s ]
[ sql ] [ SQL ] SELECT * FROM `tp_article` WHERE  `cate_id` = 8  AND `status` = 1 LIMIT 5 [ RunTime:0.000297s ]
[ sql ] [ SQL ] SELECT * FROM `tp_article` WHERE  `cate_id` = 7 ORDER BY `id` DESC LIMIT 6 [ RunTime:0.000269s ]
[ sql ] [ SQL ] SELECT * FROM `tp_article` WHERE  `cate_id` = 8 ORDER BY `id` DESC LIMIT 5 [ RunTime:0.000281s ]
[ sql ] [ SQL ] SHOW COLUMNS FROM `tp_advert` [ RunTime:0.000687s ]
[ sql ] [ SQL ] SELECT * FROM `tp_advert` WHERE  `type` = 'banner' LIMIT 8 [ RunTime:0.000220s ]
[ sql ] [ SQL ] SELECT * FROM `tp_advert` WHERE  `type` = 'advert' LIMIT 5 [ RunTime:0.000221s ]
[ sql ] [ SQL ] SELECT * FROM `tp_cate` WHERE  `status` = 1  AND `pid` = 1 ORDER BY `sort` ASC [ RunTime:0.000262s ]
---------------------------------------------------------------
[ 2019-05-20T19:59:12+08:00 ] 66.249.79.25 GET www.jisitech.com/robots.txt
[运行时间：0.015428s] [吞吐率：64.82req/s] [内存消耗：1,548.51kb] [文件加载：44]
[ info ] [ CACHE ] INIT File
[ info ] [ BEHAVIOR ] Run Closure @app_init [ RunTime:0.001500s ]
[ info ] [ ROUTE ] array (
  'type' => 'module',
  'module' => 
  array (
    0 => 'robots.txt',
    1 => NULL,
    2 => NULL,
  ),
)
[ info ] [ HEADER ] array (
  'accept-encoding' => 'gzip,deflate,br',
  'user-agent' => 'Mozilla/5.0 (compatible; Googlebot/2.1; +http://www.google.com/bot.html)',
  'accept' => 'text/plain,text/html,*/*',
  'connection' => 'keep-alive',
  'host' => 'www.jisitech.com',
)
[ info ] [ PARAM ] array (
  '/robots_txt' => '',
)
[ info ] [ LOG ] INIT File
---------------------------------------------------------------
[ 2019-05-20T19:59:13+08:00 ] 66.249.79.21 GET www.jisitech.com/category/4.html
[运行时间：0.040210s] [吞吐率：24.87req/s] [内存消耗：2,762.60kb] [文件加载：62]
[ info ] [ CACHE ] INIT File
[ info ] [ BEHAVIOR ] Run Closure @app_init [ RunTime:0.002181s ]
[ info ] [ ROUTE ] array (
  'type' => 'module',
  'module' => 
  array (
    0 => 'index',
    1 => 'index',
    2 => 'category',
  ),
  'convert' => false,
)
[ info ] [ HEADER ] array (
  'if-modified-since' => 'Sat, 18 May 2019 17:19:28 GMT',
  'accept-encoding' => 'gzip,deflate,br',
  'user-agent' => 'Mozilla/5.0 (compatible; Googlebot/2.1; +http://www.google.com/bot.html)',
  'from' => 'googlebot(at)googlebot.com',
  'accept' => 'text/html,application/xhtml+xml,application/xml;q=0.9,*/*;q=0.8',
  'connection' => 'keep-alive',
  'host' => 'www.jisitech.com',
)
[ info ] [ PARAM ] array (
  '/category/4_html' => '',
  'id' => '4',
)
[ info ] [ LANG ] /www/wwwroot/www.jisitech.com/./application/index/lang/zh-hk.php
[ info ] [ DB ] INIT mysql
[ info ] [ BEHAVIOR ] Run Closure @action_begin [ RunTime:0.000192s ]
[ info ] [ RUN ] app\index\controller\Index->category[ /www/wwwroot/www.jisitech.com/application/index/controller/Index.php ]
[ info ] [ VIEW ] /www/wwwroot/www.jisitech.com/./application/index/view/index/category.html [ array (
  0 => 'cate_list',
  1 => 'sys_cate_list',
  2 => 'config',
  3 => 'top_new',
  4 => 'info',
  5 => 'pinfo',
  6 => 'current',
) ]
[ info ] [ LOG ] INIT File
[ sql ] [ DB ] CONNECT:[ UseTime:0.000391s ] mysql:host=127.0.0.1;dbname=www_jisitech_com;charset=utf8
[ sql ] [ SQL ] SHOW COLUMNS FROM `tp_cate` [ RunTime:0.000916s ]
[ sql ] [ SQL ] SELECT * FROM `tp_cate` WHERE  `pid` = 0  AND `status` = 1 [ RunTime:0.000329s ]
[ sql ] [ SQL ] SELECT * FROM `tp_cate` WHERE  `pid` = 75  AND `status` = 1 [ RunTime:0.000241s ]
[ sql ] [ SQL ] SHOW COLUMNS FROM `tp_system` [ RunTime:0.000724s ]
[ sql ] [ SQL ] SELECT * FROM `tp_system` [ RunTime:0.000296s ]
[ sql ] [ SQL ] SHOW COLUMNS FROM `tp_visit_log` [ RunTime:0.000653s ]
[ sql ] [ SQL ] SELECT * FROM `tp_visit_log` WHERE  `ip` = '66.249.79.21'  AND `type` = 'pc'  AND `client` = '其它'  AND `time` > 1558352653 LIMIT 1 [ RunTime:0.000392s ]
[ sql ] [ SQL ] INSERT INTO `tp_visit_log` (`ip` , `time` , `client` , `type`) VALUES ('66.249.79.21' , 1558353553 , '其它' , 'pc') [ RunTime:0.000298s ]
[ sql ] [ SQL ] SHOW COLUMNS FROM `tp_visit_count` [ RunTime:0.000643s ]
[ sql ] [ SQL ] SELECT * FROM `tp_visit_count` WHERE  `time` >= 1558281600 LIMIT 1 [ RunTime:0.000279s ]
[ sql ] [ SQL ] UPDATE `tp_visit_count`  SET `count`=16,`pc`=16,`mobile`=0  WHERE  `time` >= 1558281600 [ RunTime:0.000290s ]
[ sql ] [ SQL ] SELECT * FROM `tp_system` [ RunTime:0.000203s ]
[ sql ] [ SQL ] SELECT * FROM `tp_visit_log` WHERE  `ip` = '66.249.79.21'  AND `type` = 'pc'  AND `client` = '其它'  AND `time` > 1558352653 LIMIT 1 [ RunTime:0.000403s ]
[ sql ] [ SQL ] SHOW COLUMNS FROM `tp_article` [ RunTime:0.000774s ]
[ sql ] [ SQL ] SELECT * FROM `tp_article` WHERE  `cate_id` = 8  AND `status` = 1 LIMIT 5 [ RunTime:0.000302s ]
[ sql ] [ SQL ] SELECT * FROM `tp_cate` WHERE  `id` = 4  AND `status` = 1 LIMIT 1 [ RunTime:0.000258s ]
[ sql ] [ SQL ] SELECT * FROM `tp_cate` WHERE  `id` = 1  AND `status` = 1 LIMIT 1 [ RunTime:0.000226s ]
[ sql ] [ SQL ] SELECT * FROM `tp_cate` WHERE  `status` = 1  AND `pid` = 1 ORDER BY `sort` ASC [ RunTime:0.000252s ]
---------------------------------------------------------------
[ 2019-05-20T19:59:21+08:00 ] 66.249.79.21 GET www.jisitech.com/public/static/index/js/pro.js
[运行时间：0.018412s] [吞吐率：54.31req/s] [内存消耗：1,550.17kb] [文件加载：44]
[ info ] [ CACHE ] INIT File
[ info ] [ BEHAVIOR ] Run Closure @app_init [ RunTime:0.001954s ]
[ info ] [ ROUTE ] array (
  'type' => 'module',
  'module' => 
  array (
    0 => 'public',
    1 => 'static',
    2 => 'index',
  ),
)
[ info ] [ HEADER ] array (
  'accept-encoding' => 'gzip,deflate,br',
  'user-agent' => 'Mozilla/5.0 AppleWebKit/537.36 (KHTML, like Gecko; compatible; Googlebot/2.1; +http://www.google.com/bot.html) Safari/537.36',
  'from' => 'googlebot(at)googlebot.com',
  'accept' => '*/*',
  'connection' => 'keep-alive',
  'referer' => 'http://www.jisitech.com/category/4.html',
  'cookie' => 'think_var=zh-hk',
  'accept-language' => 'en-US',
  'host' => 'www.jisitech.com',
)
[ info ] [ PARAM ] array (
  '/static/index/js/pro_js' => '',
  'js' => 'pro.js',
)
[ info ] [ LOG ] INIT File
---------------------------------------------------------------
[ 2019-05-20T20:49:08+08:00 ] 66.249.79.21 GET www.jisitech.com/article/6.html
[运行时间：0.035770s] [吞吐率：27.96req/s] [内存消耗：2,771.74kb] [文件加载：62]
[ info ] [ CACHE ] INIT File
[ info ] [ BEHAVIOR ] Run Closure @app_init [ RunTime:0.001558s ]
[ info ] [ ROUTE ] array (
  'type' => 'module',
  'module' => 
  array (
    0 => 'index',
    1 => 'index',
    2 => 'article',
  ),
  'convert' => false,
)
[ info ] [ HEADER ] array (
  'if-modified-since' => 'Sat, 18 May 2019 06:44:29 GMT',
  'accept-encoding' => 'gzip,deflate,br',
  'user-agent' => 'Mozilla/5.0 (compatible; Googlebot/2.1; +http://www.google.com/bot.html)',
  'from' => 'googlebot(at)googlebot.com',
  'accept' => 'text/html,application/xhtml+xml,application/xml;q=0.9,*/*;q=0.8',
  'connection' => 'keep-alive',
  'host' => 'www.jisitech.com',
)
[ info ] [ PARAM ] array (
  '/article/6_html' => '',
  'id' => '6',
)
[ info ] [ LANG ] /www/wwwroot/www.jisitech.com/./application/index/lang/zh-hk.php
[ info ] [ DB ] INIT mysql
[ info ] [ BEHAVIOR ] Run Closure @action_begin [ RunTime:0.000207s ]
[ info ] [ RUN ] app\index\controller\Index->article[ /www/wwwroot/www.jisitech.com/application/index/controller/Index.php ]
[ info ] [ VIEW ] /www/wwwroot/www.jisitech.com/./application/index/view/index/article.html [ array (
  0 => 'cate_list',
  1 => 'sys_cate_list',
  2 => 'config',
  3 => 'top_new',
  4 => 'info',
  5 => 'current',
) ]
[ info ] [ LOG ] INIT File
[ sql ] [ DB ] CONNECT:[ UseTime:0.000422s ] mysql:host=127.0.0.1;dbname=www_jisitech_com;charset=utf8
[ sql ] [ SQL ] SHOW COLUMNS FROM `tp_cate` [ RunTime:0.000981s ]
[ sql ] [ SQL ] SELECT * FROM `tp_cate` WHERE  `pid` = 0  AND `status` = 1 [ RunTime:0.000354s ]
[ sql ] [ SQL ] SELECT * FROM `tp_cate` WHERE  `pid` = 75  AND `status` = 1 [ RunTime:0.000225s ]
[ sql ] [ SQL ] SHOW COLUMNS FROM `tp_system` [ RunTime:0.000763s ]
[ sql ] [ SQL ] SELECT * FROM `tp_system` [ RunTime:0.000211s ]
[ sql ] [ SQL ] SHOW COLUMNS FROM `tp_visit_log` [ RunTime:0.000669s ]
[ sql ] [ SQL ] SELECT * FROM `tp_visit_log` WHERE  `ip` = '66.249.79.21'  AND `type` = 'pc'  AND `client` = '其它'  AND `time` > 1558355648 LIMIT 1 [ RunTime:0.000431s ]
[ sql ] [ SQL ] INSERT INTO `tp_visit_log` (`ip` , `time` , `client` , `type`) VALUES ('66.249.79.21' , 1558356548 , '其它' , 'pc') [ RunTime:0.000317s ]
[ sql ] [ SQL ] SHOW COLUMNS FROM `tp_visit_count` [ RunTime:0.000684s ]
[ sql ] [ SQL ] SELECT * FROM `tp_visit_count` WHERE  `time` >= 1558281600 LIMIT 1 [ RunTime:0.000265s ]
[ sql ] [ SQL ] UPDATE `tp_visit_count`  SET `count`=17,`pc`=17,`mobile`=0  WHERE  `time` >= 1558281600 [ RunTime:0.000307s ]
[ sql ] [ SQL ] SELECT * FROM `tp_system` [ RunTime:0.000227s ]
[ sql ] [ SQL ] SELECT * FROM `tp_visit_log` WHERE  `ip` = '66.249.79.21'  AND `type` = 'pc'  AND `client` = '其它'  AND `time` > 1558355648 LIMIT 1 [ RunTime:0.000425s ]
[ sql ] [ SQL ] SHOW COLUMNS FROM `tp_article` [ RunTime:0.000811s ]
[ sql ] [ SQL ] SELECT * FROM `tp_article` WHERE  `cate_id` = 8  AND `status` = 1 LIMIT 5 [ RunTime:0.000331s ]
[ sql ] [ SQL ] SELECT * FROM `tp_article` WHERE  `id` = 6 LIMIT 1 [ RunTime:0.000257s ]
[ sql ] [ SQL ] SELECT * FROM `tp_cate` WHERE  `status` = 1  AND `pid` = 1 ORDER BY `sort` ASC [ RunTime:0.000287s ]
---------------------------------------------------------------
[ 2019-05-20T20:49:13+08:00 ] 66.249.79.23 GET www.jisitech.com/public/static/index/js/pro.js
[运行时间：0.015493s] [吞吐率：64.55req/s] [内存消耗：1,550.17kb] [文件加载：44]
[ info ] [ CACHE ] INIT File
[ info ] [ BEHAVIOR ] Run Closure @app_init [ RunTime:0.001568s ]
[ info ] [ ROUTE ] array (
  'type' => 'module',
  'module' => 
  array (
    0 => 'public',
    1 => 'static',
    2 => 'index',
  ),
)
[ info ] [ HEADER ] array (
  'accept-encoding' => 'gzip,deflate,br',
  'user-agent' => 'Mozilla/5.0 AppleWebKit/537.36 (KHTML, like Gecko; compatible; Googlebot/2.1; +http://www.google.com/bot.html) Safari/537.36',
  'from' => 'googlebot(at)googlebot.com',
  'accept' => '*/*',
  'connection' => 'keep-alive',
  'referer' => 'http://www.jisitech.com/article/6.html',
  'cookie' => 'think_var=zh-hk',
  'accept-language' => 'en-US',
  'host' => 'www.jisitech.com',
)
[ info ] [ PARAM ] array (
  '/static/index/js/pro_js' => '',
  'js' => 'pro.js',
)
[ info ] [ LOG ] INIT File
---------------------------------------------------------------
[ 2019-05-20T22:00:01+08:00 ] 66.249.79.21 GET www.jisitech.com/
[运行时间：0.036997s] [吞吐率：27.03req/s] [内存消耗：2,860.16kb] [文件加载：62]
[ info ] [ CACHE ] INIT File
[ info ] [ BEHAVIOR ] Run Closure @app_init [ RunTime:0.001531s ]
[ info ] [ ROUTE ] array (
  'type' => 'module',
  'module' => 
  array (
    0 => 'index',
    1 => 'index',
    2 => 'index',
  ),
  'convert' => false,
)
[ info ] [ HEADER ] array (
  'accept-encoding' => 'gzip,deflate,br',
  'user-agent' => 'Mozilla/5.0 (Linux; Android 6.0.1; Nexus 5X Build/MMB29P) AppleWebKit/537.36 (KHTML, like Gecko) Chrome/41.0.2272.96 Mobile Safari/537.36 (compatible; Googlebot/2.1; +http://www.google.com/bot.html)',
  'from' => 'googlebot(at)googlebot.com',
  'accept' => 'text/html,application/xhtml+xml,application/xml;q=0.9,*/*;q=0.8,text/html,application/xhtml+xml,application/signed-exchange;v=b3,application/xml;q=0.9,*/*;q=0.8',
  'connection' => 'keep-alive',
  'amp-cache-transform' => 'google;v="1"',
  'host' => 'www.jisitech.com',
)
[ info ] [ PARAM ] array (
)
[ info ] [ LANG ] /www/wwwroot/www.jisitech.com/./application/index/lang/zh-hk.php
[ info ] [ DB ] INIT mysql
[ info ] [ BEHAVIOR ] Run Closure @action_begin [ RunTime:0.000187s ]
[ info ] [ RUN ] app\index\controller\Index->index[ /www/wwwroot/www.jisitech.com/application/index/controller/Index.php ]
[ info ] [ VIEW ] /www/wwwroot/www.jisitech.com/./application/index/view/index/index.html [ array (
  0 => 'cate_list',
  1 => 'sys_cate_list',
  2 => 'config',
  3 => 'top_new',
  4 => 'advert_list',
  5 => 'banner_list',
  6 => 'anli_list',
  7 => 'news_list',
  8 => 'current',
) ]
[ info ] [ LOG ] INIT File
[ sql ] [ DB ] CONNECT:[ UseTime:0.000398s ] mysql:host=127.0.0.1;dbname=www_jisitech_com;charset=utf8
[ sql ] [ SQL ] SHOW COLUMNS FROM `tp_cate` [ RunTime:0.001317s ]
[ sql ] [ SQL ] SELECT * FROM `tp_cate` WHERE  `pid` = 0  AND `status` = 1 [ RunTime:0.000324s ]
[ sql ] [ SQL ] SELECT * FROM `tp_cate` WHERE  `pid` = 75  AND `status` = 1 [ RunTime:0.000243s ]
[ sql ] [ SQL ] SHOW COLUMNS FROM `tp_system` [ RunTime:0.000709s ]
[ sql ] [ SQL ] SELECT * FROM `tp_system` [ RunTime:0.000225s ]
[ sql ] [ SQL ] SHOW COLUMNS FROM `tp_visit_log` [ RunTime:0.000660s ]
[ sql ] [ SQL ] SELECT * FROM `tp_visit_log` WHERE  `ip` = '66.249.79.21'  AND `type` = 'mobile'  AND `client` = 'Chrome'  AND `time` > 1558359901 LIMIT 1 [ RunTime:0.000448s ]
[ sql ] [ SQL ] INSERT INTO `tp_visit_log` (`ip` , `time` , `client` , `type`) VALUES ('66.249.79.21' , 1558360801 , 'Chrome' , 'mobile') [ RunTime:0.000300s ]
[ sql ] [ SQL ] SHOW COLUMNS FROM `tp_visit_count` [ RunTime:0.000690s ]
[ sql ] [ SQL ] SELECT * FROM `tp_visit_count` WHERE  `time` >= 1558281600 LIMIT 1 [ RunTime:0.000280s ]
[ sql ] [ SQL ] UPDATE `tp_visit_count`  SET `count`=18,`pc`=17,`mobile`=1  WHERE  `time` >= 1558281600 [ RunTime:0.000285s ]
[ sql ] [ SQL ] SELECT * FROM `tp_system` [ RunTime:0.000203s ]
[ sql ] [ SQL ] SELECT * FROM `tp_visit_log` WHERE  `ip` = '66.249.79.21'  AND `type` = 'mobile'  AND `client` = 'Chrome'  AND `time` > 1558359901 LIMIT 1 [ RunTime:0.000410s ]
[ sql ] [ SQL ] SHOW COLUMNS FROM `tp_article` [ RunTime:0.000806s ]
[ sql ] [ SQL ] SELECT * FROM `tp_article` WHERE  `cate_id` = 8  AND `status` = 1 LIMIT 5 [ RunTime:0.000317s ]
[ sql ] [ SQL ] SELECT * FROM `tp_article` WHERE  `cate_id` = 7 ORDER BY `id` DESC LIMIT 6 [ RunTime:0.000285s ]
[ sql ] [ SQL ] SELECT * FROM `tp_article` WHERE  `cate_id` = 8 ORDER BY `id` DESC LIMIT 5 [ RunTime:0.000294s ]
[ sql ] [ SQL ] SHOW COLUMNS FROM `tp_advert` [ RunTime:0.000679s ]
[ sql ] [ SQL ] SELECT * FROM `tp_advert` WHERE  `type` = 'banner' LIMIT 8 [ RunTime:0.000235s ]
[ sql ] [ SQL ] SELECT * FROM `tp_advert` WHERE  `type` = 'advert' LIMIT 5 [ RunTime:0.000224s ]
[ sql ] [ SQL ] SELECT * FROM `tp_cate` WHERE  `status` = 1  AND `pid` = 1 ORDER BY `sort` ASC [ RunTime:0.000237s ]
---------------------------------------------------------------
[ 2019-05-20T22:01:08+08:00 ] 66.249.79.21 GET www.jisitech.com/css/language-selector.css
[运行时间：0.015726s] [吞吐率：63.59req/s] [内存消耗：1,550.17kb] [文件加载：44]
[ info ] [ CACHE ] INIT File
[ info ] [ BEHAVIOR ] Run Closure @app_init [ RunTime:0.001493s ]
[ info ] [ ROUTE ] array (
  'type' => 'module',
  'module' => 
  array (
    0 => 'css',
    1 => 'language-selector.css',
    2 => NULL,
  ),
)
[ info ] [ HEADER ] array (
  'accept-encoding' => 'gzip,deflate,br',
  'user-agent' => 'Mozilla/5.0 (Linux; Android 6.0.1; Nexus 5X Build/MMB29P) AppleWebKit/537.36 (KHTML, like Gecko) Chrome/41.0.2272.96 Mobile Safari/537.36 (compatible; Googlebot/2.1; +http://www.google.com/bot.html)',
  'from' => 'googlebot(at)googlebot.com',
  'accept' => 'text/css,*/*;q=0.1',
  'connection' => 'keep-alive',
  'referer' => 'http://www.jisitech.com/',
  'cookie' => 'think_var=zh-hk',
  'accept-language' => 'en-US',
  'host' => 'www.jisitech.com',
)
[ info ] [ PARAM ] array (
  '/css/language-selector_css' => '',
)
[ info ] [ LOG ] INIT File
