---------------------------------------------------------------
[ 2019-05-21T00:10:47+08:00 ] 66.249.79.21 GET www.jisitech.com/article/9.html
[运行时间：0.035870s] [吞吐率：27.88req/s] [内存消耗：2,768.35kb] [文件加载：62]
[ info ] [ CACHE ] INIT File
[ info ] [ BEHAVIOR ] Run Closure @app_init [ RunTime:0.001485s ]
[ info ] [ ROUTE ] array (
  'type' => 'module',
  'module' => 
  array (
    0 => 'index',
    1 => 'index',
    2 => 'article',
  ),
  'convert' => false,
)
[ info ] [ HEADER ] array (
  'if-modified-since' => 'Sat, 18 May 2019 05:24:44 GMT',
  'accept-encoding' => 'gzip,deflate,br',
  'user-agent' => 'Mozilla/5.0 (compatible; Googlebot/2.1; +http://www.google.com/bot.html)',
  'from' => 'googlebot(at)googlebot.com',
  'accept' => 'text/html,application/xhtml+xml,application/xml;q=0.9,*/*;q=0.8',
  'connection' => 'keep-alive',
  'host' => 'www.jisitech.com',
)
[ info ] [ PARAM ] array (
  '/article/9_html' => '',
  'id' => '9',
)
[ info ] [ LANG ] /www/wwwroot/www.jisitech.com/./application/index/lang/zh-hk.php
[ info ] [ DB ] INIT mysql
[ info ] [ BEHAVIOR ] Run Closure @action_begin [ RunTime:0.000186s ]
[ info ] [ RUN ] app\index\controller\Index->article[ /www/wwwroot/www.jisitech.com/application/index/controller/Index.php ]
[ info ] [ VIEW ] /www/wwwroot/www.jisitech.com/./application/index/view/index/article.html [ array (
  0 => 'cate_list',
  1 => 'sys_cate_list',
  2 => 'config',
  3 => 'top_new',
  4 => 'info',
  5 => 'current',
) ]
[ info ] [ LOG ] INIT File
[ sql ] [ DB ] CONNECT:[ UseTime:0.000384s ] mysql:host=127.0.0.1;dbname=www_jisitech_com;charset=utf8
[ sql ] [ SQL ] SHOW COLUMNS FROM `tp_cate` [ RunTime:0.000925s ]
[ sql ] [ SQL ] SELECT * FROM `tp_cate` WHERE  `pid` = 0  AND `status` = 1 [ RunTime:0.001040s ]
[ sql ] [ SQL ] SELECT * FROM `tp_cate` WHERE  `pid` = 75  AND `status` = 1 [ RunTime:0.000272s ]
[ sql ] [ SQL ] SHOW COLUMNS FROM `tp_system` [ RunTime:0.000680s ]
[ sql ] [ SQL ] SELECT * FROM `tp_system` [ RunTime:0.000224s ]
[ sql ] [ SQL ] SHOW COLUMNS FROM `tp_visit_log` [ RunTime:0.000663s ]
[ sql ] [ SQL ] SELECT * FROM `tp_visit_log` WHERE  `ip` = '66.249.79.21'  AND `type` = 'pc'  AND `client` = '其它'  AND `time` > 1558367747 LIMIT 1 [ RunTime:0.000409s ]
[ sql ] [ SQL ] INSERT INTO `tp_visit_log` (`ip` , `time` , `client` , `type`) VALUES ('66.249.79.21' , 1558368647 , '其它' , 'pc') [ RunTime:0.000330s ]
[ sql ] [ SQL ] SHOW COLUMNS FROM `tp_visit_count` [ RunTime:0.000635s ]
[ sql ] [ SQL ] SELECT * FROM `tp_visit_count` WHERE  `time` >= 1558368000 LIMIT 1 [ RunTime:0.000304s ]
[ sql ] [ SQL ] INSERT INTO `tp_visit_count` (`time`) VALUES (1558368647) [ RunTime:0.000230s ]
[ sql ] [ SQL ] UPDATE `tp_visit_count`  SET `count`=1,`pc`=1,`mobile`=0  WHERE  `time` >= 1558368000 [ RunTime:0.000243s ]
[ sql ] [ SQL ] SELECT * FROM `tp_system` [ RunTime:0.000225s ]
[ sql ] [ SQL ] SELECT * FROM `tp_visit_log` WHERE  `ip` = '66.249.79.21'  AND `type` = 'pc'  AND `client` = '其它'  AND `time` > 1558367747 LIMIT 1 [ RunTime:0.000368s ]
[ sql ] [ SQL ] SHOW COLUMNS FROM `tp_article` [ RunTime:0.000798s ]
[ sql ] [ SQL ] SELECT * FROM `tp_article` WHERE  `cate_id` = 8  AND `status` = 1 LIMIT 5 [ RunTime:0.000300s ]
[ sql ] [ SQL ] SELECT * FROM `tp_article` WHERE  `id` = 9 LIMIT 1 [ RunTime:0.000277s ]
[ sql ] [ SQL ] SELECT * FROM `tp_cate` WHERE  `status` = 1  AND `pid` = 1 ORDER BY `sort` ASC [ RunTime:0.000286s ]
---------------------------------------------------------------
[ 2019-05-21T00:11:06+08:00 ] 66.249.79.23 GET www.jisitech.com/public/static/index/js/pro.js
[运行时间：0.015448s] [吞吐率：64.73req/s] [内存消耗：1,550.17kb] [文件加载：44]
[ info ] [ CACHE ] INIT File
[ info ] [ BEHAVIOR ] Run Closure @app_init [ RunTime:0.001473s ]
[ info ] [ ROUTE ] array (
  'type' => 'module',
  'module' => 
  array (
    0 => 'public',
    1 => 'static',
    2 => 'index',
  ),
)
[ info ] [ HEADER ] array (
  'accept-encoding' => 'gzip,deflate,br',
  'user-agent' => 'Mozilla/5.0 AppleWebKit/537.36 (KHTML, like Gecko; compatible; Googlebot/2.1; +http://www.google.com/bot.html) Safari/537.36',
  'from' => 'googlebot(at)googlebot.com',
  'accept' => '*/*',
  'connection' => 'keep-alive',
  'referer' => 'http://www.jisitech.com/article/9.html',
  'cookie' => 'think_var=zh-hk',
  'accept-language' => 'en-US',
  'host' => 'www.jisitech.com',
)
[ info ] [ PARAM ] array (
  '/static/index/js/pro_js' => '',
  'js' => 'pro.js',
)
[ info ] [ LOG ] INIT File
---------------------------------------------------------------
[ 2019-05-21T10:20:04+08:00 ] 42.236.103.106 GET www.jisitech.com/
[运行时间：0.036113s] [吞吐率：27.69req/s] [内存消耗：2,877.60kb] [文件加载：63]
[ info ] [ CACHE ] INIT File
[ info ] [ BEHAVIOR ] Run Closure @app_init [ RunTime:0.001527s ]
[ info ] [ LANG ] /www/wwwroot/www.jisitech.com/thinkphp/lang/zh-cn.php
[ info ] [ ROUTE ] array (
  'type' => 'module',
  'module' => 
  array (
    0 => 'index',
    1 => 'index',
    2 => 'index',
  ),
  'convert' => false,
)
[ info ] [ HEADER ] array (
  'user-agent' => 'Mozilla/5.0 (Windows NT 6.1; WOW64) AppleWebKit/537.36 (KHTML, like Gecko) Chrome/50.0.2661.102 Safari/537.36; 360Spider',
  'connection' => 'Keep-Alive',
  'accept-language' => 'zh-CN',
  'accept' => '*/*',
  'cookie' => '',
  'referer' => 'http://www.jisitech.com/',
  'accept-encoding' => 'deflate, gzip',
  'host' => 'www.jisitech.com',
)
[ info ] [ PARAM ] array (
)
[ info ] [ LANG ] /www/wwwroot/www.jisitech.com/./application/index/lang/zh-cn.php
[ info ] [ DB ] INIT mysql
[ info ] [ BEHAVIOR ] Run Closure @action_begin [ RunTime:0.000166s ]
[ info ] [ RUN ] app\index\controller\Index->index[ /www/wwwroot/www.jisitech.com/application/index/controller/Index.php ]
[ info ] [ VIEW ] /www/wwwroot/www.jisitech.com/./application/index/view/index/index.html [ array (
  0 => 'cate_list',
  1 => 'sys_cate_list',
  2 => 'config',
  3 => 'top_new',
  4 => 'advert_list',
  5 => 'banner_list',
  6 => 'anli_list',
  7 => 'news_list',
  8 => 'current',
) ]
[ info ] [ LOG ] INIT File
[ sql ] [ DB ] CONNECT:[ UseTime:0.000391s ] mysql:host=127.0.0.1;dbname=www_jisitech_com;charset=utf8
[ sql ] [ SQL ] SHOW COLUMNS FROM `tp_cate` [ RunTime:0.000930s ]
[ sql ] [ SQL ] SELECT * FROM `tp_cate` WHERE  `pid` = 0  AND `status` = 1 [ RunTime:0.000332s ]
[ sql ] [ SQL ] SELECT * FROM `tp_cate` WHERE  `pid` = 75  AND `status` = 1 [ RunTime:0.000245s ]
[ sql ] [ SQL ] SHOW COLUMNS FROM `tp_system` [ RunTime:0.000709s ]
[ sql ] [ SQL ] SELECT * FROM `tp_system` [ RunTime:0.000232s ]
[ sql ] [ SQL ] SHOW COLUMNS FROM `tp_visit_log` [ RunTime:0.000670s ]
[ sql ] [ SQL ] SELECT * FROM `tp_visit_log` WHERE  `ip` = '42.236.103.106'  AND `type` = 'pc'  AND `client` = 'Chrome'  AND `time` > 1558404304 LIMIT 1 [ RunTime:0.000412s ]
[ sql ] [ SQL ] INSERT INTO `tp_visit_log` (`ip` , `time` , `client` , `type`) VALUES ('42.236.103.106' , 1558405204 , 'Chrome' , 'pc') [ RunTime:0.000323s ]
[ sql ] [ SQL ] SHOW COLUMNS FROM `tp_visit_count` [ RunTime:0.000649s ]
[ sql ] [ SQL ] SELECT * FROM `tp_visit_count` WHERE  `time` >= 1558368000 LIMIT 1 [ RunTime:0.000283s ]
[ sql ] [ SQL ] UPDATE `tp_visit_count`  SET `count`=2,`pc`=2,`mobile`=0  WHERE  `time` >= 1558368000 [ RunTime:0.000264s ]
[ sql ] [ SQL ] SELECT * FROM `tp_system` [ RunTime:0.000206s ]
[ sql ] [ SQL ] SELECT * FROM `tp_visit_log` WHERE  `ip` = '42.236.103.106'  AND `type` = 'pc'  AND `client` = 'Chrome'  AND `time` > 1558404304 LIMIT 1 [ RunTime:0.000389s ]
[ sql ] [ SQL ] SHOW COLUMNS FROM `tp_article` [ RunTime:0.000774s ]
[ sql ] [ SQL ] SELECT * FROM `tp_article` WHERE  `cate_id` = 8  AND `status` = 1 LIMIT 5 [ RunTime:0.000306s ]
[ sql ] [ SQL ] SELECT * FROM `tp_article` WHERE  `cate_id` = 7 ORDER BY `id` DESC LIMIT 6 [ RunTime:0.000272s ]
[ sql ] [ SQL ] SELECT * FROM `tp_article` WHERE  `cate_id` = 8 ORDER BY `id` DESC LIMIT 5 [ RunTime:0.000286s ]
[ sql ] [ SQL ] SHOW COLUMNS FROM `tp_advert` [ RunTime:0.000678s ]
[ sql ] [ SQL ] SELECT * FROM `tp_advert` WHERE  `type` = 'banner' LIMIT 8 [ RunTime:0.000232s ]
[ sql ] [ SQL ] SELECT * FROM `tp_advert` WHERE  `type` = 'advert' LIMIT 5 [ RunTime:0.000206s ]
[ sql ] [ SQL ] SELECT * FROM `tp_cate` WHERE  `status` = 1  AND `pid` = 1 ORDER BY `sort` ASC [ RunTime:0.000239s ]
---------------------------------------------------------------
[ 2019-05-21T11:41:45+08:00 ] 64.246.178.34 GET www.jisitech.com/robots.txt
[运行时间：0.023356s] [吞吐率：42.82req/s] [内存消耗：1,548.57kb] [文件加载：44]
[ info ] [ CACHE ] INIT File
[ info ] [ BEHAVIOR ] Run Closure @app_init [ RunTime:0.002257s ]
[ info ] [ ROUTE ] array (
  'type' => 'module',
  'module' => 
  array (
    0 => 'robots.txt',
    1 => NULL,
    2 => NULL,
  ),
)
[ info ] [ HEADER ] array (
  'accept' => '*/*',
  'pragma' => 'no-cache',
  'user-agent' => 'Mozilla/5.0 (Macintosh; Intel Mac OS X 10.10; rv:59.0) Gecko/20100101 Firefox/59.0',
  'connection' => 'close',
  'accept-language' => 'en-us,fr-be;q=0.5',
  'host' => 'www.jisitech.com',
)
[ info ] [ PARAM ] array (
  '/robots_txt' => '',
)
[ info ] [ LOG ] INIT File
---------------------------------------------------------------
[ 2019-05-21T11:41:46+08:00 ] 64.246.178.34 GET www.jisitech.com/
[运行时间：0.036068s] [吞吐率：27.73req/s] [内存消耗：2,857.05kb] [文件加载：61]
[ info ] [ CACHE ] INIT File
[ info ] [ BEHAVIOR ] Run Closure @app_init [ RunTime:0.001442s ]
[ info ] [ ROUTE ] array (
  'type' => 'module',
  'module' => 
  array (
    0 => 'index',
    1 => 'index',
    2 => 'index',
  ),
  'convert' => false,
)
[ info ] [ HEADER ] array (
  'wsip' => '154.221.16.85',
  'wshost' => 'www.jisitech.com',
  'user-agent' => 'Mozilla/5.0 (Macintosh; Intel Mac OS X 10.10; rv:59.0) Gecko/20100101 Firefox/59.0',
  'host' => 'www.jisitech.com',
  'from' => 'feedback@surveybot.com',
  'accept-language' => 'en-us,fr-be;q=0.5',
  'accept-encoding' => 'gzip, x-gzip, deflate',
  'accept' => '*/*',
  'pragma' => 'no-cache',
  'connection' => 'close, TE',
  'te' => 'deflate,gzip;q=0.3',
)
[ info ] [ PARAM ] array (
)
[ info ] [ DB ] INIT mysql
[ info ] [ BEHAVIOR ] Run Closure @action_begin [ RunTime:0.000182s ]
[ info ] [ RUN ] app\index\controller\Index->index[ /www/wwwroot/www.jisitech.com/application/index/controller/Index.php ]
[ info ] [ VIEW ] /www/wwwroot/www.jisitech.com/./application/index/view/index/index.html [ array (
  0 => 'cate_list',
  1 => 'sys_cate_list',
  2 => 'config',
  3 => 'top_new',
  4 => 'advert_list',
  5 => 'banner_list',
  6 => 'anli_list',
  7 => 'news_list',
  8 => 'current',
) ]
[ info ] [ LOG ] INIT File
[ sql ] [ DB ] CONNECT:[ UseTime:0.000427s ] mysql:host=127.0.0.1;dbname=www_jisitech_com;charset=utf8
[ sql ] [ SQL ] SHOW COLUMNS FROM `tp_cate` [ RunTime:0.000935s ]
[ sql ] [ SQL ] SELECT * FROM `tp_cate` WHERE  `pid` = 0  AND `status` = 1 [ RunTime:0.000347s ]
[ sql ] [ SQL ] SELECT * FROM `tp_cate` WHERE  `pid` = 75  AND `status` = 1 [ RunTime:0.000262s ]
[ sql ] [ SQL ] SHOW COLUMNS FROM `tp_system` [ RunTime:0.000673s ]
[ sql ] [ SQL ] SELECT * FROM `tp_system` [ RunTime:0.000217s ]
[ sql ] [ SQL ] SHOW COLUMNS FROM `tp_visit_log` [ RunTime:0.000625s ]
[ sql ] [ SQL ] SELECT * FROM `tp_visit_log` WHERE  `ip` = '64.246.178.34'  AND `type` = 'pc'  AND `client` = 'Firefox'  AND `time` > 1558409206 LIMIT 1 [ RunTime:0.000379s ]
[ sql ] [ SQL ] INSERT INTO `tp_visit_log` (`ip` , `time` , `client` , `type`) VALUES ('64.246.178.34' , 1558410106 , 'Firefox' , 'pc') [ RunTime:0.000290s ]
[ sql ] [ SQL ] SHOW COLUMNS FROM `tp_visit_count` [ RunTime:0.000655s ]
[ sql ] [ SQL ] SELECT * FROM `tp_visit_count` WHERE  `time` >= 1558368000 LIMIT 1 [ RunTime:0.000257s ]
[ sql ] [ SQL ] UPDATE `tp_visit_count`  SET `count`=3,`pc`=3,`mobile`=0  WHERE  `time` >= 1558368000 [ RunTime:0.000295s ]
[ sql ] [ SQL ] SELECT * FROM `tp_system` [ RunTime:0.000193s ]
[ sql ] [ SQL ] SELECT * FROM `tp_visit_log` WHERE  `ip` = '64.246.178.34'  AND `type` = 'pc'  AND `client` = 'Firefox'  AND `time` > 1558409206 LIMIT 1 [ RunTime:0.000395s ]
[ sql ] [ SQL ] SHOW COLUMNS FROM `tp_article` [ RunTime:0.000762s ]
[ sql ] [ SQL ] SELECT * FROM `tp_article` WHERE  `cate_id` = 8  AND `status` = 1 LIMIT 5 [ RunTime:0.000293s ]
[ sql ] [ SQL ] SELECT * FROM `tp_article` WHERE  `cate_id` = 7 ORDER BY `id` DESC LIMIT 6 [ RunTime:0.000270s ]
[ sql ] [ SQL ] SELECT * FROM `tp_article` WHERE  `cate_id` = 8 ORDER BY `id` DESC LIMIT 5 [ RunTime:0.000284s ]
[ sql ] [ SQL ] SHOW COLUMNS FROM `tp_advert` [ RunTime:0.000790s ]
[ sql ] [ SQL ] SELECT * FROM `tp_advert` WHERE  `type` = 'banner' LIMIT 8 [ RunTime:0.000211s ]
[ sql ] [ SQL ] SELECT * FROM `tp_advert` WHERE  `type` = 'advert' LIMIT 5 [ RunTime:0.000221s ]
[ sql ] [ SQL ] SELECT * FROM `tp_cate` WHERE  `status` = 1  AND `pid` = 1 ORDER BY `sort` ASC [ RunTime:0.000240s ]
---------------------------------------------------------------
[ 2019-05-21T12:43:35+08:00 ] 66.249.79.21 GET www.jisitech.com/robots.txt
[运行时间：0.015557s] [吞吐率：64.28req/s] [内存消耗：1,548.51kb] [文件加载：44]
[ info ] [ CACHE ] INIT File
[ info ] [ BEHAVIOR ] Run Closure @app_init [ RunTime:0.001485s ]
[ info ] [ ROUTE ] array (
  'type' => 'module',
  'module' => 
  array (
    0 => 'robots.txt',
    1 => NULL,
    2 => NULL,
  ),
)
[ info ] [ HEADER ] array (
  'accept-encoding' => 'gzip,deflate,br',
  'user-agent' => 'Mozilla/5.0 (compatible; Googlebot/2.1; +http://www.google.com/bot.html)',
  'accept' => 'text/plain,text/html,*/*',
  'connection' => 'keep-alive',
  'host' => 'www.jisitech.com',
)
[ info ] [ PARAM ] array (
  '/robots_txt' => '',
)
[ info ] [ LOG ] INIT File
---------------------------------------------------------------
[ 2019-05-21T12:43:35+08:00 ] 66.249.79.25 GET www.jisitech.com/
[运行时间：0.036894s] [吞吐率：27.10req/s] [内存消耗：2,859.18kb] [文件加载：62]
[ info ] [ CACHE ] INIT File
[ info ] [ BEHAVIOR ] Run Closure @app_init [ RunTime:0.001491s ]
[ info ] [ ROUTE ] array (
  'type' => 'module',
  'module' => 
  array (
    0 => 'index',
    1 => 'index',
    2 => 'index',
  ),
  'convert' => false,
)
[ info ] [ HEADER ] array (
  'accept-encoding' => 'gzip,deflate,br',
  'user-agent' => 'Mozilla/5.0 (compatible; Googlebot/2.1; +http://www.google.com/bot.html)',
  'from' => 'googlebot(at)googlebot.com',
  'accept' => 'text/html,application/xhtml+xml,application/xml;q=0.9,*/*;q=0.8',
  'connection' => 'keep-alive',
  'host' => 'www.jisitech.com',
)
[ info ] [ PARAM ] array (
)
[ info ] [ LANG ] /www/wwwroot/www.jisitech.com/./application/index/lang/zh-hk.php
[ info ] [ DB ] INIT mysql
[ info ] [ BEHAVIOR ] Run Closure @action_begin [ RunTime:0.000189s ]
[ info ] [ RUN ] app\index\controller\Index->index[ /www/wwwroot/www.jisitech.com/application/index/controller/Index.php ]
[ info ] [ VIEW ] /www/wwwroot/www.jisitech.com/./application/index/view/index/index.html [ array (
  0 => 'cate_list',
  1 => 'sys_cate_list',
  2 => 'config',
  3 => 'top_new',
  4 => 'advert_list',
  5 => 'banner_list',
  6 => 'anli_list',
  7 => 'news_list',
  8 => 'current',
) ]
[ info ] [ LOG ] INIT File
[ sql ] [ DB ] CONNECT:[ UseTime:0.000441s ] mysql:host=127.0.0.1;dbname=www_jisitech_com;charset=utf8
[ sql ] [ SQL ] SHOW COLUMNS FROM `tp_cate` [ RunTime:0.001040s ]
[ sql ] [ SQL ] SELECT * FROM `tp_cate` WHERE  `pid` = 0  AND `status` = 1 [ RunTime:0.000351s ]
[ sql ] [ SQL ] SELECT * FROM `tp_cate` WHERE  `pid` = 75  AND `status` = 1 [ RunTime:0.000253s ]
[ sql ] [ SQL ] SHOW COLUMNS FROM `tp_system` [ RunTime:0.000672s ]
[ sql ] [ SQL ] SELECT * FROM `tp_system` [ RunTime:0.000202s ]
[ sql ] [ SQL ] SHOW COLUMNS FROM `tp_visit_log` [ RunTime:0.000664s ]
[ sql ] [ SQL ] SELECT * FROM `tp_visit_log` WHERE  `ip` = '66.249.79.25'  AND `type` = 'pc'  AND `client` = '其它'  AND `time` > 1558412915 LIMIT 1 [ RunTime:0.000393s ]
[ sql ] [ SQL ] INSERT INTO `tp_visit_log` (`ip` , `time` , `client` , `type`) VALUES ('66.249.79.25' , 1558413815 , '其它' , 'pc') [ RunTime:0.000310s ]
[ sql ] [ SQL ] SHOW COLUMNS FROM `tp_visit_count` [ RunTime:0.000747s ]
[ sql ] [ SQL ] SELECT * FROM `tp_visit_count` WHERE  `time` >= 1558368000 LIMIT 1 [ RunTime:0.000292s ]
[ sql ] [ SQL ] UPDATE `tp_visit_count`  SET `count`=4,`pc`=4,`mobile`=0  WHERE  `time` >= 1558368000 [ RunTime:0.000290s ]
[ sql ] [ SQL ] SELECT * FROM `tp_system` [ RunTime:0.000198s ]
[ sql ] [ SQL ] SELECT * FROM `tp_visit_log` WHERE  `ip` = '66.249.79.25'  AND `type` = 'pc'  AND `client` = '其它'  AND `time` > 1558412915 LIMIT 1 [ RunTime:0.000376s ]
[ sql ] [ SQL ] SHOW COLUMNS FROM `tp_article` [ RunTime:0.000810s ]
[ sql ] [ SQL ] SELECT * FROM `tp_article` WHERE  `cate_id` = 8  AND `status` = 1 LIMIT 5 [ RunTime:0.000332s ]
[ sql ] [ SQL ] SELECT * FROM `tp_article` WHERE  `cate_id` = 7 ORDER BY `id` DESC LIMIT 6 [ RunTime:0.000271s ]
[ sql ] [ SQL ] SELECT * FROM `tp_article` WHERE  `cate_id` = 8 ORDER BY `id` DESC LIMIT 5 [ RunTime:0.000300s ]
[ sql ] [ SQL ] SHOW COLUMNS FROM `tp_advert` [ RunTime:0.000656s ]
[ sql ] [ SQL ] SELECT * FROM `tp_advert` WHERE  `type` = 'banner' LIMIT 8 [ RunTime:0.000216s ]
[ sql ] [ SQL ] SELECT * FROM `tp_advert` WHERE  `type` = 'advert' LIMIT 5 [ RunTime:0.000216s ]
[ sql ] [ SQL ] SELECT * FROM `tp_cate` WHERE  `status` = 1  AND `pid` = 1 ORDER BY `sort` ASC [ RunTime:0.000300s ]
---------------------------------------------------------------
[ 2019-05-21T12:43:45+08:00 ] 66.249.79.23 GET www.jisitech.com/css/language-selector.css
[运行时间：0.016495s] [吞吐率：60.62req/s] [内存消耗：1,549.80kb] [文件加载：44]
[ info ] [ CACHE ] INIT File
[ info ] [ BEHAVIOR ] Run Closure @app_init [ RunTime:0.001611s ]
[ info ] [ ROUTE ] array (
  'type' => 'module',
  'module' => 
  array (
    0 => 'css',
    1 => 'language-selector.css',
    2 => NULL,
  ),
)
[ info ] [ HEADER ] array (
  'accept-encoding' => 'gzip,deflate,br',
  'user-agent' => 'Mozilla/5.0 AppleWebKit/537.36 (KHTML, like Gecko; compatible; Googlebot/2.1; +http://www.google.com/bot.html) Safari/537.36',
  'from' => 'googlebot(at)googlebot.com',
  'accept' => 'text/css,*/*;q=0.1',
  'connection' => 'keep-alive',
  'referer' => 'http://www.jisitech.com/',
  'cookie' => 'think_var=zh-hk',
  'accept-language' => 'en-US',
  'host' => 'www.jisitech.com',
)
[ info ] [ PARAM ] array (
  '/css/language-selector_css' => '',
)
[ info ] [ LOG ] INIT File
---------------------------------------------------------------
[ 2019-05-21T15:59:34+08:00 ] 42.236.10.81 GET www.jisitech.com/
[运行时间：0.037009s] [吞吐率：27.02req/s] [内存消耗：2,877.60kb] [文件加载：63]
[ info ] [ CACHE ] INIT File
[ info ] [ BEHAVIOR ] Run Closure @app_init [ RunTime:0.001481s ]
[ info ] [ LANG ] /www/wwwroot/www.jisitech.com/thinkphp/lang/zh-cn.php
[ info ] [ ROUTE ] array (
  'type' => 'module',
  'module' => 
  array (
    0 => 'index',
    1 => 'index',
    2 => 'index',
  ),
  'convert' => false,
)
[ info ] [ HEADER ] array (
  'user-agent' => 'Mozilla/5.0 (Windows NT 6.1; WOW64) AppleWebKit/537.36 (KHTML, like Gecko) Chrome/50.4.2661.102 Safari/537.36; 360Spider',
  'connection' => 'Keep-Alive',
  'accept-language' => 'zh-CN',
  'accept' => '*/*',
  'cookie' => '',
  'referer' => 'http://www.jisitech.com/',
  'accept-encoding' => 'deflate, gzip',
  'host' => 'www.jisitech.com',
)
[ info ] [ PARAM ] array (
)
[ info ] [ LANG ] /www/wwwroot/www.jisitech.com/./application/index/lang/zh-cn.php
[ info ] [ DB ] INIT mysql
[ info ] [ BEHAVIOR ] Run Closure @action_begin [ RunTime:0.000192s ]
[ info ] [ RUN ] app\index\controller\Index->index[ /www/wwwroot/www.jisitech.com/application/index/controller/Index.php ]
[ info ] [ VIEW ] /www/wwwroot/www.jisitech.com/./application/index/view/index/index.html [ array (
  0 => 'cate_list',
  1 => 'sys_cate_list',
  2 => 'config',
  3 => 'top_new',
  4 => 'advert_list',
  5 => 'banner_list',
  6 => 'anli_list',
  7 => 'news_list',
  8 => 'current',
) ]
[ info ] [ LOG ] INIT File
[ sql ] [ DB ] CONNECT:[ UseTime:0.000388s ] mysql:host=127.0.0.1;dbname=www_jisitech_com;charset=utf8
[ sql ] [ SQL ] SHOW COLUMNS FROM `tp_cate` [ RunTime:0.000960s ]
[ sql ] [ SQL ] SELECT * FROM `tp_cate` WHERE  `pid` = 0  AND `status` = 1 [ RunTime:0.000356s ]
[ sql ] [ SQL ] SELECT * FROM `tp_cate` WHERE  `pid` = 75  AND `status` = 1 [ RunTime:0.000225s ]
[ sql ] [ SQL ] SHOW COLUMNS FROM `tp_system` [ RunTime:0.000697s ]
[ sql ] [ SQL ] SELECT * FROM `tp_system` [ RunTime:0.000229s ]
[ sql ] [ SQL ] SHOW COLUMNS FROM `tp_visit_log` [ RunTime:0.000657s ]
[ sql ] [ SQL ] SELECT * FROM `tp_visit_log` WHERE  `ip` = '42.236.10.81'  AND `type` = 'pc'  AND `client` = 'Chrome'  AND `time` > 1558424674 LIMIT 1 [ RunTime:0.000409s ]
[ sql ] [ SQL ] INSERT INTO `tp_visit_log` (`ip` , `time` , `client` , `type`) VALUES ('42.236.10.81' , 1558425574 , 'Chrome' , 'pc') [ RunTime:0.000305s ]
[ sql ] [ SQL ] SHOW COLUMNS FROM `tp_visit_count` [ RunTime:0.000686s ]
[ sql ] [ SQL ] SELECT * FROM `tp_visit_count` WHERE  `time` >= 1558368000 LIMIT 1 [ RunTime:0.000261s ]
[ sql ] [ SQL ] UPDATE `tp_visit_count`  SET `count`=5,`pc`=5,`mobile`=0  WHERE  `time` >= 1558368000 [ RunTime:0.000284s ]
[ sql ] [ SQL ] SELECT * FROM `tp_system` [ RunTime:0.000206s ]
[ sql ] [ SQL ] SELECT * FROM `tp_visit_log` WHERE  `ip` = '42.236.10.81'  AND `type` = 'pc'  AND `client` = 'Chrome'  AND `time` > 1558424674 LIMIT 1 [ RunTime:0.000369s ]
[ sql ] [ SQL ] SHOW COLUMNS FROM `tp_article` [ RunTime:0.000779s ]
[ sql ] [ SQL ] SELECT * FROM `tp_article` WHERE  `cate_id` = 8  AND `status` = 1 LIMIT 5 [ RunTime:0.000302s ]
[ sql ] [ SQL ] SELECT * FROM `tp_article` WHERE  `cate_id` = 7 ORDER BY `id` DESC LIMIT 6 [ RunTime:0.000315s ]
[ sql ] [ SQL ] SELECT * FROM `tp_article` WHERE  `cate_id` = 8 ORDER BY `id` DESC LIMIT 5 [ RunTime:0.000284s ]
[ sql ] [ SQL ] SHOW COLUMNS FROM `tp_advert` [ RunTime:0.000690s ]
[ sql ] [ SQL ] SELECT * FROM `tp_advert` WHERE  `type` = 'banner' LIMIT 8 [ RunTime:0.000210s ]
[ sql ] [ SQL ] SELECT * FROM `tp_advert` WHERE  `type` = 'advert' LIMIT 5 [ RunTime:0.000204s ]
[ sql ] [ SQL ] SELECT * FROM `tp_cate` WHERE  `status` = 1  AND `pid` = 1 ORDER BY `sort` ASC [ RunTime:0.000251s ]
---------------------------------------------------------------
[ 2019-05-21T18:03:05+08:00 ] 66.249.79.25 GET www.jisitech.com/article/9.html
[运行时间：0.033646s] [吞吐率：29.72req/s] [内存消耗：2,767.60kb] [文件加载：62]
[ info ] [ CACHE ] INIT File
[ info ] [ BEHAVIOR ] Run Closure @app_init [ RunTime:0.001462s ]
[ info ] [ ROUTE ] array (
  'type' => 'module',
  'module' => 
  array (
    0 => 'index',
    1 => 'index',
    2 => 'article',
  ),
  'convert' => false,
)
[ info ] [ HEADER ] array (
  'if-modified-since' => 'Mon, 20 May 2019 16:11:13 GMT',
  'accept-encoding' => 'gzip,deflate,br',
  'user-agent' => 'Mozilla/5.0 (compatible; Googlebot/2.1; +http://www.google.com/bot.html)',
  'from' => 'googlebot(at)googlebot.com',
  'accept' => 'text/html,application/xhtml+xml,application/xml;q=0.9,*/*;q=0.8',
  'connection' => 'keep-alive',
  'host' => 'www.jisitech.com',
)
[ info ] [ PARAM ] array (
  '/article/9_html' => '',
  'id' => '9',
)
[ info ] [ LANG ] /www/wwwroot/www.jisitech.com/./application/index/lang/zh-hk.php
[ info ] [ DB ] INIT mysql
[ info ] [ BEHAVIOR ] Run Closure @action_begin [ RunTime:0.000189s ]
[ info ] [ RUN ] app\index\controller\Index->article[ /www/wwwroot/www.jisitech.com/application/index/controller/Index.php ]
[ info ] [ VIEW ] /www/wwwroot/www.jisitech.com/./application/index/view/index/article.html [ array (
  0 => 'cate_list',
  1 => 'sys_cate_list',
  2 => 'config',
  3 => 'top_new',
  4 => 'info',
  5 => 'current',
) ]
[ info ] [ LOG ] INIT File
[ sql ] [ DB ] CONNECT:[ UseTime:0.000412s ] mysql:host=127.0.0.1;dbname=www_jisitech_com;charset=utf8
[ sql ] [ SQL ] SHOW COLUMNS FROM `tp_cate` [ RunTime:0.000917s ]
[ sql ] [ SQL ] SELECT * FROM `tp_cate` WHERE  `pid` = 0  AND `status` = 1 [ RunTime:0.000327s ]
[ sql ] [ SQL ] SELECT * FROM `tp_cate` WHERE  `pid` = 75  AND `status` = 1 [ RunTime:0.000258s ]
[ sql ] [ SQL ] SHOW COLUMNS FROM `tp_system` [ RunTime:0.000691s ]
[ sql ] [ SQL ] SELECT * FROM `tp_system` [ RunTime:0.000213s ]
[ sql ] [ SQL ] SHOW COLUMNS FROM `tp_visit_log` [ RunTime:0.000685s ]
[ sql ] [ SQL ] SELECT * FROM `tp_visit_log` WHERE  `ip` = '66.249.79.25'  AND `type` = 'pc'  AND `client` = '其它'  AND `time` > 1558432085 LIMIT 1 [ RunTime:0.000400s ]
[ sql ] [ SQL ] INSERT INTO `tp_visit_log` (`ip` , `time` , `client` , `type`) VALUES ('66.249.79.25' , 1558432985 , '其它' , 'pc') [ RunTime:0.000291s ]
[ sql ] [ SQL ] SHOW COLUMNS FROM `tp_visit_count` [ RunTime:0.000646s ]
[ sql ] [ SQL ] SELECT * FROM `tp_visit_count` WHERE  `time` >= 1558368000 LIMIT 1 [ RunTime:0.000278s ]
[ sql ] [ SQL ] UPDATE `tp_visit_count`  SET `count`=6,`pc`=6,`mobile`=0  WHERE  `time` >= 1558368000 [ RunTime:0.000272s ]
[ sql ] [ SQL ] SELECT * FROM `tp_system` [ RunTime:0.000195s ]
[ sql ] [ SQL ] SELECT * FROM `tp_visit_log` WHERE  `ip` = '66.249.79.25'  AND `type` = 'pc'  AND `client` = '其它'  AND `time` > 1558432085 LIMIT 1 [ RunTime:0.000396s ]
[ sql ] [ SQL ] SHOW COLUMNS FROM `tp_article` [ RunTime:0.000761s ]
[ sql ] [ SQL ] SELECT * FROM `tp_article` WHERE  `cate_id` = 8  AND `status` = 1 LIMIT 5 [ RunTime:0.000314s ]
[ sql ] [ SQL ] SELECT * FROM `tp_article` WHERE  `id` = 9 LIMIT 1 [ RunTime:0.000292s ]
[ sql ] [ SQL ] SELECT * FROM `tp_cate` WHERE  `status` = 1  AND `pid` = 1 ORDER BY `sort` ASC [ RunTime:0.000237s ]
---------------------------------------------------------------
[ 2019-05-21T19:03:22+08:00 ] 66.249.79.23 GET www.jisitech.com/
[运行时间：0.046651s] [吞吐率：21.44req/s] [内存消耗：2,860.16kb] [文件加载：62]
[ info ] [ CACHE ] INIT File
[ info ] [ BEHAVIOR ] Run Closure @app_init [ RunTime:0.001490s ]
[ info ] [ ROUTE ] array (
  'type' => 'module',
  'module' => 
  array (
    0 => 'index',
    1 => 'index',
    2 => 'index',
  ),
  'convert' => false,
)
[ info ] [ HEADER ] array (
  'accept-encoding' => 'gzip,deflate,br',
  'user-agent' => 'Mozilla/5.0 (Linux; Android 6.0.1; Nexus 5X Build/MMB29P) AppleWebKit/537.36 (KHTML, like Gecko) Chrome/41.0.2272.96 Mobile Safari/537.36 (compatible; Googlebot/2.1; +http://www.google.com/bot.html)',
  'from' => 'googlebot(at)googlebot.com',
  'accept' => 'text/html,application/xhtml+xml,application/xml;q=0.9,*/*;q=0.8,text/html,application/xhtml+xml,application/signed-exchange;v=b3,application/xml;q=0.9,*/*;q=0.8',
  'connection' => 'keep-alive',
  'amp-cache-transform' => 'google;v="1"',
  'host' => 'www.jisitech.com',
)
[ info ] [ PARAM ] array (
)
[ info ] [ LANG ] /www/wwwroot/www.jisitech.com/./application/index/lang/zh-hk.php
[ info ] [ DB ] INIT mysql
[ info ] [ BEHAVIOR ] Run Closure @action_begin [ RunTime:0.000235s ]
[ info ] [ RUN ] app\index\controller\Index->index[ /www/wwwroot/www.jisitech.com/application/index/controller/Index.php ]
[ info ] [ VIEW ] /www/wwwroot/www.jisitech.com/./application/index/view/index/index.html [ array (
  0 => 'cate_list',
  1 => 'sys_cate_list',
  2 => 'config',
  3 => 'top_new',
  4 => 'advert_list',
  5 => 'banner_list',
  6 => 'anli_list',
  7 => 'news_list',
  8 => 'current',
) ]
[ info ] [ LOG ] INIT File
[ sql ] [ DB ] CONNECT:[ UseTime:0.000476s ] mysql:host=127.0.0.1;dbname=www_jisitech_com;charset=utf8
[ sql ] [ SQL ] SHOW COLUMNS FROM `tp_cate` [ RunTime:0.000916s ]
[ sql ] [ SQL ] SELECT * FROM `tp_cate` WHERE  `pid` = 0  AND `status` = 1 [ RunTime:0.000353s ]
[ sql ] [ SQL ] SELECT * FROM `tp_cate` WHERE  `pid` = 75  AND `status` = 1 [ RunTime:0.000244s ]
[ sql ] [ SQL ] SHOW COLUMNS FROM `tp_system` [ RunTime:0.000748s ]
[ sql ] [ SQL ] SELECT * FROM `tp_system` [ RunTime:0.000205s ]
[ sql ] [ SQL ] SHOW COLUMNS FROM `tp_visit_log` [ RunTime:0.000681s ]
[ sql ] [ SQL ] SELECT * FROM `tp_visit_log` WHERE  `ip` = '66.249.79.23'  AND `type` = 'mobile'  AND `client` = 'Chrome'  AND `time` > 1558435702 LIMIT 1 [ RunTime:0.000398s ]
[ sql ] [ SQL ] INSERT INTO `tp_visit_log` (`ip` , `time` , `client` , `type`) VALUES ('66.249.79.23' , 1558436602 , 'Chrome' , 'mobile') [ RunTime:0.000335s ]
[ sql ] [ SQL ] SHOW COLUMNS FROM `tp_visit_count` [ RunTime:0.000667s ]
[ sql ] [ SQL ] SELECT * FROM `tp_visit_count` WHERE  `time` >= 1558368000 LIMIT 1 [ RunTime:0.000297s ]
[ sql ] [ SQL ] UPDATE `tp_visit_count`  SET `count`=7,`pc`=6,`mobile`=1  WHERE  `time` >= 1558368000 [ RunTime:0.000274s ]
[ sql ] [ SQL ] SELECT * FROM `tp_system` [ RunTime:0.000207s ]
[ sql ] [ SQL ] SELECT * FROM `tp_visit_log` WHERE  `ip` = '66.249.79.23'  AND `type` = 'mobile'  AND `client` = 'Chrome'  AND `time` > 1558435702 LIMIT 1 [ RunTime:0.000395s ]
[ sql ] [ SQL ] SHOW COLUMNS FROM `tp_article` [ RunTime:0.000838s ]
[ sql ] [ SQL ] SELECT * FROM `tp_article` WHERE  `cate_id` = 8  AND `status` = 1 LIMIT 5 [ RunTime:0.000445s ]
[ sql ] [ SQL ] SELECT * FROM `tp_article` WHERE  `cate_id` = 7 ORDER BY `id` DESC LIMIT 6 [ RunTime:0.000481s ]
[ sql ] [ SQL ] SELECT * FROM `tp_article` WHERE  `cate_id` = 8 ORDER BY `id` DESC LIMIT 5 [ RunTime:0.000449s ]
[ sql ] [ SQL ] SHOW COLUMNS FROM `tp_advert` [ RunTime:0.001156s ]
[ sql ] [ SQL ] SELECT * FROM `tp_advert` WHERE  `type` = 'banner' LIMIT 8 [ RunTime:0.000223s ]
[ sql ] [ SQL ] SELECT * FROM `tp_advert` WHERE  `type` = 'advert' LIMIT 5 [ RunTime:0.000204s ]
[ sql ] [ SQL ] SELECT * FROM `tp_cate` WHERE  `status` = 1  AND `pid` = 1 ORDER BY `sort` ASC [ RunTime:0.004133s ]
---------------------------------------------------------------
[ 2019-05-21T21:04:14+08:00 ] 66.249.79.25 GET www.jisitech.com/category/4.html
[运行时间：0.036181s] [吞吐率：27.64req/s] [内存消耗：2,762.60kb] [文件加载：62]
[ info ] [ CACHE ] INIT File
[ info ] [ BEHAVIOR ] Run Closure @app_init [ RunTime:0.002057s ]
[ info ] [ ROUTE ] array (
  'type' => 'module',
  'module' => 
  array (
    0 => 'index',
    1 => 'index',
    2 => 'category',
  ),
  'convert' => false,
)
[ info ] [ HEADER ] array (
  'if-modified-since' => 'Mon, 20 May 2019 11:59:38 GMT',
  'accept-encoding' => 'gzip,deflate,br',
  'user-agent' => 'Mozilla/5.0 (compatible; Googlebot/2.1; +http://www.google.com/bot.html)',
  'from' => 'googlebot(at)googlebot.com',
  'accept' => 'text/html,application/xhtml+xml,application/xml;q=0.9,*/*;q=0.8',
  'connection' => 'keep-alive',
  'host' => 'www.jisitech.com',
)
[ info ] [ PARAM ] array (
  '/category/4_html' => '',
  'id' => '4',
)
[ info ] [ LANG ] /www/wwwroot/www.jisitech.com/./application/index/lang/zh-hk.php
[ info ] [ DB ] INIT mysql
[ info ] [ BEHAVIOR ] Run Closure @action_begin [ RunTime:0.000216s ]
[ info ] [ RUN ] app\index\controller\Index->category[ /www/wwwroot/www.jisitech.com/application/index/controller/Index.php ]
[ info ] [ VIEW ] /www/wwwroot/www.jisitech.com/./application/index/view/index/category.html [ array (
  0 => 'cate_list',
  1 => 'sys_cate_list',
  2 => 'config',
  3 => 'top_new',
  4 => 'info',
  5 => 'pinfo',
  6 => 'current',
) ]
[ info ] [ LOG ] INIT File
[ sql ] [ DB ] CONNECT:[ UseTime:0.000405s ] mysql:host=127.0.0.1;dbname=www_jisitech_com;charset=utf8
[ sql ] [ SQL ] SHOW COLUMNS FROM `tp_cate` [ RunTime:0.000919s ]
[ sql ] [ SQL ] SELECT * FROM `tp_cate` WHERE  `pid` = 0  AND `status` = 1 [ RunTime:0.000339s ]
[ sql ] [ SQL ] SELECT * FROM `tp_cate` WHERE  `pid` = 75  AND `status` = 1 [ RunTime:0.000237s ]
[ sql ] [ SQL ] SHOW COLUMNS FROM `tp_system` [ RunTime:0.000705s ]
[ sql ] [ SQL ] SELECT * FROM `tp_system` [ RunTime:0.000211s ]
[ sql ] [ SQL ] SHOW COLUMNS FROM `tp_visit_log` [ RunTime:0.000741s ]
[ sql ] [ SQL ] SELECT * FROM `tp_visit_log` WHERE  `ip` = '66.249.79.25'  AND `type` = 'pc'  AND `client` = '其它'  AND `time` > 1558442954 LIMIT 1 [ RunTime:0.000420s ]
[ sql ] [ SQL ] INSERT INTO `tp_visit_log` (`ip` , `time` , `client` , `type`) VALUES ('66.249.79.25' , 1558443854 , '其它' , 'pc') [ RunTime:0.000295s ]
[ sql ] [ SQL ] SHOW COLUMNS FROM `tp_visit_count` [ RunTime:0.000676s ]
[ sql ] [ SQL ] SELECT * FROM `tp_visit_count` WHERE  `time` >= 1558368000 LIMIT 1 [ RunTime:0.000297s ]
[ sql ] [ SQL ] UPDATE `tp_visit_count`  SET `count`=8,`pc`=7,`mobile`=1  WHERE  `time` >= 1558368000 [ RunTime:0.000285s ]
[ sql ] [ SQL ] SELECT * FROM `tp_system` [ RunTime:0.000194s ]
[ sql ] [ SQL ] SELECT * FROM `tp_visit_log` WHERE  `ip` = '66.249.79.25'  AND `type` = 'pc'  AND `client` = '其它'  AND `time` > 1558442954 LIMIT 1 [ RunTime:0.000405s ]
[ sql ] [ SQL ] SHOW COLUMNS FROM `tp_article` [ RunTime:0.000774s ]
[ sql ] [ SQL ] SELECT * FROM `tp_article` WHERE  `cate_id` = 8  AND `status` = 1 LIMIT 5 [ RunTime:0.000377s ]
[ sql ] [ SQL ] SELECT * FROM `tp_cate` WHERE  `id` = 4  AND `status` = 1 LIMIT 1 [ RunTime:0.000259s ]
[ sql ] [ SQL ] SELECT * FROM `tp_cate` WHERE  `id` = 1  AND `status` = 1 LIMIT 1 [ RunTime:0.000232s ]
[ sql ] [ SQL ] SELECT * FROM `tp_cate` WHERE  `status` = 1  AND `pid` = 1 ORDER BY `sort` ASC [ RunTime:0.000280s ]
---------------------------------------------------------------
[ 2019-05-21T21:04:44+08:00 ] 66.249.79.21 GET www.jisitech.com/public/static/index/js/pro.js
[运行时间：0.015779s] [吞吐率：63.38req/s] [内存消耗：1,550.17kb] [文件加载：44]
[ info ] [ CACHE ] INIT File
[ info ] [ BEHAVIOR ] Run Closure @app_init [ RunTime:0.001499s ]
[ info ] [ ROUTE ] array (
  'type' => 'module',
  'module' => 
  array (
    0 => 'public',
    1 => 'static',
    2 => 'index',
  ),
)
[ info ] [ HEADER ] array (
  'accept-encoding' => 'gzip,deflate,br',
  'user-agent' => 'Mozilla/5.0 AppleWebKit/537.36 (KHTML, like Gecko; compatible; Googlebot/2.1; +http://www.google.com/bot.html) Safari/537.36',
  'from' => 'googlebot(at)googlebot.com',
  'accept' => '*/*',
  'connection' => 'keep-alive',
  'referer' => 'http://www.jisitech.com/category/4.html',
  'cookie' => 'think_var=zh-hk',
  'accept-language' => 'en-US',
  'host' => 'www.jisitech.com',
)
[ info ] [ PARAM ] array (
  '/static/index/js/pro_js' => '',
  'js' => 'pro.js',
)
[ info ] [ LOG ] INIT File
---------------------------------------------------------------
[ 2019-05-21T21:44:35+08:00 ] 66.249.79.23 GET www.jisitech.com/category/12.html
[运行时间：0.035055s] [吞吐率：28.53req/s] [内存消耗：2,762.66kb] [文件加载：62]
[ info ] [ CACHE ] INIT File
[ info ] [ BEHAVIOR ] Run Closure @app_init [ RunTime:0.001441s ]
[ info ] [ ROUTE ] array (
  'type' => 'module',
  'module' => 
  array (
    0 => 'index',
    1 => 'index',
    2 => 'category',
  ),
  'convert' => false,
)
[ info ] [ HEADER ] array (
  'if-modified-since' => 'Sat, 18 May 2019 15:18:48 GMT',
  'accept-encoding' => 'gzip,deflate,br',
  'user-agent' => 'Mozilla/5.0 (compatible; Googlebot/2.1; +http://www.google.com/bot.html)',
  'from' => 'googlebot(at)googlebot.com',
  'accept' => 'text/html,application/xhtml+xml,application/xml;q=0.9,*/*;q=0.8',
  'connection' => 'keep-alive',
  'host' => 'www.jisitech.com',
)
[ info ] [ PARAM ] array (
  '/category/12_html' => '',
  'id' => '12',
)
[ info ] [ LANG ] /www/wwwroot/www.jisitech.com/./application/index/lang/zh-hk.php
[ info ] [ DB ] INIT mysql
[ info ] [ BEHAVIOR ] Run Closure @action_begin [ RunTime:0.000176s ]
[ info ] [ RUN ] app\index\controller\Index->category[ /www/wwwroot/www.jisitech.com/application/index/controller/Index.php ]
[ info ] [ VIEW ] /www/wwwroot/www.jisitech.com/./application/index/view/index/category.html [ array (
  0 => 'cate_list',
  1 => 'sys_cate_list',
  2 => 'config',
  3 => 'top_new',
  4 => 'info',
  5 => 'pinfo',
  6 => 'current',
) ]
[ info ] [ LOG ] INIT File
[ sql ] [ DB ] CONNECT:[ UseTime:0.000410s ] mysql:host=127.0.0.1;dbname=www_jisitech_com;charset=utf8
[ sql ] [ SQL ] SHOW COLUMNS FROM `tp_cate` [ RunTime:0.000929s ]
[ sql ] [ SQL ] SELECT * FROM `tp_cate` WHERE  `pid` = 0  AND `status` = 1 [ RunTime:0.000351s ]
[ sql ] [ SQL ] SELECT * FROM `tp_cate` WHERE  `pid` = 75  AND `status` = 1 [ RunTime:0.000242s ]
[ sql ] [ SQL ] SHOW COLUMNS FROM `tp_system` [ RunTime:0.000791s ]
[ sql ] [ SQL ] SELECT * FROM `tp_system` [ RunTime:0.000200s ]
[ sql ] [ SQL ] SHOW COLUMNS FROM `tp_visit_log` [ RunTime:0.000676s ]
[ sql ] [ SQL ] SELECT * FROM `tp_visit_log` WHERE  `ip` = '66.249.79.23'  AND `type` = 'pc'  AND `client` = '其它'  AND `time` > 1558445375 LIMIT 1 [ RunTime:0.000422s ]
[ sql ] [ SQL ] INSERT INTO `tp_visit_log` (`ip` , `time` , `client` , `type`) VALUES ('66.249.79.23' , 1558446275 , '其它' , 'pc') [ RunTime:0.000298s ]
[ sql ] [ SQL ] SHOW COLUMNS FROM `tp_visit_count` [ RunTime:0.000670s ]
[ sql ] [ SQL ] SELECT * FROM `tp_visit_count` WHERE  `time` >= 1558368000 LIMIT 1 [ RunTime:0.000260s ]
[ sql ] [ SQL ] UPDATE `tp_visit_count`  SET `count`=9,`pc`=8,`mobile`=1  WHERE  `time` >= 1558368000 [ RunTime:0.000275s ]
[ sql ] [ SQL ] SELECT * FROM `tp_system` [ RunTime:0.000242s ]
[ sql ] [ SQL ] SELECT * FROM `tp_visit_log` WHERE  `ip` = '66.249.79.23'  AND `type` = 'pc'  AND `client` = '其它'  AND `time` > 1558445375 LIMIT 1 [ RunTime:0.000409s ]
[ sql ] [ SQL ] SHOW COLUMNS FROM `tp_article` [ RunTime:0.000770s ]
[ sql ] [ SQL ] SELECT * FROM `tp_article` WHERE  `cate_id` = 8  AND `status` = 1 LIMIT 5 [ RunTime:0.000297s ]
[ sql ] [ SQL ] SELECT * FROM `tp_cate` WHERE  `id` = 12  AND `status` = 1 LIMIT 1 [ RunTime:0.000279s ]
[ sql ] [ SQL ] SELECT * FROM `tp_cate` WHERE  `id` = 1  AND `status` = 1 LIMIT 1 [ RunTime:0.000218s ]
[ sql ] [ SQL ] SELECT * FROM `tp_cate` WHERE  `status` = 1  AND `pid` = 1 ORDER BY `sort` ASC [ RunTime:0.000236s ]
