---------------------------------------------------------------
[ 2019-05-31T05:11:42+08:00 ] 165.22.44.17 HEAD www.jisitech.com/
[运行时间：0.037119s] [吞吐率：26.94req/s] [内存消耗：2,859.36kb] [文件加载：62]
[ info ] [ CACHE ] INIT File
[ info ] [ BEHAVIOR ] Run Closure @app_init [ RunTime:0.001589s ]
[ info ] [ ROUTE ] array (
  'type' => 'module',
  'module' => 
  array (
    0 => 'index',
    1 => 'index',
    2 => 'index',
  ),
  'convert' => false,
)
[ info ] [ HEADER ] array (
  'connection' => 'close',
  'user-agent' => 'Mozilla/4.0 (compatible; Netcraft Web Server Survey)',
  'referer' => 'https://www.netcraft.com/survey/',
  'host' => 'www.jisitech.com',
)
[ info ] [ PARAM ] array (
)
[ info ] [ LANG ] /www/wwwroot/www.jisitech.com/./application/index/lang/zh-hk.php
[ info ] [ DB ] INIT mysql
[ info ] [ BEHAVIOR ] Run Closure @action_begin [ RunTime:0.000180s ]
[ info ] [ RUN ] app\index\controller\Index->index[ /www/wwwroot/www.jisitech.com/application/index/controller/Index.php ]
[ info ] [ VIEW ] /www/wwwroot/www.jisitech.com/./application/index/view/index/index.html [ array (
  0 => 'cate_list',
  1 => 'sys_cate_list',
  2 => 'config',
  3 => 'top_new',
  4 => 'advert_list',
  5 => 'banner_list',
  6 => 'anli_list',
  7 => 'news_list',
  8 => 'current',
) ]
[ info ] [ LOG ] INIT File
[ sql ] [ DB ] CONNECT:[ UseTime:0.000476s ] mysql:host=127.0.0.1;dbname=www_jisitech_com;charset=utf8
[ sql ] [ SQL ] SHOW COLUMNS FROM `tp_cate` [ RunTime:0.000915s ]
[ sql ] [ SQL ] SELECT * FROM `tp_cate` WHERE  `pid` = 0  AND `status` = 1 [ RunTime:0.000324s ]
[ sql ] [ SQL ] SELECT * FROM `tp_cate` WHERE  `pid` = 75  AND `status` = 1 [ RunTime:0.000221s ]
[ sql ] [ SQL ] SHOW COLUMNS FROM `tp_system` [ RunTime:0.000878s ]
[ sql ] [ SQL ] SELECT * FROM `tp_system` [ RunTime:0.000227s ]
[ sql ] [ SQL ] SHOW COLUMNS FROM `tp_visit_log` [ RunTime:0.000641s ]
[ sql ] [ SQL ] SELECT * FROM `tp_visit_log` WHERE  `ip` = '165.22.44.17'  AND `type` = 'pc'  AND `client` = '其它'  AND `time` > 1559249802 LIMIT 1 [ RunTime:0.000455s ]
[ sql ] [ SQL ] INSERT INTO `tp_visit_log` (`ip` , `time` , `client` , `type`) VALUES ('165.22.44.17' , 1559250702 , '其它' , 'pc') [ RunTime:0.000327s ]
[ sql ] [ SQL ] SHOW COLUMNS FROM `tp_visit_count` [ RunTime:0.000936s ]
[ sql ] [ SQL ] SELECT * FROM `tp_visit_count` WHERE  `time` >= 1559232000 LIMIT 1 [ RunTime:0.000297s ]
[ sql ] [ SQL ] INSERT INTO `tp_visit_count` (`time`) VALUES (1559250702) [ RunTime:0.000229s ]
[ sql ] [ SQL ] UPDATE `tp_visit_count`  SET `count`=1,`pc`=1,`mobile`=0  WHERE  `time` >= 1559232000 [ RunTime:0.000246s ]
[ sql ] [ SQL ] SELECT * FROM `tp_system` [ RunTime:0.000224s ]
[ sql ] [ SQL ] SELECT * FROM `tp_visit_log` WHERE  `ip` = '165.22.44.17'  AND `type` = 'pc'  AND `client` = '其它'  AND `time` > 1559249802 LIMIT 1 [ RunTime:0.000405s ]
[ sql ] [ SQL ] SHOW COLUMNS FROM `tp_article` [ RunTime:0.000785s ]
[ sql ] [ SQL ] SELECT * FROM `tp_article` WHERE  `cate_id` = 8  AND `status` = 1 LIMIT 5 [ RunTime:0.000294s ]
[ sql ] [ SQL ] SELECT * FROM `tp_article` WHERE  `cate_id` = 7 ORDER BY `id` DESC LIMIT 6 [ RunTime:0.000312s ]
[ sql ] [ SQL ] SELECT * FROM `tp_article` WHERE  `cate_id` = 8 ORDER BY `id` DESC LIMIT 5 [ RunTime:0.000279s ]
[ sql ] [ SQL ] SHOW COLUMNS FROM `tp_advert` [ RunTime:0.000736s ]
[ sql ] [ SQL ] SELECT * FROM `tp_advert` WHERE  `type` = 'banner' LIMIT 8 [ RunTime:0.000210s ]
[ sql ] [ SQL ] SELECT * FROM `tp_advert` WHERE  `type` = 'advert' LIMIT 5 [ RunTime:0.000209s ]
[ sql ] [ SQL ] SELECT * FROM `tp_cate` WHERE  `status` = 1  AND `pid` = 1 ORDER BY `sort` ASC [ RunTime:0.000264s ]
---------------------------------------------------------------
[ 2019-05-31T05:35:40+08:00 ] 185.93.54.51 GET www.jisitech.com/
[运行时间：0.035909s] [吞吐率：27.85req/s] [内存消耗：2,856.08kb] [文件加载：61]
[ info ] [ CACHE ] INIT File
[ info ] [ BEHAVIOR ] Run Closure @app_init [ RunTime:0.001546s ]
[ info ] [ ROUTE ] array (
  'type' => 'module',
  'module' => 
  array (
    0 => 'index',
    1 => 'index',
    2 => 'index',
  ),
  'convert' => false,
)
[ info ] [ HEADER ] array (
  'accept-language' => 'tr,tr-TR,az,az-AZ,en-US,en;q=0.5',
  'accept-encoding' => 'gzip',
  'accept' => 'text/html,application/xhtml+xml,application/xml;q=0.9,*/*;q=0.8',
  'connection' => 'close',
  'user-agent' => 'Mozilla/5.0 (compatible; vuhuvBot/1.0; +http://vuhuv.com/bot.html)',
  'host' => 'www.jisitech.com',
)
[ info ] [ PARAM ] array (
)
[ info ] [ DB ] INIT mysql
[ info ] [ BEHAVIOR ] Run Closure @action_begin [ RunTime:0.000229s ]
[ info ] [ RUN ] app\index\controller\Index->index[ /www/wwwroot/www.jisitech.com/application/index/controller/Index.php ]
[ info ] [ VIEW ] /www/wwwroot/www.jisitech.com/./application/index/view/index/index.html [ array (
  0 => 'cate_list',
  1 => 'sys_cate_list',
  2 => 'config',
  3 => 'top_new',
  4 => 'advert_list',
  5 => 'banner_list',
  6 => 'anli_list',
  7 => 'news_list',
  8 => 'current',
) ]
[ info ] [ LOG ] INIT File
[ sql ] [ DB ] CONNECT:[ UseTime:0.000433s ] mysql:host=127.0.0.1;dbname=www_jisitech_com;charset=utf8
[ sql ] [ SQL ] SHOW COLUMNS FROM `tp_cate` [ RunTime:0.000933s ]
[ sql ] [ SQL ] SELECT * FROM `tp_cate` WHERE  `pid` = 0  AND `status` = 1 [ RunTime:0.000319s ]
[ sql ] [ SQL ] SELECT * FROM `tp_cate` WHERE  `pid` = 75  AND `status` = 1 [ RunTime:0.000248s ]
[ sql ] [ SQL ] SHOW COLUMNS FROM `tp_system` [ RunTime:0.000681s ]
[ sql ] [ SQL ] SELECT * FROM `tp_system` [ RunTime:0.000216s ]
[ sql ] [ SQL ] SHOW COLUMNS FROM `tp_visit_log` [ RunTime:0.000633s ]
[ sql ] [ SQL ] SELECT * FROM `tp_visit_log` WHERE  `ip` = '185.93.54.51'  AND `type` = 'pc'  AND `client` = '其它'  AND `time` > 1559251240 LIMIT 1 [ RunTime:0.000446s ]
[ sql ] [ SQL ] INSERT INTO `tp_visit_log` (`ip` , `time` , `client` , `type`) VALUES ('185.93.54.51' , 1559252140 , '其它' , 'pc') [ RunTime:0.000303s ]
[ sql ] [ SQL ] SHOW COLUMNS FROM `tp_visit_count` [ RunTime:0.000674s ]
[ sql ] [ SQL ] SELECT * FROM `tp_visit_count` WHERE  `time` >= 1559232000 LIMIT 1 [ RunTime:0.000264s ]
[ sql ] [ SQL ] UPDATE `tp_visit_count`  SET `count`=2,`pc`=2,`mobile`=0  WHERE  `time` >= 1559232000 [ RunTime:0.000301s ]
[ sql ] [ SQL ] SELECT * FROM `tp_system` [ RunTime:0.000193s ]
[ sql ] [ SQL ] SELECT * FROM `tp_visit_log` WHERE  `ip` = '185.93.54.51'  AND `type` = 'pc'  AND `client` = '其它'  AND `time` > 1559251240 LIMIT 1 [ RunTime:0.000450s ]
[ sql ] [ SQL ] SHOW COLUMNS FROM `tp_article` [ RunTime:0.000761s ]
[ sql ] [ SQL ] SELECT * FROM `tp_article` WHERE  `cate_id` = 8  AND `status` = 1 LIMIT 5 [ RunTime:0.000296s ]
[ sql ] [ SQL ] SELECT * FROM `tp_article` WHERE  `cate_id` = 7 ORDER BY `id` DESC LIMIT 6 [ RunTime:0.000310s ]
[ sql ] [ SQL ] SELECT * FROM `tp_article` WHERE  `cate_id` = 8 ORDER BY `id` DESC LIMIT 5 [ RunTime:0.000294s ]
[ sql ] [ SQL ] SHOW COLUMNS FROM `tp_advert` [ RunTime:0.000721s ]
[ sql ] [ SQL ] SELECT * FROM `tp_advert` WHERE  `type` = 'banner' LIMIT 8 [ RunTime:0.000235s ]
[ sql ] [ SQL ] SELECT * FROM `tp_advert` WHERE  `type` = 'advert' LIMIT 5 [ RunTime:0.000201s ]
[ sql ] [ SQL ] SELECT * FROM `tp_cate` WHERE  `status` = 1  AND `pid` = 1 ORDER BY `sort` ASC [ RunTime:0.000266s ]
---------------------------------------------------------------
[ 2019-05-31T05:35:41+08:00 ] 185.93.54.51 GET www.jisitech.com/robots.txt
[运行时间：0.016695s] [吞吐率：59.90req/s] [内存消耗：1,548.77kb] [文件加载：44]
[ info ] [ CACHE ] INIT File
[ info ] [ BEHAVIOR ] Run Closure @app_init [ RunTime:0.001472s ]
[ info ] [ ROUTE ] array (
  'type' => 'module',
  'module' => 
  array (
    0 => 'robots.txt',
    1 => NULL,
    2 => NULL,
  ),
)
[ info ] [ HEADER ] array (
  'accept-language' => 'tr,tr-TR,az,az-AZ,en-US,en;q=0.5',
  'accept-encoding' => 'gzip',
  'accept' => 'text/plain;q=0.9',
  'connection' => 'close',
  'user-agent' => 'Mozilla/5.0 (compatible; vuhuvBot/1.0; +http://vuhuv.com/bot.html)',
  'host' => 'www.jisitech.com',
)
[ info ] [ PARAM ] array (
  '/robots_txt' => '',
)
[ info ] [ LOG ] INIT File
---------------------------------------------------------------
[ 2019-05-31T09:09:35+08:00 ] 202.108.211.151 GET www.jisitech.com/
[运行时间：0.044036s] [吞吐率：22.71req/s] [内存消耗：2,878.35kb] [文件加载：63]
[ info ] [ CACHE ] INIT File
[ info ] [ BEHAVIOR ] Run Closure @app_init [ RunTime:0.001458s ]
[ info ] [ LANG ] /www/wwwroot/www.jisitech.com/thinkphp/lang/zh-cn.php
[ info ] [ ROUTE ] array (
  'type' => 'module',
  'module' => 
  array (
    0 => 'index',
    1 => 'index',
    2 => 'index',
  ),
  'convert' => false,
)
[ info ] [ HEADER ] array (
  'connection' => 'keep-alive',
  'host' => 'www.jisitech.com',
  'upgrade-insecure-requests' => '1',
  'pragma' => 'no-cache',
  'cache-control' => 'no-cache',
  'accept-language' => 'zh-CN,zh;q=0.8,en-US;q=0.6,en;q=0.4',
  'accept-encoding' => 'gzip, deflate, sdch',
  'accept' => 'text/html,application/xhtml+xml,application/xml;q=0.9,image/webp,*/*;q=0.8',
  'user-agent' => 'Mozilla/5.0 (X11; Linux x86_64) AppleWebKit/535.21 (KHTML, like Gecko) Chrome/19.0.1042.0 Safari/535.21',
)
[ info ] [ PARAM ] array (
)
[ info ] [ LANG ] /www/wwwroot/www.jisitech.com/./application/index/lang/zh-cn.php
[ info ] [ DB ] INIT mysql
[ info ] [ BEHAVIOR ] Run Closure @action_begin [ RunTime:0.000176s ]
[ info ] [ RUN ] app\index\controller\Index->index[ /www/wwwroot/www.jisitech.com/application/index/controller/Index.php ]
[ info ] [ VIEW ] /www/wwwroot/www.jisitech.com/./application/index/view/index/index.html [ array (
  0 => 'cate_list',
  1 => 'sys_cate_list',
  2 => 'config',
  3 => 'top_new',
  4 => 'advert_list',
  5 => 'banner_list',
  6 => 'anli_list',
  7 => 'news_list',
  8 => 'current',
) ]
[ info ] [ LOG ] INIT File
[ sql ] [ DB ] CONNECT:[ UseTime:0.000408s ] mysql:host=127.0.0.1;dbname=www_jisitech_com;charset=utf8
[ sql ] [ SQL ] SHOW COLUMNS FROM `tp_cate` [ RunTime:0.000919s ]
[ sql ] [ SQL ] SELECT * FROM `tp_cate` WHERE  `pid` = 0  AND `status` = 1 [ RunTime:0.000339s ]
[ sql ] [ SQL ] SELECT * FROM `tp_cate` WHERE  `pid` = 75  AND `status` = 1 [ RunTime:0.000225s ]
[ sql ] [ SQL ] SHOW COLUMNS FROM `tp_system` [ RunTime:0.000690s ]
[ sql ] [ SQL ] SELECT * FROM `tp_system` [ RunTime:0.000204s ]
[ sql ] [ SQL ] SHOW COLUMNS FROM `tp_visit_log` [ RunTime:0.000660s ]
[ sql ] [ SQL ] SELECT * FROM `tp_visit_log` WHERE  `ip` = '202.108.211.151'  AND `type` = 'pc'  AND `client` = 'Chrome'  AND `time` > 1559264075 LIMIT 1 [ RunTime:0.000423s ]
[ sql ] [ SQL ] INSERT INTO `tp_visit_log` (`ip` , `time` , `client` , `type`) VALUES ('202.108.211.151' , 1559264975 , 'Chrome' , 'pc') [ RunTime:0.000315s ]
[ sql ] [ SQL ] SHOW COLUMNS FROM `tp_visit_count` [ RunTime:0.000640s ]
[ sql ] [ SQL ] SELECT * FROM `tp_visit_count` WHERE  `time` >= 1559232000 LIMIT 1 [ RunTime:0.000283s ]
[ sql ] [ SQL ] UPDATE `tp_visit_count`  SET `count`=3,`pc`=3,`mobile`=0  WHERE  `time` >= 1559232000 [ RunTime:0.000267s ]
[ sql ] [ SQL ] SELECT * FROM `tp_system` [ RunTime:0.000190s ]
[ sql ] [ SQL ] SELECT * FROM `tp_visit_log` WHERE  `ip` = '202.108.211.151'  AND `type` = 'pc'  AND `client` = 'Chrome'  AND `time` > 1559264075 LIMIT 1 [ RunTime:0.000411s ]
[ sql ] [ SQL ] SHOW COLUMNS FROM `tp_article` [ RunTime:0.000778s ]
[ sql ] [ SQL ] SELECT * FROM `tp_article` WHERE  `cate_id` = 8  AND `status` = 1 LIMIT 5 [ RunTime:0.000313s ]
[ sql ] [ SQL ] SELECT * FROM `tp_article` WHERE  `cate_id` = 7 ORDER BY `id` DESC LIMIT 6 [ RunTime:0.000292s ]
[ sql ] [ SQL ] SELECT * FROM `tp_article` WHERE  `cate_id` = 8 ORDER BY `id` DESC LIMIT 5 [ RunTime:0.000289s ]
[ sql ] [ SQL ] SHOW COLUMNS FROM `tp_advert` [ RunTime:0.000660s ]
[ sql ] [ SQL ] SELECT * FROM `tp_advert` WHERE  `type` = 'banner' LIMIT 8 [ RunTime:0.000226s ]
[ sql ] [ SQL ] SELECT * FROM `tp_advert` WHERE  `type` = 'advert' LIMIT 5 [ RunTime:0.000213s ]
[ sql ] [ SQL ] SELECT * FROM `tp_cate` WHERE  `status` = 1  AND `pid` = 1 ORDER BY `sort` ASC [ RunTime:0.000236s ]
---------------------------------------------------------------
[ 2019-05-31T17:35:51+08:00 ] 220.181.108.96 GET www.jisitech.com/article/8.html
[运行时间：0.036837s] [吞吐率：27.15req/s] [内存消耗：2,789.43kb] [文件加载：63]
[ info ] [ CACHE ] INIT File
[ info ] [ BEHAVIOR ] Run Closure @app_init [ RunTime:0.001551s ]
[ info ] [ LANG ] /www/wwwroot/www.jisitech.com/thinkphp/lang/zh-cn.php
[ info ] [ ROUTE ] array (
  'type' => 'module',
  'module' => 
  array (
    0 => 'index',
    1 => 'index',
    2 => 'article',
  ),
  'convert' => false,
)
[ info ] [ HEADER ] array (
  'accept' => '*/*',
  'accept-language' => 'zh-cn,zh-tw',
  'accept-encoding' => 'gzip',
  'user-agent' => 'Mozilla/5.0 (compatible; Baiduspider/2.0; +http://www.baidu.com/search/spider.html)',
  'connection' => 'close',
  'host' => 'www.jisitech.com',
)
[ info ] [ PARAM ] array (
  '/article/8_html' => '',
  'id' => '8',
)
[ info ] [ LANG ] /www/wwwroot/www.jisitech.com/./application/index/lang/zh-cn.php
[ info ] [ DB ] INIT mysql
[ info ] [ BEHAVIOR ] Run Closure @action_begin [ RunTime:0.000193s ]
[ info ] [ RUN ] app\index\controller\Index->article[ /www/wwwroot/www.jisitech.com/application/index/controller/Index.php ]
[ info ] [ VIEW ] /www/wwwroot/www.jisitech.com/./application/index/view/index/article.html [ array (
  0 => 'cate_list',
  1 => 'sys_cate_list',
  2 => 'config',
  3 => 'top_new',
  4 => 'info',
  5 => 'current',
) ]
[ info ] [ LOG ] INIT File
[ sql ] [ DB ] CONNECT:[ UseTime:0.000429s ] mysql:host=127.0.0.1;dbname=www_jisitech_com;charset=utf8
[ sql ] [ SQL ] SHOW COLUMNS FROM `tp_cate` [ RunTime:0.000962s ]
[ sql ] [ SQL ] SELECT * FROM `tp_cate` WHERE  `pid` = 0  AND `status` = 1 [ RunTime:0.000328s ]
[ sql ] [ SQL ] SELECT * FROM `tp_cate` WHERE  `pid` = 75  AND `status` = 1 [ RunTime:0.000223s ]
[ sql ] [ SQL ] SHOW COLUMNS FROM `tp_system` [ RunTime:0.000731s ]
[ sql ] [ SQL ] SELECT * FROM `tp_system` [ RunTime:0.000201s ]
[ sql ] [ SQL ] SHOW COLUMNS FROM `tp_visit_log` [ RunTime:0.000739s ]
[ sql ] [ SQL ] SELECT * FROM `tp_visit_log` WHERE  `ip` = '220.181.108.96'  AND `type` = 'pc'  AND `client` = '其它'  AND `time` > 1559294451 LIMIT 1 [ RunTime:0.000448s ]
[ sql ] [ SQL ] INSERT INTO `tp_visit_log` (`ip` , `time` , `client` , `type`) VALUES ('220.181.108.96' , 1559295351 , '其它' , 'pc') [ RunTime:0.000298s ]
[ sql ] [ SQL ] SHOW COLUMNS FROM `tp_visit_count` [ RunTime:0.000686s ]
[ sql ] [ SQL ] SELECT * FROM `tp_visit_count` WHERE  `time` >= 1559232000 LIMIT 1 [ RunTime:0.000283s ]
[ sql ] [ SQL ] UPDATE `tp_visit_count`  SET `count`=4,`pc`=4,`mobile`=0  WHERE  `time` >= 1559232000 [ RunTime:0.000293s ]
[ sql ] [ SQL ] SELECT * FROM `tp_system` [ RunTime:0.000196s ]
[ sql ] [ SQL ] SELECT * FROM `tp_visit_log` WHERE  `ip` = '220.181.108.96'  AND `type` = 'pc'  AND `client` = '其它'  AND `time` > 1559294451 LIMIT 1 [ RunTime:0.000455s ]
[ sql ] [ SQL ] SHOW COLUMNS FROM `tp_article` [ RunTime:0.000822s ]
[ sql ] [ SQL ] SELECT * FROM `tp_article` WHERE  `cate_id` = 8  AND `status` = 1 LIMIT 5 [ RunTime:0.000297s ]
[ sql ] [ SQL ] SELECT * FROM `tp_article` WHERE  `id` = 8 LIMIT 1 [ RunTime:0.000331s ]
[ sql ] [ SQL ] SELECT * FROM `tp_cate` WHERE  `status` = 1  AND `pid` = 1 ORDER BY `sort` ASC [ RunTime:0.000380s ]
---------------------------------------------------------------
[ 2019-05-31T17:35:54+08:00 ] 111.206.221.10 GET www.jisitech.com/public/static/index/js/pro.js
[运行时间：0.015779s] [吞吐率：63.38req/s] [内存消耗：1,571.11kb] [文件加载：45]
[ info ] [ CACHE ] INIT File
[ info ] [ BEHAVIOR ] Run Closure @app_init [ RunTime:0.001434s ]
[ info ] [ LANG ] /www/wwwroot/www.jisitech.com/thinkphp/lang/zh-cn.php
[ info ] [ ROUTE ] array (
  'type' => 'module',
  'module' => 
  array (
    0 => 'public',
    1 => 'static',
    2 => 'index',
  ),
)
[ info ] [ HEADER ] array (
  'referer' => 'http://www.jisitech.com/article/8.html',
  'accept' => '*/*',
  'resource-type' => '3',
  'accept-language' => 'zh-CN,zh;q=0.8,en-US;q=0.5,en;q=0.3',
  'x-devtools-emulate-network-conditions-client-id' => '9fe3e637-33c9-499e-9969-37c7a4e47beb',
  'proxy-connection' => 'keep-alive',
  'user-agent' => 'Mozilla/5.0 (iPhone; CPU iPhone OS 9_1 like Mac OS X) AppleWebKit/601.1.46 (KHTML, like Gecko) Version/9.0 Mobile/13B143 Safari/601.1 (compatible; Baiduspider-render/2.0; +http://www.baidu.com/search/spider.html)',
  'host' => 'www.jisitech.com',
)
[ info ] [ PARAM ] array (
  '/static/index/js/pro_js' => '',
  'js' => 'pro.js',
)
[ info ] [ LOG ] INIT File
---------------------------------------------------------------
[ 2019-05-31T17:35:58+08:00 ] 111.206.198.17 GET www.jisitech.com/article/css/language-selector.css
[运行时间：0.038758s] [吞吐率：25.80req/s] [内存消耗：2,780.02kb] [文件加载：63]
[ info ] [ CACHE ] INIT File
[ info ] [ BEHAVIOR ] Run Closure @app_init [ RunTime:0.001519s ]
[ info ] [ LANG ] /www/wwwroot/www.jisitech.com/thinkphp/lang/zh-cn.php
[ info ] [ ROUTE ] array (
  'type' => 'module',
  'module' => 
  array (
    0 => 'index',
    1 => 'index',
    2 => 'article',
  ),
  'convert' => false,
)
[ info ] [ HEADER ] array (
  'referer' => 'http://www.jisitech.com/article/8.html',
  'accept' => 'text/css,*/*;q=0.1',
  'resource-type' => '2',
  'accept-language' => 'zh-CN,zh;q=0.8,en-US;q=0.5,en;q=0.3',
  'x-devtools-emulate-network-conditions-client-id' => '9fe3e637-33c9-499e-9969-37c7a4e47beb',
  'proxy-connection' => 'keep-alive',
  'user-agent' => 'Mozilla/5.0 (iPhone; CPU iPhone OS 9_1 like Mac OS X) AppleWebKit/601.1.46 (KHTML, like Gecko) Version/9.0 Mobile/13B143 Safari/601.1 (compatible; Baiduspider-render/2.0; +http://www.baidu.com/search/spider.html)',
  'host' => 'www.jisitech.com',
)
[ info ] [ PARAM ] array (
  '/article/css/language-selector_css' => '',
  'id' => 'css',
)
[ info ] [ LANG ] /www/wwwroot/www.jisitech.com/./application/index/lang/zh-cn.php
[ info ] [ DB ] INIT mysql
[ info ] [ BEHAVIOR ] Run Closure @action_begin [ RunTime:0.000201s ]
[ info ] [ RUN ] app\index\controller\Index->article[ /www/wwwroot/www.jisitech.com/application/index/controller/Index.php ]
[ info ] [ VIEW ] /www/wwwroot/www.jisitech.com/./application/index/view/index/article.html [ array (
  0 => 'cate_list',
  1 => 'sys_cate_list',
  2 => 'config',
  3 => 'top_new',
  4 => 'info',
  5 => 'current',
) ]
[ info ] [ LOG ] INIT File
[ sql ] [ DB ] CONNECT:[ UseTime:0.000464s ] mysql:host=127.0.0.1;dbname=www_jisitech_com;charset=utf8
[ sql ] [ SQL ] SHOW COLUMNS FROM `tp_cate` [ RunTime:0.000948s ]
[ sql ] [ SQL ] SELECT * FROM `tp_cate` WHERE  `pid` = 0  AND `status` = 1 [ RunTime:0.000329s ]
[ sql ] [ SQL ] SELECT * FROM `tp_cate` WHERE  `pid` = 75  AND `status` = 1 [ RunTime:0.000243s ]
[ sql ] [ SQL ] SHOW COLUMNS FROM `tp_system` [ RunTime:0.000707s ]
[ sql ] [ SQL ] SELECT * FROM `tp_system` [ RunTime:0.000221s ]
[ sql ] [ SQL ] SHOW COLUMNS FROM `tp_visit_log` [ RunTime:0.000657s ]
[ sql ] [ SQL ] SELECT * FROM `tp_visit_log` WHERE  `ip` = '111.206.198.17'  AND `type` = 'mobile'  AND `client` = 'Firefox'  AND `time` > 1559294458 LIMIT 1 [ RunTime:0.000455s ]
[ sql ] [ SQL ] INSERT INTO `tp_visit_log` (`ip` , `time` , `client` , `type`) VALUES ('111.206.198.17' , 1559295358 , 'Firefox' , 'mobile') [ RunTime:0.000291s ]
[ sql ] [ SQL ] SHOW COLUMNS FROM `tp_visit_count` [ RunTime:0.000692s ]
[ sql ] [ SQL ] SELECT * FROM `tp_visit_count` WHERE  `time` >= 1559232000 LIMIT 1 [ RunTime:0.000267s ]
[ sql ] [ SQL ] UPDATE `tp_visit_count`  SET `count`=5,`pc`=4,`mobile`=1  WHERE  `time` >= 1559232000 [ RunTime:0.000275s ]
[ sql ] [ SQL ] SELECT * FROM `tp_system` [ RunTime:0.000195s ]
[ sql ] [ SQL ] SELECT * FROM `tp_visit_log` WHERE  `ip` = '111.206.198.17'  AND `type` = 'mobile'  AND `client` = 'Firefox'  AND `time` > 1559294458 LIMIT 1 [ RunTime:0.000437s ]
[ sql ] [ SQL ] SHOW COLUMNS FROM `tp_article` [ RunTime:0.000790s ]
[ sql ] [ SQL ] SELECT * FROM `tp_article` WHERE  `cate_id` = 8  AND `status` = 1 LIMIT 5 [ RunTime:0.000293s ]
[ sql ] [ SQL ] SELECT * FROM `tp_article` WHERE  `id` = 0 LIMIT 1 [ RunTime:0.001173s ]
[ sql ] [ SQL ] SELECT * FROM `tp_cate` WHERE  `status` = 1  AND `pid` = 1 ORDER BY `sort` ASC [ RunTime:0.000337s ]
---------------------------------------------------------------
[ 2019-05-31T17:35:58+08:00 ] 111.206.198.99 GET www.jisitech.com/public/static/index/js/pro.js
[运行时间：0.015541s] [吞吐率：64.35req/s] [内存消耗：1,550.85kb] [文件加载：44]
[ info ] [ CACHE ] INIT File
[ info ] [ BEHAVIOR ] Run Closure @app_init [ RunTime:0.001585s ]
[ info ] [ ROUTE ] array (
  'type' => 'module',
  'module' => 
  array (
    0 => 'public',
    1 => 'static',
    2 => 'index',
  ),
)
[ info ] [ HEADER ] array (
  'cookie' => 'think_var=zh-hk',
  'referer' => 'http://www.jisitech.com/article/8.html',
  'accept' => '*/*',
  'resource-type' => '3',
  'accept-language' => 'zh-CN,zh;q=0.8,en-US;q=0.5,en;q=0.3',
  'x-devtools-emulate-network-conditions-client-id' => '9fe3e637-33c9-499e-9969-37c7a4e47beb',
  'proxy-connection' => 'keep-alive',
  'user-agent' => 'Mozilla/5.0 (iPhone; CPU iPhone OS 9_1 like Mac OS X) AppleWebKit/601.1.46 (KHTML, like Gecko) Version/9.0 Mobile/13B143 Safari/601.1 (compatible; Baiduspider-render/2.0; +http://www.baidu.com/search/spider.html)',
  'host' => 'www.jisitech.com',
)
[ info ] [ PARAM ] array (
  '/static/index/js/pro_js' => '',
  'js' => 'pro.js',
)
[ info ] [ LOG ] INIT File
---------------------------------------------------------------
[ 2019-05-31T17:35:59+08:00 ] 111.206.221.51 GET www.jisitech.com/public/static/index/js/pro.js
[运行时间：0.017476s] [吞吐率：57.22req/s] [内存消耗：1,550.85kb] [文件加载：44]
[ info ] [ CACHE ] INIT File
[ info ] [ BEHAVIOR ] Run Closure @app_init [ RunTime:0.001528s ]
[ info ] [ ROUTE ] array (
  'type' => 'module',
  'module' => 
  array (
    0 => 'public',
    1 => 'static',
    2 => 'index',
  ),
)
[ info ] [ HEADER ] array (
  'cookie' => 'think_var=zh-hk',
  'referer' => 'http://www.jisitech.com/article/8.html',
  'accept' => '*/*',
  'resource-type' => '3',
  'accept-language' => 'zh-CN,zh;q=0.8,en-US;q=0.5,en;q=0.3',
  'x-devtools-emulate-network-conditions-client-id' => '9fe3e637-33c9-499e-9969-37c7a4e47beb',
  'proxy-connection' => 'keep-alive',
  'user-agent' => 'Mozilla/5.0 (iPhone; CPU iPhone OS 9_1 like Mac OS X) AppleWebKit/601.1.46 (KHTML, like Gecko) Version/9.0 Mobile/13B143 Safari/601.1 (compatible; Baiduspider-render/2.0; +http://www.baidu.com/search/spider.html)',
  'host' => 'www.jisitech.com',
)
[ info ] [ PARAM ] array (
  '/static/index/js/pro_js' => '',
  'js' => 'pro.js',
)
[ info ] [ LOG ] INIT File
---------------------------------------------------------------
[ 2019-05-31T18:31:24+08:00 ] 66.249.66.145 GET www.jisitech.com/robots.txt
[运行时间：0.015735s] [吞吐率：63.55req/s] [内存消耗：1,548.51kb] [文件加载：44]
[ info ] [ CACHE ] INIT File
[ info ] [ BEHAVIOR ] Run Closure @app_init [ RunTime:0.001536s ]
[ info ] [ ROUTE ] array (
  'type' => 'module',
  'module' => 
  array (
    0 => 'robots.txt',
    1 => NULL,
    2 => NULL,
  ),
)
[ info ] [ HEADER ] array (
  'accept-encoding' => 'gzip,deflate,br',
  'user-agent' => 'Mozilla/5.0 (compatible; Googlebot/2.1; +http://www.google.com/bot.html)',
  'accept' => 'text/plain,text/html,*/*',
  'connection' => 'keep-alive',
  'host' => 'www.jisitech.com',
)
[ info ] [ PARAM ] array (
  '/robots_txt' => '',
)
[ info ] [ LOG ] INIT File
---------------------------------------------------------------
[ 2019-05-31T18:31:24+08:00 ] 66.249.66.141 GET www.jisitech.com/article/6.html
[运行时间：0.034998s] [吞吐率：28.57req/s] [内存消耗：2,771.74kb] [文件加载：62]
[ info ] [ CACHE ] INIT File
[ info ] [ BEHAVIOR ] Run Closure @app_init [ RunTime:0.001438s ]
[ info ] [ ROUTE ] array (
  'type' => 'module',
  'module' => 
  array (
    0 => 'index',
    1 => 'index',
    2 => 'article',
  ),
  'convert' => false,
)
[ info ] [ HEADER ] array (
  'if-modified-since' => 'Thu, 30 May 2019 14:30:09 GMT',
  'accept-encoding' => 'gzip,deflate,br',
  'user-agent' => 'Mozilla/5.0 (compatible; Googlebot/2.1; +http://www.google.com/bot.html)',
  'from' => 'googlebot(at)googlebot.com',
  'accept' => 'text/html,application/xhtml+xml,application/xml;q=0.9,*/*;q=0.8',
  'connection' => 'keep-alive',
  'host' => 'www.jisitech.com',
)
[ info ] [ PARAM ] array (
  '/article/6_html' => '',
  'id' => '6',
)
[ info ] [ LANG ] /www/wwwroot/www.jisitech.com/./application/index/lang/zh-hk.php
[ info ] [ DB ] INIT mysql
[ info ] [ BEHAVIOR ] Run Closure @action_begin [ RunTime:0.000163s ]
[ info ] [ RUN ] app\index\controller\Index->article[ /www/wwwroot/www.jisitech.com/application/index/controller/Index.php ]
[ info ] [ VIEW ] /www/wwwroot/www.jisitech.com/./application/index/view/index/article.html [ array (
  0 => 'cate_list',
  1 => 'sys_cate_list',
  2 => 'config',
  3 => 'top_new',
  4 => 'info',
  5 => 'current',
) ]
[ info ] [ LOG ] INIT File
[ sql ] [ DB ] CONNECT:[ UseTime:0.000445s ] mysql:host=127.0.0.1;dbname=www_jisitech_com;charset=utf8
[ sql ] [ SQL ] SHOW COLUMNS FROM `tp_cate` [ RunTime:0.001002s ]
[ sql ] [ SQL ] SELECT * FROM `tp_cate` WHERE  `pid` = 0  AND `status` = 1 [ RunTime:0.000361s ]
[ sql ] [ SQL ] SELECT * FROM `tp_cate` WHERE  `pid` = 75  AND `status` = 1 [ RunTime:0.000236s ]
[ sql ] [ SQL ] SHOW COLUMNS FROM `tp_system` [ RunTime:0.000753s ]
[ sql ] [ SQL ] SELECT * FROM `tp_system` [ RunTime:0.000198s ]
[ sql ] [ SQL ] SHOW COLUMNS FROM `tp_visit_log` [ RunTime:0.000696s ]
[ sql ] [ SQL ] SELECT * FROM `tp_visit_log` WHERE  `ip` = '66.249.66.141'  AND `type` = 'pc'  AND `client` = '其它'  AND `time` > 1559297784 LIMIT 1 [ RunTime:0.000487s ]
[ sql ] [ SQL ] INSERT INTO `tp_visit_log` (`ip` , `time` , `client` , `type`) VALUES ('66.249.66.141' , 1559298684 , '其它' , 'pc') [ RunTime:0.000284s ]
[ sql ] [ SQL ] SHOW COLUMNS FROM `tp_visit_count` [ RunTime:0.000664s ]
[ sql ] [ SQL ] SELECT * FROM `tp_visit_count` WHERE  `time` >= 1559232000 LIMIT 1 [ RunTime:0.000277s ]
[ sql ] [ SQL ] UPDATE `tp_visit_count`  SET `count`=6,`pc`=5,`mobile`=1  WHERE  `time` >= 1559232000 [ RunTime:0.000281s ]
[ sql ] [ SQL ] SELECT * FROM `tp_system` [ RunTime:0.000203s ]
[ sql ] [ SQL ] SELECT * FROM `tp_visit_log` WHERE  `ip` = '66.249.66.141'  AND `type` = 'pc'  AND `client` = '其它'  AND `time` > 1559297784 LIMIT 1 [ RunTime:0.000455s ]
[ sql ] [ SQL ] SHOW COLUMNS FROM `tp_article` [ RunTime:0.000851s ]
[ sql ] [ SQL ] SELECT * FROM `tp_article` WHERE  `cate_id` = 8  AND `status` = 1 LIMIT 5 [ RunTime:0.000299s ]
[ sql ] [ SQL ] SELECT * FROM `tp_article` WHERE  `id` = 6 LIMIT 1 [ RunTime:0.000288s ]
[ sql ] [ SQL ] SELECT * FROM `tp_cate` WHERE  `status` = 1  AND `pid` = 1 ORDER BY `sort` ASC [ RunTime:0.000239s ]
---------------------------------------------------------------
[ 2019-05-31T18:32:19+08:00 ] 66.249.66.141 GET www.jisitech.com/public/static/index/js/pro.js
[运行时间：0.016803s] [吞吐率：59.51req/s] [内存消耗：1,550.17kb] [文件加载：44]
[ info ] [ CACHE ] INIT File
[ info ] [ BEHAVIOR ] Run Closure @app_init [ RunTime:0.001517s ]
[ info ] [ ROUTE ] array (
  'type' => 'module',
  'module' => 
  array (
    0 => 'public',
    1 => 'static',
    2 => 'index',
  ),
)
[ info ] [ HEADER ] array (
  'accept-encoding' => 'gzip,deflate,br',
  'user-agent' => 'Mozilla/5.0 AppleWebKit/537.36 (KHTML, like Gecko; compatible; Googlebot/2.1; +http://www.google.com/bot.html) Safari/537.36',
  'from' => 'googlebot(at)googlebot.com',
  'accept' => '*/*',
  'connection' => 'keep-alive',
  'referer' => 'http://www.jisitech.com/article/6.html',
  'cookie' => 'think_var=zh-hk',
  'accept-language' => 'en-US',
  'host' => 'www.jisitech.com',
)
[ info ] [ PARAM ] array (
  '/static/index/js/pro_js' => '',
  'js' => 'pro.js',
)
[ info ] [ LOG ] INIT File
---------------------------------------------------------------
[ 2019-05-31T18:33:04+08:00 ] 66.249.66.143 GET www.jisitech.com/
[运行时间：0.049594s] [吞吐率：20.16req/s] [内存消耗：2,859.18kb] [文件加载：62]
[ info ] [ CACHE ] INIT File
[ info ] [ BEHAVIOR ] Run Closure @app_init [ RunTime:0.001618s ]
[ info ] [ ROUTE ] array (
  'type' => 'module',
  'module' => 
  array (
    0 => 'index',
    1 => 'index',
    2 => 'index',
  ),
  'convert' => false,
)
[ info ] [ HEADER ] array (
  'accept-encoding' => 'gzip,deflate,br',
  'user-agent' => 'Mozilla/5.0 (compatible; Googlebot/2.1; +http://www.google.com/bot.html)',
  'from' => 'googlebot(at)googlebot.com',
  'accept' => 'text/html,application/xhtml+xml,application/xml;q=0.9,*/*;q=0.8',
  'connection' => 'keep-alive',
  'host' => 'www.jisitech.com',
)
[ info ] [ PARAM ] array (
)
[ info ] [ LANG ] /www/wwwroot/www.jisitech.com/./application/index/lang/zh-hk.php
[ info ] [ DB ] INIT mysql
[ info ] [ BEHAVIOR ] Run Closure @action_begin [ RunTime:0.000195s ]
[ info ] [ RUN ] app\index\controller\Index->index[ /www/wwwroot/www.jisitech.com/application/index/controller/Index.php ]
[ info ] [ VIEW ] /www/wwwroot/www.jisitech.com/./application/index/view/index/index.html [ array (
  0 => 'cate_list',
  1 => 'sys_cate_list',
  2 => 'config',
  3 => 'top_new',
  4 => 'advert_list',
  5 => 'banner_list',
  6 => 'anli_list',
  7 => 'news_list',
  8 => 'current',
) ]
[ info ] [ LOG ] INIT File
[ sql ] [ DB ] CONNECT:[ UseTime:0.010996s ] mysql:host=127.0.0.1;dbname=www_jisitech_com;charset=utf8
[ sql ] [ SQL ] SHOW COLUMNS FROM `tp_cate` [ RunTime:0.001038s ]
[ sql ] [ SQL ] SELECT * FROM `tp_cate` WHERE  `pid` = 0  AND `status` = 1 [ RunTime:0.000421s ]
[ sql ] [ SQL ] SELECT * FROM `tp_cate` WHERE  `pid` = 75  AND `status` = 1 [ RunTime:0.000267s ]
[ sql ] [ SQL ] SHOW COLUMNS FROM `tp_system` [ RunTime:0.000778s ]
[ sql ] [ SQL ] SELECT * FROM `tp_system` [ RunTime:0.000202s ]
[ sql ] [ SQL ] SHOW COLUMNS FROM `tp_visit_log` [ RunTime:0.000695s ]
[ sql ] [ SQL ] SELECT * FROM `tp_visit_log` WHERE  `ip` = '66.249.66.143'  AND `type` = 'pc'  AND `client` = '其它'  AND `time` > 1559297884 LIMIT 1 [ RunTime:0.000427s ]
[ sql ] [ SQL ] INSERT INTO `tp_visit_log` (`ip` , `time` , `client` , `type`) VALUES ('66.249.66.143' , 1559298784 , '其它' , 'pc') [ RunTime:0.000327s ]
[ sql ] [ SQL ] SHOW COLUMNS FROM `tp_visit_count` [ RunTime:0.000694s ]
[ sql ] [ SQL ] SELECT * FROM `tp_visit_count` WHERE  `time` >= 1559232000 LIMIT 1 [ RunTime:0.000289s ]
[ sql ] [ SQL ] UPDATE `tp_visit_count`  SET `count`=7,`pc`=6,`mobile`=1  WHERE  `time` >= 1559232000 [ RunTime:0.000263s ]
[ sql ] [ SQL ] SELECT * FROM `tp_system` [ RunTime:0.000217s ]
[ sql ] [ SQL ] SELECT * FROM `tp_visit_log` WHERE  `ip` = '66.249.66.143'  AND `type` = 'pc'  AND `client` = '其它'  AND `time` > 1559297884 LIMIT 1 [ RunTime:0.000417s ]
[ sql ] [ SQL ] SHOW COLUMNS FROM `tp_article` [ RunTime:0.000800s ]
[ sql ] [ SQL ] SELECT * FROM `tp_article` WHERE  `cate_id` = 8  AND `status` = 1 LIMIT 5 [ RunTime:0.000366s ]
[ sql ] [ SQL ] SELECT * FROM `tp_article` WHERE  `cate_id` = 7 ORDER BY `id` DESC LIMIT 6 [ RunTime:0.000328s ]
[ sql ] [ SQL ] SELECT * FROM `tp_article` WHERE  `cate_id` = 8 ORDER BY `id` DESC LIMIT 5 [ RunTime:0.000273s ]
[ sql ] [ SQL ] SHOW COLUMNS FROM `tp_advert` [ RunTime:0.000761s ]
[ sql ] [ SQL ] SELECT * FROM `tp_advert` WHERE  `type` = 'banner' LIMIT 8 [ RunTime:0.000213s ]
[ sql ] [ SQL ] SELECT * FROM `tp_advert` WHERE  `type` = 'advert' LIMIT 5 [ RunTime:0.000226s ]
[ sql ] [ SQL ] SELECT * FROM `tp_cate` WHERE  `status` = 1  AND `pid` = 1 ORDER BY `sort` ASC [ RunTime:0.000247s ]
---------------------------------------------------------------
[ 2019-05-31T18:33:07+08:00 ] 66.249.66.143 GET www.jisitech.com/css/language-selector.css
[运行时间：0.015488s] [吞吐率：64.57req/s] [内存消耗：1,549.80kb] [文件加载：44]
[ info ] [ CACHE ] INIT File
[ info ] [ BEHAVIOR ] Run Closure @app_init [ RunTime:0.001444s ]
[ info ] [ ROUTE ] array (
  'type' => 'module',
  'module' => 
  array (
    0 => 'css',
    1 => 'language-selector.css',
    2 => NULL,
  ),
)
[ info ] [ HEADER ] array (
  'accept-encoding' => 'gzip,deflate,br',
  'user-agent' => 'Mozilla/5.0 AppleWebKit/537.36 (KHTML, like Gecko; compatible; Googlebot/2.1; +http://www.google.com/bot.html) Safari/537.36',
  'from' => 'googlebot(at)googlebot.com',
  'accept' => 'text/css,*/*;q=0.1',
  'connection' => 'keep-alive',
  'referer' => 'http://www.jisitech.com/',
  'cookie' => 'think_var=zh-hk',
  'accept-language' => 'en-US',
  'host' => 'www.jisitech.com',
)
[ info ] [ PARAM ] array (
  '/css/language-selector_css' => '',
)
[ info ] [ LOG ] INIT File
---------------------------------------------------------------
[ 2019-05-31T18:41:32+08:00 ] 66.249.66.141 GET www.jisitech.com/category/2.html
[运行时间：0.034746s] [吞吐率：28.78req/s] [内存消耗：2,763.82kb] [文件加载：62]
[ info ] [ CACHE ] INIT File
[ info ] [ BEHAVIOR ] Run Closure @app_init [ RunTime:0.001530s ]
[ info ] [ ROUTE ] array (
  'type' => 'module',
  'module' => 
  array (
    0 => 'index',
    1 => 'index',
    2 => 'category',
  ),
  'convert' => false,
)
[ info ] [ HEADER ] array (
  'accept-encoding' => 'gzip,deflate,br',
  'user-agent' => 'Mozilla/5.0 (Linux; Android 6.0.1; Nexus 5X Build/MMB29P) AppleWebKit/537.36 (KHTML, like Gecko) Chrome/41.0.2272.96 Mobile Safari/537.36 (compatible; Googlebot/2.1; +http://www.google.com/bot.html)',
  'from' => 'googlebot(at)googlebot.com',
  'accept' => 'text/html,application/xhtml+xml,application/xml;q=0.9,*/*;q=0.8,text/html,application/xhtml+xml,application/signed-exchange;v=b3,application/xml;q=0.9,*/*;q=0.8',
  'connection' => 'keep-alive',
  'amp-cache-transform' => 'google;v="1"',
  'host' => 'www.jisitech.com',
)
[ info ] [ PARAM ] array (
  '/category/2_html' => '',
  'id' => '2',
)
[ info ] [ LANG ] /www/wwwroot/www.jisitech.com/./application/index/lang/zh-hk.php
[ info ] [ DB ] INIT mysql
[ info ] [ BEHAVIOR ] Run Closure @action_begin [ RunTime:0.000181s ]
[ info ] [ RUN ] app\index\controller\Index->category[ /www/wwwroot/www.jisitech.com/application/index/controller/Index.php ]
[ info ] [ VIEW ] /www/wwwroot/www.jisitech.com/./application/index/view/index/category.html [ array (
  0 => 'cate_list',
  1 => 'sys_cate_list',
  2 => 'config',
  3 => 'top_new',
  4 => 'info',
  5 => 'pinfo',
  6 => 'current',
) ]
[ info ] [ LOG ] INIT File
[ sql ] [ DB ] CONNECT:[ UseTime:0.000425s ] mysql:host=127.0.0.1;dbname=www_jisitech_com;charset=utf8
[ sql ] [ SQL ] SHOW COLUMNS FROM `tp_cate` [ RunTime:0.000985s ]
[ sql ] [ SQL ] SELECT * FROM `tp_cate` WHERE  `pid` = 0  AND `status` = 1 [ RunTime:0.000354s ]
[ sql ] [ SQL ] SELECT * FROM `tp_cate` WHERE  `pid` = 75  AND `status` = 1 [ RunTime:0.000226s ]
[ sql ] [ SQL ] SHOW COLUMNS FROM `tp_system` [ RunTime:0.000735s ]
[ sql ] [ SQL ] SELECT * FROM `tp_system` [ RunTime:0.000224s ]
[ sql ] [ SQL ] SHOW COLUMNS FROM `tp_visit_log` [ RunTime:0.000789s ]
[ sql ] [ SQL ] SELECT * FROM `tp_visit_log` WHERE  `ip` = '66.249.66.141'  AND `type` = 'mobile'  AND `client` = 'Chrome'  AND `time` > 1559298392 LIMIT 1 [ RunTime:0.000445s ]
[ sql ] [ SQL ] INSERT INTO `tp_visit_log` (`ip` , `time` , `client` , `type`) VALUES ('66.249.66.141' , 1559299292 , 'Chrome' , 'mobile') [ RunTime:0.000307s ]
[ sql ] [ SQL ] SHOW COLUMNS FROM `tp_visit_count` [ RunTime:0.000693s ]
[ sql ] [ SQL ] SELECT * FROM `tp_visit_count` WHERE  `time` >= 1559232000 LIMIT 1 [ RunTime:0.000271s ]
[ sql ] [ SQL ] UPDATE `tp_visit_count`  SET `count`=8,`pc`=6,`mobile`=2  WHERE  `time` >= 1559232000 [ RunTime:0.000295s ]
[ sql ] [ SQL ] SELECT * FROM `tp_system` [ RunTime:0.000208s ]
[ sql ] [ SQL ] SELECT * FROM `tp_visit_log` WHERE  `ip` = '66.249.66.141'  AND `type` = 'mobile'  AND `client` = 'Chrome'  AND `time` > 1559298392 LIMIT 1 [ RunTime:0.000414s ]
[ sql ] [ SQL ] SHOW COLUMNS FROM `tp_article` [ RunTime:0.000867s ]
[ sql ] [ SQL ] SELECT * FROM `tp_article` WHERE  `cate_id` = 8  AND `status` = 1 LIMIT 5 [ RunTime:0.000300s ]
[ sql ] [ SQL ] SELECT * FROM `tp_cate` WHERE  `id` = 2  AND `status` = 1 LIMIT 1 [ RunTime:0.000276s ]
[ sql ] [ SQL ] SELECT * FROM `tp_cate` WHERE  `id` = 1  AND `status` = 1 LIMIT 1 [ RunTime:0.000221s ]
[ sql ] [ SQL ] SELECT * FROM `tp_cate` WHERE  `status` = 1  AND `pid` = 1 ORDER BY `sort` ASC [ RunTime:0.000235s ]
---------------------------------------------------------------
[ 2019-05-31T20:37:20+08:00 ] 220.181.108.84 GET www.jisitech.com/article/2.html
[运行时间：0.037520s] [吞吐率：26.65req/s] [内存消耗：2,789.43kb] [文件加载：63]
[ info ] [ CACHE ] INIT File
[ info ] [ BEHAVIOR ] Run Closure @app_init [ RunTime:0.001601s ]
[ info ] [ LANG ] /www/wwwroot/www.jisitech.com/thinkphp/lang/zh-cn.php
[ info ] [ ROUTE ] array (
  'type' => 'module',
  'module' => 
  array (
    0 => 'index',
    1 => 'index',
    2 => 'article',
  ),
  'convert' => false,
)
[ info ] [ HEADER ] array (
  'accept' => '*/*',
  'accept-language' => 'zh-cn,zh-tw',
  'accept-encoding' => 'gzip',
  'user-agent' => 'Mozilla/5.0 (compatible; Baiduspider/2.0; +http://www.baidu.com/search/spider.html)',
  'connection' => 'close',
  'host' => 'www.jisitech.com',
)
[ info ] [ PARAM ] array (
  '/article/2_html' => '',
  'id' => '2',
)
[ info ] [ LANG ] /www/wwwroot/www.jisitech.com/./application/index/lang/zh-cn.php
[ info ] [ DB ] INIT mysql
[ info ] [ BEHAVIOR ] Run Closure @action_begin [ RunTime:0.000197s ]
[ info ] [ RUN ] app\index\controller\Index->article[ /www/wwwroot/www.jisitech.com/application/index/controller/Index.php ]
[ info ] [ VIEW ] /www/wwwroot/www.jisitech.com/./application/index/view/index/article.html [ array (
  0 => 'cate_list',
  1 => 'sys_cate_list',
  2 => 'config',
  3 => 'top_new',
  4 => 'info',
  5 => 'current',
) ]
[ info ] [ LOG ] INIT File
[ sql ] [ DB ] CONNECT:[ UseTime:0.000495s ] mysql:host=127.0.0.1;dbname=www_jisitech_com;charset=utf8
[ sql ] [ SQL ] SHOW COLUMNS FROM `tp_cate` [ RunTime:0.000961s ]
[ sql ] [ SQL ] SELECT * FROM `tp_cate` WHERE  `pid` = 0  AND `status` = 1 [ RunTime:0.000346s ]
[ sql ] [ SQL ] SELECT * FROM `tp_cate` WHERE  `pid` = 75  AND `status` = 1 [ RunTime:0.000226s ]
[ sql ] [ SQL ] SHOW COLUMNS FROM `tp_system` [ RunTime:0.000726s ]
[ sql ] [ SQL ] SELECT * FROM `tp_system` [ RunTime:0.000200s ]
[ sql ] [ SQL ] SHOW COLUMNS FROM `tp_visit_log` [ RunTime:0.000718s ]
[ sql ] [ SQL ] SELECT * FROM `tp_visit_log` WHERE  `ip` = '220.181.108.84'  AND `type` = 'pc'  AND `client` = '其它'  AND `time` > 1559305340 LIMIT 1 [ RunTime:0.000441s ]
[ sql ] [ SQL ] INSERT INTO `tp_visit_log` (`ip` , `time` , `client` , `type`) VALUES ('220.181.108.84' , 1559306240 , '其它' , 'pc') [ RunTime:0.000303s ]
[ sql ] [ SQL ] SHOW COLUMNS FROM `tp_visit_count` [ RunTime:0.000721s ]
[ sql ] [ SQL ] SELECT * FROM `tp_visit_count` WHERE  `time` >= 1559232000 LIMIT 1 [ RunTime:0.000269s ]
[ sql ] [ SQL ] UPDATE `tp_visit_count`  SET `count`=9,`pc`=7,`mobile`=2  WHERE  `time` >= 1559232000 [ RunTime:0.000281s ]
[ sql ] [ SQL ] SELECT * FROM `tp_system` [ RunTime:0.000198s ]
[ sql ] [ SQL ] SELECT * FROM `tp_visit_log` WHERE  `ip` = '220.181.108.84'  AND `type` = 'pc'  AND `client` = '其它'  AND `time` > 1559305340 LIMIT 1 [ RunTime:0.000565s ]
[ sql ] [ SQL ] SHOW COLUMNS FROM `tp_article` [ RunTime:0.000806s ]
[ sql ] [ SQL ] SELECT * FROM `tp_article` WHERE  `cate_id` = 8  AND `status` = 1 LIMIT 5 [ RunTime:0.000304s ]
[ sql ] [ SQL ] SELECT * FROM `tp_article` WHERE  `id` = 2 LIMIT 1 [ RunTime:0.000254s ]
[ sql ] [ SQL ] SELECT * FROM `tp_cate` WHERE  `status` = 1  AND `pid` = 1 ORDER BY `sort` ASC [ RunTime:0.000243s ]
---------------------------------------------------------------
[ 2019-05-31T20:37:24+08:00 ] 111.206.198.70 GET www.jisitech.com/public/static/index/js/pro.js
[运行时间：0.015167s] [吞吐率：65.93req/s] [内存消耗：1,571.11kb] [文件加载：45]
[ info ] [ CACHE ] INIT File
[ info ] [ BEHAVIOR ] Run Closure @app_init [ RunTime:0.001461s ]
[ info ] [ LANG ] /www/wwwroot/www.jisitech.com/thinkphp/lang/zh-cn.php
[ info ] [ ROUTE ] array (
  'type' => 'module',
  'module' => 
  array (
    0 => 'public',
    1 => 'static',
    2 => 'index',
  ),
)
[ info ] [ HEADER ] array (
  'referer' => 'http://www.jisitech.com/article/2.html',
  'accept' => '*/*',
  'resource-type' => '3',
  'accept-language' => 'zh-CN,zh;q=0.8,en-US;q=0.5,en;q=0.3',
  'x-devtools-emulate-network-conditions-client-id' => '9dd6bf31-0c2a-405e-8086-f23410f95f9a',
  'proxy-connection' => 'keep-alive',
  'user-agent' => 'Mozilla/5.0 (iPhone; CPU iPhone OS 9_1 like Mac OS X) AppleWebKit/601.1.46 (KHTML, like Gecko) Version/9.0 Mobile/13B143 Safari/601.1 (compatible; Baiduspider-render/2.0; +http://www.baidu.com/search/spider.html)',
  'host' => 'www.jisitech.com',
)
[ info ] [ PARAM ] array (
  '/static/index/js/pro_js' => '',
  'js' => 'pro.js',
)
[ info ] [ LOG ] INIT File
---------------------------------------------------------------
[ 2019-05-31T20:37:24+08:00 ] 111.206.221.20 GET www.jisitech.com/public/static/index/js/pro.js
[运行时间：0.015279s] [吞吐率：65.45req/s] [内存消耗：1,550.85kb] [文件加载：44]
[ info ] [ CACHE ] INIT File
[ info ] [ BEHAVIOR ] Run Closure @app_init [ RunTime:0.001459s ]
[ info ] [ ROUTE ] array (
  'type' => 'module',
  'module' => 
  array (
    0 => 'public',
    1 => 'static',
    2 => 'index',
  ),
)
[ info ] [ HEADER ] array (
  'cookie' => 'think_var=zh-hk',
  'referer' => 'http://www.jisitech.com/article/2.html',
  'accept' => '*/*',
  'resource-type' => '3',
  'accept-language' => 'zh-CN,zh;q=0.8,en-US;q=0.5,en;q=0.3',
  'x-devtools-emulate-network-conditions-client-id' => '9dd6bf31-0c2a-405e-8086-f23410f95f9a',
  'proxy-connection' => 'keep-alive',
  'user-agent' => 'Mozilla/5.0 (iPhone; CPU iPhone OS 9_1 like Mac OS X) AppleWebKit/601.1.46 (KHTML, like Gecko) Version/9.0 Mobile/13B143 Safari/601.1 (compatible; Baiduspider-render/2.0; +http://www.baidu.com/search/spider.html)',
  'host' => 'www.jisitech.com',
)
[ info ] [ PARAM ] array (
  '/static/index/js/pro_js' => '',
  'js' => 'pro.js',
)
[ info ] [ LOG ] INIT File
---------------------------------------------------------------
[ 2019-05-31T20:52:57+08:00 ] 66.249.66.143 GET www.jisitech.com/
[运行时间：0.035976s] [吞吐率：27.80req/s] [内存消耗：2,860.16kb] [文件加载：62]
[ info ] [ CACHE ] INIT File
[ info ] [ BEHAVIOR ] Run Closure @app_init [ RunTime:0.001495s ]
[ info ] [ ROUTE ] array (
  'type' => 'module',
  'module' => 
  array (
    0 => 'index',
    1 => 'index',
    2 => 'index',
  ),
  'convert' => false,
)
[ info ] [ HEADER ] array (
  'accept-encoding' => 'gzip,deflate,br',
  'user-agent' => 'Mozilla/5.0 (Linux; Android 6.0.1; Nexus 5X Build/MMB29P) AppleWebKit/537.36 (KHTML, like Gecko) Chrome/41.0.2272.96 Mobile Safari/537.36 (compatible; Googlebot/2.1; +http://www.google.com/bot.html)',
  'from' => 'googlebot(at)googlebot.com',
  'accept' => 'text/html,application/xhtml+xml,application/xml;q=0.9,*/*;q=0.8,text/html,application/xhtml+xml,application/signed-exchange;v=b3,application/xml;q=0.9,*/*;q=0.8',
  'connection' => 'keep-alive',
  'amp-cache-transform' => 'google;v="1"',
  'host' => 'www.jisitech.com',
)
[ info ] [ PARAM ] array (
)
[ info ] [ LANG ] /www/wwwroot/www.jisitech.com/./application/index/lang/zh-hk.php
[ info ] [ DB ] INIT mysql
[ info ] [ BEHAVIOR ] Run Closure @action_begin [ RunTime:0.000185s ]
[ info ] [ RUN ] app\index\controller\Index->index[ /www/wwwroot/www.jisitech.com/application/index/controller/Index.php ]
[ info ] [ VIEW ] /www/wwwroot/www.jisitech.com/./application/index/view/index/index.html [ array (
  0 => 'cate_list',
  1 => 'sys_cate_list',
  2 => 'config',
  3 => 'top_new',
  4 => 'advert_list',
  5 => 'banner_list',
  6 => 'anli_list',
  7 => 'news_list',
  8 => 'current',
) ]
[ info ] [ LOG ] INIT File
[ sql ] [ DB ] CONNECT:[ UseTime:0.000432s ] mysql:host=127.0.0.1;dbname=www_jisitech_com;charset=utf8
[ sql ] [ SQL ] SHOW COLUMNS FROM `tp_cate` [ RunTime:0.000950s ]
[ sql ] [ SQL ] SELECT * FROM `tp_cate` WHERE  `pid` = 0  AND `status` = 1 [ RunTime:0.000326s ]
[ sql ] [ SQL ] SELECT * FROM `tp_cate` WHERE  `pid` = 75  AND `status` = 1 [ RunTime:0.000248s ]
[ sql ] [ SQL ] SHOW COLUMNS FROM `tp_system` [ RunTime:0.000791s ]
[ sql ] [ SQL ] SELECT * FROM `tp_system` [ RunTime:0.000218s ]
[ sql ] [ SQL ] SHOW COLUMNS FROM `tp_visit_log` [ RunTime:0.000666s ]
[ sql ] [ SQL ] SELECT * FROM `tp_visit_log` WHERE  `ip` = '66.249.66.143'  AND `type` = 'mobile'  AND `client` = 'Chrome'  AND `time` > 1559306277 LIMIT 1 [ RunTime:0.000438s ]
[ sql ] [ SQL ] INSERT INTO `tp_visit_log` (`ip` , `time` , `client` , `type`) VALUES ('66.249.66.143' , 1559307177 , 'Chrome' , 'mobile') [ RunTime:0.000296s ]
[ sql ] [ SQL ] SHOW COLUMNS FROM `tp_visit_count` [ RunTime:0.000672s ]
[ sql ] [ SQL ] SELECT * FROM `tp_visit_count` WHERE  `time` >= 1559232000 LIMIT 1 [ RunTime:0.000287s ]
[ sql ] [ SQL ] UPDATE `tp_visit_count`  SET `count`=10,`pc`=7,`mobile`=3  WHERE  `time` >= 1559232000 [ RunTime:0.000275s ]
[ sql ] [ SQL ] SELECT * FROM `tp_system` [ RunTime:0.000214s ]
[ sql ] [ SQL ] SELECT * FROM `tp_visit_log` WHERE  `ip` = '66.249.66.143'  AND `type` = 'mobile'  AND `client` = 'Chrome'  AND `time` > 1559306277 LIMIT 1 [ RunTime:0.000434s ]
[ sql ] [ SQL ] SHOW COLUMNS FROM `tp_article` [ RunTime:0.000790s ]
[ sql ] [ SQL ] SELECT * FROM `tp_article` WHERE  `cate_id` = 8  AND `status` = 1 LIMIT 5 [ RunTime:0.000357s ]
[ sql ] [ SQL ] SELECT * FROM `tp_article` WHERE  `cate_id` = 7 ORDER BY `id` DESC LIMIT 6 [ RunTime:0.000298s ]
[ sql ] [ SQL ] SELECT * FROM `tp_article` WHERE  `cate_id` = 8 ORDER BY `id` DESC LIMIT 5 [ RunTime:0.000296s ]
[ sql ] [ SQL ] SHOW COLUMNS FROM `tp_advert` [ RunTime:0.000711s ]
[ sql ] [ SQL ] SELECT * FROM `tp_advert` WHERE  `type` = 'banner' LIMIT 8 [ RunTime:0.000244s ]
[ sql ] [ SQL ] SELECT * FROM `tp_advert` WHERE  `type` = 'advert' LIMIT 5 [ RunTime:0.000215s ]
[ sql ] [ SQL ] SELECT * FROM `tp_cate` WHERE  `status` = 1  AND `pid` = 1 ORDER BY `sort` ASC [ RunTime:0.000238s ]
---------------------------------------------------------------
[ 2019-05-31T20:53:00+08:00 ] 66.249.66.143 GET www.jisitech.com/css/language-selector.css
[运行时间：0.016340s] [吞吐率：61.20req/s] [内存消耗：1,550.17kb] [文件加载：44]
[ info ] [ CACHE ] INIT File
[ info ] [ BEHAVIOR ] Run Closure @app_init [ RunTime:0.001491s ]
[ info ] [ ROUTE ] array (
  'type' => 'module',
  'module' => 
  array (
    0 => 'css',
    1 => 'language-selector.css',
    2 => NULL,
  ),
)
[ info ] [ HEADER ] array (
  'accept-encoding' => 'gzip,deflate,br',
  'user-agent' => 'Mozilla/5.0 (Linux; Android 6.0.1; Nexus 5X Build/MMB29P) AppleWebKit/537.36 (KHTML, like Gecko) Chrome/41.0.2272.96 Mobile Safari/537.36 (compatible; Googlebot/2.1; +http://www.google.com/bot.html)',
  'from' => 'googlebot(at)googlebot.com',
  'accept' => 'text/css,*/*;q=0.1',
  'connection' => 'keep-alive',
  'referer' => 'http://www.jisitech.com/',
  'cookie' => 'think_var=zh-hk',
  'accept-language' => 'en-US',
  'host' => 'www.jisitech.com',
)
[ info ] [ PARAM ] array (
  '/css/language-selector_css' => '',
)
[ info ] [ LOG ] INIT File
---------------------------------------------------------------
[ 2019-05-31T20:53:00+08:00 ] 66.249.66.143 GET www.jisitech.com/public/static/index/js/pro.js
[运行时间：0.015738s] [吞吐率：63.54req/s] [内存消耗：1,550.55kb] [文件加载：44]
[ info ] [ CACHE ] INIT File
[ info ] [ BEHAVIOR ] Run Closure @app_init [ RunTime:0.001520s ]
[ info ] [ ROUTE ] array (
  'type' => 'module',
  'module' => 
  array (
    0 => 'public',
    1 => 'static',
    2 => 'index',
  ),
)
[ info ] [ HEADER ] array (
  'accept-encoding' => 'gzip,deflate,br',
  'user-agent' => 'Mozilla/5.0 (Linux; Android 6.0.1; Nexus 5X Build/MMB29P) AppleWebKit/537.36 (KHTML, like Gecko) Chrome/41.0.2272.96 Mobile Safari/537.36 (compatible; Googlebot/2.1; +http://www.google.com/bot.html)',
  'from' => 'googlebot(at)googlebot.com',
  'accept' => '*/*',
  'connection' => 'keep-alive',
  'referer' => 'http://www.jisitech.com/',
  'cookie' => 'think_var=zh-hk',
  'accept-language' => 'en-US',
  'host' => 'www.jisitech.com',
)
[ info ] [ PARAM ] array (
  '/static/index/js/pro_js' => '',
  'js' => 'pro.js',
)
[ info ] [ LOG ] INIT File
---------------------------------------------------------------
[ 2019-05-31T22:03:42+08:00 ] 66.249.66.141 GET www.jisitech.com/article/6.html
[运行时间：0.036145s] [吞吐率：27.67req/s] [内存消耗：2,772.30kb] [文件加载：62]
[ info ] [ CACHE ] INIT File
[ info ] [ BEHAVIOR ] Run Closure @app_init [ RunTime:0.001540s ]
[ info ] [ ROUTE ] array (
  'type' => 'module',
  'module' => 
  array (
    0 => 'index',
    1 => 'index',
    2 => 'article',
  ),
  'convert' => false,
)
[ info ] [ HEADER ] array (
  'accept-encoding' => 'gzip,deflate,br',
  'user-agent' => 'Mozilla/5.0 (Linux; Android 6.0.1; Nexus 5X Build/MMB29P) AppleWebKit/537.36 (KHTML, like Gecko) Chrome/41.0.2272.96 Mobile Safari/537.36 (compatible; Googlebot/2.1; +http://www.google.com/bot.html)',
  'from' => 'googlebot(at)googlebot.com',
  'accept' => 'text/html,application/xhtml+xml,application/xml;q=0.9,*/*;q=0.8,text/html,application/xhtml+xml,application/signed-exchange;v=b3,application/xml;q=0.9,*/*;q=0.8',
  'connection' => 'keep-alive',
  'amp-cache-transform' => 'google;v="1"',
  'host' => 'www.jisitech.com',
)
[ info ] [ PARAM ] array (
  '/article/6_html' => '',
  'id' => '6',
)
[ info ] [ LANG ] /www/wwwroot/www.jisitech.com/./application/index/lang/zh-hk.php
[ info ] [ DB ] INIT mysql
[ info ] [ BEHAVIOR ] Run Closure @action_begin [ RunTime:0.000208s ]
[ info ] [ RUN ] app\index\controller\Index->article[ /www/wwwroot/www.jisitech.com/application/index/controller/Index.php ]
[ info ] [ VIEW ] /www/wwwroot/www.jisitech.com/./application/index/view/index/article.html [ array (
  0 => 'cate_list',
  1 => 'sys_cate_list',
  2 => 'config',
  3 => 'top_new',
  4 => 'info',
  5 => 'current',
) ]
[ info ] [ LOG ] INIT File
[ sql ] [ DB ] CONNECT:[ UseTime:0.000506s ] mysql:host=127.0.0.1;dbname=www_jisitech_com;charset=utf8
[ sql ] [ SQL ] SHOW COLUMNS FROM `tp_cate` [ RunTime:0.001227s ]
[ sql ] [ SQL ] SELECT * FROM `tp_cate` WHERE  `pid` = 0  AND `status` = 1 [ RunTime:0.000388s ]
[ sql ] [ SQL ] SELECT * FROM `tp_cate` WHERE  `pid` = 75  AND `status` = 1 [ RunTime:0.000238s ]
[ sql ] [ SQL ] SHOW COLUMNS FROM `tp_system` [ RunTime:0.000752s ]
[ sql ] [ SQL ] SELECT * FROM `tp_system` [ RunTime:0.000213s ]
[ sql ] [ SQL ] SHOW COLUMNS FROM `tp_visit_log` [ RunTime:0.000705s ]
[ sql ] [ SQL ] SELECT * FROM `tp_visit_log` WHERE  `ip` = '66.249.66.141'  AND `type` = 'mobile'  AND `client` = 'Chrome'  AND `time` > 1559310522 LIMIT 1 [ RunTime:0.000437s ]
[ sql ] [ SQL ] INSERT INTO `tp_visit_log` (`ip` , `time` , `client` , `type`) VALUES ('66.249.66.141' , 1559311422 , 'Chrome' , 'mobile') [ RunTime:0.000308s ]
[ sql ] [ SQL ] SHOW COLUMNS FROM `tp_visit_count` [ RunTime:0.000727s ]
[ sql ] [ SQL ] SELECT * FROM `tp_visit_count` WHERE  `time` >= 1559232000 LIMIT 1 [ RunTime:0.000296s ]
[ sql ] [ SQL ] UPDATE `tp_visit_count`  SET `count`=11,`pc`=7,`mobile`=4  WHERE  `time` >= 1559232000 [ RunTime:0.000262s ]
[ sql ] [ SQL ] SELECT * FROM `tp_system` [ RunTime:0.000240s ]
[ sql ] [ SQL ] SELECT * FROM `tp_visit_log` WHERE  `ip` = '66.249.66.141'  AND `type` = 'mobile'  AND `client` = 'Chrome'  AND `time` > 1559310522 LIMIT 1 [ RunTime:0.000441s ]
[ sql ] [ SQL ] SHOW COLUMNS FROM `tp_article` [ RunTime:0.000795s ]
[ sql ] [ SQL ] SELECT * FROM `tp_article` WHERE  `cate_id` = 8  AND `status` = 1 LIMIT 5 [ RunTime:0.000327s ]
[ sql ] [ SQL ] SELECT * FROM `tp_article` WHERE  `id` = 6 LIMIT 1 [ RunTime:0.000262s ]
[ sql ] [ SQL ] SELECT * FROM `tp_cate` WHERE  `status` = 1  AND `pid` = 1 ORDER BY `sort` ASC [ RunTime:0.000272s ]
---------------------------------------------------------------
[ 2019-05-31T22:03:46+08:00 ] 66.249.66.141 GET www.jisitech.com/public/static/index/js/pro.js
[运行时间：0.015949s] [吞吐率：62.70req/s] [内存消耗：1,550.55kb] [文件加载：44]
[ info ] [ CACHE ] INIT File
[ info ] [ BEHAVIOR ] Run Closure @app_init [ RunTime:0.001502s ]
[ info ] [ ROUTE ] array (
  'type' => 'module',
  'module' => 
  array (
    0 => 'public',
    1 => 'static',
    2 => 'index',
  ),
)
[ info ] [ HEADER ] array (
  'accept-encoding' => 'gzip,deflate,br',
  'user-agent' => 'Mozilla/5.0 (Linux; Android 6.0.1; Nexus 5X Build/MMB29P) AppleWebKit/537.36 (KHTML, like Gecko) Chrome/41.0.2272.96 Mobile Safari/537.36 (compatible; Googlebot/2.1; +http://www.google.com/bot.html)',
  'from' => 'googlebot(at)googlebot.com',
  'accept' => '*/*',
  'connection' => 'keep-alive',
  'referer' => 'http://www.jisitech.com/article/6.html',
  'cookie' => 'think_var=zh-hk',
  'accept-language' => 'en-US',
  'host' => 'www.jisitech.com',
)
[ info ] [ PARAM ] array (
  '/static/index/js/pro_js' => '',
  'js' => 'pro.js',
)
[ info ] [ LOG ] INIT File
---------------------------------------------------------------
[ 2019-05-31T22:03:46+08:00 ] 66.249.66.145 GET www.jisitech.com/public/static/index/js/pro.js
[运行时间：0.016089s] [吞吐率：62.15req/s] [内存消耗：1,550.55kb] [文件加载：44]
[ info ] [ CACHE ] INIT File
[ info ] [ BEHAVIOR ] Run Closure @app_init [ RunTime:0.001464s ]
[ info ] [ ROUTE ] array (
  'type' => 'module',
  'module' => 
  array (
    0 => 'public',
    1 => 'static',
    2 => 'index',
  ),
)
[ info ] [ HEADER ] array (
  'accept-encoding' => 'gzip,deflate,br',
  'user-agent' => 'Mozilla/5.0 (Linux; Android 6.0.1; Nexus 5X Build/MMB29P) AppleWebKit/537.36 (KHTML, like Gecko) Chrome/41.0.2272.96 Mobile Safari/537.36 (compatible; Googlebot/2.1; +http://www.google.com/bot.html)',
  'from' => 'googlebot(at)googlebot.com',
  'accept' => '*/*',
  'connection' => 'keep-alive',
  'referer' => 'http://www.jisitech.com/article/6.html',
  'cookie' => 'think_var=zh-hk',
  'accept-language' => 'en-US',
  'host' => 'www.jisitech.com',
)
[ info ] [ PARAM ] array (
  '/static/index/js/pro_js' => '',
  'js' => 'pro.js',
)
[ info ] [ LOG ] INIT File
---------------------------------------------------------------
[ 2019-05-31T23:16:59+08:00 ] 66.249.66.143 GET www.jisitech.com/category/2.html
[运行时间：0.035629s] [吞吐率：28.07req/s] [内存消耗：2,763.01kb] [文件加载：62]
[ info ] [ CACHE ] INIT File
[ info ] [ BEHAVIOR ] Run Closure @app_init [ RunTime:0.001457s ]
[ info ] [ ROUTE ] array (
  'type' => 'module',
  'module' => 
  array (
    0 => 'index',
    1 => 'index',
    2 => 'category',
  ),
  'convert' => false,
)
[ info ] [ HEADER ] array (
  'if-modified-since' => 'Wed, 29 May 2019 02:43:25 GMT',
  'accept-encoding' => 'gzip,deflate,br',
  'user-agent' => 'Mozilla/5.0 (compatible; Googlebot/2.1; +http://www.google.com/bot.html)',
  'from' => 'googlebot(at)googlebot.com',
  'accept' => 'text/html,application/xhtml+xml,application/xml;q=0.9,*/*;q=0.8',
  'connection' => 'keep-alive',
  'host' => 'www.jisitech.com',
)
[ info ] [ PARAM ] array (
  '/category/2_html' => '',
  'id' => '2',
)
[ info ] [ LANG ] /www/wwwroot/www.jisitech.com/./application/index/lang/zh-hk.php
[ info ] [ DB ] INIT mysql
[ info ] [ BEHAVIOR ] Run Closure @action_begin [ RunTime:0.000226s ]
[ info ] [ RUN ] app\index\controller\Index->category[ /www/wwwroot/www.jisitech.com/application/index/controller/Index.php ]
[ info ] [ VIEW ] /www/wwwroot/www.jisitech.com/./application/index/view/index/category.html [ array (
  0 => 'cate_list',
  1 => 'sys_cate_list',
  2 => 'config',
  3 => 'top_new',
  4 => 'info',
  5 => 'pinfo',
  6 => 'current',
) ]
[ info ] [ LOG ] INIT File
[ sql ] [ DB ] CONNECT:[ UseTime:0.000409s ] mysql:host=127.0.0.1;dbname=www_jisitech_com;charset=utf8
[ sql ] [ SQL ] SHOW COLUMNS FROM `tp_cate` [ RunTime:0.000938s ]
[ sql ] [ SQL ] SELECT * FROM `tp_cate` WHERE  `pid` = 0  AND `status` = 1 [ RunTime:0.000338s ]
[ sql ] [ SQL ] SELECT * FROM `tp_cate` WHERE  `pid` = 75  AND `status` = 1 [ RunTime:0.000250s ]
[ sql ] [ SQL ] SHOW COLUMNS FROM `tp_system` [ RunTime:0.000705s ]
[ sql ] [ SQL ] SELECT * FROM `tp_system` [ RunTime:0.000218s ]
[ sql ] [ SQL ] SHOW COLUMNS FROM `tp_visit_log` [ RunTime:0.000751s ]
[ sql ] [ SQL ] SELECT * FROM `tp_visit_log` WHERE  `ip` = '66.249.66.143'  AND `type` = 'pc'  AND `client` = '其它'  AND `time` > 1559314919 LIMIT 1 [ RunTime:0.000446s ]
[ sql ] [ SQL ] INSERT INTO `tp_visit_log` (`ip` , `time` , `client` , `type`) VALUES ('66.249.66.143' , 1559315819 , '其它' , 'pc') [ RunTime:0.000309s ]
[ sql ] [ SQL ] SHOW COLUMNS FROM `tp_visit_count` [ RunTime:0.000674s ]
[ sql ] [ SQL ] SELECT * FROM `tp_visit_count` WHERE  `time` >= 1559232000 LIMIT 1 [ RunTime:0.000288s ]
[ sql ] [ SQL ] UPDATE `tp_visit_count`  SET `count`=12,`pc`=8,`mobile`=4  WHERE  `time` >= 1559232000 [ RunTime:0.000262s ]
[ sql ] [ SQL ] SELECT * FROM `tp_system` [ RunTime:0.000195s ]
[ sql ] [ SQL ] SELECT * FROM `tp_visit_log` WHERE  `ip` = '66.249.66.143'  AND `type` = 'pc'  AND `client` = '其它'  AND `time` > 1559314919 LIMIT 1 [ RunTime:0.000449s ]
[ sql ] [ SQL ] SHOW COLUMNS FROM `tp_article` [ RunTime:0.000806s ]
[ sql ] [ SQL ] SELECT * FROM `tp_article` WHERE  `cate_id` = 8  AND `status` = 1 LIMIT 5 [ RunTime:0.000421s ]
[ sql ] [ SQL ] SELECT * FROM `tp_cate` WHERE  `id` = 2  AND `status` = 1 LIMIT 1 [ RunTime:0.001035s ]
[ sql ] [ SQL ] SELECT * FROM `tp_cate` WHERE  `id` = 1  AND `status` = 1 LIMIT 1 [ RunTime:0.000267s ]
[ sql ] [ SQL ] SELECT * FROM `tp_cate` WHERE  `status` = 1  AND `pid` = 1 ORDER BY `sort` ASC [ RunTime:0.000245s ]
---------------------------------------------------------------
[ 2019-05-31T23:46:05+08:00 ] 66.249.66.143 GET www.jisitech.com/category/12.html
[运行时间：0.037395s] [吞吐率：26.74req/s] [内存消耗：2,763.48kb] [文件加载：62]
[ info ] [ CACHE ] INIT File
[ info ] [ BEHAVIOR ] Run Closure @app_init [ RunTime:0.001485s ]
[ info ] [ ROUTE ] array (
  'type' => 'module',
  'module' => 
  array (
    0 => 'index',
    1 => 'index',
    2 => 'category',
  ),
  'convert' => false,
)
[ info ] [ HEADER ] array (
  'accept-encoding' => 'gzip,deflate,br',
  'user-agent' => 'Mozilla/5.0 (Linux; Android 6.0.1; Nexus 5X Build/MMB29P) AppleWebKit/537.36 (KHTML, like Gecko) Chrome/41.0.2272.96 Mobile Safari/537.36 (compatible; Googlebot/2.1; +http://www.google.com/bot.html)',
  'from' => 'googlebot(at)googlebot.com',
  'accept' => 'text/html,application/xhtml+xml,application/xml;q=0.9,*/*;q=0.8,text/html,application/xhtml+xml,application/signed-exchange;v=b3,application/xml;q=0.9,*/*;q=0.8',
  'connection' => 'keep-alive',
  'amp-cache-transform' => 'google;v="1"',
  'host' => 'www.jisitech.com',
)
[ info ] [ PARAM ] array (
  '/category/12_html' => '',
  'id' => '12',
)
[ info ] [ LANG ] /www/wwwroot/www.jisitech.com/./application/index/lang/zh-hk.php
[ info ] [ DB ] INIT mysql
[ info ] [ BEHAVIOR ] Run Closure @action_begin [ RunTime:0.000186s ]
[ info ] [ RUN ] app\index\controller\Index->category[ /www/wwwroot/www.jisitech.com/application/index/controller/Index.php ]
[ info ] [ VIEW ] /www/wwwroot/www.jisitech.com/./application/index/view/index/category.html [ array (
  0 => 'cate_list',
  1 => 'sys_cate_list',
  2 => 'config',
  3 => 'top_new',
  4 => 'info',
  5 => 'pinfo',
  6 => 'current',
) ]
[ info ] [ LOG ] INIT File
[ sql ] [ DB ] CONNECT:[ UseTime:0.000443s ] mysql:host=127.0.0.1;dbname=www_jisitech_com;charset=utf8
[ sql ] [ SQL ] SHOW COLUMNS FROM `tp_cate` [ RunTime:0.001007s ]
[ sql ] [ SQL ] SELECT * FROM `tp_cate` WHERE  `pid` = 0  AND `status` = 1 [ RunTime:0.000337s ]
[ sql ] [ SQL ] SELECT * FROM `tp_cate` WHERE  `pid` = 75  AND `status` = 1 [ RunTime:0.000247s ]
[ sql ] [ SQL ] SHOW COLUMNS FROM `tp_system` [ RunTime:0.000700s ]
[ sql ] [ SQL ] SELECT * FROM `tp_system` [ RunTime:0.000218s ]
[ sql ] [ SQL ] SHOW COLUMNS FROM `tp_visit_log` [ RunTime:0.000694s ]
[ sql ] [ SQL ] SELECT * FROM `tp_visit_log` WHERE  `ip` = '66.249.66.143'  AND `type` = 'mobile'  AND `client` = 'Chrome'  AND `time` > 1559316665 LIMIT 1 [ RunTime:0.000429s ]
[ sql ] [ SQL ] INSERT INTO `tp_visit_log` (`ip` , `time` , `client` , `type`) VALUES ('66.249.66.143' , 1559317565 , 'Chrome' , 'mobile') [ RunTime:0.000302s ]
[ sql ] [ SQL ] SHOW COLUMNS FROM `tp_visit_count` [ RunTime:0.000692s ]
[ sql ] [ SQL ] SELECT * FROM `tp_visit_count` WHERE  `time` >= 1559232000 LIMIT 1 [ RunTime:0.000292s ]
[ sql ] [ SQL ] UPDATE `tp_visit_count`  SET `count`=13,`pc`=8,`mobile`=5  WHERE  `time` >= 1559232000 [ RunTime:0.000262s ]
[ sql ] [ SQL ] SELECT * FROM `tp_system` [ RunTime:0.000204s ]
[ sql ] [ SQL ] SELECT * FROM `tp_visit_log` WHERE  `ip` = '66.249.66.143'  AND `type` = 'mobile'  AND `client` = 'Chrome'  AND `time` > 1559316665 LIMIT 1 [ RunTime:0.000501s ]
[ sql ] [ SQL ] SHOW COLUMNS FROM `tp_article` [ RunTime:0.000846s ]
[ sql ] [ SQL ] SELECT * FROM `tp_article` WHERE  `cate_id` = 8  AND `status` = 1 LIMIT 5 [ RunTime:0.000363s ]
[ sql ] [ SQL ] SELECT * FROM `tp_cate` WHERE  `id` = 12  AND `status` = 1 LIMIT 1 [ RunTime:0.000252s ]
[ sql ] [ SQL ] SELECT * FROM `tp_cate` WHERE  `id` = 1  AND `status` = 1 LIMIT 1 [ RunTime:0.000245s ]
[ sql ] [ SQL ] SELECT * FROM `tp_cate` WHERE  `status` = 1  AND `pid` = 1 ORDER BY `sort` ASC [ RunTime:0.000261s ]
