---------------------------------------------------------------
[ 2019-07-31T22:48:06+08:00 ] 127.0.0.1 GET no1_qiye1.top/
[运行时间：0.195744s] [吞吐率：5.11req/s] [内存消耗：2,530.70kb] [文件加载：66]
[ info ] [ CACHE ] INIT File
[ info ] [ BEHAVIOR ] Run Closure @app_init [ RunTime:0.007467s ]
[ info ] [ LANG ] F:\WWW\qiye1\thinkphp\lang\zh-cn.php
[ info ] [ ROUTE ] array (
  'type' => 'module',
  'module' => 
  array (
    0 => 'index',
    1 => 'index',
    2 => 'index',
  ),
  'convert' => false,
)
[ info ] [ HEADER ] array (
  'accept-language' => 'zh-CN,zh;q=0.9,en;q=0.8',
  'accept-encoding' => 'gzip, deflate',
  'accept' => 'text/html,application/xhtml+xml,application/xml;q=0.9,image/webp,image/apng,*/*;q=0.8,application/signed-exchange;v=b3',
  'user-agent' => 'Mozilla/5.0 (Windows NT 10.0; Win64; x64) AppleWebKit/537.36 (KHTML, like Gecko) Chrome/74.0.3729.131 Safari/537.36',
  'upgrade-insecure-requests' => '1',
  'connection' => 'close',
  'host' => 'no1_qiye1.top',
)
[ info ] [ PARAM ] array (
)
[ info ] [ LANG ] F:\WWW\qiye1/./application/index\lang\zh-cn.php
[ info ] [ DB ] INIT mysql
[ info ] [ LANG ] F:\WWW\qiye1/./application/index\lang\zh-hk.php
[ info ] [ BEHAVIOR ] Run Closure @action_begin [ RunTime:0.000847s ]
[ info ] [ RUN ] app\index\controller\Index->index[ F:\WWW\qiye1\application\index\controller\Index.php ]
[ info ] [ VIEW ] F:\WWW\qiye1/./application/index\view\index\index.html [ array (
  0 => 'cate_list',
  1 => 'sys_cate_list',
  2 => 'config',
  3 => 'category_art',
  4 => 'top_new',
  5 => 'advert_list',
  6 => 'banner_list',
  7 => 'anli_list',
  8 => 'news_list',
  9 => 'current',
) ]
[ info ] [ LOG ] INIT File
[ sql ] [ DB ] CONNECT:[ UseTime:0.001672s ] mysql:host=127.0.0.1;dbname=qiye1;charset=utf8
[ sql ] [ SQL ] SHOW COLUMNS FROM `tp_cate` [ RunTime:0.010724s ]
[ sql ] [ SQL ] SELECT * FROM `tp_cate` WHERE  `pid` = 0  AND `status` = 1 [ RunTime:0.001007s ]
[ sql ] [ SQL ] SELECT * FROM `tp_cate` WHERE  `pid` = 75  AND `status` = 1 [ RunTime:0.000406s ]
[ sql ] [ SQL ] SHOW COLUMNS FROM `tp_system` [ RunTime:0.010878s ]
[ sql ] [ SQL ] SELECT * FROM `tp_system` [ RunTime:0.000844s ]
[ sql ] [ SQL ] SHOW COLUMNS FROM `tp_visit_log` [ RunTime:0.011713s ]
[ sql ] [ SQL ] SELECT * FROM `tp_visit_log` WHERE  `ip` = '127.0.0.1'  AND `type` = 'pc'  AND `client` = 'Chrome'  AND `time` > 1564583586 LIMIT 1 [ RunTime:0.001670s ]
[ sql ] [ SQL ] INSERT INTO `tp_visit_log` (`ip` , `time` , `client` , `type`) VALUES ('127.0.0.1' , 1564584486 , 'Chrome' , 'pc') [ RunTime:0.000373s ]
[ sql ] [ SQL ] SHOW COLUMNS FROM `tp_visit_count` [ RunTime:0.011281s ]
[ sql ] [ SQL ] SELECT * FROM `tp_visit_count` WHERE  `time` >= 1564502400 LIMIT 1 [ RunTime:0.000931s ]
[ sql ] [ SQL ] INSERT INTO `tp_visit_count` (`time`) VALUES (1564584486) [ RunTime:0.000467s ]
[ sql ] [ SQL ] UPDATE `tp_visit_count`  SET `count`=1,`pc`=1,`mobile`=0  WHERE  `time` >= 1564502400 [ RunTime:0.000382s ]
[ sql ] [ SQL ] SELECT * FROM `tp_system` [ RunTime:0.000388s ]
[ sql ] [ SQL ] SELECT * FROM `tp_visit_log` WHERE  `ip` = '127.0.0.1'  AND `type` = 'pc'  AND `client` = 'Chrome'  AND `time` > 1564583586 LIMIT 1 [ RunTime:0.000883s ]
[ sql ] [ SQL ] SELECT `thumb`,`sort_name`,`id`,`cate_name` FROM `tp_cate` WHERE  `pid` = 0 [ RunTime:0.000485s ]
[ sql ] [ SQL ] SELECT `id`,`cate_name` FROM `tp_cate` WHERE  `pid` = 1 [ RunTime:0.000330s ]
[ sql ] [ SQL ] SHOW COLUMNS FROM `tp_article` [ RunTime:0.011652s ]
[ sql ] [ SQL ] SELECT `id`,`sort_title` FROM `tp_article` WHERE  `cate_id` = 5 [ RunTime:0.000862s ]
[ sql ] [ SQL ] SELECT `id`,`sort_title` FROM `tp_article` WHERE  `cate_id` = 7 [ RunTime:0.000328s ]
[ sql ] [ SQL ] SELECT `id`,`sort_title` FROM `tp_article` WHERE  `cate_id` = 8 [ RunTime:0.000371s ]
[ sql ] [ SQL ] SELECT `id`,`sort_title` FROM `tp_article` WHERE  `cate_id` = 9 [ RunTime:0.000451s ]
[ sql ] [ SQL ] SELECT `id`,`cate_name` FROM `tp_cate` WHERE  `pid` = 2 [ RunTime:0.000341s ]
[ sql ] [ SQL ] SELECT `id`,`sort_title` FROM `tp_article` WHERE  `cate_id` = 10 [ RunTime:0.000261s ]
[ sql ] [ SQL ] SELECT `id`,`sort_title` FROM `tp_article` WHERE  `cate_id` = 11 [ RunTime:0.000228s ]
[ sql ] [ SQL ] SELECT `id`,`sort_title` FROM `tp_article` WHERE  `cate_id` = 12 [ RunTime:0.000271s ]
[ sql ] [ SQL ] SELECT `id`,`cate_name` FROM `tp_cate` WHERE  `pid` = 3 [ RunTime:0.000374s ]
[ sql ] [ SQL ] SELECT `id`,`sort_title` FROM `tp_article` WHERE  `cate_id` = 13 [ RunTime:0.000396s ]
[ sql ] [ SQL ] SELECT `id`,`sort_title` FROM `tp_article` WHERE  `cate_id` = 14 [ RunTime:0.000346s ]
[ sql ] [ SQL ] SELECT `id`,`cate_name` FROM `tp_cate` WHERE  `pid` = 4 [ RunTime:0.000415s ]
[ sql ] [ SQL ] SELECT `id`,`sort_title` FROM `tp_article` WHERE  `cate_id` = 15 [ RunTime:0.000400s ]
[ sql ] [ SQL ] SELECT `id`,`sort_title` FROM `tp_article` WHERE  `cate_id` = 16 [ RunTime:0.000337s ]
[ sql ] [ SQL ] SELECT `id`,`sort_title` FROM `tp_article` WHERE  `cate_id` = 17 [ RunTime:0.000345s ]
[ sql ] [ SQL ] SELECT `id`,`sort_title` FROM `tp_article` WHERE  `cate_id` = 18 [ RunTime:0.000308s ]
[ sql ] [ SQL ] SELECT `id`,`sort_title` FROM `tp_article` WHERE  `cate_id` = 19 [ RunTime:0.000355s ]
[ sql ] [ SQL ] SELECT * FROM `tp_article` WHERE  `cate_id` = 8  AND `status` = 1 LIMIT 5 [ RunTime:0.000500s ]
[ sql ] [ SQL ] SELECT * FROM `tp_article` WHERE  `cate_id` = 7 ORDER BY `id` DESC LIMIT 6 [ RunTime:0.000664s ]
[ sql ] [ SQL ] SELECT * FROM `tp_article` WHERE  `cate_id` = 8 ORDER BY `id` DESC LIMIT 5 [ RunTime:0.000669s ]
[ sql ] [ SQL ] SHOW COLUMNS FROM `tp_advert` [ RunTime:0.010789s ]
[ sql ] [ SQL ] SELECT * FROM `tp_advert` WHERE  `type` = 'banner' LIMIT 8 [ RunTime:0.000508s ]
[ sql ] [ SQL ] SELECT * FROM `tp_advert` WHERE  `type` = 'advert' LIMIT 5 [ RunTime:0.000317s ]
---------------------------------------------------------------
[ 2019-07-31T22:48:07+08:00 ] 127.0.0.1 GET no1_qiye1.top/favicon.ico
[运行时间：0.028037s] [吞吐率：35.67req/s] [内存消耗：1,296.61kb] [文件加载：44]
[ info ] [ CACHE ] INIT File
[ info ] [ BEHAVIOR ] Run Closure @app_init [ RunTime:0.002429s ]
[ info ] [ ROUTE ] array (
  'type' => 'module',
  'module' => 
  array (
    0 => 'favicon.ico',
    1 => NULL,
    2 => NULL,
  ),
)
[ info ] [ HEADER ] array (
  'cookie' => 'think_var=zh-hk',
  'accept-language' => 'zh-CN,zh;q=0.9,en;q=0.8',
  'accept-encoding' => 'gzip, deflate',
  'referer' => 'http://no1_qiye1.top/',
  'accept' => 'image/webp,image/apng,image/*,*/*;q=0.8',
  'user-agent' => 'Mozilla/5.0 (Windows NT 10.0; Win64; x64) AppleWebKit/537.36 (KHTML, like Gecko) Chrome/74.0.3729.131 Safari/537.36',
  'connection' => 'close',
  'host' => 'no1_qiye1.top',
)
[ info ] [ PARAM ] array (
  '/favicon_ico' => '',
)
[ info ] [ LOG ] INIT File
---------------------------------------------------------------
[ 2019-07-31T22:48:12+08:00 ] 127.0.0.1 GET no1_qiye1.top/admin
[运行时间：0.076928s] [吞吐率：13.00req/s] [内存消耗：2,182.91kb] [文件加载：58]
[ info ] [ CACHE ] INIT File
[ info ] [ BEHAVIOR ] Run Closure @app_init [ RunTime:0.002783s ]
[ info ] [ ROUTE ] array (
  'type' => 'module',
  'module' => 
  array (
    0 => 'admin',
    1 => NULL,
    2 => NULL,
  ),
)
[ info ] [ HEADER ] array (
  'cookie' => 'think_var=zh-hk',
  'accept-language' => 'zh-CN,zh;q=0.9,en;q=0.8',
  'accept-encoding' => 'gzip, deflate',
  'accept' => 'text/html,application/xhtml+xml,application/xml;q=0.9,image/webp,image/apng,*/*;q=0.8,application/signed-exchange;v=b3',
  'user-agent' => 'Mozilla/5.0 (Windows NT 10.0; Win64; x64) AppleWebKit/537.36 (KHTML, like Gecko) Chrome/74.0.3729.131 Safari/537.36',
  'upgrade-insecure-requests' => '1',
  'connection' => 'close',
  'host' => 'no1_qiye1.top',
)
[ info ] [ PARAM ] array (
  '/admin' => '',
)
[ info ] [ SESSION ] INIT array (
  'id' => '',
  'var_session_id' => '',
  'prefix' => 'think',
  'type' => '',
  'auto_start' => true,
)
[ info ] [ DB ] INIT mysql
[ info ] [ VIEW ] F:\WWW\qiye1\thinkphp\tpl\dispatch_jump.tpl [ array (
  0 => 'left_nav',
  1 => 'code',
  2 => 'msg',
  3 => 'data',
  4 => 'url',
  5 => 'wait',
) ]
[ info ] [ LOG ] INIT File
[ sql ] [ DB ] CONNECT:[ UseTime:0.001172s ] mysql:host=127.0.0.1;dbname=qiye1;charset=utf8
[ sql ] [ SQL ] SHOW COLUMNS FROM `tp_auth_group_access` [ RunTime:0.010982s ]
[ sql ] [ SQL ] SELECT * FROM `tp_auth_group_access` WHERE  `uid` IS NULL [ RunTime:0.000298s ]
[ sql ] [ SQL ] SHOW COLUMNS FROM `tp_auth_rule` [ RunTime:0.012084s ]
[ sql ] [ SQL ] SELECT * FROM `tp_auth_rule` WHERE  `id` IN (0)  AND `status` = 1  AND `types` >= 1 ORDER BY `sort` ASC [ RunTime:0.000441s ]
---------------------------------------------------------------
[ 2019-07-31T22:48:15+08:00 ] 127.0.0.1 GET no1_qiye1.top/admin/login
[运行时间：0.031268s] [吞吐率：31.98req/s] [内存消耗：1,543.52kb] [文件加载：52]
[ info ] [ CACHE ] INIT File
[ info ] [ BEHAVIOR ] Run Closure @app_init [ RunTime:0.002237s ]
[ info ] [ ROUTE ] array (
  'type' => 'module',
  'module' => 
  array (
    0 => 'admin',
    1 => 'login',
    2 => NULL,
  ),
)
[ info ] [ HEADER ] array (
  'cookie' => 'think_var=zh-hk; PHPSESSID=kv6k4ejh2pcu3hh8ft8an7uk5n',
  'accept-language' => 'zh-CN,zh;q=0.9,en;q=0.8',
  'accept-encoding' => 'gzip, deflate',
  'referer' => 'http://no1_qiye1.top/admin',
  'accept' => 'text/html,application/xhtml+xml,application/xml;q=0.9,image/webp,image/apng,*/*;q=0.8,application/signed-exchange;v=b3',
  'user-agent' => 'Mozilla/5.0 (Windows NT 10.0; Win64; x64) AppleWebKit/537.36 (KHTML, like Gecko) Chrome/74.0.3729.131 Safari/537.36',
  'upgrade-insecure-requests' => '1',
  'connection' => 'close',
  'host' => 'no1_qiye1.top',
)
[ info ] [ PARAM ] array (
  '/admin/login' => '',
)
[ info ] [ BEHAVIOR ] Run Closure @action_begin [ RunTime:0.000427s ]
[ info ] [ RUN ] app\admin\Controller\Login->index[ F:\WWW\qiye1\application\admin\controller\Login.php ]
[ info ] [ VIEW ] F:\WWW\qiye1/./application/admin\view\system\login.html [ array (
) ]
[ info ] [ LOG ] INIT File
---------------------------------------------------------------
[ 2019-07-31T22:48:15+08:00 ] 127.0.0.1 GET no1_qiye1.top/admin/login/verify.html
[运行时间：0.049245s] [吞吐率：20.31req/s] [内存消耗：1,524.95kb] [文件加载：50]
[ info ] [ CACHE ] INIT File
[ info ] [ BEHAVIOR ] Run Closure @app_init [ RunTime:0.005465s ]
[ info ] [ ROUTE ] array (
  'type' => 'module',
  'module' => 
  array (
    0 => 'admin',
    1 => 'login',
    2 => 'verify',
  ),
)
[ info ] [ HEADER ] array (
  'cookie' => 'think_var=zh-hk; PHPSESSID=kv6k4ejh2pcu3hh8ft8an7uk5n',
  'accept-language' => 'zh-CN,zh;q=0.9,en;q=0.8',
  'accept-encoding' => 'gzip, deflate',
  'referer' => 'http://no1_qiye1.top/admin/login',
  'accept' => 'image/webp,image/apng,image/*,*/*;q=0.8',
  'user-agent' => 'Mozilla/5.0 (Windows NT 10.0; Win64; x64) AppleWebKit/537.36 (KHTML, like Gecko) Chrome/74.0.3729.131 Safari/537.36',
  'connection' => 'close',
  'host' => 'no1_qiye1.top',
)
[ info ] [ PARAM ] array (
  '/admin/login/verify_html' => '',
)
[ info ] [ BEHAVIOR ] Run Closure @action_begin [ RunTime:0.000873s ]
[ info ] [ RUN ] app\admin\Controller\Login->verify[ F:\WWW\qiye1\application\admin\controller\Login.php ]
[ info ] [ SESSION ] INIT array (
  'id' => '',
  'var_session_id' => '',
  'prefix' => 'think',
  'type' => '',
  'auto_start' => true,
)
[ info ] [ LOG ] INIT File
---------------------------------------------------------------
[ 2019-07-31T22:48:27+08:00 ] 127.0.0.1 POST no1_qiye1.top/admin/login/check.html
[运行时间：0.027076s] [吞吐率：36.93req/s] [内存消耗：1,532.24kb] [文件加载：52]
[ info ] [ CACHE ] INIT File
[ info ] [ BEHAVIOR ] Run Closure @app_init [ RunTime:0.002326s ]
[ info ] [ ROUTE ] array (
  'type' => 'module',
  'module' => 
  array (
    0 => 'admin',
    1 => 'login',
    2 => 'check',
  ),
)
[ info ] [ HEADER ] array (
  'cookie' => 'think_var=zh-hk; PHPSESSID=kv6k4ejh2pcu3hh8ft8an7uk5n',
  'accept-language' => 'zh-CN,zh;q=0.9,en;q=0.8',
  'accept-encoding' => 'gzip, deflate',
  'referer' => 'http://no1_qiye1.top/admin/login',
  'content-type' => 'application/x-www-form-urlencoded; charset=UTF-8',
  'user-agent' => 'Mozilla/5.0 (Windows NT 10.0; Win64; x64) AppleWebKit/537.36 (KHTML, like Gecko) Chrome/74.0.3729.131 Safari/537.36',
  'x-requested-with' => 'XMLHttpRequest',
  'origin' => 'http://no1_qiye1.top',
  'accept' => '*/*',
  'content-length' => '48',
  'connection' => 'close',
  'host' => 'no1_qiye1.top',
)
[ info ] [ PARAM ] array (
  '/admin/login/check_html' => '',
  'username' => 'yuanlu',
  'password' => 'yuanlu@954',
  'check' => '8vwe',
)
[ info ] [ BEHAVIOR ] Run Closure @action_begin [ RunTime:0.000520s ]
[ info ] [ RUN ] app\admin\Controller\Login->check[ F:\WWW\qiye1\application\admin\controller\Login.php ]
[ info ] [ SESSION ] INIT array (
  'id' => '',
  'var_session_id' => '',
  'prefix' => 'think',
  'type' => '',
  'auto_start' => true,
)
[ info ] [ LOG ] INIT File
---------------------------------------------------------------
[ 2019-07-31T22:48:27+08:00 ] 127.0.0.1 GET no1_qiye1.top/admin/login/verify.html?seed=0.2729408963801476
[运行时间：0.031688s] [吞吐率：31.56req/s] [内存消耗：1,525.36kb] [文件加载：50]
[ info ] [ CACHE ] INIT File
[ info ] [ BEHAVIOR ] Run Closure @app_init [ RunTime:0.002476s ]
[ info ] [ ROUTE ] array (
  'type' => 'module',
  'module' => 
  array (
    0 => 'admin',
    1 => 'login',
    2 => 'verify',
  ),
)
[ info ] [ HEADER ] array (
  'cookie' => 'think_var=zh-hk; PHPSESSID=kv6k4ejh2pcu3hh8ft8an7uk5n',
  'accept-language' => 'zh-CN,zh;q=0.9,en;q=0.8',
  'accept-encoding' => 'gzip, deflate',
  'referer' => 'http://no1_qiye1.top/admin/login',
  'accept' => 'image/webp,image/apng,image/*,*/*;q=0.8',
  'user-agent' => 'Mozilla/5.0 (Windows NT 10.0; Win64; x64) AppleWebKit/537.36 (KHTML, like Gecko) Chrome/74.0.3729.131 Safari/537.36',
  'connection' => 'close',
  'host' => 'no1_qiye1.top',
)
[ info ] [ PARAM ] array (
  '/admin/login/verify_html' => '',
  'seed' => '0.2729408963801476',
)
[ info ] [ BEHAVIOR ] Run Closure @action_begin [ RunTime:0.000473s ]
[ info ] [ RUN ] app\admin\Controller\Login->verify[ F:\WWW\qiye1\application\admin\controller\Login.php ]
[ info ] [ SESSION ] INIT array (
  'id' => '',
  'var_session_id' => '',
  'prefix' => 'think',
  'type' => '',
  'auto_start' => true,
)
[ info ] [ LOG ] INIT File
---------------------------------------------------------------
[ 2019-07-31T22:48:33+08:00 ] 127.0.0.1 POST no1_qiye1.top/admin/login/check.html
[运行时间：0.041821s] [吞吐率：23.91req/s] [内存消耗：2,194.15kb] [文件加载：58]
[ info ] [ CACHE ] INIT File
[ info ] [ BEHAVIOR ] Run Closure @app_init [ RunTime:0.002225s ]
[ info ] [ ROUTE ] array (
  'type' => 'module',
  'module' => 
  array (
    0 => 'admin',
    1 => 'login',
    2 => 'check',
  ),
)
[ info ] [ HEADER ] array (
  'cookie' => 'think_var=zh-hk; PHPSESSID=kv6k4ejh2pcu3hh8ft8an7uk5n',
  'accept-language' => 'zh-CN,zh;q=0.9,en;q=0.8',
  'accept-encoding' => 'gzip, deflate',
  'referer' => 'http://no1_qiye1.top/admin/login',
  'content-type' => 'application/x-www-form-urlencoded; charset=UTF-8',
  'user-agent' => 'Mozilla/5.0 (Windows NT 10.0; Win64; x64) AppleWebKit/537.36 (KHTML, like Gecko) Chrome/74.0.3729.131 Safari/537.36',
  'x-requested-with' => 'XMLHttpRequest',
  'origin' => 'http://no1_qiye1.top',
  'accept' => '*/*',
  'content-length' => '48',
  'connection' => 'close',
  'host' => 'no1_qiye1.top',
)
[ info ] [ PARAM ] array (
  '/admin/login/check_html' => '',
  'username' => 'yuanlu',
  'password' => 'yuanlu@954',
  'check' => 'u3mf',
)
[ info ] [ BEHAVIOR ] Run Closure @action_begin [ RunTime:0.000416s ]
[ info ] [ RUN ] app\admin\Controller\Login->check[ F:\WWW\qiye1\application\admin\controller\Login.php ]
[ info ] [ SESSION ] INIT array (
  'id' => '',
  'var_session_id' => '',
  'prefix' => 'think',
  'type' => '',
  'auto_start' => true,
)
[ info ] [ DB ] INIT mysql
[ info ] [ SESSION ] INIT array (
  'expire' => 1,
)
[ info ] [ LOG ] INIT File
[ sql ] [ DB ] CONNECT:[ UseTime:0.000610s ] mysql:host=127.0.0.1;dbname=qiye1;charset=utf8
[ sql ] [ SQL ] SHOW COLUMNS FROM `tp_admin` [ RunTime:0.009068s ]
[ sql ] [ SQL ] SELECT * FROM `tp_admin` WHERE  `username` = 'yuanlu'  AND `password` = '460bc8fb94253aac4a323e3433e6a1f0' LIMIT 1 [ RunTime:0.000415s ]
---------------------------------------------------------------
[ 2019-07-31T22:48:34+08:00 ] 127.0.0.1 GET no1_qiye1.top/admin/login/verify.html?seed=0.6292859118592871
[运行时间：0.029476s] [吞吐率：33.93req/s] [内存消耗：1,526.19kb] [文件加载：50]
[ info ] [ CACHE ] INIT File
[ info ] [ BEHAVIOR ] Run Closure @app_init [ RunTime:0.002613s ]
[ info ] [ ROUTE ] array (
  'type' => 'module',
  'module' => 
  array (
    0 => 'admin',
    1 => 'login',
    2 => 'verify',
  ),
)
[ info ] [ HEADER ] array (
  'cookie' => 'think_var=zh-hk; PHPSESSID=kv6k4ejh2pcu3hh8ft8an7uk5n',
  'accept-language' => 'zh-CN,zh;q=0.9,en;q=0.8',
  'accept-encoding' => 'gzip, deflate',
  'referer' => 'http://no1_qiye1.top/admin/login',
  'accept' => 'image/webp,image/apng,image/*,*/*;q=0.8',
  'user-agent' => 'Mozilla/5.0 (Windows NT 10.0; Win64; x64) AppleWebKit/537.36 (KHTML, like Gecko) Chrome/74.0.3729.131 Safari/537.36',
  'connection' => 'close',
  'host' => 'no1_qiye1.top',
)
[ info ] [ PARAM ] array (
  '/admin/login/verify_html' => '',
  'seed' => '0.6292859118592871',
)
[ info ] [ BEHAVIOR ] Run Closure @action_begin [ RunTime:0.000606s ]
[ info ] [ RUN ] app\admin\Controller\Login->verify[ F:\WWW\qiye1\application\admin\controller\Login.php ]
[ info ] [ SESSION ] INIT array (
  'id' => '',
  'var_session_id' => '',
  'prefix' => 'think',
  'type' => '',
  'auto_start' => true,
)
[ info ] [ LOG ] INIT File
---------------------------------------------------------------
[ 2019-07-31T22:48:36+08:00 ] 127.0.0.1 GET no1_qiye1.top/admin/index/index.html
[运行时间：0.070773s] [吞吐率：14.13req/s] [内存消耗：2,375.69kb] [文件加载：60]
[ info ] [ CACHE ] INIT File
[ info ] [ BEHAVIOR ] Run Closure @app_init [ RunTime:0.003271s ]
[ info ] [ ROUTE ] array (
  'type' => 'module',
  'module' => 
  array (
    0 => 'admin',
    1 => 'index',
    2 => 'index',
  ),
)
[ info ] [ HEADER ] array (
  'cookie' => 'think_var=zh-hk; PHPSESSID=kv6k4ejh2pcu3hh8ft8an7uk5n',
  'accept-language' => 'zh-CN,zh;q=0.9,en;q=0.8',
  'accept-encoding' => 'gzip, deflate',
  'referer' => 'http://no1_qiye1.top/admin/login',
  'accept' => 'text/html,application/xhtml+xml,application/xml;q=0.9,image/webp,image/apng,*/*;q=0.8,application/signed-exchange;v=b3',
  'user-agent' => 'Mozilla/5.0 (Windows NT 10.0; Win64; x64) AppleWebKit/537.36 (KHTML, like Gecko) Chrome/74.0.3729.131 Safari/537.36',
  'upgrade-insecure-requests' => '1',
  'connection' => 'close',
  'host' => 'no1_qiye1.top',
)
[ info ] [ PARAM ] array (
  '/admin/index/index_html' => '',
)
[ info ] [ SESSION ] INIT array (
  'id' => '',
  'var_session_id' => '',
  'prefix' => 'think',
  'type' => '',
  'auto_start' => true,
)
[ info ] [ DB ] INIT mysql
[ info ] [ BEHAVIOR ] Run Closure @action_begin [ RunTime:0.000445s ]
[ info ] [ RUN ] app\admin\Controller\Index->index[ F:\WWW\qiye1\application\admin\controller\Index.php ]
[ info ] [ VIEW ] F:\WWW\qiye1/./application/admin\view\index\index.html [ array (
  0 => 'left_nav',
) ]
[ info ] [ LOG ] INIT File
[ sql ] [ DB ] CONNECT:[ UseTime:0.000628s ] mysql:host=127.0.0.1;dbname=qiye1;charset=utf8
[ sql ] [ SQL ] SHOW COLUMNS FROM `tp_auth_group_access` [ RunTime:0.007134s ]
[ sql ] [ SQL ] SELECT * FROM `tp_auth_group_access` WHERE  `uid` = 1 [ RunTime:0.000360s ]
[ sql ] [ SQL ] SHOW COLUMNS FROM `tp_auth_group` [ RunTime:0.009191s ]
[ sql ] [ SQL ] SELECT `rules` FROM `tp_auth_group` WHERE  `id` = 1 LIMIT 1 [ RunTime:0.000377s ]
[ sql ] [ SQL ] SELECT `rules` FROM `tp_auth_group` WHERE  `id` = 3 LIMIT 1 [ RunTime:0.000220s ]
[ sql ] [ SQL ] SELECT `rules` FROM `tp_auth_group` WHERE  `id` = 5 LIMIT 1 [ RunTime:0.000250s ]
[ sql ] [ SQL ] SHOW COLUMNS FROM `tp_auth_rule` [ RunTime:0.007788s ]
[ sql ] [ SQL ] SELECT * FROM `tp_auth_rule` WHERE  `id` IN (5,7,6,69,70,11,31,32,33,105,8,9,102,34,36,37,19,20,75,76,78,84,80,81,82,83,100,2,3,4,39,40,41,89,103,42,43,44,45,46,71,72,73,74,104,110,113,13,14,47,108,109,87,23,24,48,49,50,51,52,25,27,28,53,55,56,114,115,26,29,30,35,58,59,60,77,116,117,67,64,63,65,66,68,85,86,106,107,88,95,96,97,98,99,0)  AND `status` = 1  AND `types` >= 1 ORDER BY `sort` ASC [ RunTime:0.002066s ]
---------------------------------------------------------------
[ 2019-07-31T22:48:36+08:00 ] 127.0.0.1 GET no1_qiye1.top/admin/index/welcome.html
[运行时间：0.192562s] [吞吐率：5.19req/s] [内存消耗：2,431.09kb] [文件加载：64]
[ info ] [ CACHE ] INIT File
[ info ] [ BEHAVIOR ] Run Closure @app_init [ RunTime:0.003834s ]
[ info ] [ ROUTE ] array (
  'type' => 'module',
  'module' => 
  array (
    0 => 'admin',
    1 => 'index',
    2 => 'welcome',
  ),
)
[ info ] [ HEADER ] array (
  'cookie' => 'think_var=zh-hk; PHPSESSID=kv6k4ejh2pcu3hh8ft8an7uk5n',
  'accept-language' => 'zh-CN,zh;q=0.9,en;q=0.8',
  'accept-encoding' => 'gzip, deflate',
  'referer' => 'http://no1_qiye1.top/admin/index/index.html',
  'accept' => 'text/html,application/xhtml+xml,application/xml;q=0.9,image/webp,image/apng,*/*;q=0.8,application/signed-exchange;v=b3',
  'user-agent' => 'Mozilla/5.0 (Windows NT 10.0; Win64; x64) AppleWebKit/537.36 (KHTML, like Gecko) Chrome/74.0.3729.131 Safari/537.36',
  'upgrade-insecure-requests' => '1',
  'connection' => 'close',
  'host' => 'no1_qiye1.top',
)
[ info ] [ PARAM ] array (
  '/admin/index/welcome_html' => '',
)
[ info ] [ SESSION ] INIT array (
  'id' => '',
  'var_session_id' => '',
  'prefix' => 'think',
  'type' => '',
  'auto_start' => true,
)
[ info ] [ DB ] INIT mysql
[ info ] [ BEHAVIOR ] Run Closure @action_begin [ RunTime:0.000518s ]
[ info ] [ RUN ] app\admin\Controller\Index->welcome[ F:\WWW\qiye1\application\admin\controller\Index.php ]
[ info ] [ VIEW ] F:\WWW\qiye1/./application/admin\view\index\welcome.html [ array (
  0 => 'left_nav',
  1 => 'OS_info',
  2 => 'visit',
  3 => 'with',
  4 => 'art_list',
  5 => 'admin_message',
) ]
[ info ] [ LOG ] INIT File
[ sql ] [ DB ] CONNECT:[ UseTime:0.000799s ] mysql:host=127.0.0.1;dbname=qiye1;charset=utf8
[ sql ] [ SQL ] SHOW COLUMNS FROM `tp_auth_group_access` [ RunTime:0.009772s ]
[ sql ] [ SQL ] SELECT * FROM `tp_auth_group_access` WHERE  `uid` = 1 [ RunTime:0.000512s ]
[ sql ] [ SQL ] SHOW COLUMNS FROM `tp_auth_group` [ RunTime:0.009914s ]
[ sql ] [ SQL ] SELECT `rules` FROM `tp_auth_group` WHERE  `id` = 1 LIMIT 1 [ RunTime:0.000440s ]
[ sql ] [ SQL ] SELECT `rules` FROM `tp_auth_group` WHERE  `id` = 3 LIMIT 1 [ RunTime:0.000670s ]
[ sql ] [ SQL ] SELECT `rules` FROM `tp_auth_group` WHERE  `id` = 5 LIMIT 1 [ RunTime:0.000758s ]
[ sql ] [ SQL ] SHOW COLUMNS FROM `tp_auth_rule` [ RunTime:0.022979s ]
[ sql ] [ SQL ] SELECT * FROM `tp_auth_rule` WHERE  `id` IN (5,7,6,69,70,11,31,32,33,105,8,9,102,34,36,37,19,20,75,76,78,84,80,81,82,83,100,2,3,4,39,40,41,89,103,42,43,44,45,46,71,72,73,74,104,110,113,13,14,47,108,109,87,23,24,48,49,50,51,52,25,27,28,53,55,56,114,115,26,29,30,35,58,59,60,77,116,117,67,64,63,65,66,68,85,86,106,107,88,95,96,97,98,99,0)  AND `status` = 1  AND `types` >= 1 ORDER BY `sort` ASC [ RunTime:0.002412s ]
[ sql ] [ SQL ] SHOW COLUMNS FROM `tp_visit_count` [ RunTime:0.009043s ]
[ sql ] [ SQL ] SELECT * FROM `tp_visit_count` ORDER BY `time` DESC LIMIT 7 [ RunTime:0.000523s ]
[ sql ] [ SQL ] SHOW COLUMNS FROM `tp_article` [ RunTime:0.010562s ]
[ sql ] [ SQL ] SELECT COUNT(*) AS tp_count FROM `tp_article` WHERE  `status` = 1 LIMIT 1 [ RunTime:0.000665s ]
[ sql ] [ SQL ] SHOW COLUMNS FROM `tp_user` [ RunTime:0.012515s ]
[ sql ] [ SQL ] SELECT COUNT(*) AS tp_count FROM `tp_user` WHERE  `status` = 1 LIMIT 1 [ RunTime:0.000554s ]
[ sql ] [ SQL ] SELECT `count` FROM `tp_visit_count` WHERE  `time` >= 1564502400 ORDER BY `time` DESC LIMIT 1 [ RunTime:0.000392s ]
[ sql ] [ SQL ] SELECT * FROM `tp_article` WHERE  `status` = 1 LIMIT 10 [ RunTime:0.000456s ]
[ sql ] [ SQL ] SHOW COLUMNS FROM `tp_message` [ RunTime:0.011664s ]
[ sql ] [ SQL ] SELECT * FROM `tp_message` WHERE  `status` = 1 LIMIT 10 [ RunTime:0.000750s ]
[ sql ] [ SQL ] SHOW COLUMNS FROM `tp_admin_log` [ RunTime:0.009094s ]
[ sql ] [ SQL ] SELECT COUNT(*) AS tp_count FROM `tp_admin_log` LIMIT 1 [ RunTime:0.000258s ]
[ sql ] [ SQL ] SELECT * FROM `tp_admin_log` ORDER BY `id` DESC LIMIT 0,15 [ RunTime:0.000229s ]
[ sql ] [ SQL ] SHOW COLUMNS FROM `tp_admin_comment` [ RunTime:0.008071s ]
[ sql ] [ SQL ] SELECT COUNT(*) AS tp_count FROM `tp_admin_comment` WHERE  `status` = 1 LIMIT 1 [ RunTime:0.000357s ]
[ sql ] [ SQL ] SELECT * FROM `tp_admin_comment` WHERE  `status` = 1 ORDER BY `top` DESC,`time` DESC LIMIT 0,5 [ RunTime:0.000278s ]
---------------------------------------------------------------
[ 2019-07-31T22:58:08+08:00 ] 127.0.0.1 GET no1_qiye1.top/admin/system/page.html
[运行时间：0.147414s] [吞吐率：6.78req/s] [内存消耗：6,533.52kb] [文件加载：63]
[ info ] [ CACHE ] INIT File
[ info ] [ BEHAVIOR ] Run Closure @app_init [ RunTime:0.004502s ]
[ info ] [ ROUTE ] array (
  'type' => 'module',
  'module' => 
  array (
    0 => 'admin',
    1 => 'system',
    2 => 'page',
  ),
)
[ info ] [ HEADER ] array (
  'cookie' => 'think_var=zh-hk; PHPSESSID=kv6k4ejh2pcu3hh8ft8an7uk5n',
  'accept-language' => 'zh-CN,zh;q=0.9,en;q=0.8',
  'accept-encoding' => 'gzip, deflate',
  'referer' => 'http://no1_qiye1.top/admin/index/index.html',
  'accept' => 'text/html,application/xhtml+xml,application/xml;q=0.9,image/webp,image/apng,*/*;q=0.8,application/signed-exchange;v=b3',
  'user-agent' => 'Mozilla/5.0 (Windows NT 10.0; Win64; x64) AppleWebKit/537.36 (KHTML, like Gecko) Chrome/74.0.3729.131 Safari/537.36',
  'upgrade-insecure-requests' => '1',
  'connection' => 'close',
  'host' => 'no1_qiye1.top',
)
[ info ] [ PARAM ] array (
  '/admin/system/page_html' => '',
)
[ info ] [ SESSION ] INIT array (
  'id' => '',
  'var_session_id' => '',
  'prefix' => 'think',
  'type' => '',
  'auto_start' => true,
)
[ info ] [ DB ] INIT mysql
[ info ] [ BEHAVIOR ] Run Closure @action_begin [ RunTime:0.000689s ]
[ info ] [ RUN ] app\admin\Controller\System->page[ F:\WWW\qiye1\application\admin\controller\System.php ]
[ info ] [ VIEW ] F:\WWW\qiye1/./application/admin\view\system\page.html [ array (
  0 => 'left_nav',
  1 => 'type_list',
  2 => 'hide_list',
) ]
[ info ] [ LOG ] INIT File
[ sql ] [ DB ] CONNECT:[ UseTime:0.001755s ] mysql:host=127.0.0.1;dbname=qiye1;charset=utf8
[ sql ] [ SQL ] SHOW COLUMNS FROM `tp_auth_group_access` [ RunTime:0.007889s ]
[ sql ] [ SQL ] SELECT * FROM `tp_auth_group_access` WHERE  `uid` = 1 [ RunTime:0.000354s ]
[ sql ] [ SQL ] SHOW COLUMNS FROM `tp_auth_group` [ RunTime:0.008824s ]
[ sql ] [ SQL ] SELECT `rules` FROM `tp_auth_group` WHERE  `id` = 1 LIMIT 1 [ RunTime:0.000418s ]
[ sql ] [ SQL ] SELECT `rules` FROM `tp_auth_group` WHERE  `id` = 3 LIMIT 1 [ RunTime:0.000354s ]
[ sql ] [ SQL ] SELECT `rules` FROM `tp_auth_group` WHERE  `id` = 5 LIMIT 1 [ RunTime:0.000321s ]
[ sql ] [ SQL ] SHOW COLUMNS FROM `tp_auth_rule` [ RunTime:0.008578s ]
[ sql ] [ SQL ] SELECT * FROM `tp_auth_rule` WHERE  `id` IN (5,7,6,69,70,11,31,32,33,105,8,9,102,34,36,37,19,20,75,76,78,84,80,81,82,83,100,2,3,4,39,40,41,89,103,42,43,44,45,46,71,72,73,74,104,110,113,13,14,47,108,109,87,23,24,48,49,50,51,52,25,27,28,53,55,56,114,115,26,29,30,35,58,59,60,77,116,117,67,64,63,65,66,68,85,86,106,107,88,95,96,97,98,99,0)  AND `status` = 1  AND `types` >= 1 ORDER BY `sort` ASC [ RunTime:0.001893s ]
[ sql ] [ SQL ] SELECT `title` FROM `tp_auth_rule` WHERE  `name` = 'System/page' LIMIT 1 [ RunTime:0.000462s ]
[ sql ] [ SQL ] SELECT * FROM `tp_auth_group_access` `a` INNER JOIN `tp_auth_group` `g` ON `a`.`group_id`=`g`.`id` WHERE  (  a.uid='1' and g.status='1' ) [ RunTime:0.000589s ]
[ sql ] [ SQL ] SELECT * FROM `tp_auth_rule` WHERE  `id` IN (5,7,6,69,70,11,31,32,33,105,8,9,102,34,36,37,19,20,75,76,78,84,80,81,82,83,100,2,3,4,39,40,41,89,103,42,43,44,45,46,71,72,73,74,104,110,113,13,14,47,108,109,87,23,24,48,49,50,51,52,25,27,28,53,55,56,114,115,26,29,30,35,58,59,60,77,116,117,67,64,63,65,66,68,85,86,106,107,88,95,96,97,98,99)  AND `type` = 1  AND `status` = 1 [ RunTime:0.001432s ]
[ sql ] [ SQL ] SHOW COLUMNS FROM `tp_system` [ RunTime:0.009021s ]
[ sql ] [ SQL ] SELECT * FROM `tp_system` WHERE  `status` = 0 [ RunTime:0.000499s ]
[ sql ] [ SQL ] SHOW COLUMNS FROM `tp_system_type` [ RunTime:0.011102s ]
[ sql ] [ SQL ] SELECT * FROM `tp_system_type` [ RunTime:0.000404s ]
[ sql ] [ SQL ] SELECT * FROM `tp_system` WHERE  `status` = 1  AND `type_id` = 1 ORDER BY `id` ASC [ RunTime:0.000473s ]
[ sql ] [ SQL ] SELECT * FROM `tp_system` WHERE  `status` = 1  AND `type_id` = 3 ORDER BY `id` ASC [ RunTime:0.000501s ]
